C51 COMPILER V7.01  SJMAIN                                                                 01/03/2015 16:00:46 PAGE 1   


C51 COMPILER V7.01, COMPILATION OF MODULE SJMAIN
OBJECT MODULE PLACED IN sjMain.OBJ
COMPILER INVOKED BY: C:\GreenTools\Keil\C51\BIN\C51.EXE sjMain.c LARGE OPTIMIZE(SIZE) BROWSE DEBUG OBJECTEXTEND

stmt level    source

   1          #include "sjDefine.h"
   2          #include "sjSerial.h"
   3          #include "AD5791.h"
   4          //#include "CH374INC.h"
   5          #include "HAL.h"
   6          #include "lcd.h"
   7          #include "font.h"
   8          #include "window.h"
   9          #include "math.h"
  10          #include <stdio.h>
  11          
  12          //the MARK of header ender and error and quest and reset
  13          #define  HMARK 0x55     //U
  14          #define  EMARK 0x56 //V
  15          #define  QMARK 0x57 //W
  16          #define  RMARK 0x58 //X
  17            
  18          //the length of the switch table ,
  19          //which must lower than 3fh
  20          #define  LINIT 32 
  21          
  22          //for P1 output
  23          //for P0 output
  24          const unsigned char code tbl[8]={0x7F,0xBF,0xDF,0xEF,0xF7,0xFB,0xFD,0xFE};
  25          
  26          
  27          
  28          
  29          //for Init use(regaddr of pc)
  30          const unsigned char code inittbl[LINIT]={
  31          
  32          /*********** 05-1-25  8:44 ****************/
  33          
  34          //  FKI1,FKI2,FKI3,OKI4,PKTT,FHP9,FHP7,FST2,
  35              0x37,0x36,0x35,0x3D,0x33,0x32,0x31,0x30,
  36          
  37          //  FHP3,FHN3,FHP4,FHN4,FST1,FHX1,FHX2,FFX1,  
  38                  0x26,0x27,0x24,0x25,0x22,0x23,0x20,0x21,
  39          
  40          //  FHP10,FHP1,FHN1,FHP2,FHN2,FHN5,FHP8,FHN6,
  41                  0x17,0x16,0x15,0x14,0x13,0x12,0x11,0x10,
  42          
  43          //  FKN1,FKN2,FKN3,FKN4,FKN5,OKN6,FHP6,FHP5
  44                  0x06,0x07,0x04,0x05,0x02,0x0A,0x00,0x01
  45          /*******************************************
  46          //  FKI1,FKI2,FKI3,OKI4,PKTT,FHP9,FHP7,FST2,
  47              0x37,0x36,0x35,0x3D,0x33,0x17,0x11,0x30,
  48          
  49          //  FHP3,FHN3,FHP4,FHN4,FST1,FHX1,FHX2,FFX1,  
  50                  0x24,0x27,0x01,0x25,0x22,0x23,0x20,0x21,
  51          
  52          //  FHP10,FHP1,FHN1,FHP2,FHN2,FHN5,FHP8,FHN6,
  53                  0x32,0x14,0x15,0x26,0x13,0x12,0x32,0x10,
  54          
  55          //  FKN1,FKN2,FKN3,FKN4,FKN5,OKN6,FHP6,FHP5
C51 COMPILER V7.01  SJMAIN                                                                 01/03/2015 16:00:46 PAGE 2   

  56                  0x06,0x07,0x04,0x05,0x02,0x0A,0x31,0x00
  57          ********************************************/
  58          };
  59          
  60          //when modification is applied,
  61          //no address should be modified ,just set the mcu addr= 256,
  62          //and add new item in mcuaddr
  63          //C? IT IS SO EASY ,
  64          //BUT ,A NEW REGISTER MODEL WILL BE APPLIED IN THE FUTURE.
  65          /*          board allocation (F,O)=P0*8+P1
  66                          48,49   50,51   52,53   54,55   57,56   59,58   61,60   63,62   //HPo,HNo,??,HP0,H8,H7,STo,STi
  67                          33,32   35,34   37,36   39,38   41,40   43,42   45,44   47,46   //HN4,HP4,HN3,HP3,HN6,HP6,HN5,HP5
  68                          17,16   19,18   21,20   23,22   25,24   27,26   29,28   31,30   //KN4,KN3,KN2,KN1,H9,FX1,KTT,KN5
  69                          0,1             2,3             4,5             6,7             9,8             11,10   13,12   15,14   //H2,H1,HX2,HX1,KI4,KI3,KI2,KI1
  70          const unsigned char pcaddr[] ={
  71                          0x16,0x14,0x26,0x24,0x01,0x00,0x31,0x11,0x32,0x17,//FHP 0-9 (pc addr)
  72                          0x1f,0x1d,0x2f,0x2d,0x08,0x09,0x38,0x18,0x3b,0x1e,//OHP 10-19 (pc addr)
  73                          0x15,0x13,0x27,0x25,0x12,0x10,                                    //FHN 20-25  (pc addr)
  74                          0x1c,0x1a,0x2e,0x2c,0x1b,0x19,                                    //OHN 26-31  (pc addr)
  75                          0x06,0x07,0x04,0x05,0x02,0x03,                                    //FKN 32-37  (pc addr)
  76                          0x0f,0x0e,0x0d,0x0c,0x0b,0x0a,                                    //OKN 38-42  (pc addr)
  77                          0x37,0x36,0x35,0x34,                                                      //FKI 44-47      (pc addr)
  78                          0x3e,0x3f,0x3c,0x3d,                                                      //OKI 48-51      (pc addr)
  79                          0x23,0x20,0x21,0x33,0x22,0x30,                                    //FHX1,FHX2,FFX1,PKTT,FSTI,FSTO 52-57  (pc addr)
  80                          0x2a,0x29,0x28,0x3a,0x2b,0x39,                                    //OHX1,OHX2,OFX1,NKTT,OSTI,OSTO, 58-63 (pc addr)
  81                          0x41,0x40,0x43,0x42};                                                     //FHPO,OHP0,FHNO,OHNO  (pc addr)
  82          const unsigned char mcuaddr[] ={
  83                       54,  2     ,  0,   39,      35,  47,  43,  59,  57, 25,   //FHP 0-9 (pc addr)
  84                           55,  3 ,  1,   38,      34,  46,  42,  58,      56, 24,   //OHP 10-19 (pc addr)
  85                           255, 255,  37,  33,  45,   41,                                    //FHN 20-25  (pc addr)
  86                           255, 255,  36,  32,  44,   40,                    //OHN 26-31  (pc addr)
  87                           23,   21,  19,  17,  31,  255,                                    //FKN 32-37  (pc addr) ?(54)
  88                           22,   20,  18,  16,  30,  255,                    //OKN 38-42  (pc addr) ?(55)
  89                           15,   13,  11,  9,                                                                //FKI 44-47     (pc addr)
  90                           14,   12,  10,  8,                                                                //OKI 48-51     (pc addr)
  91                           6,   4,   27,  29,  63,  61,                                      //FHX1,FHX2,FFX1,PKTT,FSTI,FSTO 52-57  (pc addr)
  92                           7,   5,   26,  28,  62,  60,                                      //OHX1,OHX2,OFX1,NKTT,OSTI,OSTO, 58-63 (pc addr)
  93                           48,  49,  50,  51};                                                       //FHPO,OHP0,FHNO,OHNO  (pc addr)
  94          
  95          */
  96          const unsigned char code lut[]={
  97          /*****05-1-25 8:44****
  98          47,35,31,255,19,17,23,21,  //0-7
  99          34,46,255,30,16,18,20,22,  //8-f
 100          41,59,45,255,2,255,54,25,  //10-17
 101          58,40,255,44,255,3,24,55,  //18-1f
 102          4,27,63,6,39,33,0,37,      //20-27
 103          26,5,7,62,32,38,36,1,      //28-2f
 104          61,43,57,29,9,11,13,15,    //30-37
 105          42,60,28,56,10,8,14,12,    //38-3f 
 106          49,48,51,50                                //40-43
 107          **********************/
 108          /*****05-1-25 8:44****/
 109          43,47,31,255,19,17,23,21,  //0-7  
 110          46,42,255,30,16,18,20,22,  //8-f
 111          41,57,45,255,0,255,2,54,  //10-17
 112          56,40,255,44,255,1,55,3,  //18-1f
 113          4,27,63,6,35,33,39,37,      //20-27
 114          26,5,7,62,32,34,36,38,      //28-2f
 115          61,59,25,29,9,11,13,15,    //30-37
 116          58,60,28,24,10,8,14,12,    //38-3f 
 117          49,48,51,50                                //40-43
C51 COMPILER V7.01  SJMAIN                                                                 01/03/2015 16:00:46 PAGE 3   

 118          /**********************/
 119          };
 120          
 121          //delay loop
 122          void swiDelay(unsigned char dl1,unsigned char dl2)
 123          {
 124   1              unsigned char i,j;
 125   1              for(i=0;i<dl1;i++)
 126   1                      for(j=0;j<dl2;j++)
 127   1                              ;
 128   1      }
 129          
 130          
 131          void swiAction(unsigned char SwiID)
 132          {
 133   1              unsigned char exID;
 134   1      
 135   1              if(SwiID >= sizeof(lut))
 136   1                      return;
 137   1      
 138   1              exID = lut[SwiID];
 139   1              if(exID == 255)
 140   1                      return;
 141   1      
 142   1              P1 = tbl[(exID&7)];
 143   1              P0 = tbl[(exID>>3)];
 144   1              swiDelay(0x1f,0xff);
 145   1      
 146   1              P1 = 0xff;
 147   1              P0 = 0xff;
 148   1              swiDelay(0x06,0xff);
 149   1      }
 150          void swiReset()
 151          {
 152   1              unsigned char i;
 153   1              for(i=0;i<LINIT;i++)
 154   1              {
 155   2                      swiAction(inittbl[i]);
 156   2              }
 157   1      }
 158          
 159          unsigned char delayc;
 160          
 161          /*
 162          */
 163          //end interface routine
 164          extern int      test( void );
 165          extern void DBGS(char* s);
 166          extern void DBG(unsigned char);
 167          
 168          
 169          //extern void btnencode_loop();
 170          unsigned long count = 0;
 171          BOOL once = 0;
 172          void timer_isr(void) interrupt 1 using 1
 173          {
 174   1              asp_handler();
 175   1              asp_handler2();
 176   1              TF0 = 0; //clear timer
 177   1      }
 178          extern int      test( void );
 179          
C51 COMPILER V7.01  SJMAIN                                                                 01/03/2015 16:00:46 PAGE 4   

 180          uchar dispbuf[20];
 181          uchar setptbuf[20];
 182          LABEL code bootup = {LBL_HZ16,30,25,13,"Raysting Instrument"};
 183          LABEL code bootup1 = {LBL_HZ16,30,25,13,"Raysting RT400 启动."};
 184          LABEL code bootup2 = {LBL_HZ16,30,25,13,"Raysting RT400 启动.."};
 185          LABEL code promptlbl = {LBL_HZ16,10,5,10,"设定电压(V)"};
 186          LABEL code calilbl = {LBL_HZ16,10,5,10,"校准电压(V)"};
 187          LABEL code setptlbl = {LBL_HZ6X8,100,50,10,setptbuf};
 188          LABEL code statelbl = {LBL_HZ24X32,25,12,8,dispbuf};
 189          
 190          LABEL code signneg = {LBL_HZ16,13,18,1,"-"};
 191          LABEL code signpos = {LBL_HZ16,13,18,1," "};
 192          
 193          extern void WriteEEPROM();
 194          extern void ReadEEPROM();
 195          double adscale = 1;
 196          
 197          #define OUTS_MAX        6
 198          double outs[OUTS_MAX] = {0,0,0,0,0,0};
 199          BYTE ptr_outs = 0;
 200          
 201          #define NAV_INVALID     -1000
 202          uchar nav1v = 1;
 203          void navto120mv()
 204          {               
 205   1         nav1v = 0;  
 206   1         nav_command(NAV_120MV);
 207   1         sleepms(200*ONEMS);            
 208   1      }           
 209          
 210          void navto1v()
 211          {            
 212   1          nav1v = 1;
 213   1          nav_command(NAV_1V);
 214   1          sleepms(200*ONEMS);
 215   1      }
 216          
 217          void DBGS(const char* s)
 218          {
 219   1              while(*s != 0x00)
 220   1              {
 221   2                      sjSerialSendByte(*s++);
 222   2              }
 223   1      }
 224          void DBG(unsigned char s)
 225          {
 226   1              sjSerialSendByte(s);
 227   1      }
 228          
 229          extern void kbd_uart_push(uchar dat);
 230          extern uchar key;
 231          #define VX_MULTI        100.0
 232          
 233          #define nSTATE_BOOTUP           1
 234          #define nSTATE_MAIN_INIT        2
 235          #define nSTATE_MAIN_OFF         3
 236          #define nSTATE_MAIN_ON          4
 237          #define nSTATE_INPUT_INIT       5
 238          #define nSTATE_CALIB_INIT       6
 239          
 240          void main()
 241          {
C51 COMPILER V7.01  SJMAIN                                                                 01/03/2015 16:00:46 PAGE 5   

 242   1              unsigned char sid;//id of serial to send 
 243   1              BYTE state = nSTATE_BOOTUP;
 244   1              BOOL bOn = 1;
 245   1              BOOL bPos = 1;
 246   1              unsigned char bBlick = 0;
 247   1              double VxMeasure,VxTemp,LastVxMeasure;   //feedback voltage reading
 248   1              double lastDirectOutput = 0; //current da output
 249   1              double VxOutput; //new da output
 250   1              double userTemp; //store the userInput
 251   1              double thisVx,volt;
 252   1              unsigned char bStableCnt = 0;
 253   1              int i=1000;
 254   1      
 255   1      
 256   1              IE = 0;//close int
 257   1                                        // S1   CCP  SPI
 258   1              P_SW1 = 0x08  ; // 0 0  0 0  1 0   0  0
 259   1                                        // X X PWM6  PWM2345 X  S4_S S3_S S2_S
 260   1          P_SW2 = 0x07  ; // 0 0  0      0     0    1    1     1
 261   1      
 262   1              AUXR = 0x10 ;// t0x12  t1x12  m0x6 t2r t2ct t2x12 extram s1st2
 263   1                                       // 0       0      0    1   0     0      0     0
 264   1              T4T3M = 0x88;// t4r  t4ct  t4x12 t4clko t3r t3ct t3x12 t3clk
 265   1                                       //     1     0     0      0      1  0    0     0
 266   1              INT_CLKO = 0x00;  //x ex4 ex3 ex2 x t2 t1 t0
 267   1      
 268   1      
 269   1              sjSerialInit(); //init COM1 and COM2 buffer
 270   1      
 271   1              CLK_DIV = 0x40; //MCKO_S1 MCKO_S0 ADRJ TX_RX MCLKO_2 CLKS2 S1 S0 //24Mhz
 272   1                                              //      0      1        0    0     0      0       0 0  
 273   1              //CLK_DIV = 0x80; //MCKO_S1 MCKO_S0 ADRJ TX_RX MCLKO_2 CLKS2 S1 S0  //12Mhz
 274   1                                              //      1      0        0    0     0      0       0 0  
 275   1              init_uart();  //fake serial port 3
 276   1              init_uart2(); //fake serial port 4
 277   1      
 278   1              asp_set_timer();
 279   1      
 280   1      
 281   1              sid = 0;
 282   1              
 283   1              
 284   1      //      sjRelayInit();
 285   1      
 286   1              /*
 287   1              *       Protocal routine: 
 288   1              *       1.      HMARK sid(!=HMARK) :set sid
 289   1              *   2.  normal HMARK is repeated
 290   1              */
 291   1      
 292   1              //test();
 293   1              //mDelaymS(5000);
 294   1      
 295   1      
 296   1              //CH374_PORT_INIT( );  /* CH374接口初始化 */
 297   1      
 298   1      
 299   1      //      mDelaymS(50);
 300   1      //      CH374_PORT_INIT( );  /* CH374接口初始化 */
 301   1      //      Init374Device( );  // 初始化USB设备
 302   1      
 303   1      
C51 COMPILER V7.01  SJMAIN                                                                 01/03/2015 16:00:46 PAGE 6   

 304   1      
 305   1              TR1 = 1;                //ENABLE COM1
 306   1              AUXR |= 0x10;   //Enable COM2
 307   1      
 308   1              PT0 = 1;                //improve timer0 interrupt priority
 309   1          ET0 = 1;        //enable timer0 interrupt
 310   1      
 311   1              IE = 0x92;//enable serial int and timer0 interrupt//IE=90
 312   1              IE2 = 1;
 313   1              EA = 1;
 314   1      
 315   1      
 316   1      
 317   1      
 318   1      //      swiReset();
 319   1              /*
 320   1              *       Protocal routine: 
 321   1              *       1.      HMARK sid(!=HMARK) :set sid
 322   1              *   2.  normal HMARK is repeated
 323   1              */
 324   1      //      swiDelay(0x0f,0xff);
 325   1      //      sjSerialSendByte('!');
 326   1      
 327   1          // intialize LED. 
 328   1          //sleepms(1000*ONEMS);
 329   1              DBGS("STARTUP ");       
 330   1          LCD_Init();
 331   1          sleepms(20*ONEMS);
 332   1          //init the DMM
 333   1      /*    nav_command(NAV_INIT);              
 334   1          sleepms(200*ONEMS);    navto1v();    nav_command(NAV_SLOWMODE);    sleepms(200*ONEMS);    nav_command(
             -NAV_AFLTON);    sleepms(200*ONEMS);             
 335   1          sleepms(2*ONEMS); //wait until all the node is ready after power up        
 336   1              key = KEY_INVALID;
 337   1      */
 338   1      
 339   1              state = nSTATE_BOOTUP;
 340   1              DBGS("DONE\r\n");       
 341   1              while(1)
 342   1              {
 343   2                      if(state == nSTATE_BOOTUP)
 344   2                      {
 345   3                              key = KEY_INVALID;
 346   3                              VxMeasure = 0.0;
 347   3                              LastVxMeasure = 0;
 348   3                          wnd_msgbox(&bootup);        //bootup logo
 349   3                              cm_ad5791(DACMD_OUTPUT, 0);
 350   3                              display_buttons(KEY_BTN1,bOn); //running or not
 351   3                              display_buttons(KEY_BTN2,0);   //zero on
 352   3                              display_buttons(KEY_BTN3,0);   //calibrate
 353   3                              display_buttons(KEY_BTN4,0);   //reset
 354   3      
 355   3                              bOn = 0;
 356   3                              display_buttons(KEY_BTN1,bOn); //bOn is false
 357   3                              AD5791Init();
 358   3                          wnd_msgbox2(&bootup1);
 359   3                              ReadEEPROM();
 360   3                              if((adscale < 0.99) || (adscale > 1.01))
 361   3                                      adscale = 1;
 362   3                              VxOutput = 0; //default user input;
 363   3                              lastDirectOutput = 0;
 364   3                              while(1)
C51 COMPILER V7.01  SJMAIN                                                                 01/03/2015 16:00:46 PAGE 7   

 365   3                              {
 366   4                                      VxTemp = nav_read();
 367   4                                      if(fabs(VxTemp) < 20)
 368   4                                              break;
 369   4                              }
 370   3                              VxMeasure = VxTemp  *adscale * VX_MULTI*10.0; //mulitplier is 100
 371   3                          wnd_msgbox2(&bootup2);
 372   3                              cm_ad5791(DACMD_RESCUE,0);      //rescue da
 373   3                              state = nSTATE_MAIN_INIT;
 374   3                              LCD_Cls();
 375   3                              cm_ad5791(DACMD_OUTPUT, 0);
 376   3                      }
 377   2                      if(state == nSTATE_MAIN_INIT)
 378   2                      {
 379   3                              display_buttons(KEY_BTN1,bOn);
 380   3                              LastVxMeasure = 0;
 381   3                              //VxMeasure = nav_read() * VX_MULTI*10.0; //mulitplier is 100
 382   3                              if (bOn)
 383   3                              {
 384   4                                      lastDirectOutput = VxOutput / VX_MULTI;
 385   4                                      cm_ad5791(DACMD_OUTPUT, lastDirectOutput);
 386   4                                      state = nSTATE_MAIN_ON;
 387   4                              }else{
 388   4                                      cm_ad5791(DACMD_OUTPUT,0);
 389   4                                      cm_ad5791(DACMD_RESCUE,0);      //rescue da
 390   4                                      state = nSTATE_MAIN_OFF;
 391   4                              }
 392   3                              sprintf(setptbuf,"set%c:%6f ", '0'+ptr_outs, outs[ptr_outs]);
 393   3                              draw_label(&setptlbl,SW_NORMAL|SW_OVERLAP);                        
 394   3                      }
 395   2                      if(VxMeasure < 0)
 396   2                              bPos = 0;
 397   2                      else
 398   2                              bPos = 1;
 399   2      
 400   2                      if(state == nSTATE_MAIN_ON)
 401   2                      {
 402   3                              if(bStableCnt >= 3)
 403   3                              {
 404   4                                      if(LastVxMeasure != VxMeasure)
 405   4                                      {
 406   5                                              sprintf(dispbuf,"%7f V ", fabs(VxMeasure));
 407   5                                              draw_label(&statelbl,SW_NORMAL|SW_OVERLAP);
 408   5                                              if(bPos == 1)
 409   5                                                      draw_label(&signpos,SW_NORMAL|SW_OVERLAP);
 410   5                                              else
 411   5                                                      draw_label(&signneg,SW_NORMAL|SW_OVERLAP);
 412   5                                              LastVxMeasure = VxMeasure;
 413   5                                      }
 414   4      
 415   4                              }else{
 416   4                                      //toggle Blick status
 417   4                                      bBlick = 1 + bBlick;
 418   4                                      if(bBlick > 3)
 419   4                                      bBlick = 0;
 420   4                                      
 421   4                                      if (bBlick == 0)
 422   4                                      {       sprintf(dispbuf,"%7f ~ ", fabs(VxMeasure));
 423   5                                      }else if (bBlick == 1){
 424   5                                              sprintf(dispbuf,"%7f \\ ", fabs(VxMeasure));
 425   5                                      }else if (bBlick == 2){
 426   5                                              sprintf(dispbuf,"%7f | ", fabs(VxMeasure));
C51 COMPILER V7.01  SJMAIN                                                                 01/03/2015 16:00:46 PAGE 8   

 427   5                                      }else{
 428   5                                              sprintf(dispbuf,"%7f / ", fabs(VxMeasure));
 429   5                                      }
 430   4                                      draw_label(&statelbl,SW_NORMAL|SW_OVERLAP);
 431   4                                      if(bPos == 1)
 432   4                                              draw_label(&signpos,SW_NORMAL|SW_OVERLAP);
 433   4                                      else
 434   4                                              draw_label(&signneg,SW_NORMAL|SW_OVERLAP);
 435   4                              }
 436   3                      }
 437   2                      if(state == nSTATE_MAIN_OFF)
 438   2                      {
 439   3                              if(LastVxMeasure != VxMeasure)
 440   3                              {
 441   4                                      draw_label(&setptlbl,SW_NORMAL|SW_OVERLAP);                        
 442   4                                      sprintf(dispbuf,"%7f V ", fabs(VxMeasure));
 443   4                                      if(bPos == 1)
 444   4                                              draw_label(&signpos,SW_NORMAL|SW_OVERLAP);
 445   4                                      else
 446   4                                              draw_label(&signneg,SW_NORMAL|SW_OVERLAP);
 447   4      
 448   4                                      draw_label(&statelbl,SW_NORMAL|SW_OVERLAP);
 449   4                                      LastVxMeasure = VxMeasure;
 450   4                              }
 451   3                      }
 452   2                      if(state == nSTATE_CALIB_INIT)
 453   2                      {
 454   3                              LCD_Cls();
 455   3                              draw_label(&calilbl,SW_NORMAL|SW_OVERLAP);                        
 456   3                              userTemp = wnd_floatinput(-1);
 457   3      
 458   3                              if((fabs(VxMeasure) < 1.01*fabs(userTemp)) &&
 459   3                                 (fabs(VxMeasure) > 0.99*fabs(userTemp)) &&
 460   3                                 (fabs(userTemp) > 10))
 461   3                              {
 462   4                                      adscale =       fabs(userTemp) / fabs(VxMeasure);
 463   4                                      WriteEEPROM();
 464   4                              }
 465   3                              LCD_Cls();
 466   3                              state = nSTATE_MAIN_INIT;
 467   3                              //display_buttons(KEY_BTN3,0);
 468   3                      }
 469   2                      if(state == nSTATE_INPUT_INIT)
 470   2                      {
 471   3                              LCD_Cls();
 472   3                              draw_label(&promptlbl,SW_NORMAL|SW_OVERLAP);                        
 473   3                              userTemp = wnd_floatinput(VxOutput);
 474   3                              if((userTemp >= 0) && (userTemp <=(10*VX_MULTI)))
 475   3                              {
 476   4                                      outs[ptr_outs] = userTemp;
 477   4                                      VxOutput = userTemp;
 478   4                              }
 479   3                              bOn = 0; //turn off the setting
 480   3                              LCD_Cls();
 481   3                              state = nSTATE_MAIN_INIT;
 482   3                      }
 483   2                      if(key != KEY_INVALID)
 484   2                      {
 485   3                              if(key == KEY_BTN1)
 486   3                              {
 487   4                                      bOn = 1 - bOn;
 488   4                                      state = nSTATE_MAIN_INIT;
C51 COMPILER V7.01  SJMAIN                                                                 01/03/2015 16:00:46 PAGE 9   

 489   4                              }
 490   3                              if(key == KEY_BTN2)
 491   3                              {
 492   4                                      display_buttons(KEY_BTN2,1);
 493   4                                      while(1)
 494   4                                      {
 495   5                                              VxTemp = nav_read();
 496   5                                              if(fabs(VxTemp) < 20)
 497   5                                                      break;
 498   5                                      }
 499   4                                      if(VxTemp < 0.01) //< 10mV
 500   4                                              nav_command(NAV_ZEROON);
 501   4                                      //display_buttons(KEY_BTN2,0);
 502   4                              }
 503   3                              if(key == KEY_BTN3)
 504   3                              {
 505   4                                      state = nSTATE_CALIB_INIT;
 506   4                                      display_buttons(KEY_BTN3,1);
 507   4                              }
 508   3                              if(key == KEY_BTN4)
 509   3                              {
 510   4                                      state = nSTATE_BOOTUP;
 511   4                                      display_buttons(KEY_BTN4,1);
 512   4                                      LCD_Cls();
 513   4                              }
 514   3                              if(key == KEY_TAB)
 515   3                              {
 516   4                                      state = nSTATE_INPUT_INIT;
 517   4                              }
 518   3                              if(key == KEY_DN)
 519   3                              {
 520   4                                      bOn = 0; //turn off
 521   4                                      if(ptr_outs > 0)
 522   4                                              ptr_outs = ptr_outs - 1;
 523   4                                      
 524   4                                      if(outs[ptr_outs] < 0)
 525   4                                              outs[ptr_outs] = 0;
 526   4                                      
 527   4                                      VxOutput = outs[ptr_outs];
 528   4                                      sprintf(setptbuf,"set%c:%6f ", '0'+ptr_outs, outs[ptr_outs]);
 529   4                                      draw_label(&setptlbl,SW_NORMAL|SW_OVERLAP);                        
 530   4                                      state = nSTATE_MAIN_INIT;
 531   4                                      
 532   4                              }
 533   3                              if(key == KEY_UP)
 534   3                              {
 535   4                                      bOn = 0; //turn off
 536   4                                      if(ptr_outs < (OUTS_MAX-1) )
 537   4                                              ptr_outs = ptr_outs + 1;
 538   4      
 539   4                                      if(outs[ptr_outs] < 0)
 540   4                                              outs[ptr_outs] = 0;
 541   4                                      
 542   4                                      VxOutput = outs[ptr_outs];
 543   4                                      sprintf(setptbuf,"set%c:%6f ", '0'+ptr_outs, outs[ptr_outs]);
 544   4                                      draw_label(&setptlbl,SW_NORMAL|SW_OVERLAP);                        
 545   4                                      state = nSTATE_MAIN_INIT;
 546   4                              }
 547   3                              key = KEY_INVALID;
 548   3                      }
 549   2                      VxTemp = nav_read();
 550   2                      if(fabs(VxTemp) > 2)
C51 COMPILER V7.01  SJMAIN                                                                 01/03/2015 16:00:46 PAGE 10  

 551   2                              continue;
 552   2                      VxMeasure = VxTemp * VX_MULTI*10.0; //mulitplier is 100         
 553   2                      if (bOn)
 554   2                      {
 555   3                              //display the feedback current and adjust it
 556   3                              thisVx = VxMeasure;
 557   3                              //variation < 5/10000 or < 1volt
 558   3                              if( (fabs(VxOutput - thisVx) < 0.0005) ||
 559   3                                      (fabs(VxOutput - thisVx) < VxOutput*0.0005))
 560   3                              {
 561   4                                      if(bStableCnt++ > 2)
 562   4                                              bStableCnt = 3; //stick to 3
 563   4                              }else{
 564   4                                      bStableCnt = 0;
 565   4                                      volt = (VxOutput - VxMeasure) / (2.0*VX_MULTI);
 566   4                                      if((fabs(volt) > (10 / 262144.0)) && //bigger than 10 counts
 567   4                                              (fabs(volt) < 0.5))     //tuning only within 0.5 volts ranges
 568   4                                      {
 569   5                                              lastDirectOutput = lastDirectOutput + volt;
 570   5                                              if(lastDirectOutput > 10)
 571   5                                                      lastDirectOutput = 10;
 572   5                                              if(lastDirectOutput < 0)
 573   5                                                      lastDirectOutput = 0;
 574   5                                              cm_ad5791(DACMD_OUTPUT, (lastDirectOutput));
 575   5                                      }
 576   4                              }
 577   3                      }
 578   2              }
 579   1      }
 580          
 581          
 582          


MODULE INFORMATION:   STATIC OVERLAYABLE
   CODE SIZE        =   2481    ----
   CONSTANT SIZE    =    360    ----
   XDATA SIZE       =     76      43
   PDATA SIZE       =   ----    ----
   DATA SIZE        =   ----    ----
   IDATA SIZE       =   ----    ----
   BIT SIZE         =   ----    ----
END OF MODULE INFORMATION.


C51 COMPILATION COMPLETE.  0 WARNING(S),  0 ERROR(S)
