C51 COMPILER V7.01  FONT                                                                   12/25/2014 16:12:00 PAGE 1   


C51 COMPILER V7.01, COMPILATION OF MODULE FONT
OBJECT MODULE PLACED IN font.OBJ
COMPILER INVOKED BY: C:\GreenTools\Keil\C51\BIN\C51.EXE font.c LARGE OPTIMIZE(SIZE) BROWSE DEBUG OBJECTEXTEND

stmt level    source

   1          #include "font.h"
   2          
   3          FNT_GB12 code HZK12[] = 
   4          {
   5          "设",
   6              0x00,0x10,0x19,0xF0,0x01,0x10,0x01,0x1E,0x7A,0x00,0x15,0xFC,0x10,0x90,0x12,0x90,
   7              0x14,0x60,0x18,0x90,0x07,0x0C,0x00,0x00,
   8          "置",
   9              0x00,0x00,0x3F,0xFC,0x22,0x44,0x1D,0xBC,0x23,0x40,0x0F,0xF0,0x0F,0xF0,0x08,0x10,
  10              0x0F,0xF0,0x08,0x10,0x7F,0xFE,0x00,0x00,
  11          "电",
  12              0x01,0x00,0x01,0x00,0x21,0x08,0x3F,0xF8,0x21,0x08,0x3F,0xF8,0x21,0x08,0x1F,0xF8,
  13              0x21,0x00,0x01,0x04,0x01,0xFE,0x00,0x00,
  14          "阻",
  15              0x00,0x00,0x3D,0xF8,0x29,0x08,0x29,0x08,0x31,0xF8,0x2D,0x08,0x25,0x08,0x3D,0xF8,
  16              0x21,0x08,0x21,0x08,0x22,0xF4,0x00,0x00,
  17          //结束标志,以下数据不要动!
  18              0x00,0x00,
  19                  0x00,0x00,0x00,0x00,0x00,0x00,0x00,0x00,0x00,0x00,0x00,0x00,
  20                  0x00,0x00,0x00,0x00,0x00,0x00,0x00,0x00,0x00,0x00,0x00,0x00,
  21          };
  22                  
  23          
  24          //将头移至左侧或右启位置工作已经正在中是否确内容会被新请选择要的形式出继续
  25          FNT_GB16 code HZK16[] = 
  26          {
  27          "校",
  28                  0x10,0x40,0x10,0x20,0x10,0x20,0xFD,0xFE,0x10,0x00,0x38,0x88,0x34,0x84,0x51,0x0A,
  29                  0x51,0x08,0x92,0x90,0x10,0x90,0x10,0x60,0x10,0x60,0x11,0x98,0x16,0x0E,0x10,0x04,/*,1*/
  30          "准",
  31                  0x02,0x40,0x43,0x20,0x22,0x24,0x33,0xFE,0x26,0x20,0x0A,0x28,0x13,0xFC,0x12,0x20,
  32                  0x12,0x28,0xE3,0xFC,0x22,0x20,0x22,0x20,0x22,0x24,0x23,0xFE,0x22,0x00,0x00,0x00,/*,2*/
  33          "正",
  34              0x00,0x00,0x7F,0xFE,0x00,0x80,0x00,0x80,0x00,0x80,0x00,0x80,0x10,0x80,0x10,0xFC,
  35               0x10,0x80,0x10,0x80,0x10,0x80,0x10,0x80,0x10,0x80,0xFF,0xFE,0x00,0x00,0x00,0x00,
  36          "在",
  37                   0x02,0x00,0x02,0x00,0x7F,0xFE,0x04,0x00,0x04,0x00,0x08,0x40,0x18,0x40,0x17,0xFC,
  38               0x30,0x40,0x50,0x40,0x90,0x40,0x10,0x40,0x10,0x40,0x17,0xFE,0x10,0x00,0x00,0x00,
  39          "启",
  40                   0x01,0x00,0x00,0xC0,0x00,0x80,0x1F,0xFC,0x10,0x04,0x10,0x04,0x1F,0xFC,0x10,0x00,
  41               0x10,0x00,0x17,0xFC,0x14,0x04,0x24,0x04,0x24,0x04,0x47,0xFC,0x84,0x04,0x00,0x00,
  42          "动",
  43              0x00,0x20,0x00,0x20,0x7E,0x20,0x00,0x20,0x00,0xFC,0xFF,0x24,0x10,0x24,0x10,0x24,
  44              0x24,0x24,0x22,0x24,0x4F,0x44,0xFA,0x44,0x40,0x84,0x01,0x14,0x02,0x08,0x00,0x00,
  45          "电",
  46                  0x01,0x00,0x01,0x00,0x01,0x00,0x3F,0xF8,0x21,0x08,0x21,0x08,0x3F,0xF8,0x21,0x08,
  47                  0x21,0x08,0x21,0x08,0x3F,0xF8,0x21,0x08,0x01,0x02,0x01,0x02,0x00,0xFE,0x00,0x00,
  48          "设",
  49              0x01,0xF0,0x21,0x10,0x11,0x10,0x11,0x10,0x01,0x10,0x02,0x0E,0xF4,0x00,0x13,0xF8,
  50              0x11,0x08,0x11,0x10,0x10,0x90,0x10,0xA0,0x14,0x40,0x18,0xB0,0x13,0x0E,0x0C,0x04,
  51          "定",
  52              0x02,0x00,0x01,0x00,0x7F,0xFE,0x40,0x02,0x80,0x24,0x1F,0xF0,0x01,0x00,0x01,0x00,
  53              0x11,0x20,0x11,0xF0,0x11,0x00,0x11,0x00,0x11,0x00,0x29,0x06,0x47,0xFC,0x80,0x00,
  54          "中",
  55                   0x01,0x00,0x01,0x00,0x21,0x08,0x3F,0xFC,0x21,0x08,0x21,0x08,0x21,0x08,0x21,0x08,
C51 COMPILER V7.01  FONT                                                                   12/25/2014 16:12:00 PAGE 2   

  56               0x21,0x08,0x3F,0xF8,0x21,0x08,0x01,0x00,0x01,0x00,0x01,0x00,0x01,0x00,0x01,0x00,
  57          "流",
  58                   0x20,0x80,0x10,0x40,0x17,0xFE,0x00,0x40,0x80,0x80,0x49,0x10,0x4B,0xF8,0x10,0x08,
  59               0x12,0x50,0x12,0x50,0xE2,0x50,0x22,0x50,0x24,0x52,0x24,0x52,0x28,0x4E,0x20,0x00,
  60          "秒",
  61              0x0C,0x20,0xF0,0x20,0x10,0x20,0x11,0x28,0xFD,0xA4,0x11,0x22,0x32,0x22,0x3A,0x20,
  62              0x54,0x22,0x54,0x22,0x90,0x04,0x10,0x08,0x10,0x10,0x10,0x60,0x11,0x80,0x16,0x00,
  63          
  64          
  65          //结束标志,以下数据不要动!
  66              0x00,0x00,
  67                  0x00,0x00,0x00,0x00,0x00,0x00,0x00,0x00,0x00,0x00,0x00,0x00,0x00,0x00,0x00,0x00,
  68                  0x00,0x00,0x00,0x00,0x00,0x00,0x00,0x00,0x00,0x00,0x00,0x00,0x00,0x00,0x00,0x00
  69          };
  70          
  71          uchar code ASC8x16[256][16]={
  72                  0x00,0x00,0x00,0x00,0x00,0x00,0x00,0x00,0x00,0x00,0x00,0x00,0x00,0x00,0x00,0x00,        //0
  73                  0x00,0x00,0x7e,0x81,0xa5,0x81,0x81,0xbd,0x99,0x81,0x81,0x7e,0x00,0x00,0x00,0x00,  
  74                  0x00,0x00,0x7e,0xff,0xdb,0xff,0xff,0xc3,0xe7,0xff,0xff,0x7e,0x00,0x00,0x00,0x00,
  75                  0x00,0x00,0x00,0x00,0x6c,0xfe,0xfe,0xfe,0xfe,0x7c,0x38,0x10,0x00,0x00,0x00,0x00,
  76                  0x00,0x00,0x00,0x00,0x10,0x38,0x7c,0xfe,0x7c,0x38,0x10,0x00,0x00,0x00,0x00,0x00,
  77                  0x00,0x00,0x00,0x18,0x3c,0x3c,0xe7,0xe7,0xe7,0x18,0x18,0x3c,0x00,0x00,0x00,0x00,
  78                  0x00,0x00,0x00,0x18,0x3c,0x7e,0xff,0xff,0x7e,0x18,0x18,0x3c,0x00,0x00,0x00,0x00,
  79                  0x00,0x00,0x00,0x00,0x00,0x00,0x18,0x3c,0x3c,0x18,0x00,0x00,0x00,0x00,0x00,0x00,
  80                  0xff,0xff,0xff,0xff,0xff,0xff,0xe7,0xc3,0xc3,0xe7,0xff,0xff,0xff,0xff,0xff,0xff,
  81                  0x00,0x00,0x00,0x00,0x00,0x3c,0x66,0x42,0x42,0x66,0x3c,0x00,0x00,0x00,0x00,0x00,
  82                  0xff,0xff,0xff,0xff,0xff,0xc3,0x99,0xbd,0xbd,0x99,0xc3,0xff,0xff,0xff,0xff,0xff,        //10
  83                  0x00,0x00,0x1e,0x0e,0x1a,0x32,0x78,0xcc,0xcc,0xcc,0xcc,0x78,0x00,0x00,0x00,0x00,
  84                  0x00,0x00,0x3c,0x66,0x66,0x66,0x66,0x3c,0x18,0x7e,0x18,0x18,0x00,0x00,0x00,0x00,
  85                  0x00,0x00,0x3f,0x33,0x3f,0x30,0x30,0x30,0x30,0x70,0xf0,0xe0,0x00,0x00,0x00,0x00,
  86                  0x00,0x00,0x7f,0x63,0x7f,0x63,0x63,0x63,0x63,0x67,0xe7,0xe6,0xc0,0x00,0x00,0x00,
  87                  0x00,0x00,0x00,0x18,0x18,0xdb,0x3c,0xe7,0x3c,0xdb,0x18,0x18,0x00,0x00,0x00,0x00,
  88                  0x00,0x80,0xc0,0xe0,0xf0,0xf8,0xfe,0xf8,0xf0,0xe0,0xc0,0x80,0x00,0x00,0x00,0x00,
  89                  0x00,0x02,0x06,0x0e,0x1e,0x3e,0xfe,0x3e,0x1e,0x0e,0x06,0x02,0x00,0x00,0x00,0x00,
  90                  0x00,0x00,0x18,0x3c,0x7e,0x18,0x18,0x18,0x7e,0x3c,0x18,0x00,0x00,0x00,0x00,0x00,
  91                  0x00,0x00,0x66,0x66,0x66,0x66,0x66,0x66,0x66,0x00,0x66,0x66,0x00,0x00,0x00,0x00,
  92                  0x00,0x00,0x7f,0xdb,0xdb,0xdb,0x7b,0x1b,0x1b,0x1b,0x1b,0x1b,0x00,0x00,0x00,0x00,        //20
  93                  0x00,0x7c,0xc6,0x60,0x38,0x6c,0xc6,0xc6,0x6c,0x38,0x0c,0xc6,0x7c,0x00,0x00,0x00,
  94                  0x00,0x00,0x00,0x00,0x00,0x00,0x00,0x00,0xfe,0xfe,0xfe,0xfe,0x00,0x00,0x00,0x00,
  95                  0x00,0x00,0x18,0x3c,0x7e,0x18,0x18,0x18,0x7e,0x3c,0x18,0x7e,0x00,0x00,0x00,0x00,
  96                  0x00,0x00,0x18,0x3c,0x7e,0x18,0x18,0x18,0x18,0x18,0x18,0x18,0x00,0x00,0x00,0x00,
  97                  0x00,0x00,0x18,0x18,0x18,0x18,0x18,0x18,0x18,0x7e,0x3c,0x18,0x00,0x00,0x00,0x00,
  98                  0x00,0x00,0x00,0x00,0x00,0x18,0x0c,0xfe,0x0c,0x18,0x00,0x00,0x00,0x00,0x00,0x00,
  99                  0x00,0x00,0x00,0x00,0x00,0x30,0x60,0xfe,0x60,0x30,0x00,0x00,0x00,0x00,0x00,0x00,
 100                  0x00,0x00,0x00,0x00,0x00,0x00,0xc0,0xc0,0xc0,0xfe,0x00,0x00,0x00,0x00,0x00,0x00,
 101                  0x00,0x00,0x00,0x00,0x00,0x28,0x6c,0xfe,0x6c,0x28,0x00,0x00,0x00,0x00,0x00,0x00,
 102                  0x00,0x00,0x00,0x00,0x10,0x38,0x38,0x7c,0x7c,0xfe,0xfe,0x00,0x00,0x00,0x00,0x00,        //30
 103                  0x00,0x00,0x00,0x00,0xfe,0xfe,0x7c,0x7c,0x38,0x38,0x10,0x00,0x00,0x00,0x00,0x00,
 104                  0x00,0x00,0x00,0x00,0x00,0x00,0x00,0x00,0x00,0x00,0x00,0x00,0x00,0x00,0x00,0x00,
 105                  0x40,0xA0,0x4E,0x11,0x20,0x20,0x20,0x20,0x20,0x20,0x20,0x20,0x11,0x0E,0x00,0x00,        //! is replaced with deg
             -ree mark        : (for RT2010)
 106                                                                                                                                                                                          //default '!' : 0x00,0x00,0x18,0x3c,0x3c,0x3c,0x18,0x18,0x18,0x00,0x18,0x18,0x00,0x0
             -0,0x00,0x00,
 107                  0x00,0x66,0x66,0x66,0x24,0x00,0x00,0x00,0x00,0x00,0x00,0x00,0x00,0x00,0x00,0x00,
 108                  0x00,0x00,0x00,0x6c,0x6c,0xfe,0x6c,0x6c,0x6c,0xfe,0x6c,0x6c,0x00,0x00,0x00,0x00,
 109                  0x18,0x18,0x7c,0xc6,0xc2,0xc0,0x7c,0x06,0x06,0x86,0xc6,0x7c,0x18,0x18,0x00,0x00,
 110                  0x00,0x00,0x00,0x00,0xc2,0xc6,0x0c,0x18,0x30,0x60,0xc6,0x86,0x00,0x00,0x00,0x00,
 111                  0x00,0x00,0x38,0x6c,0x6c,0x38,0x76,0xdc,0xcc,0xcc,0xcc,0x76,0x00,0x00,0x00,0x00,
 112                  0x00,0x30,0x30,0x30,0x60,0x00,0x00,0x00,0x00,0x00,0x00,0x00,0x00,0x00,0x00,0x00,
 113                  0x00,0x00,0x0c,0x18,0x30,0x30,0x30,0x30,0x30,0x30,0x18,0x0c,0x00,0x00,0x00,0x00,        //40
 114                  0x00,0x00,0x30,0x18,0x0c,0x0c,0x0c,0x0c,0x0c,0x0c,0x18,0x30,0x00,0x00,0x00,0x00,
 115                  0x00,0x00,0x00,0x00,0x00,0x66,0x3c,0xff,0x3c,0x66,0x00,0x00,0x00,0x00,0x00,0x00,
C51 COMPILER V7.01  FONT                                                                   12/25/2014 16:12:00 PAGE 3   

 116                  0x00,0x00,0x00,0x00,0x00,0x18,0x18,0x7e,0x18,0x18,0x00,0x00,0x00,0x00,0x00,0x00,
 117                  0x00,0x00,0x00,0x00,0x00,0x00,0x00,0x00,0x00,0x18,0x18,0x18,0x30,0x00,0x00,0x00,
 118                  0x00,0x00,0x00,0x00,0x00,0x00,0x00,0xfe,0x00,0x00,0x00,0x00,0x00,0x00,0x00,0x00,
 119                  0x00,0x00,0x00,0x00,0x00,0x00,0x00,0x00,0x00,0x00,0x18,0x18,0x00,0x00,0x00,0x00,
 120                  0x00,0x00,0x00,0x00,0x02,0x06,0x0c,0x18,0x30,0x60,0xc0,0x80,0x00,0x00,0x00,0x00,
 121                  0x00,0x00,0x38,0x6c,0xc6,0xc6,0xd6,0xd6,0xc6,0xc6,0x6c,0x38,0x00,0x00,0x00,0x00,
 122                  0x00,0x00,0x18,0x38,0x78,0x18,0x18,0x18,0x18,0x18,0x18,0x7e,0x00,0x00,0x00,0x00,
 123                  0x00,0x00,0x7c,0xc6,0x06,0x0c,0x18,0x30,0x60,0xc0,0xc6,0xfe,0x00,0x00,0x00,0x00,        //50
 124                  0x00,0x00,0x7c,0xc6,0x06,0x06,0x3c,0x06,0x06,0x06,0xc6,0x7c,0x00,0x00,0x00,0x00,
 125                  0x00,0x00,0x0c,0x1c,0x3c,0x6c,0xcc,0xfe,0x0c,0x0c,0x0c,0x1e,0x00,0x00,0x00,0x00,
 126                  0x00,0x00,0xfe,0xc0,0xc0,0xc0,0xfc,0x06,0x06,0x06,0xc6,0x7c,0x00,0x00,0x00,0x00,
 127                  0x00,0x00,0x38,0x60,0xc0,0xc0,0xfc,0xc6,0xc6,0xc6,0xc6,0x7c,0x00,0x00,0x00,0x00,
 128                  0x00,0x00,0xfe,0xc6,0x06,0x06,0x0c,0x18,0x30,0x30,0x30,0x30,0x00,0x00,0x00,0x00,
 129                  0x00,0x00,0x7c,0xc6,0xc6,0xc6,0x7c,0xc6,0xc6,0xc6,0xc6,0x7c,0x00,0x00,0x00,0x00,
 130                  0x00,0x00,0x7c,0xc6,0xc6,0xc6,0x7e,0x06,0x06,0x06,0x0c,0x78,0x00,0x00,0x00,0x00,
 131                  0x00,0x00,0x00,0x00,0x18,0x18,0x00,0x00,0x00,0x18,0x18,0x00,0x00,0x00,0x00,0x00,
 132                  0x00,0x00,0x00,0x00,0x18,0x18,0x00,0x00,0x00,0x18,0x18,0x30,0x00,0x00,0x00,0x00,
 133                  0x00,0x00,0x00,0x06,0x0c,0x18,0x30,0x60,0x30,0x18,0x0c,0x06,0x00,0x00,0x00,0x00,        //60
 134                  0x00,0x00,0x00,0x00,0x00,0x7e,0x00,0x00,0x7e,0x00,0x00,0x00,0x00,0x00,0x00,0x00,
 135                  0x00,0x00,0x00,0x60,0x30,0x18,0x0c,0x06,0x0c,0x18,0x30,0x60,0x00,0x00,0x00,0x00,
 136                  0x00,0x00,0x7c,0xc6,0xc6,0x0c,0x18,0x18,0x18,0x00,0x18,0x18,0x00,0x00,0x00,0x00,
 137                  0x00,0x00,0x00,0x7c,0xc6,0xc6,0xde,0xde,0xde,0xdc,0xc0,0x7c,0x00,0x00,0x00,0x00,
 138                  0x00,0x00,0x10,0x38,0x6c,0xc6,0xc6,0xfe,0xc6,0xc6,0xc6,0xc6,0x00,0x00,0x00,0x00,
 139                  0x00,0x00,0xfc,0x66,0x66,0x66,0x7c,0x66,0x66,0x66,0x66,0xfc,0x00,0x00,0x00,0x00,
 140                  0x00,0x00,0x3c,0x66,0xc2,0xc0,0xc0,0xc0,0xc0,0xc2,0x66,0x3c,0x00,0x00,0x00,0x00,
 141                  0x00,0x00,0xf8,0x6c,0x66,0x66,0x66,0x66,0x66,0x66,0x6c,0xf8,0x00,0x00,0x00,0x00,
 142                  0x00,0x00,0xfe,0x66,0x62,0x68,0x78,0x68,0x60,0x62,0x66,0xfe,0x00,0x00,0x00,0x00,
 143                  0x00,0x00,0xfe,0x66,0x62,0x68,0x78,0x68,0x60,0x60,0x60,0xf0,0x00,0x00,0x00,0x00,        //70
 144                  0x00,0x00,0x3c,0x66,0xc2,0xc0,0xc0,0xde,0xc6,0xc6,0x66,0x3a,0x00,0x00,0x00,0x00,
 145                  0x00,0x00,0xc6,0xc6,0xc6,0xc6,0xfe,0xc6,0xc6,0xc6,0xc6,0xc6,0x00,0x00,0x00,0x00,
 146                  0x00,0x00,0x3c,0x18,0x18,0x18,0x18,0x18,0x18,0x18,0x18,0x3c,0x00,0x00,0x00,0x00,
 147                  0x00,0x00,0x1e,0x0c,0x0c,0x0c,0x0c,0x0c,0xcc,0xcc,0xcc,0x78,0x00,0x00,0x00,0x00,
 148                  0x00,0x00,0xe6,0x66,0x66,0x6c,0x78,0x78,0x6c,0x66,0x66,0xe6,0x00,0x00,0x00,0x00,
 149                  0x00,0x00,0xf0,0x60,0x60,0x60,0x60,0x60,0x60,0x62,0x66,0xfe,0x00,0x00,0x00,0x00,
 150                  0x00,0x00,0xc6,0xee,0xfe,0xfe,0xd6,0xc6,0xc6,0xc6,0xc6,0xc6,0x00,0x00,0x00,0x00,
 151                  0x00,0x00,0xc6,0xe6,0xf6,0xfe,0xde,0xce,0xc6,0xc6,0xc6,0xc6,0x00,0x00,0x00,0x00,
 152                  0x00,0x00,0x7c,0xc6,0xc6,0xc6,0xc6,0xc6,0xc6,0xc6,0xc6,0x7c,0x00,0x00,0x00,0x00,
 153                  0x00,0x00,0xfc,0x66,0x66,0x66,0x7c,0x60,0x60,0x60,0x60,0xf0,0x00,0x00,0x00,0x00,        //80
 154                  0x00,0x00,0x7c,0xc6,0xc6,0xc6,0xc6,0xc6,0xc6,0xd6,0xde,0x7c,0x0c,0x0e,0x00,0x00,
 155                  0x00,0x00,0xfc,0x66,0x66,0x66,0x7c,0x6c,0x66,0x66,0x66,0xe6,0x00,0x00,0x00,0x00,
 156                  0x00,0x00,0x7c,0xc6,0xc6,0x60,0x38,0x0c,0x06,0xc6,0xc6,0x7c,0x00,0x00,0x00,0x00,
 157                  0x00,0x00,0x7e,0x7e,0x5a,0x18,0x18,0x18,0x18,0x18,0x18,0x3c,0x00,0x00,0x00,0x00,
 158                  0x00,0x00,0xc6,0xc6,0xc6,0xc6,0xc6,0xc6,0xc6,0xc6,0xc6,0x7c,0x00,0x00,0x00,0x00,
 159                  0x00,0x00,0xc6,0xc6,0xc6,0xc6,0xc6,0xc6,0xc6,0x6c,0x38,0x10,0x00,0x00,0x00,0x00,
 160                  0x00,0x00,0xc6,0xc6,0xc6,0xc6,0xd6,0xd6,0xd6,0xfe,0xee,0x6c,0x00,0x00,0x00,0x00,
 161                  0x00,0x00,0xc6,0xc6,0x6c,0x7c,0x38,0x38,0x7c,0x6c,0xc6,0xc6,0x00,0x00,0x00,0x00,
 162                  0x00,0x00,0x66,0x66,0x66,0x66,0x3c,0x18,0x18,0x18,0x18,0x3c,0x00,0x00,0x00,0x00,
 163                  0x00,0x00,0xfe,0xc6,0x86,0x0c,0x18,0x30,0x60,0xc2,0xc6,0xfe,0x00,0x00,0x00,0x00,        //90
 164                  0x00,0x00,0x3c,0x30,0x30,0x30,0x30,0x30,0x30,0x30,0x30,0x3c,0x00,0x00,0x00,0x00,
 165                  0x00,0x00,0x00,0x80,0xc0,0xe0,0x70,0x38,0x1c,0x0e,0x06,0x02,0x00,0x00,0x00,0x00,
 166                  0x00,0x00,0x3c,0x0c,0x0c,0x0c,0x0c,0x0c,0x0c,0x0c,0x0c,0x3c,0x00,0x00,0x00,0x00,
 167                  0x10,0x38,0x6c,0xc6,0x00,0x00,0x00,0x00,0x00,0x00,0x00,0x00,0x00,0x00,0x00,0x00,
 168                  0x00,0x00,0x00,0x00,0x00,0x00,0x00,0x00,0x00,0x00,0x00,0x00,0x00,0xff,0x00,0x00,
 169                  0x30,0x30,0x18,0x00,0x00,0x00,0x00,0x00,0x00,0x00,0x00,0x00,0x00,0x00,0x00,0x00,
 170                  0x00,0x00,0x00,0x00,0x00,0x78,0x0c,0x7c,0xcc,0xcc,0xcc,0x76,0x00,0x00,0x00,0x00,
 171                  0x00,0x00,0xe0,0x60,0x60,0x78,0x6c,0x66,0x66,0x66,0x66,0x7c,0x00,0x00,0x00,0x00,
 172                  0x00,0x00,0x00,0x00,0x00,0x7c,0xc6,0xc0,0xc0,0xc0,0xc6,0x7c,0x00,0x00,0x00,0x00,
 173                  0x00,0x00,0x1c,0x0c,0x0c,0x3c,0x6c,0xcc,0xcc,0xcc,0xcc,0x76,0x00,0x00,0x00,0x00,        //100
 174                  0x00,0x00,0x00,0x00,0x00,0x7c,0xc6,0xfe,0xc0,0xc0,0xc6,0x7c,0x00,0x00,0x00,0x00,
 175                  0x00,0x00,0x38,0x6c,0x64,0x60,0xf0,0x60,0x60,0x60,0x60,0xf0,0x00,0x00,0x00,0x00,
 176                  0x00,0x00,0x00,0x00,0x00,0x76,0xcc,0xcc,0xcc,0xcc,0xcc,0x7c,0x0c,0xcc,0x78,0x00,
 177                  0x00,0x00,0xe0,0x60,0x60,0x6c,0x76,0x66,0x66,0x66,0x66,0xe6,0x00,0x00,0x00,0x00,
C51 COMPILER V7.01  FONT                                                                   12/25/2014 16:12:00 PAGE 4   

 178                  0x00,0x00,0x18,0x18,0x00,0x38,0x18,0x18,0x18,0x18,0x18,0x3c,0x00,0x00,0x00,0x00,
 179                  0x00,0x00,0x06,0x06,0x00,0x0e,0x06,0x06,0x06,0x06,0x06,0x06,0x66,0x66,0x3c,0x00,
 180                  0x00,0x00,0xe0,0x60,0x60,0x66,0x6c,0x78,0x78,0x6c,0x66,0xe6,0x00,0x00,0x00,0x00,
 181                  0x00,0x00,0x38,0x18,0x18,0x18,0x18,0x18,0x18,0x18,0x18,0x3c,0x00,0x00,0x00,0x00,
 182                  0x00,0x00,0x00,0x00,0x00,0xec,0xfe,0xd6,0xd6,0xd6,0xd6,0xc6,0x00,0x00,0x00,0x00,
 183                  0x00,0x00,0x00,0x00,0x00,0xdc,0x66,0x66,0x66,0x66,0x66,0x66,0x00,0x00,0x00,0x00,        //110
 184                  0x00,0x00,0x00,0x00,0x00,0x7c,0xc6,0xc6,0xc6,0xc6,0xc6,0x7c,0x00,0x00,0x00,0x00,
 185                  0x00,0x00,0x00,0x00,0x00,0xdc,0x66,0x66,0x66,0x66,0x66,0x7c,0x60,0x60,0xf0,0x00,
 186                  0x00,0x00,0x00,0x00,0x00,0x76,0xcc,0xcc,0xcc,0xcc,0xcc,0x7c,0x0c,0x0c,0x1e,0x00,
 187                  0x00,0x00,0x00,0x00,0x00,0xdc,0x76,0x66,0x60,0x60,0x60,0xf0,0x00,0x00,0x00,0x00,
 188                  0x00,0x00,0x00,0x00,0x00,0x7c,0xc6,0x60,0x38,0x0c,0xc6,0x7c,0x00,0x00,0x00,0x00,
 189                  0x00,0x00,0x10,0x30,0x30,0xfc,0x30,0x30,0x30,0x30,0x36,0x1c,0x00,0x00,0x00,0x00,
 190                  0x00,0x00,0x00,0x00,0x00,0xcc,0xcc,0xcc,0xcc,0xcc,0xcc,0x76,0x00,0x00,0x00,0x00,
 191                  0x00,0x00,0x00,0x00,0x00,0x66,0x66,0x66,0x66,0x66,0x3c,0x18,0x00,0x00,0x00,0x00,
 192                  0x00,0x00,0x00,0x00,0x00,0xc6,0xc6,0xd6,0xd6,0xd6,0xfe,0x6c,0x00,0x00,0x00,0x00,
 193                  0x00,0x00,0x00,0x00,0x00,0xc6,0x6c,0x38,0x38,0x38,0x6c,0xc6,0x00,0x00,0x00,0x00,        //120
 194                  0x00,0x00,0x00,0x00,0x00,0xc6,0xc6,0xc6,0xc6,0xc6,0xc6,0x7e,0x06,0x0c,0xf8,0x00,
 195                  0x00,0x00,0x00,0x00,0x00,0xfe,0xcc,0x18,0x30,0x60,0xc6,0xfe,0x00,0x00,0x00,0x00,
 196                  0x00,0x00,0x0e,0x18,0x18,0x18,0x70,0x18,0x18,0x18,0x18,0x0e,0x00,0x00,0x00,0x00,
 197                  0x00,0x00,0x18,0x18,0x18,0x18,0x00,0x18,0x18,0x18,0x18,0x18,0x00,0x00,0x00,0x00,
 198                  0x00,0x00,0x70,0x18,0x18,0x18,0x0e,0x18,0x18,0x18,0x18,0x70,0x00,0x00,0x00,0x00,
 199                  0x00,0x00,0x00,0x00,0x00,0x00,0x00,0xfe,0x00,0x00,0x00,0x00,0x00,0x00,0x00,0x00,        // '-' now (used for RT4
             -00)        //'~'      0x00,0x00,0x76,0xdc,0x00,0x00,0x00,0x00,0x00,0x00,0x00,0x00,0x00,0x00,0x00,0x00,
 200                  0x00,0x00,0x00,0x00,0x10,0x38,0x6c,0xc6,0xc6,0xc6,0xfe,0x00,0x00,0x00,0x00,0x00,
 201                  0x00,0x00,0x3c,0x66,0xc2,0xc0,0xc0,0xc0,0xc2,0x66,0x3c,0x0c,0x06,0x7c,0x00,0x00,
 202                  0x00,0x00,0xcc,0x00,0x00,0xcc,0xcc,0xcc,0xcc,0xcc,0xcc,0x76,0x00,0x00,0x00,0x00,        //130
 203                  0x00,0x0c,0x18,0x30,0x00,0x7c,0xc6,0xfe,0xc0,0xc0,0xc6,0x7c,0x00,0x00,0x00,0x00,
 204                  0x00,0x10,0x38,0x6c,0x00,0x78,0x0c,0x7c,0xcc,0xcc,0xcc,0x76,0x00,0x00,0x00,0x00,
 205                  0x00,0x00,0xcc,0x00,0x00,0x78,0x0c,0x7c,0xcc,0xcc,0xcc,0x76,0x00,0x00,0x00,0x00,
 206                  0x00,0x60,0x30,0x18,0x00,0x78,0x0c,0x7c,0xcc,0xcc,0xcc,0x76,0x00,0x00,0x00,0x00,
 207                  0x00,0x38,0x6c,0x38,0x00,0x78,0x0c,0x7c,0xcc,0xcc,0xcc,0x76,0x00,0x00,0x00,0x00,
 208                  0x00,0x00,0x00,0x00,0x3c,0x66,0x60,0x60,0x66,0x3c,0x0c,0x06,0x3c,0x00,0x00,0x00,
 209                  0x00,0x10,0x38,0x6c,0x00,0x7c,0xc6,0xfe,0xc0,0xc0,0xc6,0x7c,0x00,0x00,0x00,0x00,
 210                  0x00,0x00,0xc6,0x00,0x00,0x7c,0xc6,0xfe,0xc0,0xc0,0xc6,0x7c,0x00,0x00,0x00,0x00,
 211                  0x00,0x60,0x30,0x18,0x00,0x7c,0xc6,0xfe,0xc0,0xc0,0xc6,0x7c,0x00,0x00,0x00,0x00,
 212                  0x00,0x00,0x66,0x00,0x00,0x38,0x18,0x18,0x18,0x18,0x18,0x3c,0x00,0x00,0x00,0x00,        //140
 213                  0x00,0x18,0x3c,0x66,0x00,0x38,0x18,0x18,0x18,0x18,0x18,0x3c,0x00,0x00,0x00,0x00,
 214                  0x00,0x60,0x30,0x18,0x00,0x38,0x18,0x18,0x18,0x18,0x18,0x3c,0x00,0x00,0x00,0x00,
 215                  0x00,0xc6,0x00,0x10,0x38,0x6c,0xc6,0xc6,0xfe,0xc6,0xc6,0xc6,0x00,0x00,0x00,0x00,
 216                  0x38,0x6c,0x38,0x00,0x38,0x6c,0xc6,0xc6,0xfe,0xc6,0xc6,0xc6,0x00,0x00,0x00,0x00,
 217                  0x18,0x30,0x60,0x00,0xfe,0x66,0x60,0x7c,0x60,0x60,0x66,0xfe,0x00,0x00,0x00,0x00,
 218                  0x00,0x00,0x00,0x00,0x00,0xcc,0x76,0x36,0x7e,0xd8,0xd8,0x6e,0x00,0x00,0x00,0x00,
 219                  0x00,0x00,0x3e,0x6c,0xcc,0xcc,0xfe,0xcc,0xcc,0xcc,0xcc,0xce,0x00,0x00,0x00,0x00,
 220                  0x00,0x10,0x38,0x6c,0x00,0x7c,0xc6,0xc6,0xc6,0xc6,0xc6,0x7c,0x00,0x00,0x00,0x00,
 221                  0x00,0x00,0xc6,0x00,0x00,0x7c,0xc6,0xc6,0xc6,0xc6,0xc6,0x7c,0x00,0x00,0x00,0x00,
 222                  0x00,0x60,0x30,0x18,0x00,0x7c,0xc6,0xc6,0xc6,0xc6,0xc6,0x7c,0x00,0x00,0x00,0x00,        //150
 223                  0x00,0x30,0x78,0xcc,0x00,0xcc,0xcc,0xcc,0xcc,0xcc,0xcc,0x76,0x00,0x00,0x00,0x00,
 224                  0x00,0x60,0x30,0x18,0x00,0xcc,0xcc,0xcc,0xcc,0xcc,0xcc,0x76,0x00,0x00,0x00,0x00,
 225                  0x00,0x00,0xc6,0x00,0x00,0xc6,0xc6,0xc6,0xc6,0xc6,0xc6,0x7e,0x06,0x0c,0x78,0x00,
 226                  0x00,0xc6,0x00,0x7c,0xc6,0xc6,0xc6,0xc6,0xc6,0xc6,0xc6,0x7c,0x00,0x00,0x00,0x00,
 227                  0x00,0xc6,0x00,0xc6,0xc6,0xc6,0xc6,0xc6,0xc6,0xc6,0xc6,0x7c,0x00,0x00,0x00,0x00,
 228                  0x00,0x18,0x18,0x3c,0x66,0x60,0x60,0x60,0x66,0x3c,0x18,0x18,0x00,0x00,0x00,0x00,
 229                  0x00,0x38,0x6c,0x64,0x60,0xf0,0x60,0x60,0x60,0x60,0xe6,0xfc,0x00,0x00,0x00,0x00,
 230                  0x00,0x00,0x66,0x66,0x3c,0x18,0x7e,0x18,0x7e,0x18,0x18,0x18,0x00,0x00,0x00,0x00,
 231                  0x00,0xf8,0xcc,0xcc,0xf8,0xc4,0xcc,0xde,0xcc,0xcc,0xcc,0xc6,0x00,0x00,0x00,0x00,
 232                  0x00,0x0e,0x1b,0x18,0x18,0x18,0x7e,0x18,0x18,0x18,0x18,0x18,0xd8,0x70,0x00,0x00,        //160
 233                  0x00,0x18,0x30,0x60,0x00,0x78,0x0c,0x7c,0xcc,0xcc,0xcc,0x76,0x00,0x00,0x00,0x00,
 234                  0x00,0x0c,0x18,0x30,0x00,0x38,0x18,0x18,0x18,0x18,0x18,0x3c,0x00,0x00,0x00,0x00,
 235                  0x00,0x18,0x30,0x60,0x00,0x7c,0xc6,0xc6,0xc6,0xc6,0xc6,0x7c,0x00,0x00,0x00,0x00,
 236                  0x00,0x18,0x30,0x60,0x00,0xcc,0xcc,0xcc,0xcc,0xcc,0xcc,0x76,0x00,0x00,0x00,0x00,
 237                  0x00,0x00,0x76,0xdc,0x00,0xdc,0x66,0x66,0x66,0x66,0x66,0x66,0x00,0x00,0x00,0x00,
 238                  0x76,0xdc,0x00,0xc6,0xe6,0xf6,0xfe,0xde,0xce,0xc6,0xc6,0xc6,0x00,0x00,0x00,0x00,
C51 COMPILER V7.01  FONT                                                                   12/25/2014 16:12:00 PAGE 5   

 239                  0x00,0x3c,0x6c,0x6c,0x3e,0x00,0x7e,0x00,0x00,0x00,0x00,0x00,0x00,0x00,0x00,0x00,
 240                  0x00,0x38,0x6c,0x6c,0x38,0x00,0x7c,0x00,0x00,0x00,0x00,0x00,0x00,0x00,0x00,0x00,
 241                  0x00,0x00,0x30,0x30,0x00,0x30,0x30,0x60,0xc0,0xc6,0xc6,0x7c,0x00,0x00,0x00,0x00,
 242                  0x00,0x00,0x00,0x00,0x00,0x00,0xfe,0xc0,0xc0,0xc0,0xc0,0x00,0x00,0x00,0x00,0x00,        //170
 243                  0x00,0x00,0x00,0x00,0x00,0x00,0xfe,0x06,0x06,0x06,0x06,0x00,0x00,0x00,0x00,0x00,
 244                  0x00,0xc0,0xc0,0xc2,0xc6,0xcc,0x18,0x30,0x60,0xdc,0x86,0x0c,0x18,0x3e,0x00,0x00,
 245                  0x00,0xc0,0xc0,0xc2,0xc6,0xcc,0x18,0x30,0x66,0xce,0x9e,0x3e,0x06,0x06,0x00,0x00,
 246                  0x00,0x00,0x18,0x18,0x00,0x18,0x18,0x18,0x3c,0x3c,0x3c,0x18,0x00,0x00,0x00,0x00,
 247                  0x00,0x00,0x00,0x00,0x00,0x36,0x6c,0xd8,0x6c,0x36,0x00,0x00,0x00,0x00,0x00,0x00,
 248                  0x00,0x00,0x00,0x00,0x00,0xd8,0x6c,0x36,0x6c,0xd8,0x00,0x00,0x00,0x00,0x00,0x00,
 249                  0x11,0x44,0x11,0x44,0x11,0x44,0x11,0x44,0x11,0x44,0x11,0x44,0x11,0x44,0x11,0x44,
 250                  0x55,0xaa,0x55,0xaa,0x55,0xaa,0x55,0xaa,0x55,0xaa,0x55,0xaa,0x55,0xaa,0x55,0xaa,
 251                  0xdd,0x77,0xdd,0x77,0xdd,0x77,0xdd,0x77,0xdd,0x77,0xdd,0x77,0xdd,0x77,0xdd,0x77,
 252                  0x18,0x18,0x18,0x18,0x18,0x18,0x18,0x18,0x18,0x18,0x18,0x18,0x18,0x18,0x18,0x18,        //180
 253                  0x18,0x18,0x18,0x18,0x18,0x18,0x18,0xf8,0x18,0x18,0x18,0x18,0x18,0x18,0x18,0x18,
 254                  0x18,0x18,0x18,0x18,0x18,0xf8,0x18,0xf8,0x18,0x18,0x18,0x18,0x18,0x18,0x18,0x18,
 255                  0x36,0x36,0x36,0x36,0x36,0x36,0x36,0xf6,0x36,0x36,0x36,0x36,0x36,0x36,0x36,0x36,
 256                  0x00,0x00,0x00,0x00,0x00,0x00,0x00,0xfe,0x36,0x36,0x36,0x36,0x36,0x36,0x36,0x36,
 257                  0x00,0x00,0x00,0x00,0x00,0xf8,0x18,0xf8,0x18,0x18,0x18,0x18,0x18,0x18,0x18,0x18,
 258                  0x36,0x36,0x36,0x36,0x36,0xf6,0x06,0xf6,0x36,0x36,0x36,0x36,0x36,0x36,0x36,0x36,
 259                  0x36,0x36,0x36,0x36,0x36,0x36,0x36,0x36,0x36,0x36,0x36,0x36,0x36,0x36,0x36,0x36,
 260                  0x00,0x00,0x00,0x00,0x00,0xfe,0x06,0xf6,0x36,0x36,0x36,0x36,0x36,0x36,0x36,0x36,
 261                  0x36,0x36,0x36,0x36,0x36,0xf6,0x06,0xfe,0x00,0x00,0x00,0x00,0x00,0x00,0x00,0x00,
 262                  0x36,0x36,0x36,0x36,0x36,0x36,0x36,0xfe,0x00,0x00,0x00,0x00,0x00,0x00,0x00,0x00,        //190
 263                  0x18,0x18,0x18,0x18,0x18,0xf8,0x18,0xf8,0x00,0x00,0x00,0x00,0x00,0x00,0x00,0x00,
 264                  0x00,0x00,0x00,0x00,0x00,0x00,0x00,0xf8,0x18,0x18,0x18,0x18,0x18,0x18,0x18,0x18,
 265                  0x18,0x18,0x18,0x18,0x18,0x18,0x18,0x1f,0x00,0x00,0x00,0x00,0x00,0x00,0x00,0x00,
 266                  0x18,0x18,0x18,0x18,0x18,0x18,0x18,0xff,0x00,0x00,0x00,0x00,0x00,0x00,0x00,0x00,
 267                  0x00,0x00,0x00,0x00,0x00,0x00,0x00,0xff,0x18,0x18,0x18,0x18,0x18,0x18,0x18,0x18,
 268                  0x18,0x18,0x18,0x18,0x18,0x18,0x18,0x1f,0x18,0x18,0x18,0x18,0x18,0x18,0x18,0x18,
 269                  0x00,0x00,0x00,0x00,0x00,0x00,0x00,0xff,0x00,0x00,0x00,0x00,0x00,0x00,0x00,0x00,
 270                  0x18,0x18,0x18,0x18,0x18,0x18,0x18,0xff,0x18,0x18,0x18,0x18,0x18,0x18,0x18,0x18,
 271                  0x18,0x18,0x18,0x18,0x18,0x1f,0x18,0x1f,0x18,0x18,0x18,0x18,0x18,0x18,0x18,0x18,
 272                  0x36,0x36,0x36,0x36,0x36,0x36,0x36,0x37,0x36,0x36,0x36,0x36,0x36,0x36,0x36,0x36,        //200
 273                  0x36,0x36,0x36,0x36,0x36,0x37,0x30,0x3f,0x00,0x00,0x00,0x00,0x00,0x00,0x00,0x00,
 274                  0x00,0x00,0x00,0x00,0x00,0x3f,0x30,0x37,0x36,0x36,0x36,0x36,0x36,0x36,0x36,0x36,
 275                  0x36,0x36,0x36,0x36,0x36,0xf7,0x00,0xff,0x00,0x00,0x00,0x00,0x00,0x00,0x00,0x00,
 276                  0x00,0x00,0x00,0x00,0x00,0xff,0x00,0xf7,0x36,0x36,0x36,0x36,0x36,0x36,0x36,0x36,
 277                  0x36,0x36,0x36,0x36,0x36,0x37,0x30,0x37,0x36,0x36,0x36,0x36,0x36,0x36,0x36,0x36,
 278                  0x00,0x00,0x00,0x00,0x00,0xff,0x00,0xff,0x00,0x00,0x00,0x00,0x00,0x00,0x00,0x00,
 279                  0x36,0x36,0x36,0x36,0x36,0xf7,0x00,0xf7,0x36,0x36,0x36,0x36,0x36,0x36,0x36,0x36,
 280                  0x18,0x18,0x18,0x18,0x18,0xff,0x00,0xff,0x00,0x00,0x00,0x00,0x00,0x00,0x00,0x00,
 281                  0x36,0x36,0x36,0x36,0x36,0x36,0x36,0xff,0x00,0x00,0x00,0x00,0x00,0x00,0x00,0x00,
 282                  0x00,0x00,0x00,0x00,0x00,0xff,0x00,0xff,0x18,0x18,0x18,0x18,0x18,0x18,0x18,0x18,        //210
 283                  0x00,0x00,0x00,0x00,0x00,0x00,0x00,0xff,0x36,0x36,0x36,0x36,0x36,0x36,0x36,0x36,
 284                  0x36,0x36,0x36,0x36,0x36,0x36,0x36,0x3f,0x00,0x00,0x00,0x00,0x00,0x00,0x00,0x00,
 285                  0x18,0x18,0x18,0x18,0x18,0x1f,0x18,0x1f,0x00,0x00,0x00,0x00,0x00,0x00,0x00,0x00,
 286                  0x00,0x00,0x00,0x00,0x00,0x1f,0x18,0x1f,0x18,0x18,0x18,0x18,0x18,0x18,0x18,0x18,
 287                  0x00,0x00,0x00,0x00,0x00,0x00,0x00,0x3f,0x36,0x36,0x36,0x36,0x36,0x36,0x36,0x36,
 288                  0x36,0x36,0x36,0x36,0x36,0x36,0x36,0xff,0x36,0x36,0x36,0x36,0x36,0x36,0x36,0x36,
 289                  0x18,0x18,0x18,0x18,0x18,0xff,0x18,0xff,0x18,0x18,0x18,0x18,0x18,0x18,0x18,0x18,
 290                  0x18,0x18,0x18,0x18,0x18,0x18,0x18,0xf8,0x00,0x00,0x00,0x00,0x00,0x00,0x00,0x00,
 291                  0x00,0x00,0x00,0x00,0x00,0x00,0x00,0x1f,0x18,0x18,0x18,0x18,0x18,0x18,0x18,0x18,
 292                  0xff,0xff,0xff,0xff,0xff,0xff,0xff,0xff,0xff,0xff,0xff,0xff,0xff,0xff,0xff,0xff,        //220
 293                  0x00,0x00,0x00,0x00,0x00,0x00,0x00,0xff,0xff,0xff,0xff,0xff,0xff,0xff,0xff,0xff,
 294                  0xf0,0xf0,0xf0,0xf0,0xf0,0xf0,0xf0,0xf0,0xf0,0xf0,0xf0,0xf0,0xf0,0xf0,0xf0,0xf0,
 295                  0x0f,0x0f,0x0f,0x0f,0x0f,0x0f,0x0f,0x0f,0x0f,0x0f,0x0f,0x0f,0x0f,0x0f,0x0f,0x0f,
 296                  0xff,0xff,0xff,0xff,0xff,0xff,0xff,0x00,0x00,0x00,0x00,0x00,0x00,0x00,0x00,0x00,
 297                  0x00,0x00,0x00,0x00,0x00,0x76,0xdc,0xd8,0xd8,0xd8,0xdc,0x76,0x00,0x00,0x00,0x00,
 298                  0x00,0x00,0x78,0xcc,0xcc,0xcc,0xd8,0xcc,0xc6,0xc6,0xc6,0xcc,0x00,0x00,0x00,0x00,
 299                  0x00,0x00,0xfe,0xc6,0xc6,0xc0,0xc0,0xc0,0xc0,0xc0,0xc0,0xc0,0x00,0x00,0x00,0x00,
 300                  0x00,0x00,0x00,0x00,0xfe,0x6c,0x6c,0x6c,0x6c,0x6c,0x6c,0x6c,0x00,0x00,0x00,0x00,
C51 COMPILER V7.01  FONT                                                                   12/25/2014 16:12:00 PAGE 6   

 301                  0x00,0x00,0x00,0xfe,0xc6,0x60,0x30,0x18,0x30,0x60,0xc6,0xfe,0x00,0x00,0x00,0x00,
 302                  0x00,0x00,0x00,0x00,0x00,0x7e,0xd8,0xd8,0xd8,0xd8,0xd8,0x70,0x00,0x00,0x00,0x00,        //230
 303                  0x00,0x00,0x00,0x00,0x66,0x66,0x66,0x66,0x66,0x7c,0x60,0x60,0xc0,0x00,0x00,0x00,
 304                  0x00,0x00,0x00,0x00,0x76,0xdc,0x18,0x18,0x18,0x18,0x18,0x18,0x00,0x00,0x00,0x00,
 305                  0x00,0x00,0x00,0x7e,0x18,0x3c,0x66,0x66,0x66,0x3c,0x18,0x7e,0x00,0x00,0x00,0x00,
 306                  0x00,0x00,0x00,0x38,0x6c,0xc6,0xc6,0xfe,0xc6,0xc6,0x6c,0x38,0x00,0x00,0x00,0x00,
 307                  0x00,0x00,0x38,0x6c,0xc6,0xc6,0xc6,0x6c,0x6c,0x6c,0x6c,0xee,0x00,0x00,0x00,0x00,
 308                  0x00,0x00,0x1e,0x30,0x18,0x0c,0x3e,0x66,0x66,0x66,0x66,0x3c,0x00,0x00,0x00,0x00,
 309                  0x00,0x00,0x00,0x00,0x00,0x7e,0xdb,0xdb,0xdb,0x7e,0x00,0x00,0x00,0x00,0x00,0x00,
 310                  0x00,0x00,0x00,0x03,0x06,0x7e,0xdb,0xdb,0xf3,0x7e,0x60,0xc0,0x00,0x00,0x00,0x00,
 311                  0x00,0x00,0x1c,0x30,0x60,0x60,0x7c,0x60,0x60,0x60,0x30,0x1c,0x00,0x00,0x00,0x00,
 312                  0x00,0x00,0x00,0x7c,0xc6,0xc6,0xc6,0xc6,0xc6,0xc6,0xc6,0xc6,0x00,0x00,0x00,0x00,        //240
 313                  0x00,0x00,0x00,0x00,0xfe,0x00,0x00,0xfe,0x00,0x00,0xfe,0x00,0x00,0x00,0x00,0x00,
 314                  0x00,0x00,0x00,0x00,0x18,0x18,0x7e,0x18,0x18,0x00,0x00,0xff,0x00,0x00,0x00,0x00,
 315                  0x00,0x00,0x00,0x30,0x18,0x0c,0x06,0x0c,0x18,0x30,0x00,0x7e,0x00,0x00,0x00,0x00,
 316                  0x00,0x00,0x00,0x0c,0x18,0x30,0x60,0x30,0x18,0x0c,0x00,0x7e,0x00,0x00,0x00,0x00,
 317                  0x00,0x00,0x0e,0x1b,0x1b,0x18,0x18,0x18,0x18,0x18,0x18,0x18,0x18,0x18,0x18,0x18,
 318                  0x18,0x18,0x18,0x18,0x18,0x18,0x18,0x18,0xd8,0xd8,0xd8,0x70,0x00,0x00,0x00,0x00,
 319                  0x00,0x00,0x00,0x00,0x18,0x18,0x00,0x7e,0x00,0x18,0x18,0x00,0x00,0x00,0x00,0x00,
 320                  0x00,0x00,0x00,0x00,0x00,0x76,0xdc,0x00,0x76,0xdc,0x00,0x00,0x00,0x00,0x00,0x00,
 321                  0x00,0x38,0x6c,0x6c,0x38,0x00,0x00,0x00,0x00,0x00,0x00,0x00,0x00,0x00,0x00,0x00,
 322                  0x00,0x00,0x00,0x00,0x00,0x00,0x00,0x18,0x18,0x00,0x00,0x00,0x00,0x00,0x00,0x00,        //250
 323                  0x00,0x00,0x00,0x00,0x00,0x00,0x00,0x00,0x18,0x00,0x00,0x00,0x00,0x00,0x00,0x00,
 324                  0x00,0x0f,0x0c,0x0c,0x0c,0x0c,0x0c,0xec,0x6c,0x6c,0x3c,0x1c,0x00,0x00,0x00,0x00,
 325                  0x00,0xd8,0x6c,0x6c,0x6c,0x6c,0x6c,0x00,0x00,0x00,0x00,0x00,0x00,0x00,0x00,0x00,
 326                  0x00,0x70,0xd8,0x30,0x60,0xc8,0xf8,0x00,0x00,0x00,0x00,0x00,0x00,0x00,0x00,0x00,
 327                  0x00,0x00,0x00,0x00,0x7c,0x7c,0x7c,0x7c,0x7c,0x7c,0x7c,0x00,0x00,0x00,0x00,0x00,
 328                  0x00,0x00,0x00,0x00,0x00,0x00,0x00,0x00,0x00,0x00,0x00,0x00,0x00,0x00,0x00,0x00,
 329          };
 330          
 331          
 332          uchar code Font24X32[13][96]={
 333                  0x00,0x00,0x00,0x00,0x00,0x00,0x00,0x7E,0x00,0x01,0xFF,0x80,0x03,0xFF,0xC0,0x07, //0
 334                  0xFF,0xE0,0x07,0xC3,0xE0,0x0F,0x81,0xF0,0x0F,0x81,0xF0,0x0F,0x00,0xF0,0x1F,0x00,
 335                  0xF8,0x1F,0x00,0xF8,0x1F,0x00,0xF8,0x1F,0x00,0xF8,0x1F,0x00,0xF8,0x1F,0x00,0xF8,
 336                  0x1F,0x00,0xF8,0x1F,0x00,0xF8,0x1F,0x00,0xF8,0x1F,0x00,0xF8,0x1F,0x00,0xF8,0x0F,
 337                  0x00,0xF0,0x0F,0x81,0xF0,0x0F,0x81,0xF0,0x07,0xC3,0xE0,0x07,0xFF,0xE0,0x03,0xFF,
 338                  0xC0,0x01,0xFF,0x80,0x00,0x7E,0x00,0x00,0x00,0x00,0x00,0x00,0x00,0x00,0x00,0x00,
 339          
 340                  0x00,0x00,0x00,0x00,0x00,0x00,0x00,0x03,0xC0,0x00,0x07,0xC0,0x00,0x0F,0xC0,0x00, //1
 341                  0x1F,0xC0,0x00,0x3F,0xC0,0x00,0x7F,0xC0,0x01,0xFF,0xC0,0x03,0xFF,0xC0,0x03,0xF7,
 342                  0xC0,0x03,0xC7,0xC0,0x03,0x07,0xC0,0x00,0x07,0xC0,0x00,0x07,0xC0,0x00,0x07,0xC0,
 343                  0x00,0x07,0xC0,0x00,0x07,0xC0,0x00,0x07,0xC0,0x00,0x07,0xC0,0x00,0x07,0xC0,0x00,
 344                  0x07,0xC0,0x00,0x07,0xC0,0x00,0x07,0xC0,0x00,0x07,0xC0,0x00,0x07,0xC0,0x00,0x07,
 345                  0xC0,0x00,0x07,0xC0,0x00,0x07,0xC0,0x00,0x00,0x00,0x00,0x00,0x00,0x00,0x00,0x00,
 346          
 347                  0x00,0x00,0x00,0x00,0x00,0x00,0x00,0x7F,0x00,0x01,0xFF,0xC0,0x03,0xFF,0xE0,0x07, //2
 348                  0xFF,0xF0,0x07,0xE1,0xF0,0x0F,0xE0,0xF8,0x0F,0x80,0xF8,0x0F,0x80,0xF8,0x00,0x00,
 349                  0xF8,0x00,0x00,0xF8,0x00,0x01,0xF8,0x00,0x03,0xF0,0x00,0x07,0xF0,0x00,0x0F,0xE0,
 350                  0x00,0x1F,0xC0,0x00,0x3F,0x80,0x00,0x7F,0x00,0x00,0xFE,0x00,0x01,0xFC,0x00,0x01,
 351                  0xF0,0x00,0x03,0xE0,0x00,0x07,0xE0,0x00,0x0F,0xFF,0xF8,0x0F,0xFF,0xF8,0x0F,0xFF,
 352                  0xF8,0x1F,0xFF,0xF8,0x1F,0xFF,0xF8,0x00,0x00,0x00,0x00,0x00,0x00,0x00,0x00,0x00,
 353          
 354                  0x00,0x00,0x00,0x00,0x00,0x00,0x00,0x7E,0x00,0x01,0xFF,0x80,0x03,0xFF,0xC0,0x07, //3
 355                  0xFF,0xE0,0x07,0xE3,0xF0,0x0F,0x80,0xF0,0x07,0x01,0xF0,0x00,0x01,0xF0,0x00,0x03,
 356                  0xF0,0x00,0x07,0xE0,0x00,0x1F,0xC0,0x00,0x3F,0x80,0x00,0x3F,0xC0,0x00,0x3F,0xE0,
 357                  0x00,0x03,0xF0,0x00,0x01,0xF0,0x00,0x00,0xF8,0x00,0x00,0xF8,0x00,0x00,0xF8,0x0F,
 358                  0x00,0xF8,0x1F,0x00,0xF8,0x1F,0x81,0xF0,0x0F,0xC3,0xF0,0x07,0xFF,0xE0,0x07,0xFF,
 359                  0xC0,0x01,0xFF,0x80,0x00,0x7E,0x00,0x00,0x00,0x00,0x00,0x00,0x00,0x00,0x00,0x00,
 360          
 361                  0x00,0x00,0x00,0x00,0x00,0x00,0x00,0x03,0xE0,0x00,0x03,0xE0,0x00,0x07,0xE0,0x00, //4
 362                  0x0F,0xE0,0x00,0x0F,0xE0,0x00,0x1F,0xE0,0x00,0x3F,0xE0,0x00,0x3F,0xE0,0x00,0x7F,
C51 COMPILER V7.01  FONT                                                                   12/25/2014 16:12:00 PAGE 7   

 363                  0xE0,0x00,0x7B,0xE0,0x00,0xF3,0xE0,0x01,0xF3,0xE0,0x01,0xE3,0xE0,0x03,0xE3,0xE0,
 364                  0x07,0xC3,0xE0,0x07,0x83,0xE0,0x0F,0x83,0xE0,0x1F,0x03,0xE0,0x1F,0xFF,0xFC,0x1F,
 365                  0xFF,0xFC,0x1F,0xFF,0xFC,0x1F,0xFF,0xFC,0x00,0x03,0xE0,0x00,0x03,0xE0,0x00,0x03,
 366                  0xE0,0x00,0x03,0xE0,0x00,0x03,0xE0,0x00,0x00,0x00,0x00,0x00,0x00,0x00,0x00,0x00,
 367          
 368                  0x00,0x00,0x00,0x00,0x00,0x00,0x01,0xFF,0xF0,0x01,0xFF,0xF0,0x03,0xFF,0xF0,0x03, //5
 369                  0xFF,0xF0,0x03,0xFF,0xF0,0x03,0xE0,0x00,0x03,0xE0,0x00,0x07,0xE0,0x00,0x07,0xC0,
 370                  0x00,0x07,0xDF,0x00,0x07,0xFF,0xC0,0x07,0xFF,0xE0,0x0F,0xFF,0xF0,0x0F,0xC3,0xF0,
 371                  0x07,0x81,0xF8,0x00,0x00,0xF8,0x00,0x00,0xF8,0x00,0x00,0xF8,0x00,0x00,0xF8,0x0F,
 372                  0x00,0xF8,0x1F,0x00,0xF8,0x1F,0x81,0xF0,0x0F,0xC3,0xF0,0x0F,0xFF,0xE0,0x07,0xFF,
 373                  0xC0,0x01,0xFF,0x80,0x00,0xFE,0x00,0x00,0x00,0x00,0x00,0x00,0x00,0x00,0x00,0x00,
 374          
 375                  0x00,0x00,0x00,0x00,0x00,0x00,0x00,0x3F,0x00,0x00,0xFF,0x80,0x03,0xFF,0xC0,0x07, //6
 376                  0xFF,0xE0,0x07,0xC3,0xE0,0x0F,0x81,0xF0,0x0F,0x01,0xF0,0x0F,0x00,0x00,0x1F,0x00,
 377                  0x00,0x1F,0x3F,0x00,0x1F,0xFF,0x80,0x1F,0xFF,0xE0,0x1F,0xFF,0xE0,0x1F,0xC3,0xF0,
 378                  0x1F,0x01,0xF0,0x1F,0x00,0xF8,0x1F,0x00,0xF8,0x1F,0x00,0xF8,0x1F,0x00,0xF8,0x0F,
 379                  0x00,0xF8,0x0F,0x80,0xF8,0x0F,0x81,0xF0,0x07,0xC3,0xF0,0x07,0xFF,0xE0,0x03,0xFF,
 380                  0xE0,0x01,0xFF,0x80,0x00,0x7E,0x00,0x00,0x00,0x00,0x00,0x00,0x00,0x00,0x00,0x00,
 381          
 382                  0x00,0x00,0x00,0x00,0x00,0x00,0x1F,0xFF,0xF8,0x1F,0xFF,0xF8,0x1F,0xFF,0xF8,0x1F, //7
 383                  0xFF,0xF8,0x1F,0xFF,0xF8,0x00,0x01,0xF0,0x00,0x03,0xE0,0x00,0x07,0xC0,0x00,0x07,
 384                  0xC0,0x00,0x0F,0x80,0x00,0x0F,0x00,0x00,0x1F,0x00,0x00,0x1E,0x00,0x00,0x3E,0x00,
 385                  0x00,0x3E,0x00,0x00,0x7C,0x00,0x00,0x7C,0x00,0x00,0x7C,0x00,0x00,0xF8,0x00,0x00,
 386                  0xF8,0x00,0x00,0xF8,0x00,0x00,0xF8,0x00,0x01,0xF0,0x00,0x01,0xF0,0x00,0x01,0xF0,
 387                  0x00,0x01,0xF0,0x00,0x01,0xF0,0x00,0x00,0x00,0x00,0x00,0x00,0x00,0x00,0x00,0x00,
 388          
 389                  0x00,0x00,0x00,0x00,0x00,0x00,0x00,0x7E,0x00,0x01,0xFF,0x80,0x07,0xFF,0xC0,0x07, //8
 390                  0xFF,0xE0,0x0F,0xC3,0xF0,0x0F,0x81,0xF0,0x0F,0x81,0xF0,0x0F,0x81,0xF0,0x0F,0x81,
 391                  0xF0,0x07,0xC3,0xE0,0x07,0xFF,0xC0,0x01,0xFF,0x80,0x03,0xFF,0xC0,0x07,0xFF,0xE0,
 392                  0x0F,0xC3,0xF0,0x0F,0x81,0xF0,0x1F,0x00,0xF8,0x1F,0x00,0xF8,0x1F,0x00,0xF8,0x1F,
 393                  0x00,0xF8,0x1F,0x00,0xF8,0x1F,0x81,0xF8,0x0F,0xC3,0xF0,0x0F,0xFF,0xF0,0x07,0xFF,
 394                  0xE0,0x01,0xFF,0x80,0x00,0x7E,0x00,0x00,0x00,0x00,0x00,0x00,0x00,0x00,0x00,0x00,
 395          
 396                  0x00,0x00,0x00,0x00,0x00,0x00,0x00,0x7E,0x00,0x01,0xFF,0x80,0x07,0xFF,0xC0,0x07, //9
 397                  0xFF,0xE0,0x0F,0xC3,0xE0,0x0F,0x81,0xF0,0x1F,0x01,0xF0,0x1F,0x00,0xF0,0x1F,0x00,
 398                  0xF8,0x1F,0x00,0xF8,0x1F,0x00,0xF8,0x1F,0x00,0xF8,0x0F,0x81,0xF8,0x0F,0xC3,0xF8,
 399                  0x07,0xFF,0xF8,0x07,0xFF,0xF8,0x01,0xFF,0xF8,0x00,0x7C,0xF8,0x00,0x00,0xF8,0x00,
 400                  0x00,0xF0,0x0F,0x80,0xF0,0x0F,0x81,0xF0,0x07,0xC3,0xE0,0x07,0xFF,0xE0,0x03,0xFF,
 401                  0xC0,0x01,0xFF,0x00,0x00,0xFC,0x00,0x00,0x00,0x00,0x00,0x00,0x00,0x00,0x00,0x00,
 402          
 403                  0x00,0x00,0x00,0x00,0x00,0x00,0x00,0x00,0x00,0x00,0x00,0x00,0x00,0x00,0x00,0x00, //black-10
 404                  0x00,0x00,0x00,0x00,0x00,0x00,0x00,0x00,0x00,0x00,0x00,0x00,0x00,0x00,0x00,0x00,
 405                  0x00,0x00,0x00,0x00,0x00,0x00,0x00,0x00,0x00,0x00,0x00,0x00,0x00,0x00,0x00,0x00,
 406                  0x00,0x00,0x00,0x00,0x00,0x00,0x00,0x00,0x00,0x00,0x00,0x00,0x00,0x00,0x00,0x00,
 407                  0x00,0x00,0x00,0x00,0x00,0x00,0x00,0x00,0x00,0x00,0x00,0x00,0x00,0x00,0x00,0x00,
 408                  0x00,0x00,0x00,0x00,0x00,0x00,0x00,0x00,0x00,0x00,0x00,0x00,0x00,0x00,0x00,0x00,
 409          
 410                  0x00,0x00,0x00,0x00,0x00,0x00,0x00,0x00,0x00,0x00,0x00,0x00,0x00,0x00,0x00,0x00, //flash-11
 411                  0x00,0x00,0x00,0x00,0x00,0x00,0x00,0x00,0x00,0x00,0x00,0x00,0x00,0x00,0x00,0x00,
 412                  0x00,0x00,0x00,0x00,0x00,0x00,0x00,0x3F,0xFF,0xFC,0x3F,0xFF,0xFC,0x3F,0xFF,0xFC,
 413                  0x00,0x00,0x00,0x00,0x00,0x00,0x00,0x00,0x00,0x00,0x00,0x00,0x00,0x00,0x00,0x00,
 414                  0x00,0x00,0x00,0x00,0x00,0x00,0x00,0x00,0x00,0x00,0x00,0x00,0x00,0x00,0x00,0x00,
 415                  0x00,0x00,0x00,0x00,0x00,0x00,0x00,0x00,0x00,0x00,0x00,0x00,0x00,0x00,0x00,0x00,
 416          
 417          
 418              0x00,0x00,0x00,0x00,0x00,0x00,0x00,0x00,0x00,0x00,0x00,0x00,0x00,0x00,0x00,0x00,
 419                  0x00,0x00,0x00,0x00,0x00,0x00,0x00,0x00,0x00,0x00,0x00,0x00,0x00,0x00,0x00,0x00,
 420                  0x00,0x00,0x00,0x00,0x00,0x00,0x00,0x00,0x00,0x00,0x00,0x00,0x00,0x07,0xFF,0xE0,
 421                  0x07,0xFF,0xE0,0x07,0xFF,0xE0,0x00,0x00,0x00,0x00,0x00,0x00,0x00,0x00,0x00,0x00,
 422                  0x00,0x00,0x00,0x00,0x00,0x00,0x00,0x00,0x00,0x00,0x00,0x00,0x00,0x00,0x00,0x00,
 423                  0x00,0x00,0x00,0x00,0x00,0x00,0x00,0x00,0x00,0x00,0x00,0x00,0x00,0x00,0x00,0x00,//"-",12 
 424          };
C51 COMPILER V7.01  FONT                                                                   12/25/2014 16:12:00 PAGE 8   

 425          
 426          uchar code font6x8[][8] = 
 427          { 
 428                  {0x00,0x00,0x00,0x00,0x00,0x00,0x00,0x00},  // 
 429                  {0xC0,0xD8,0x24,0x20,0x20,0x24,0x18,0x00},  //!
 430                  {0x14,0x14,0x14,0x00,0x00,0x00,0x00,0x00},  //"
 431                  {0x14,0x14,0x3E,0x14,0x3E,0x14,0x14,0x00},  //#
 432                  {0x18,0x24,0x24,0x38,0x20,0x20,0x20,0x10},  //$ small p
 433                  {0x40,0xC0,0x41,0x42,0x44,0x48,0xE0,0x00},  //% -1/
 434                  {0x18,0x24,0x28,0x10,0x2A,0x24,0x1A,0x00},  //&
 435                  {0x18,0x08,0x10,0x00,0x00,0x00,0x00,0x00},  //'
 436                  {0x00,0x01,0x02,0x02,0x02,0x02,0x02,0x01},  //( -move to right
 437                  {0x00,0x80,0x40,0x40,0x40,0x40,0x40,0x80},  //) -move to left
 438                  {0x00,0x00,0x18,0x3C,0x3C,0x18,0x00,0x00},  //*
 439          
 440                  {0x00,0x08,0x08,0x3E,0x08,0x08,0x00,0x00},  //+
 441                  {0x00,0x00,0x00,0x00,0x00,0x0C,0x04,0x08},  //,
 442                  {0x00,0x00,0x00,0x3E,0x00,0x00,0x00,0x00},  //-
 443                  {0x00,0x00,0x00,0x00,0x00,0x18,0x18,0x00},  //.
 444                  {0x00,0x02,0x04,0x08,0x10,0x20,0x00,0x00},  ///
 445                  {0x1C,0x22,0x26,0x2A,0x32,0x22,0x1C,0x00},  //0
 446                  {0x08,0x18,0x08,0x08,0x08,0x08,0x1C,0x00},  //1
 447                  {0x1C,0x22,0x02,0x04,0x08,0x10,0x3E,0x00},  //2
 448                  {0x3E,0x04,0x08,0x04,0x02,0x22,0x1C,0x00},  //3
 449                  {0x04,0x0C,0x14,0x24,0x3E,0x04,0x04,0x00},  //4
 450                  {0x3E,0x20,0x3C,0x02,0x02,0x22,0x1C,0x00},  //5
 451                  {0x0C,0x10,0x20,0x3C,0x22,0x22,0x1C,0x00},  //6
 452                  {0x3E,0x02,0x04,0x08,0x10,0x10,0x10,0x00},  //7
 453                  {0x1C,0x22,0x22,0x1C,0x22,0x22,0x1C,0x00},  //8
 454                  {0x1C,0x22,0x22,0x1E,0x02,0x04,0x18,0x00},  //9
 455                  {0x00,0x18,0x18,0x00,0x18,0x18,0x00,0x00},  //:
 456                  {0x00,0x18,0x18,0x00,0x18,0x08,0x10,0x00},  //;
 457                  {0x04,0x08,0x10,0x20,0x10,0x08,0x04,0x00},  //<
 458                  {0x00,0x00,0x3E,0x00,0x3E,0x00,0x00,0x00},  //=
 459                  {0x10,0x08,0x04,0x02,0x04,0x08,0x10,0x00},  //>
 460                  {0x1C,0x22,0x02,0x04,0x08,0x00,0x08,0x00},  //?
 461                  {0x3F,0x20,0x2E,0x22,0x2E,0xA8,0x6E,0x00},  //@ -sqrt 2
 462                  {0x08,0x14,0x22,0x22,0x3E,0x22,0x22,0x00},  //A
 463                  {0x3C,0x22,0x22,0x3C,0x22,0x22,0x3C,0x00},  //B
 464                  {0x1C,0x22,0x20,0x20,0x20,0x22,0x1C,0x00},  //C
 465                  {0x38,0x24,0x22,0x22,0x22,0x24,0x38,0x00},  //D
 466                  {0x3E,0x20,0x20,0x3C,0x20,0x20,0x3E,0x00},  //E
 467                  {0x3E,0x20,0x20,0x3C,0x20,0x20,0x20,0x00},  //F
 468                  {0x1C,0x22,0x20,0x2E,0x22,0x22,0x1E,0x00},  //G
 469                  {0x22,0x22,0x22,0x3E,0x22,0x22,0x22,0x00},  //H
 470                  {0x1C,0x08,0x08,0x08,0x08,0x08,0x1C,0x00},  //I
 471                  {0x0E,0x04,0x04,0x04,0x04,0x24,0x18,0x00},  //J
 472                  {0x22,0x24,0x28,0x30,0x28,0x24,0x22,0x00},  //K
 473                  {0x20,0x20,0x20,0x20,0x20,0x20,0x3E,0x00},  //L
 474                  {0x22,0x36,0x2A,0x2A,0x22,0x22,0x22,0x00},  //M
 475                  {0x22,0x22,0x32,0x2A,0x26,0x22,0x22,0x00},  //N
 476                  {0x1C,0x22,0x22,0x22,0x22,0x22,0x1C,0x00},  //O
 477                  {0x3C,0x22,0x22,0x3C,0x20,0x20,0x20,0x00},  //P
 478                  {0x1C,0x22,0x22,0x22,0x2A,0x24,0x1A,0x00},  //Q
 479                  {0x3C,0x22,0x22,0x3C,0x28,0x24,0x22,0x00},  //R
 480                  {0x1E,0x20,0x20,0x1C,0x02,0x02,0x3C,0x00},  //S
 481                  {0x3E,0x08,0x08,0x08,0x08,0x08,0x08,0x00},  //T
 482                  {0x22,0x22,0x22,0x22,0x22,0x22,0x1C,0x00},  //U
 483                  {0x22,0x22,0x22,0x22,0x22,0x14,0x08,0x00},  //V
 484                  {0x22,0x22,0x22,0x2A,0x2A,0x2A,0x14,0x00},  //W
 485                  {0x22,0x22,0x14,0x08,0x14,0x22,0x22,0x00},  //X
 486                  {0x22,0x22,0x22,0x14,0x08,0x08,0x08,0x00},  //Y
C51 COMPILER V7.01  FONT                                                                   12/25/2014 16:12:00 PAGE 9   

 487                  {0x3E,0x02,0x04,0x08,0x10,0x20,0x3E,0x00},  //Z
 488                  {0xC0,0xD8,0x24,0x20,0x20,0x24,0x18,0x00},  //[ -degree
 489                  {0x2A,0x14,0x2A,0x14,0x2A,0x14,0x2A,0x00},  //\*/
 490                  {0x1C,0x04,0x04,0x04,0x04,0x04,0x1C,0x00},  //]
 491                  {0x00,0x40,0xE4,0x48,0x10,0x20,0x0E,0x00},  //^
 492          
 493                  {0x00,0x00,0x00,0x00,0x00,0x00,0x3E,0x00},  //_
 494                  {0x10,0x08,0x04,0x00,0x00,0x00,0x00,0x00},  //`
 495                  {0x00,0x00,0x1C,0x02,0x1E,0x22,0x1E,0x00},  //a
 496                  {0x20,0x20,0x2C,0x32,0x22,0x22,0x3C,0x00},  //b
 497                  {0x00,0x00,0x1C,0x20,0x20,0x22,0x1C,0x00},  //c
 498                  {0x02,0x02,0x1A,0x26,0x22,0x22,0x1E,0x00},  //d
 499                  {0x00,0x00,0x1C,0x22,0x3E,0x20,0x1C,0x00},  //e
 500                  {0x0C,0x12,0x10,0x38,0x10,0x10,0x10,0x00},  //f
 501                  {0x00,0x00,0x1E,0x22,0x22,0x1E,0x02,0x1C},  //g
 502                  {0x20,0x20,0x2C,0x32,0x22,0x22,0x22,0x00},  //h
 503                  {0x08,0x00,0x18,0x08,0x08,0x08,0x1C,0x00},  //i
 504                  {0x04,0x00,0x0C,0x04,0x04,0x04,0x24,0x18},  //j
 505                  {0x20,0x20,0x24,0x28,0x30,0x28,0x24,0x00},  //k
 506                  {0x18,0x08,0x08,0x08,0x08,0x08,0x1C,0x00},  //l
 507                  {0x00,0x00,0x34,0x2A,0x2A,0x22,0x22,0x00},  //m
 508                  {0x00,0x00,0x2C,0x32,0x22,0x22,0x22,0x00},  //n
 509                  {0x00,0x00,0x1C,0x22,0x22,0x22,0x1C,0x00},  //o
 510                  {0x00,0x00,0x3C,0x22,0x22,0x3C,0x20,0x20},  //p
 511                  {0x00,0x00,0x1A,0x26,0x26,0x1A,0x02,0x02},  //q
 512                  {0x00,0x00,0x2C,0x32,0x20,0x20,0x20,0x00},  //r
 513                  {0x00,0x00,0x1C,0x20,0x1C,0x02,0x3C,0x00},  //s
 514                  {0x10,0x10,0x38,0x10,0x10,0x12,0x0C,0x00},  //t
 515                  {0x00,0x00,0x22,0x22,0x22,0x26,0x1A,0x00},  //u
 516                  {0x00,0x00,0x22,0x22,0x22,0x14,0x08,0x00},  //v
 517                  {0x00,0x00,0x22,0x22,0x2A,0x2A,0x14,0x00},  //w
 518                  {0x00,0x00,0x22,0x14,0x08,0x14,0x22,0x00},  //x
 519                  {0x00,0x00,0x22,0x22,0x22,0x1E,0x02,0x1C},  //y
 520                  {0x00,0x00,0x3E,0x04,0x08,0x10,0x3E,0x00},  //z
 521                  {0x00,0x00,0x7E,0x00,0x7E,0x00,0x00,0x00},  //-
 522          };      


MODULE INFORMATION:   STATIC OVERLAYABLE
   CODE SIZE        =   ----    ----
   CONSTANT SIZE    =   6652    ----
   XDATA SIZE       =   ----    ----
   PDATA SIZE       =   ----    ----
   DATA SIZE        =   ----    ----
   IDATA SIZE       =   ----    ----
   BIT SIZE         =   ----    ----
END OF MODULE INFORMATION.


C51 COMPILATION COMPLETE.  0 WARNING(S),  0 ERROR(S)
