C51 COMPILER V7.01  MAIN                                                                   12/30/2014 14:57:00 PAGE 1   


C51 COMPILER V7.01, COMPILATION OF MODULE MAIN
OBJECT MODULE PLACED IN main.OBJ
COMPILER INVOKED BY: C:\GreenTools\Keil\C51\BIN\C51.EXE main.c LARGE OPTIMIZE(SIZE) BROWSE DEBUG OBJECTEXTEND

stmt level    source

   1          /*
   2          */
   3          #include "stc51.h"
   4          #include "utili.h"
   5          #include "lcd.h"
   6          #include "key.h"
   7          #include "window.h"
   8          #include "math.h"
   9          #include "font.h"
  10          uchar key;
  11          sbit sktt = P3^7;
  12          sbit srs1 = P3^5;
  13          sbit srs2 = P3^4;
  14          void analog_timer()     interrupt 1
  15          {
  16   1              Key_Scan();
  17   1      }
  18          void sleepms(unsigned int i)
  19          {
  20   1              while(i-- > 0)
  21   1                      ;
  22   1                      
  23   1      }
  24          void initiate_timer(void)
  25          {
  26   1         //set serial port parameter (clock 11.0592M)
  27   1         //9600 baut rate 8 data non parity and 1 stop.
  28   1         SCON = 0x70;
  29   1         PCON = 0x80;//0x00 = 9600, 80 = 57600;
  30   1      
  31   1         //use timer 1 to be serial
  32   1         //timer count
  33   1         TH1 = 0xFF;//0xfD = 9600,0xff = 57600;
  34   1      
  35   1         //use timer 0 to be heart beat
  36   1         TH0 = -4608/256;   // 4608 , 4608/(11.0592M/12) = 0.005s = 5ms
  37   1         TL0 = -4608%256;
  38   1      
  39   1      
  40   1         TMOD = 0x21;
  41   1         TR1 = 1;
  42   1      
  43   1         ET0=1;
  44   1         EA=1;
  45   1         TR0 = 1;
  46   1      }
  47          
  48          /*
  49                  Command protocal related definition
  50           */
  51          #define SPIDLE  0
  52          #define SPBUSY  1
  53          uchar   spSFlag=SPIDLE;
  54          #define write(A)        SBUF=A; while(spSFlag==SPBUSY);
  55          
C51 COMPILER V7.01  MAIN                                                                   12/30/2014 14:57:00 PAGE 2   

  56          #define LOOP_BUF_MAX    80
  57          uchar   inbuf[LOOP_BUF_MAX];
  58          uchar   inwrite_pos = 0;  //pointer for storing SBUF
  59          uchar   in_leds = KEY_INVALID;
  60          
  61          #define MARK_HEAD        0xAA
  62          #define MARK_TAIL        0x55
  63          #define MARK_IDLE        0x66
  64          
  65          #define STATUS_IDLE      0xF0
  66          #define STATUS_ERR       0xF1
  67          #define STATUS_DRAW      0xF2
  68          #define STATUS_DONE      0xF3
  69                 
  70          #define CMDO_DISPLAYBTN  0x02
  71          #define CMDO_LCD_INIT    0x03
  72          #define CMDO_LCD_CLS     0x04
  73          #define CMDO_LCD_REVERSE 0x05
  74          #define CMDO_LCD_CLSBLK  0x06
  75          #define CMDO_LCD_RECT    0x07
  76          #define CMDO_LCD_HZ12    0x08
  77          #define CMDO_LCD_HZ16    0x09
  78          #define CMDO_LCD_68      0x10
  79          #define CMDO_LCD_816     0x11
  80          #define CMDO_TOIDLE      0x12
  81          #define CMDO_LCD_2432    0x13
  82          
  83          uchar   state = STATUS_IDLE;
  84          uchar   lastc;
  85          void SerialHandler(void) interrupt 4 using 2
  86          {
  87   1              if(TI)  //just handle serial interrupt 1
  88   1              {
  89   2                      TI = 0;
  90   2                      spSFlag = SPIDLE;
  91   2              }
  92   1              if(RI)
  93   1              {
  94   2                      lastc = SBUF;
  95   2                      if(lastc == MARK_HEAD)
  96   2                      {
  97   3                              inwrite_pos = 0;
  98   3                              state = STATUS_IDLE;
  99   3                      }else{
 100   3                              if(lastc == MARK_TAIL)
 101   3                              {
 102   4                                      if(state == STATUS_IDLE)
 103   4                                      {
 104   5                                              state = STATUS_DRAW;
 105   5                                      }
 106   4                              }else{
 107   4                                      if(inwrite_pos < LOOP_BUF_MAX)
 108   4                                              inbuf[inwrite_pos++] = lastc;
 109   4                              }
 110   3                      }
 111   2                      RI = 0;
 112   2              }
 113   1      }
 114          unsigned long timeout;
 115          void parse_cmd()
 116          {
 117   1              uchar len;
C51 COMPILER V7.01  MAIN                                                                   12/30/2014 14:57:00 PAGE 3   

 118   1              uchar i;
 119   1              uchar sum;
 120   1              uchar l,h;
 121   1      
 122   1              if(state == STATUS_DRAW)        //completion of a command
 123   1              {
 124   2                      write(STATUS_DRAW);
 125   2                      len = inwrite_pos;
 126   2                      sum = 0;
 127   2                      for(i=0;i<(len);i = i+2)
 128   2                      {
 129   3                              if(inbuf[i] <= '9')
 130   3                                      h = inbuf[i] - '0';
 131   3                              else
 132   3                                      h = inbuf[i] - 'A' + 0x0A;                      
 133   3      
 134   3                              if(inbuf[i+1] <= '9')
 135   3                                      l = inbuf[i+1] - '0';
 136   3                              else
 137   3                                      l = inbuf[i+1] - 'A' + 0x0A;                    
 138   3      
 139   3                              inbuf[i>>1] = ((h<<4) | l);
 140   3                              sum = sum + inbuf[i>>1];
 141   3                      }
 142   2                      if(sum != 0xff) //check sum failure
 143   2                      {
 144   3                              state = STATUS_ERR;
 145   3                              write(STATUS_ERR);
 146   3                              return;
 147   3                      }
 148   2      
 149   2                      switch(inbuf[0])
 150   2                      {
 151   3                      case CMDO_TOIDLE:
 152   3                              state = STATUS_IDLE;
 153   3                              write(STATUS_IDLE);
 154   3                              return;
 155   3                      case CMDO_DISPLAYBTN:
 156   3                              in_leds = inbuf[1];
 157   3                              break;
 158   3                      case CMDO_LCD_INIT:
 159   3                              LCD_Init();
 160   3                              break;
 161   3                      case CMDO_LCD_CLS:
 162   3                              LCD_Cls();
 163   3                              break;
 164   3                      case CMDO_LCD_REVERSE:
 165   3                              LCD_ReverseRect(inbuf[1],inbuf[2],inbuf[3],inbuf[4]);
 166   3                              break;
 167   3                      case CMDO_LCD_CLSBLK:
 168   3                              LCD_ClsBlock(inbuf[1],inbuf[2],inbuf[3],inbuf[4]);
 169   3                              break;
 170   3                      case CMDO_LCD_RECT:
 171   3                              LCD_Rectange(inbuf[1],inbuf[2],inbuf[3],inbuf[4]);
 172   3                              break;
 173   3                      case CMDO_LCD_HZ12:
 174   3                              LCD_PrintHz12(inbuf[1],inbuf[2],inbuf+4);
 175   3                              break;
 176   3                      case CMDO_LCD_HZ16:
 177   3                              LCD_PrintHz16(inbuf[1],inbuf[2],inbuf+4);
 178   3                              break;
 179   3                      case CMDO_LCD_68:
C51 COMPILER V7.01  MAIN                                                                   12/30/2014 14:57:00 PAGE 4   

 180   3                              LCD_Print6X8(inbuf[1],inbuf[2],inbuf+4);
 181   3                              break;
 182   3                      case CMDO_LCD_816:
 183   3                              LCD_Print8X16(inbuf[1],inbuf[2],inbuf+4);
 184   3                              break;
 185   3                      case CMDO_LCD_2432:
 186   3                              LCD_Print24X32(inbuf[1],inbuf[2],inbuf+4);
 187   3                              break;
 188   3                      default:
 189   3                              break;
 190   3                      }
 191   2                      state = STATUS_IDLE;
 192   2                      write(STATUS_IDLE);
 193   2                      timeout = 0;
 194   2                      return;
 195   2              }
 196   1      }
 197          void main()
 198          {
 199   1      
 200   1               IE = 0;//close int
 201   1               /* Initiate timer */
 202   1               initiate_timer();
 203   1      
 204   1               Key_Init();
 205   1      
 206   1               inwrite_pos = 0;
 207   1               state = STATUS_IDLE;
 208   1               IE = 0x92;//enable serial int and timer0 interrupt
 209   1      
 210   1               key = KEY_INVALID;
 211   1               timeout = 0;
 212   1              
 213   1               display_buttons(KEY_BTN1,1);    
 214   1               display_buttons(KEY_BTN2,1);    
 215   1               display_buttons(KEY_BTN3,1);    
 216   1               display_buttons(KEY_BTN4,1);    
 217   1               while(1)
 218   1               {
 219   2                      parse_cmd();
 220   2      
 221   2                      if(timeout++ > 20000)
 222   2                      {
 223   3                              write(state);
 224   3                              timeout = 0;
 225   3                      }
 226   2                      if(key != KEY_INVALID)
 227   2                      {
 228   3                              write(key);
 229   3                              key = KEY_INVALID;
 230   3                      }
 231   2                      if(in_leds != KEY_INVALID)
 232   2                      {
 233   3                              if(in_leds == KEY_BTN1)
 234   3                                      display_buttons(KEY_BTN1,1);
 235   3                              if(in_leds == KEY_BTN2)
 236   3                                      display_buttons(KEY_BTN2,1);
 237   3                              if(in_leds == KEY_BTN3)
 238   3                                      display_buttons(KEY_BTN3,1);
 239   3                              if(in_leds == KEY_BTN4)
 240   3                                      display_buttons(KEY_BTN4,1);
 241   3      
C51 COMPILER V7.01  MAIN                                                                   12/30/2014 14:57:00 PAGE 5   

 242   3                              if(in_leds == KEY_KTT)//PKTT
 243   3                              {
 244   4                                      sktt = 1;                               
 245   4                              }
 246   3                              if(in_leds == CLR_KTT)//NKTT
 247   3                              {
 248   4                                      sktt = 0;
 249   4                              }
 250   3                              if(in_leds == KEY_RS)//RS
 251   3                              {
 252   4                                      srs1 = 0;
 253   4                                      srs2 = 0;
 254   4                                      srs1 = 1;
 255   4                                      sleepms(10000);
 256   4                                      srs1 = 0;
 257   4                              }
 258   3                              if(in_leds == CLR_RS)//RX
 259   3                              {
 260   4                                      srs1 = 0;
 261   4                                      srs2 = 0;
 262   4                                      srs2 = 1;
 263   4                                      sleepms(10000);
 264   4                                      srs2 = 0;
 265   4                              }
 266   3                                                      
 267   3                              if(in_leds == CLR_BTN1)
 268   3                                      display_buttons(KEY_BTN1,0);
 269   3                              if(in_leds == CLR_BTN2)
 270   3                                      display_buttons(KEY_BTN2,0);
 271   3                              if(in_leds == CLR_BTN3)
 272   3                                      display_buttons(KEY_BTN3,0);
 273   3                              if(in_leds == CLR_BTN4)
 274   3                                      display_buttons(KEY_BTN4,0);
 275   3      
 276   3                              in_leds = KEY_INVALID;
 277   3                      }
 278   2              }       
 279   1      }
 280          
 281          
 282          
 283          


MODULE INFORMATION:   STATIC OVERLAYABLE
   CODE SIZE        =    998    ----
   CONSTANT SIZE    =   ----    ----
   XDATA SIZE       =     90       2
   PDATA SIZE       =   ----    ----
   DATA SIZE        =   ----    ----
   IDATA SIZE       =   ----    ----
   BIT SIZE         =   ----    ----
END OF MODULE INFORMATION.


C51 COMPILATION COMPLETE.  0 WARNING(S),  0 ERROR(S)
