C51 COMPILER V7.01  FONT                                                                   08/22/2009 16:21:18 PAGE 1   


C51 COMPILER V7.01, COMPILATION OF MODULE FONT
OBJECT MODULE PLACED IN font.OBJ
COMPILER INVOKED BY: c:\GreenTools\Keil\C51\BIN\C51.EXE font.c LARGE BROWSE DEBUG OBJECTEXTEND

stmt level    source

   1          #include "font.h"
   2          
   3          FNT_GB12 code HZK12[] = 
   4          {
   5          //结束标志,以下数据不要动!
   6          0x00,0x00,
   7                  0x00,0x00,0x00,0x00,0x00,0x00,0x00,0x00,0x00,0x00,0x00,0x00,
   8                  0x00,0x00,0x00,0x00,0x00,0x00,0x00,0x00,0x00,0x00,0x00,0x00,
   9          };
  10                  
  11          
  12          //将头移至左侧或右启位置工作已经正在中是否确内容会被新请选择要的形式出继续
  13          FNT_GB16 code HZK16[] = 
  14          {
  15          "导",
  16          0x00,0x00,0x1F,0xF0,0x10,0x10,0x1F,0xF0,0x10,0x04,0x10,0x04,0x0F,0xFC,0x00,0x20,
  17          0x00,0x20,0xFF,0xFE,0x08,0x20,0x04,0x20,0x06,0x20,0x04,0x20,0x00,0xA0,0x00,0x40,/*"导",0*/
  18          "长",
  19          0x08,0x00,0x08,0x10,0x08,0x20,0x08,0x40,0x09,0x80,0x0E,0x00,0x08,0x00,0xFF,0xFE,
  20          0x0A,0x00,0x09,0x00,0x08,0x80,0x08,0x40,0x09,0x30,0x0A,0x1C,0x0C,0x08,0x08,0x00,/*"长",1*/
  21          "方",
  22          0x02,0x00,0x01,0x00,0x00,0x80,0xFF,0xFE,0x02,0x00,0x02,0x00,0x03,0xF0,0x02,0x10,
  23          0x04,0x10,0x04,0x10,0x08,0x10,0x08,0x10,0x10,0x10,0x20,0x90,0xC0,0x60,0x00,0x00,/*"方",2*/
  24          "截",
  25          0x08,0x20,0x08,0x20,0x7F,0xA8,0x08,0x24,0xFF,0xFE,0x28,0x20,0x24,0x20,0x7F,0xA8,
  26          0x64,0x2C,0xBF,0x18,0x24,0x10,0x3F,0x10,0x24,0x38,0x24,0x4A,0x3F,0x86,0x20,0x02,/*"截",3*/
  27          "面",
  28          0x00,0x00,0x7F,0xFE,0x02,0x00,0x04,0x00,0x3F,0xFC,0x24,0x44,0x24,0x44,0x27,0xC4,
  29          0x24,0x44,0x24,0x44,0x27,0xC4,0x24,0x44,0x24,0x44,0x3F,0xFC,0x20,0x04,0x00,0x00,/*"面",4*/
  30          "宽",
  31          0x02,0x00,0x01,0x00,0x7F,0xFE,0x44,0x44,0xBF,0xF8,0x04,0x40,0x00,0x00,0x1F,0xF0,
  32          0x11,0x10,0x11,0x10,0x11,0x10,0x12,0x90,0x02,0x84,0x04,0x84,0x18,0x7C,0x60,0x00,/*"宽",5*/
  33          "高",
  34          0x02,0x00,0x01,0x00,0xFF,0xFE,0x00,0x00,0x0F,0xE0,0x08,0x20,0x0F,0xE0,0x00,0x00,
  35          0x7F,0xFC,0x40,0x04,0x4F,0xE4,0x48,0x24,0x48,0x24,0x4F,0xE4,0x40,0x14,0x40,0x08,/*"高",6*/
  36          "圆",
  37          0x7F,0xFC,0x40,0x04,0x4F,0xE4,0x48,0x24,0x4F,0xE4,0x40,0x04,0x4F,0xE4,0x48,0x24,
  38          0x49,0x24,0x49,0x24,0x49,0x24,0x42,0x84,0x44,0x44,0x48,0x24,0x7F,0xFC,0x40,0x04,/*"圆",7*/
  39          "半",
  40          0x01,0x00,0x21,0x10,0x19,0x18,0x0D,0x20,0x09,0x40,0x01,0x08,0x3F,0xFC,0x01,0x00,
  41          0x01,0x00,0x01,0x04,0x7F,0xFE,0x01,0x00,0x01,0x00,0x01,0x00,0x01,0x00,0x01,0x00,/*"半",8*/
  42          "径",
  43          0x10,0x00,0x1B,0xF8,0x20,0x10,0x40,0x20,0x90,0x40,0x18,0xB0,0x33,0x0C,0x6C,0x06,
  44          0xA7,0xFC,0x20,0x40,0x20,0x40,0x20,0x40,0x20,0x40,0x20,0x40,0x2F,0xFE,0x20,0x00,/*"径",9*/
  45          "不",
  46          0x00,0x04,0x7F,0xFE,0x01,0x80,0x01,0x00,0x01,0x00,0x01,0x00,0x03,0x60,0x05,0x30,
  47          0x09,0x18,0x11,0x0C,0x21,0x08,0x41,0x00,0x01,0x00,0x01,0x00,0x01,0x00,0x00,0x00,/*"不",10*/
  48          "计",
  49          0x40,0x20,0x20,0x20,0x30,0x20,0x20,0x20,0x00,0x20,0xF3,0xFE,0x10,0x20,0x10,0x20,
  50          0x10,0x20,0x10,0x20,0x10,0x20,0x12,0x20,0x14,0x20,0x18,0x20,0x10,0x20,0x00,0x20,/*"计",11*/
  51          "算",
  52          0x40,0x40,0x7E,0x7E,0x48,0x90,0xBF,0xF8,0x20,0x10,0x3F,0xF0,0x20,0x10,0x3F,0xF0,
  53          0x20,0x10,0x3F,0xF0,0x08,0x40,0xFF,0xFE,0x08,0x40,0x10,0x40,0x10,0x40,0x20,0x40,/*"算",12*/
  54          "手",
  55                  0x00,0x10,0x00,0xF8,0x7F,0x00,0x01,0x00,0x01,0x10,0x3F,0xF8,0x01,0x00,0x01,0x00,
C51 COMPILER V7.01  FONT                                                                   08/22/2009 16:21:18 PAGE 2   

  56                  0x01,0x04,0xFF,0xFE,0x01,0x00,0x01,0x00,0x01,0x00,0x01,0x00,0x05,0x00,0x02,0x00,
  57          "试",
  58                  0x00,0x20,0x40,0x28,0x20,0x24,0x20,0x20,0x0F,0xFE,0x00,0x20,0xE0,0x20,0x27,0xE0,
  59                  0x21,0x20,0x21,0x10,0x21,0x10,0x21,0x10,0x29,0xD2,0x37,0x12,0x22,0x0A,0x00,0x04,
  60          "值",
  61                  0x08,0x40,0x08,0x48,0x0F,0xFC,0x10,0x40,0x10,0x48,0x33,0xFC,0x52,0x08,0x93,0xF8,
  62                  0x12,0x08,0x13,0xF8,0x12,0x08,0x13,0xF8,0x12,0x08,0x12,0x08,0x1F,0xFE,0x10,0x00,
  63                          
  64          "欢",
  65              0x00,0x80,0x00,0x80,0xFC,0x80,0x05,0xFE,0x85,0x04,0x4A,0x48,0x28,0x40,0x10,0x40,
  66              0x18,0x40,0x18,0x60,0x24,0xA0,0x24,0x90,0x41,0x18,0x86,0x0E,0x38,0x04,0x00,0x00,
  67          "迎",
  68                  0x40,0x00,0x21,0x80,0x36,0x7C,0x24,0x44,0x04,0x44,0x04,0x44,0xE4,0x44,0x24,0x44,
  69              0x25,0x44,0x26,0x54,0x24,0x48,0x20,0x40,0x20,0x40,0x50,0x00,0x8F,0xFE,0x00,0x00,
  70          "精",
  71          0x10,0x20,0x11,0xFE,0x94,0x20,0x54,0xFC,0x58,0x20,0xFD,0xFE,0x30,0x00,0x38,0xFC,
  72          0x54,0x84,0x52,0xFC,0x50,0x84,0x90,0xFC,0x10,0x84,0x10,0x84,0x10,0x94,0x10,0x88,/*"精",0*/
  73          "说",
  74          0x42,0x08,0x21,0x88,0x31,0x10,0x23,0xF8,0x02,0x08,0xE2,0x08,0x22,0x08,0x23,0xF8,
  75          0x22,0xA8,0x20,0xA0,0x20,0xA0,0x29,0x20,0x31,0x22,0x22,0x22,0x04,0x1E,0x08,0x00,/*"说",1*/
  76          "明",
  77          0x00,0xFC,0x7C,0x84,0x44,0x84,0x44,0x84,0x44,0xFC,0x7C,0x84,0x44,0x84,0x44,0x84,
  78          0x44,0xFC,0x7C,0x84,0x00,0x84,0x01,0x04,0x01,0x04,0x02,0x04,0x04,0x14,0x00,0x08,/*"明",2*/
  79          "置",
  80          0x3F,0xF8,0x24,0x48,0x24,0x48,0x3F,0xF8,0x01,0x00,0x7F,0xFC,0x02,0x00,0x1F,0xF0,
  81          0x10,0x10,0x1F,0xF0,0x10,0x10,0x1F,0xF0,0x10,0x10,0x1F,0xF0,0x10,0x10,0xFF,0xFE,/*"置",0*/
  82          "联",
  83          0x01,0x08,0xFE,0x8C,0x44,0x48,0x44,0x50,0x7F,0xFE,0x44,0x20,0x44,0x20,0x7C,0x20,
  84          0x47,0xFE,0x44,0x20,0x4E,0x20,0xF4,0x20,0x44,0x50,0x04,0x48,0x04,0x86,0x05,0x04,/*"联",1*/
  85          "系",
  86          0x00,0x7C,0x3F,0x80,0x02,0x20,0x04,0x20,0x08,0x40,0x1F,0x80,0x03,0x20,0x0C,0x10,
  87          0x3F,0xF8,0x10,0x8C,0x04,0xA0,0x08,0x90,0x10,0x88,0x20,0x84,0x42,0x84,0x01,0x00,/*"系",2*/
  88          "地",
  89          0x00,0x20,0x11,0x20,0x11,0x20,0x11,0x24,0xFD,0x3E,0x11,0xE4,0x17,0x24,0x11,0x24,
  90          0x11,0x24,0x11,0x34,0x11,0x28,0x1D,0x20,0x31,0x02,0xC1,0x02,0x00,0xFE,0x00,0x00,/*"地",3*/
  91          "址",
  92          0x00,0x20,0x10,0x20,0x10,0x20,0x10,0x20,0x10,0x20,0xFD,0x20,0x11,0x3C,0x11,0x20,
  93          0x11,0x20,0x11,0x20,0x11,0x20,0x1D,0x20,0xF1,0x24,0x47,0xFE,0x00,0x00,0x00,0x00,/*"址",4*/
  94          "产",
  95          0x01,0x00,0x00,0x80,0x7F,0xFE,0x08,0x10,0x06,0x20,0x24,0x44,0x3F,0xFE,0x20,0x00,
  96          0x20,0x00,0x20,0x00,0x20,0x00,0x20,0x00,0x40,0x00,0x40,0x00,0x80,0x00,0x00,0x00,/*"产",0*/
  97          "品",
  98          0x00,0x00,0x0F,0xF0,0x08,0x10,0x08,0x10,0x08,0x10,0x0F,0xF0,0x08,0x10,0x00,0x00,
  99          0x7E,0xFC,0x42,0x84,0x42,0x84,0x42,0x84,0x42,0x84,0x7E,0xFC,0x42,0x84,0x00,0x00,/*"品",1*/
 100          "描",
 101          0x10,0x88,0x10,0x88,0x10,0x88,0xFB,0xFE,0x10,0x88,0x14,0x88,0x18,0x00,0x13,0xFE,
 102          0x32,0x22,0xD2,0x22,0x13,0xFE,0x12,0x22,0x12,0x22,0x13,0xFE,0x52,0x02,0x20,0x00,/*"描",2*/
 103          "述",
 104          0x40,0x40,0x20,0x50,0x30,0x48,0x20,0x40,0x07,0xFC,0x00,0xC0,0xE1,0x60,0x21,0x50,
 105          0x22,0x48,0x24,0x44,0x28,0x44,0x20,0x40,0x20,0x40,0x58,0x00,0x87,0xFE,0x00,0x00,/*"述",3*/      
 106          "使",
 107                  0x10,0x40,0x10,0x44,0x1F,0xFE,0x20,0x40,0x27,0xFC,0x64,0x44,0xA4,0x44,0x24,0x44,
 108                  0x27,0xFC,0x24,0x44,0x22,0x40,0x21,0x80,0x20,0xC0,0x21,0x30,0x26,0x0E,0x28,0x04,
 109          "用",
 110                  0x00,0x08,0x3F,0xFC,0x21,0x08,0x21,0x08,0x21,0x08,0x3F,0xF8,0x21,0x08,0x21,0x08,
 111                  0x21,0x08,0x3F,0xF8,0x21,0x08,0x21,0x08,0x21,0x08,0x41,0x08,0x41,0x28,0x80,0x10,
 112          
 113          "电",
 114                  0x02,0x00,0x02,0x00,0x02,0x10,0x7F,0xF8,0x42,0x10,0x42,0x10,0x7F,0xF0,0x42,0x10,
 115                  0x42,0x10,0x7F,0xF0,0x42,0x10,0x02,0x00,0x02,0x04,0x02,0x04,0x01,0xFC,0x00,0x00,
 116          "量",
 117                  0x00,0x10,0x1F,0xF8,0x10,0x10,0x1F,0xF0,0x10,0x14,0xFF,0xFE,0x00,0x00,0x1F,0xF0,
C51 COMPILER V7.01  FONT                                                                   08/22/2009 16:21:18 PAGE 3   

 118                  0x11,0x10,0x1F,0xF0,0x11,0x10,0x1F,0xF0,0x01,0x00,0x1F,0xF0,0x01,0x00,0x7F,0xFC,
 119          
 120          "监",
 121                  0x04,0x40,0x04,0x40,0x24,0x48,0x24,0x7C,0x24,0xA0,0x25,0x18,0x24,0x08,0x24,0x00,
 122                  0x04,0x08,0x3F,0xFC,0x24,0x48,0x24,0x48,0x24,0x48,0x24,0x48,0xFF,0xFE,0x00,0x00,
 123          "视",
 124                  0x20,0x08,0x13,0xFC,0x12,0x08,0x02,0x48,0xFE,0x48,0x0A,0x48,0x12,0x48,0x32,0x48,
 125                  0x5A,0x48,0x96,0x68,0x12,0xA8,0x10,0xA0,0x11,0x22,0x11,0x22,0x12,0x1E,0x14,0x00,
 126          "对",
 127                  0x00,0x10,0x00,0x10,0x00,0x10,0xFC,0x14,0x07,0xFE,0x04,0x10,0x48,0x10,0x29,0x10,
 128                  0x10,0x90,0x10,0x90,0x28,0x10,0x24,0x10,0x44,0x10,0x80,0x10,0x00,0x50,0x00,0x20,
 129          "象",
 130                  0x08,0x00,0x0F,0xE0,0x10,0x48,0x3F,0xFC,0x61,0x08,0xA1,0x08,0x3F,0xF8,0x06,0x10,
 131                  0x19,0x20,0x62,0xC0,0x0C,0xC0,0x31,0xA0,0x06,0x90,0x18,0x8E,0x62,0x84,0x01,0x00,
 132          "检",
 133                  0x10,0x40,0x10,0x40,0x10,0xA0,0x10,0xA0,0xFD,0x10,0x12,0x0E,0x35,0xF4,0x30,0x00,
 134                  0x58,0x40,0x56,0x48,0x91,0x4C,0x11,0x48,0x11,0x50,0x10,0x04,0x1F,0xFE,0x10,0x00,
 135          "测",
 136                  0x00,0x00,0x40,0x44,0x27,0xE4,0x24,0x54,0x85,0x54,0x65,0x54,0x25,0x54,0x0D,0x54,
 137                  0x15,0x54,0x25,0x54,0xE5,0x54,0x21,0x04,0x22,0x84,0x24,0x44,0x28,0x54,0x20,0x08,
 138          "参",
 139                  0x02,0x00,0x02,0x40,0x04,0x20,0x1F,0xF0,0x02,0x04,0xFF,0xFE,0x04,0x40,0x08,0xA0,
 140                  0x13,0x10,0x2C,0x4E,0xC1,0x84,0x0E,0x10,0x00,0x60,0x01,0x80,0x0E,0x00,0x70,0x00,
 141          "数",
 142                  0x08,0x40,0x49,0x40,0x2A,0x40,0x08,0x84,0xFF,0xFE,0x19,0x08,0x2C,0x88,0x4A,0x88,
 143                  0x10,0x88,0xFE,0x90,0x22,0x50,0x22,0x20,0x14,0x50,0x18,0x88,0x25,0x0E,0x42,0x04,
 144          "设",
 145                  0x01,0xF0,0x21,0x10,0x11,0x10,0x11,0x10,0x01,0x10,0x02,0x0E,0xF4,0x00,0x13,0xF8,
 146                  0x11,0x08,0x11,0x10,0x10,0x90,0x10,0xA0,0x14,0x40,0x18,0xB0,0x13,0x0E,0x0C,0x04,
 147          "定",
 148                  0x02,0x00,0x01,0x00,0x7F,0xFE,0x40,0x02,0x80,0x24,0x1F,0xF0,0x01,0x00,0x01,0x00,
 149                  0x11,0x20,0x11,0xF0,0x11,0x00,0x11,0x00,0x11,0x00,0x29,0x06,0x47,0xFC,0x80,0x00,
 150          "查",
 151                  0x01,0x00,0x01,0x04,0xFF,0xFE,0x05,0x40,0x09,0x20,0x11,0x10,0x3F,0xFE,0xD0,0x14,
 152                  0x10,0x10,0x1F,0xF0,0x10,0x10,0x10,0x10,0x1F,0xF0,0x00,0x04,0xFF,0xFE,0x00,0x00,
 153          "询",
 154                  0x02,0x00,0x42,0x04,0x33,0xFE,0x14,0x04,0x04,0x04,0x09,0xF4,0xF1,0x14,0x11,0x14,
 155                  0x11,0xF4,0x11,0x14,0x11,0x14,0x13,0xF4,0x15,0x14,0x18,0x04,0x10,0x14,0x00,0x08,
 156          "调",
 157                  0x40,0x04,0x27,0xFE,0x24,0x44,0x04,0x44,0x05,0xF4,0xE4,0x44,0x24,0x54,0x27,0xFC,
 158                  0x24,0x04,0x25,0xF4,0x25,0x14,0x2D,0x14,0x35,0xF4,0x25,0x04,0x08,0x14,0x10,0x08,
 159          "整",
 160                  0x08,0x40,0x7F,0x44,0x08,0x7E,0x7F,0x88,0x49,0x48,0x7F,0x50,0x1C,0x20,0x2A,0x50,
 161                  0xC8,0x8E,0x3F,0xF8,0x01,0x00,0x09,0xF0,0x09,0x00,0x09,0x04,0xFF,0xFE,0x00,0x00,
 162          "时",
 163                  0x00,0x08,0x04,0x08,0x7E,0x08,0x44,0x08,0x47,0xFE,0x44,0x08,0x44,0x08,0x7C,0x88,
 164                  0x44,0x48,0x44,0x48,0x44,0x08,0x44,0x08,0x7C,0x08,0x44,0x48,0x00,0x28,0x00,0x10,
 165          "间",
 166                  0x20,0x04,0x1B,0xFE,0x08,0x04,0x40,0x24,0x4F,0xF4,0x48,0x24,0x48,0x24,0x48,0x24,
 167                  0x4F,0xE4,0x48,0x24,0x48,0x24,0x48,0x24,0x4F,0xE4,0x48,0x24,0x40,0x14,0x40,0x08,
 168          "仪",
 169                  0x08,0x00,0x08,0x80,0x08,0x64,0x12,0x24,0x12,0x04,0x32,0x08,0x51,0x08,0x91,0x10,
 170                  0x10,0x90,0x10,0xA0,0x10,0x40,0x10,0xA0,0x11,0x10,0x12,0x08,0x14,0x0E,0x18,0x04,
 171          "器",
 172                  0x3E,0xF8,0x22,0x88,0x22,0x88,0x22,0x88,0x3E,0xF8,0x01,0x20,0x01,0x14,0xFF,0xFE,
 173                  0x02,0x80,0x0C,0x60,0x30,0x18,0xFE,0xFE,0x22,0x88,0x22,0x88,0x22,0x88,0x3E,0xF8,
 174          "标",
 175                  0x10,0x00,0x10,0x10,0x13,0xF8,0x10,0x00,0xFC,0x00,0x10,0x04,0x37,0xFE,0x38,0x40,
 176                  0x54,0x40,0x51,0x50,0x91,0x48,0x12,0x4C,0x14,0x44,0x10,0x40,0x11,0x40,0x10,0x80,
 177          "交",
 178                  0x02,0x00,0x01,0x00,0x01,0x04,0xFF,0xFE,0x08,0x20,0x08,0x10,0x10,0x0C,0x28,0x24,
 179                  0x44,0x40,0x02,0x80,0x01,0x00,0x02,0x80,0x04,0x40,0x08,0x30,0x30,0x0E,0xC0,0x04,
C51 COMPILER V7.01  FONT                                                                   08/22/2009 16:21:18 PAGE 4   

 180          "流",
 181                  0x00,0x80,0x40,0x48,0x37,0xFC,0x10,0x40,0x80,0x90,0x61,0x08,0x27,0xFC,0x08,0x04,
 182                  0x11,0x50,0x21,0x50,0xE1,0x50,0x21,0x50,0x21,0x52,0x21,0x52,0x22,0x4E,0x24,0x40,
 183          "直",
 184                  0x01,0x00,0x01,0x08,0x7F,0xFC,0x01,0x00,0x01,0x10,0x1F,0xF8,0x10,0x10,0x1F,0xF0,
 185                  0x10,0x10,0x1F,0xF0,0x10,0x10,0x1F,0xF0,0x10,0x10,0x10,0x14,0xFF,0xFE,0x00,0x00,
 186          "流",
 187                  0x00,0x80,0x40,0x48,0x37,0xFC,0x10,0x40,0x80,0x90,0x61,0x08,0x27,0xFC,0x08,0x04,
 188                  0x11,0x50,0x21,0x50,0xE1,0x50,0x21,0x50,0x21,0x52,0x21,0x52,0x22,0x4E,0x24,0x40,
 189          "返",
 190                  0x00,0x08,0x40,0x1C,0x33,0xE0,0x12,0x00,0x02,0x00,0x02,0xF8,0xF2,0x08,0x12,0x90,
 191                  0x12,0x50,0x12,0x20,0x12,0x50,0x14,0x8C,0x15,0x04,0x28,0x00,0x44,0x06,0x03,0xFC,
 192          "回",
 193                  0x00,0x00,0x00,0x04,0x7F,0xFE,0x40,0x04,0x40,0x44,0x47,0xE4,0x44,0x44,0x44,0x44,
 194                  0x44,0x44,0x44,0x44,0x47,0xC4,0x44,0x44,0x40,0x04,0x7F,0xFC,0x40,0x04,0x00,0x00,
 195          "压",
 196                  0x00,0x08,0x3F,0xFC,0x20,0x80,0x20,0x80,0x20,0x80,0x20,0x80,0x20,0x88,0x2F,0xFC,
 197                  0x20,0x80,0x20,0xA0,0x20,0x98,0x20,0x88,0x40,0x80,0x40,0x84,0x9F,0xFE,0x00,0x00,
 198          "功",
 199                  0x00,0x80,0x00,0x80,0x08,0x80,0xFC,0x80,0x10,0x84,0x17,0xFE,0x10,0x84,0x10,0x84,
 200                  0x10,0x84,0x10,0x84,0x1D,0x04,0xF1,0x04,0x41,0x04,0x02,0x44,0x04,0x28,0x08,0x10,
 201          "率",
 202                  0x02,0x00,0x01,0x08,0x7F,0xFC,0x01,0x00,0x42,0x44,0x27,0x88,0x11,0x10,0x22,0x48,
 203                  0x4F,0xE4,0x01,0x20,0x01,0x04,0xFF,0xFE,0x01,0x00,0x01,0x00,0x01,0x00,0x01,0x00,
 204          "恒",
 205                  0x10,0x08,0x17,0xFC,0x10,0x00,0x10,0x08,0x5B,0xFC,0x56,0x08,0x52,0x08,0x93,0xF8,
 206                  0x12,0x08,0x12,0x08,0x13,0xF8,0x10,0x00,0x10,0x04,0x1F,0xFE,0x10,0x00,0x10,0x00,
 207          "定",
 208                  0x02,0x00,0x01,0x00,0x7F,0xFE,0x40,0x02,0x80,0x24,0x1F,0xF0,0x01,0x00,0x01,0x00,
 209                  0x11,0x20,0x11,0xF0,0x11,0x00,0x11,0x00,0x11,0x00,0x29,0x06,0x47,0xFC,0x80,0x00,
 210          "线",
 211                  0x08,0x40,0x08,0x50,0x10,0x48,0x10,0x40,0x22,0x7C,0x7F,0xC0,0x08,0x44,0x10,0x7E,
 212                  0x23,0xC0,0x7C,0x48,0x00,0x50,0x00,0x20,0x1C,0x60,0xE0,0x92,0x43,0x0A,0x00,0x06,
 213          "性",
 214                  0x10,0x40,0x10,0x40,0x12,0x40,0x12,0x48,0x5B,0xFC,0x54,0x40,0x54,0x40,0x98,0x40,
 215                  0x10,0x50,0x13,0xF8,0x10,0x40,0x10,0x40,0x10,0x40,0x10,0x44,0x1F,0xFE,0x10,0x00,
 216          "电",
 217                  0x02,0x00,0x02,0x00,0x02,0x10,0x7F,0xF8,0x42,0x10,0x42,0x10,0x7F,0xF0,0x42,0x10,
 218                  0x42,0x10,0x7F,0xF0,0x42,0x10,0x02,0x00,0x02,0x04,0x02,0x04,0x01,0xFC,0x00,0x00,
 219          "阻",
 220                  0x00,0x00,0x7C,0x08,0x45,0xFC,0x49,0x08,0x49,0x08,0x51,0x08,0x49,0xF8,0x49,0x08,
 221                  0x45,0x08,0x45,0x08,0x45,0xF8,0x69,0x08,0x51,0x08,0x41,0x08,0x47,0xFE,0x40,0x00,
 222          "自",
 223                  0x01,0x00,0x02,0x00,0x04,0x10,0x1F,0xF8,0x10,0x10,0x10,0x10,0x1F,0xF0,0x10,0x10,
 224                  0x10,0x10,0x10,0x10,0x1F,0xF0,0x10,0x10,0x10,0x10,0x10,0x10,0x1F,0xF0,0x10,0x10,
 225          "动",
 226                  0x00,0x40,0x08,0x40,0x7C,0x40,0x00,0x44,0x05,0xFE,0xFE,0x44,0x10,0x44,0x10,0x44,
 227                  0x20,0x44,0x24,0x44,0x42,0x84,0xFE,0x84,0x41,0x04,0x01,0x04,0x02,0x28,0x04,0x10,
 228          "循",
 229                  0x10,0x1C,0x17,0xE0,0x24,0x20,0x24,0x24,0x47,0xFE,0x94,0x20,0x25,0xFC,0x65,0x04,
 230                  0xA5,0x04,0x25,0xFC,0x25,0x04,0x25,0xFC,0x29,0x04,0x29,0x04,0x31,0xFC,0x21,0x04,
 231          "环",
 232                  0x10,0x00,0xF8,0x04,0x27,0xFE,0x20,0x20,0x20,0x20,0x20,0x40,0xF8,0x40,0x20,0xD0,
 233                  0x21,0x4C,0x22,0x46,0x24,0x42,0x20,0x40,0x38,0x40,0xE0,0x40,0x40,0x40,0x00,0x40,
 234          "加",
 235                  0x10,0x00,0x10,0x00,0x10,0x04,0x12,0x7E,0xFF,0x44,0x12,0x44,0x12,0x44,0x12,0x44,
 236                  0x12,0x44,0x22,0x44,0x22,0x44,0x22,0x44,0x22,0x44,0x4A,0x7C,0x84,0x44,0x00,0x00,
 237          "强",
 238                  0x08,0x04,0xFD,0xFE,0x09,0x04,0x09,0x04,0x09,0xFC,0x79,0x24,0x48,0x20,0x43,0xFE,
 239                  0x42,0x22,0x7A,0x22,0x0B,0xFE,0x0A,0x22,0x08,0x20,0x88,0x24,0x53,0xFE,0x20,0x02,
 240          
 241          "密",
C51 COMPILER V7.01  FONT                                                                   08/22/2009 16:21:18 PAGE 5   

 242                  0x02,0x00,0x01,0x00,0x7F,0xFE,0x42,0x02,0x89,0x24,0x28,0xC8,0x4B,0x04,0x0C,0x10,
 243                  0x77,0xF0,0x01,0x00,0x21,0x08,0x21,0x08,0x21,0x08,0x21,0x08,0x3F,0xF8,0x20,0x08,
 244          "码",
 245                  0x08,0x10,0xFF,0xF8,0x10,0x10,0x11,0x10,0x21,0x10,0x25,0x10,0x3F,0x10,0x65,0x14,
 246                  0xA5,0xFE,0x24,0x04,0x24,0x24,0x27,0xF4,0x24,0x04,0x3C,0x04,0x24,0x14,0x00,0x08,
 247          "准",   
 248                  0x02,0x40,0x43,0x20,0x22,0x24,0x33,0xFE,0x26,0x20,0x0A,0x28,0x13,0xFC,0x12,0x20,
 249              0x12,0x28,0xE3,0xFC,0x22,0x20,0x22,0x20,0x22,0x24,0x23,0xFE,0x22,0x00,0x00,0x00,
 250          "兰",
 251                  0x00,0x20,0x10,0x30,0x08,0x20,0x04,0x40,0x00,0x80,0x7F,0xFC,0x00,0x00,0x00,0x00,
 252                  0x00,0x00,0x3F,0xF8,0x00,0x00,0x00,0x00,0x00,0x00,0xFF,0xFE,0x00,0x00,0x00,0x00,
 253          "斯",
 254                  0x22,0x0C,0x22,0x70,0xFF,0x40,0x22,0x40,0x3E,0x40,0x22,0x7E,0x22,0x48,0x3E,0x48,
 255                  0x22,0x48,0x22,0x48,0xFF,0x48,0x00,0x48,0x24,0x88,0x62,0x88,0x83,0x08,0x00,0x08,
 256          "汀",
 257                  0x20,0x00,0x10,0x00,0x17,0xFE,0x00,0x20,0x80,0x20,0x48,0x20,0x10,0x20,0x10,0x20,
 258                  0x20,0x20,0x20,0x20,0xE0,0x20,0x20,0x20,0x20,0x20,0x20,0x20,0x20,0xA0,0x00,0x40,
 259          "仪",
 260                  0x08,0x80,0x08,0x40,0x10,0x68,0x12,0x48,0x22,0x08,0x62,0x10,0xA1,0x10,0x21,0x10,
 261                  0x20,0xA0,0x20,0xA0,0x20,0x40,0x20,0xA0,0x21,0x10,0x22,0x0E,0x2C,0x04,0x20,0x00,
 262          "表",  
 263                  0x01,0x00,0x01,0x00,0x3F,0xFC,0x01,0x00,0x1F,0xF8,0x01,0x00,0x7F,0xFE,0x03,0x00,
 264                  0x06,0x88,0x0C,0x8C,0x38,0x50,0xC8,0x20,0x09,0x10,0x0A,0x0E,0x0C,0x04,0x08,0x00,
 265          "研",
 266                  0x00,0x00,0xFD,0xFE,0x10,0x88,0x10,0x88,0x20,0x88,0x20,0x88,0x7B,0xFE,0x68,0x88,
 267                  0xA8,0x88,0x28,0x88,0x28,0x88,0x29,0x08,0x39,0x08,0x22,0x08,0x04,0x08,0x08,0x08,
 268          "究",
 269                  0x02,0x00,0x01,0x00,0x7F,0xFE,0x40,0x04,0x12,0x20,0x22,0x10,0x42,0x08,0x1F,0xC0,
 270                  0x02,0x40,0x02,0x40,0x04,0x40,0x04,0x42,0x08,0x42,0x10,0x42,0x20,0x3E,0x00,0x00,
 271          "所",       
 272                  0x0E,0x1E,0x70,0xE0,0x40,0x80,0x40,0x80,0x7C,0x80,0x44,0xFE,0x44,0x88,0x44,0x88,
 273                  0x7C,0x88,0x40,0x88,0x41,0x08,0x41,0x08,0x42,0x08,0x42,0x08,0x84,0x08,0x08,0x08,
 274          "采",
 275                  0x00,0x00,0x01,0xF8,0x7E,0x00,0x00,0x10,0x11,0x10,0x08,0xA0,0x01,0x00,0x7F,0xFE,
 276                  0x01,0x80,0x03,0x40,0x05,0x20,0x09,0x18,0x31,0x0E,0xC1,0x04,0x01,0x00,0x01,0x00,
 277          "样",
 278                  0x11,0x08,0x10,0x88,0x10,0x90,0xFD,0xFE,0x10,0x20,0x30,0x20,0x39,0xFC,0x54,0x20,
 279                  0x50,0x20,0x90,0x20,0x13,0xFE,0x10,0x20,0x10,0x20,0x10,0x20,0x10,0x20,0x10,0x20,
 280          "速",
 281                  0x00,0x80,0x40,0x80,0x2F,0xFC,0x20,0x80,0x00,0x80,0x07,0xF8,0xE4,0x88,0x24,0x88,
 282                  0x27,0xF8,0x21,0xA0,0x22,0x98,0x2C,0x88,0x20,0x80,0x50,0x80,0x8F,0xFE,0x00,0x00,
 283          "度",
 284                  0x01,0x00,0x00,0x80,0x3F,0xFE,0x22,0x20,0x22,0x20,0x2F,0xFC,0x22,0x20,0x23,0xE0,
 285                  0x20,0x00,0x27,0xF8,0x22,0x10,0x21,0x20,0x20,0xC0,0x41,0x30,0x46,0x0E,0x98,0x04,
 286          "关",
 287                  0x08,0x20,0x04,0x30,0x06,0x20,0x04,0x48,0x7F,0xFC,0x01,0x00,0x01,0x00,0x01,0x00,
 288                  0xFF,0xFE,0x01,0x00,0x02,0x80,0x04,0x40,0x08,0x20,0x10,0x30,0x20,0x1C,0x40,0x08,
 289          "于",
 290                  0x00,0x00,0x3F,0xFC,0x01,0x00,0x01,0x00,0x01,0x00,0x01,0x00,0xFF,0xFE,0x01,0x00,
 291                  0x01,0x00,0x01,0x00,0x01,0x00,0x01,0x00,0x01,0x00,0x09,0x00,0x05,0x00,0x02,0x00,
 292          "退",
 293                  0x40,0x00,0x27,0xF0,0x24,0x10,0x07,0xF0,0x04,0x10,0x04,0x10,0xE7,0xF0,0x24,0x88,
 294                  0x24,0x50,0x24,0x20,0x25,0x10,0x26,0x18,0x24,0x08,0x50,0x00,0x8F,0xFE,0x00,0x00,
 295          "出",
 296                  0x01,0x00,0x01,0x00,0x21,0x04,0x21,0x04,0x21,0x04,0x21,0x04,0x3F,0xFC,0x21,0x04,
 297                  0x01,0x00,0x21,0x04,0x21,0x04,0x21,0x04,0x21,0x04,0x3F,0xFC,0x20,0x04,0x00,0x00,
 298          "电",
 299                  0x01,0x00,0x01,0x00,0x01,0x00,0x3F,0xF8,0x21,0x08,0x21,0x08,0x3F,0xF8,0x21,0x08,
 300                  0x21,0x08,0x21,0x08,0x3F,0xF8,0x21,0x08,0x01,0x02,0x01,0x02,0x00,0xFE,0x00,0x00,
 301          "流",
 302                  0x20,0x80,0x10,0x40,0x17,0xFE,0x00,0x40,0x80,0x80,0x49,0x10,0x4B,0xF8,0x10,0x08,
 303                  0x12,0x50,0x12,0x50,0xE2,0x50,0x22,0x50,0x24,0x52,0x24,0x52,0x28,0x4E,0x20,0x00,
C51 COMPILER V7.01  FONT                                                                   08/22/2009 16:21:18 PAGE 6   

 304          "换",
 305                  0x10,0x80,0x10,0x80,0x11,0xF8,0xFD,0x10,0x12,0x20,0x17,0xF8,0x12,0x48,0x1A,0x48,
 306                  0x32,0x48,0xDF,0xFE,0x10,0x40,0x10,0xA0,0x10,0x90,0x11,0x0E,0x56,0x04,0x20,0x00,
 307          "向",
 308                  0x02,0x00,0x04,0x00,0x3F,0xFC,0x20,0x04,0x20,0x04,0x27,0xE4,0x24,0x24,0x24,0x24,
 309                  0x24,0x24,0x24,0x24,0x27,0xE4,0x24,0x24,0x20,0x04,0x20,0x14,0x20,0x08,0x00,0x00,
 310          "关",
 311                  0x08,0x20,0x04,0x30,0x06,0x20,0x04,0x48,0x7F,0xFC,0x01,0x00,0x01,0x00,0x01,0x00,
 312                  0xFF,0xFE,0x01,0x00,0x02,0x80,0x04,0x40,0x08,0x20,0x10,0x30,0x20,0x1C,0x40,0x08,
 313          "闭",
 314                  0x20,0x00,0x1B,0xFC,0x08,0x04,0x20,0x84,0x20,0x84,0x20,0x84,0x2F,0xF4,0x20,0x84,
 315                  0x21,0x84,0x22,0x84,0x2C,0x84,0x20,0x84,0x22,0x84,0x21,0x04,0x20,0x14,0x20,0x08,
 316          "输",
 317                  0x20,0x40,0x20,0x40,0xFC,0xA0,0x21,0x18,0x43,0xF6,0x54,0x00,0xFC,0x04,0x53,0xD4,
 318                  0x12,0x54,0x1F,0xD4,0xF2,0x54,0x13,0xD4,0x12,0x54,0x12,0x54,0x13,0x44,0x12,0x8C,
 319          "入",
 320                  0x0C,0x00,0x06,0x00,0x02,0x00,0x01,0x00,0x03,0x00,0x02,0x80,0x02,0x80,0x04,0x40,
 321                  0x04,0x20,0x08,0x20,0x08,0x10,0x10,0x08,0x20,0x0E,0x40,0x04,0x80,0x00,0x00,0x00,
 322          "新",
 323                  0x10,0x00,0x08,0x0E,0x7F,0x70,0x22,0x40,0x14,0x40,0xFF,0x7E,0x08,0x48,0x08,0x48,
 324                  0xFF,0x48,0x08,0x48,0x2C,0x48,0x2A,0x88,0x4A,0x88,0x89,0x08,0x2A,0x08,0x10,0x08,
 325          "的",
 326                  0x10,0x80,0x10,0x80,0x20,0x80,0x7C,0xFC,0x45,0x04,0x45,0x04,0x46,0x04,0x7C,0x84,
 327                  0x44,0x44,0x44,0x64,0x44,0x24,0x44,0x04,0x7C,0x04,0x44,0x28,0x40,0x10,0x00,0x00,
 328          "秒",
 329                  0x0C,0x20,0xF0,0x20,0x10,0x20,0x11,0x28,0xFD,0xA4,0x11,0x22,0x32,0x22,0x3A,0x20,
 330                  0x54,0x22,0x54,0x22,0x90,0x04,0x10,0x08,0x10,0x10,0x10,0x60,0x11,0x80,0x16,0x00,
 331          "当",
 332                  0x00,0x80,0x10,0x90,0x08,0x98,0x0C,0x90,0x08,0xA0,0x00,0x80,0x3F,0xFC,0x00,0x04,
 333                  0x00,0x04,0x1F,0xFC,0x00,0x04,0x00,0x04,0x00,0x04,0x3F,0xFC,0x00,0x04,0x00,0x00,
 334          
 335          
 336          "前",
 337                  0x08,0x10,0x06,0x18,0x04,0x20,0xFF,0xFE,0x00,0x00,0x3E,0x08,0x22,0x48,0x3E,0x48,
 338                  0x22,0x48,0x22,0x48,0x3E,0x48,0x22,0x48,0x22,0x48,0x2A,0x08,0x24,0x28,0x00,0x10,
 339          "率",   
 340                  0x00,0x0C,0x14,0xA4,0x04,0x64,0x35,0xAE,0x64,0x24,0x14,0xA4,0x14,0x04,0x04,0x00,
 341                  0x08,0x0A,0x09,0x08,0x08,0x0A,0x0B,0xFE,0x0A,0x0B,0x0C,0x08,0x09,0x0A,0x08,0x00,
 342          "m",
 343              0x00,0x00,0x00,0x00,0x00,0x00,0x00,0x00,0x00,0x00,0x00,0x00,0x59,0x80,0x66,0x40,
 344              0x44,0x40,0x44,0x40,0x44,0x40,0x44,0x40,0x44,0x40,0x44,0x40,0x00,0x00,0x00,0x00,
 345          "k",
 346              0x00,0x00,0x1C,0x00,0x1C,0x00,0x1C,0x00,0x1C,0x03,0x1C,0x0F,0x1C,0x78,0x1D,0xC0,
 347              0x1F,0xC0,0x1C,0x78,0x1C,0x1E,0x1C,0x03,0x00,0x00,0x00,0x00,0x00,0x00,0x00,0x00,
 348          
 349          "S",
 350             0x00,0x00,0x00,0x00,0x00,0x00,0x1F,0xC0,0x60,0xC0,0x40,0x40,0x40,0x00,0x38,0x00,
 351             0x07,0x00,0x00,0x80,0x00,0x40,0x40,0x40,0x60,0x80,0x7F,0x00,0x00,0x00,0x00,0x00,
 352          "Ω",
 353             0x00,0x00,0x00,0x00,0x0F,0x80,0x18,0xE0,0x30,0x60,0x60,0x30,0x60,0x30,0x60,0x30,
 354             0x60,0x30,0x30,0x20,0x30,0x40,0x0D,0x80,0x7D,0xF0,0x00,0x00,0x00,0x00,0x00,0x00,
 355          
 356          "！",
 357                  0x00,0x00,0x01,0x80,0x03,0xC0,0x03,0xC0,0x03,0xC0,0x01,0x80,0x01,0x80,0x01,0x80,
 358                  0x01,0x80,0x01,0x80,0x00,0x00,0x00,0x00,0x01,0x80,0x01,0x80,0x00,0x00,0x00,0x00,
 359          ":",
 360              0x00,0x00,0x00,0x00,0x00,0x00,0x00,0x00,0x00,0x00,0x00,0x00,0x0C,0x00,0x0C,0x00,
 361              0x00,0x00,0x00,0x00,0x00,0x00,0x00,0x00,0x0C,0x00,0x0C,0x00,0x00,0x00,0x00,0x00,
 362          "程",
 363          0x0D,0xF8,0x71,0x08,0x11,0x08,0x11,0x08,0xFD,0x08,0x11,0xF8,0x30,0x00,0x3B,0xFC,
 364          0x54,0x40,0x50,0x40,0x93,0xFC,0x10,0x40,0x10,0x40,0x10,0x40,0x17,0xFE,0x10,0x00,/*"程",0*/
 365          "选",
C51 COMPILER V7.01  FONT                                                                   08/22/2009 16:21:18 PAGE 7   

 366          0x00,0x40,0x22,0x40,0x12,0x40,0x13,0xF8,0x04,0x40,0x00,0x40,0xF7,0xFC,0x11,0x20,
 367          0x11,0x20,0x12,0x24,0x12,0x24,0x14,0x1C,0x10,0x00,0x28,0x00,0x47,0xFE,0x00,0x00,/*"选",1*/
 368          "择",
 369          0x20,0x00,0x23,0xF8,0x21,0x10,0xFC,0xA0,0x20,0x40,0x20,0xA0,0x2B,0x58,0x30,0x46,
 370          0x63,0xF8,0xA0,0x40,0x20,0x40,0x27,0xFE,0x20,0x40,0x20,0x40,0xA0,0x40,0x40,0x40,/*"择",2*/
 371          "执",
 372          0x10,0x80,0x10,0x80,0x10,0x80,0xFD,0xF8,0x10,0x88,0x14,0x88,0x18,0x88,0x31,0x88,
 373          0xD0,0x88,0x10,0xC8,0x10,0xA8,0x11,0x08,0x11,0x0A,0x12,0x0A,0x54,0x06,0x28,0x02,/*"执",3*/
 374          "行",
 375          0x08,0x00,0x1C,0x00,0x31,0xFC,0x40,0x00,0x88,0x00,0x0C,0x00,0x1B,0xFE,0x30,0x20,
 376          0x50,0x20,0x90,0x20,0x10,0x20,0x10,0x20,0x10,0x20,0x10,0x20,0x10,0xA0,0x10,0x40,/*"行",4*/
 377          "校",
 378          0x10,0x40,0x10,0x20,0x10,0x20,0xFD,0xFE,0x10,0x00,0x38,0x88,0x34,0x84,0x51,0x0A,
 379          0x51,0x08,0x92,0x90,0x10,0x90,0x10,0x60,0x10,0x60,0x11,0x98,0x16,0x0E,0x10,0x04,/*"校",5*/
 380          "零",
 381          0x1F,0xF8,0x01,0x00,0x7F,0xFE,0x41,0x04,0x1D,0x70,0x01,0x00,0x1D,0x70,0x02,0x80,
 382          0x04,0x60,0x1A,0x1E,0xE1,0x08,0x1F,0xE0,0x00,0x40,0x02,0x80,0x01,0x00,0x01,0x00,/*"零",6*/
 383          "串",
 384          0x01,0x00,0x01,0x00,0x1F,0xF0,0x11,0x10,0x11,0x10,0x1F,0xF0,0x01,0x00,0x3F,0xF8,
 385          0x21,0x08,0x21,0x08,0x21,0x08,0x3F,0xF8,0x21,0x08,0x01,0x00,0x01,0x00,0x01,0x00,/*"串",7*/
 386          "口",
 387          0x00,0x00,0x00,0x00,0x3F,0xF8,0x20,0x08,0x20,0x08,0x20,0x08,0x20,0x08,0x20,0x08,
 388          0x20,0x08,0x20,0x08,0x20,0x08,0x3F,0xF8,0x20,0x08,0x20,0x08,0x00,0x00,0x00,0x00,/*"口",8*/
 389          "帮",
 390          0x04,0x00,0x3F,0xBE,0x04,0x24,0x3F,0xA8,0x04,0x28,0x7F,0xA4,0x04,0x32,0x08,0xAC,
 391          0x10,0xA0,0x2F,0xF8,0x48,0x88,0x08,0x88,0x08,0xA8,0x08,0x90,0x00,0x80,0x00,0x80,/*"帮",9*/
 392          "助",
 393          0x00,0x20,0x3E,0x20,0x22,0x20,0x22,0x20,0x22,0xFC,0x3E,0x24,0x22,0x24,0x22,0x24,
 394          0x3E,0x24,0x22,0x24,0x22,0x44,0x27,0x44,0xF8,0x84,0x01,0x14,0x02,0x08,0x00,0x00,/*"助",10*/
 395          "请",
 396          0x00,0x40,0x47,0xFC,0x30,0x40,0x23,0xF8,0x00,0x40,0x07,0xFE,0xF0,0x00,0x13,0xF8,
 397          0x12,0x08,0x13,0xF8,0x12,0x08,0x13,0xF8,0x16,0x08,0x1A,0x08,0x12,0x28,0x02,0x10,/*"请",0*/
 398          "单",
 399          0x08,0x20,0x06,0x30,0x04,0x40,0x3F,0xF8,0x21,0x08,0x3F,0xF8,0x21,0x08,0x21,0x08,
 400          0x3F,0xF8,0x21,0x08,0x01,0x00,0xFF,0xFE,0x01,0x00,0x01,0x00,0x01,0x00,0x01,0x00,/*"单",1*/
 401          "位",
 402          0x09,0x00,0x0C,0xC0,0x10,0x40,0x17,0xFC,0x20,0x00,0x34,0x10,0x52,0x18,0x52,0x10,
 403          0x91,0x10,0x11,0x20,0x11,0x20,0x10,0x20,0x10,0x40,0x1F,0xFE,0x10,0x00,0x00,0x00,/*"位",2*/
 404          "波",
 405          0x20,0x40,0x10,0x40,0x10,0x40,0x07,0xFE,0x84,0x44,0x54,0x40,0x54,0x40,0x17,0xF8,
 406          0x25,0x08,0x24,0x90,0xE4,0x90,0x24,0x60,0x28,0x60,0x28,0x98,0x31,0x0E,0x26,0x04,/*"波",0*/
 407          "特",
 408          0x10,0x40,0x10,0x40,0x53,0xFC,0x50,0x40,0x7C,0x40,0x97,0xFE,0x10,0x10,0x1C,0x10,
 409          0x33,0xFE,0xD0,0x10,0x11,0x10,0x10,0x90,0x10,0x90,0x10,0x10,0x10,0x50,0x10,0x20,/*"特",1*/
 410          
 411          //结束标志,以下数据不要动!
 412          0x00,0x00,
 413                  0x00,0x00,0x00,0x00,0x00,0x00,0x00,0x00,0x00,0x00,0x00,0x00,0x00,0x00,0x00,0x00,
 414                  0x00,0x00,0x00,0x00,0x00,0x00,0x00,0x00,0x00,0x00,0x00,0x00,0x00,0x00,0x00,0x00
 415          };
 416          
 417          uchar code ASC8x16[256][16]={
 418                  0x00,0x00,0x00,0x00,0x00,0x00,0x00,0x00,0x00,0x00,0x00,0x00,0x00,0x00,0x00,0x00,
 419                  0x00,0x00,0x7e,0x81,0xa5,0x81,0x81,0xbd,0x99,0x81,0x81,0x7e,0x00,0x00,0x00,0x00,
 420                  0x00,0x00,0x7e,0xff,0xdb,0xff,0xff,0xc3,0xe7,0xff,0xff,0x7e,0x00,0x00,0x00,0x00,
 421                  0x00,0x00,0x00,0x00,0x6c,0xfe,0xfe,0xfe,0xfe,0x7c,0x38,0x10,0x00,0x00,0x00,0x00,
 422                  0x00,0x00,0x00,0x00,0x10,0x38,0x7c,0xfe,0x7c,0x38,0x10,0x00,0x00,0x00,0x00,0x00,
 423                  0x00,0x00,0x00,0x18,0x3c,0x3c,0xe7,0xe7,0xe7,0x18,0x18,0x3c,0x00,0x00,0x00,0x00,
 424                  0x00,0x00,0x00,0x18,0x3c,0x7e,0xff,0xff,0x7e,0x18,0x18,0x3c,0x00,0x00,0x00,0x00,
 425                  0x00,0x00,0x00,0x00,0x00,0x00,0x18,0x3c,0x3c,0x18,0x00,0x00,0x00,0x00,0x00,0x00,
 426                  0xff,0xff,0xff,0xff,0xff,0xff,0xe7,0xc3,0xc3,0xe7,0xff,0xff,0xff,0xff,0xff,0xff,
 427                  0x00,0x00,0x00,0x00,0x00,0x3c,0x66,0x42,0x42,0x66,0x3c,0x00,0x00,0x00,0x00,0x00,
C51 COMPILER V7.01  FONT                                                                   08/22/2009 16:21:18 PAGE 8   

 428                  0xff,0xff,0xff,0xff,0xff,0xc3,0x99,0xbd,0xbd,0x99,0xc3,0xff,0xff,0xff,0xff,0xff,
 429                  0x00,0x00,0x1e,0x0e,0x1a,0x32,0x78,0xcc,0xcc,0xcc,0xcc,0x78,0x00,0x00,0x00,0x00,
 430                  0x00,0x00,0x3c,0x66,0x66,0x66,0x66,0x3c,0x18,0x7e,0x18,0x18,0x00,0x00,0x00,0x00,
 431                  0x00,0x00,0x3f,0x33,0x3f,0x30,0x30,0x30,0x30,0x70,0xf0,0xe0,0x00,0x00,0x00,0x00,
 432                  0x00,0x00,0x7f,0x63,0x7f,0x63,0x63,0x63,0x63,0x67,0xe7,0xe6,0xc0,0x00,0x00,0x00,
 433                  0x00,0x00,0x00,0x18,0x18,0xdb,0x3c,0xe7,0x3c,0xdb,0x18,0x18,0x00,0x00,0x00,0x00,
 434                  0x00,0x80,0xc0,0xe0,0xf0,0xf8,0xfe,0xf8,0xf0,0xe0,0xc0,0x80,0x00,0x00,0x00,0x00,
 435                  0x00,0x02,0x06,0x0e,0x1e,0x3e,0xfe,0x3e,0x1e,0x0e,0x06,0x02,0x00,0x00,0x00,0x00,
 436                  0x00,0x00,0x18,0x3c,0x7e,0x18,0x18,0x18,0x7e,0x3c,0x18,0x00,0x00,0x00,0x00,0x00,
 437                  0x00,0x00,0x66,0x66,0x66,0x66,0x66,0x66,0x66,0x00,0x66,0x66,0x00,0x00,0x00,0x00,
 438                  0x00,0x00,0x7f,0xdb,0xdb,0xdb,0x7b,0x1b,0x1b,0x1b,0x1b,0x1b,0x00,0x00,0x00,0x00,
 439                  0x00,0x7c,0xc6,0x60,0x38,0x6c,0xc6,0xc6,0x6c,0x38,0x0c,0xc6,0x7c,0x00,0x00,0x00,
 440                  0x00,0x00,0x00,0x00,0x00,0x00,0x00,0x00,0xfe,0xfe,0xfe,0xfe,0x00,0x00,0x00,0x00,
 441                  0x00,0x00,0x18,0x3c,0x7e,0x18,0x18,0x18,0x7e,0x3c,0x18,0x7e,0x00,0x00,0x00,0x00,
 442                  0x00,0x00,0x18,0x3c,0x7e,0x18,0x18,0x18,0x18,0x18,0x18,0x18,0x00,0x00,0x00,0x00,
 443                  0x00,0x00,0x18,0x18,0x18,0x18,0x18,0x18,0x18,0x7e,0x3c,0x18,0x00,0x00,0x00,0x00,
 444                  0x00,0x00,0x00,0x00,0x00,0x18,0x0c,0xfe,0x0c,0x18,0x00,0x00,0x00,0x00,0x00,0x00,
 445                  0x00,0x00,0x00,0x00,0x00,0x30,0x60,0xfe,0x60,0x30,0x00,0x00,0x00,0x00,0x00,0x00,
 446                  0x00,0x00,0x00,0x00,0x00,0x00,0xc0,0xc0,0xc0,0xfe,0x00,0x00,0x00,0x00,0x00,0x00,
 447                  0x00,0x00,0x00,0x00,0x00,0x28,0x6c,0xfe,0x6c,0x28,0x00,0x00,0x00,0x00,0x00,0x00,
 448                  0x00,0x00,0x00,0x00,0x10,0x38,0x38,0x7c,0x7c,0xfe,0xfe,0x00,0x00,0x00,0x00,0x00,
 449                  0x00,0x00,0x00,0x00,0xfe,0xfe,0x7c,0x7c,0x38,0x38,0x10,0x00,0x00,0x00,0x00,0x00,
 450                  0x00,0x00,0x00,0x00,0x00,0x00,0x00,0x00,0x00,0x00,0x00,0x00,0x00,0x00,0x00,0x00,
 451                  0x00,0x00,0x18,0x3c,0x3c,0x3c,0x18,0x18,0x18,0x00,0x18,0x18,0x00,0x00,0x00,0x00,
 452                  0x00,0x66,0x66,0x66,0x24,0x00,0x00,0x00,0x00,0x00,0x00,0x00,0x00,0x00,0x00,0x00,
 453                  0x00,0x00,0x00,0x6c,0x6c,0xfe,0x6c,0x6c,0x6c,0xfe,0x6c,0x6c,0x00,0x00,0x00,0x00,
 454                  0x18,0x18,0x7c,0xc6,0xc2,0xc0,0x7c,0x06,0x06,0x86,0xc6,0x7c,0x18,0x18,0x00,0x00,
 455                  0x00,0x00,0x00,0x00,0xc2,0xc6,0x0c,0x18,0x30,0x60,0xc6,0x86,0x00,0x00,0x00,0x00,
 456                  0x00,0x00,0x38,0x6c,0x6c,0x38,0x76,0xdc,0xcc,0xcc,0xcc,0x76,0x00,0x00,0x00,0x00,
 457                  0x00,0x30,0x30,0x30,0x60,0x00,0x00,0x00,0x00,0x00,0x00,0x00,0x00,0x00,0x00,0x00,
 458                  0x00,0x00,0x0c,0x18,0x30,0x30,0x30,0x30,0x30,0x30,0x18,0x0c,0x00,0x00,0x00,0x00,
 459                  0x00,0x00,0x30,0x18,0x0c,0x0c,0x0c,0x0c,0x0c,0x0c,0x18,0x30,0x00,0x00,0x00,0x00,
 460                  0x00,0x00,0x00,0x00,0x00,0x66,0x3c,0xff,0x3c,0x66,0x00,0x00,0x00,0x00,0x00,0x00,
 461                  0x00,0x00,0x00,0x00,0x00,0x18,0x18,0x7e,0x18,0x18,0x00,0x00,0x00,0x00,0x00,0x00,
 462                  0x00,0x00,0x00,0x00,0x00,0x00,0x00,0x00,0x00,0x18,0x18,0x18,0x30,0x00,0x00,0x00,
 463                  0x00,0x00,0x00,0x00,0x00,0x00,0x00,0xfe,0x00,0x00,0x00,0x00,0x00,0x00,0x00,0x00,
 464                  0x00,0x00,0x00,0x00,0x00,0x00,0x00,0x00,0x00,0x00,0x18,0x18,0x00,0x00,0x00,0x00,
 465                  0x00,0x00,0x00,0x00,0x02,0x06,0x0c,0x18,0x30,0x60,0xc0,0x80,0x00,0x00,0x00,0x00,
 466                  0x00,0x00,0x38,0x6c,0xc6,0xc6,0xd6,0xd6,0xc6,0xc6,0x6c,0x38,0x00,0x00,0x00,0x00,
 467                  0x00,0x00,0x18,0x38,0x78,0x18,0x18,0x18,0x18,0x18,0x18,0x7e,0x00,0x00,0x00,0x00,
 468                  0x00,0x00,0x7c,0xc6,0x06,0x0c,0x18,0x30,0x60,0xc0,0xc6,0xfe,0x00,0x00,0x00,0x00,
 469                  0x00,0x00,0x7c,0xc6,0x06,0x06,0x3c,0x06,0x06,0x06,0xc6,0x7c,0x00,0x00,0x00,0x00,
 470                  0x00,0x00,0x0c,0x1c,0x3c,0x6c,0xcc,0xfe,0x0c,0x0c,0x0c,0x1e,0x00,0x00,0x00,0x00,
 471                  0x00,0x00,0xfe,0xc0,0xc0,0xc0,0xfc,0x06,0x06,0x06,0xc6,0x7c,0x00,0x00,0x00,0x00,
 472                  0x00,0x00,0x38,0x60,0xc0,0xc0,0xfc,0xc6,0xc6,0xc6,0xc6,0x7c,0x00,0x00,0x00,0x00,
 473                  0x00,0x00,0xfe,0xc6,0x06,0x06,0x0c,0x18,0x30,0x30,0x30,0x30,0x00,0x00,0x00,0x00,
 474                  0x00,0x00,0x7c,0xc6,0xc6,0xc6,0x7c,0xc6,0xc6,0xc6,0xc6,0x7c,0x00,0x00,0x00,0x00,
 475                  0x00,0x00,0x7c,0xc6,0xc6,0xc6,0x7e,0x06,0x06,0x06,0x0c,0x78,0x00,0x00,0x00,0x00,
 476                  0x00,0x00,0x00,0x00,0x18,0x18,0x00,0x00,0x00,0x18,0x18,0x00,0x00,0x00,0x00,0x00,
 477                  0x00,0x00,0x00,0x00,0x18,0x18,0x00,0x00,0x00,0x18,0x18,0x30,0x00,0x00,0x00,0x00,
 478                  0x00,0x00,0x00,0x06,0x0c,0x18,0x30,0x60,0x30,0x18,0x0c,0x06,0x00,0x00,0x00,0x00,
 479                  0x00,0x00,0x00,0x00,0x00,0x7e,0x00,0x00,0x7e,0x00,0x00,0x00,0x00,0x00,0x00,0x00,
 480                  0x00,0x00,0x00,0x60,0x30,0x18,0x0c,0x06,0x0c,0x18,0x30,0x60,0x00,0x00,0x00,0x00,
 481                  0x00,0x00,0x7c,0xc6,0xc6,0x0c,0x18,0x18,0x18,0x00,0x18,0x18,0x00,0x00,0x00,0x00,
 482                  0x00,0x00,0x00,0x7c,0xc6,0xc6,0xde,0xde,0xde,0xdc,0xc0,0x7c,0x00,0x00,0x00,0x00,
 483                  0x00,0x00,0x10,0x38,0x6c,0xc6,0xc6,0xfe,0xc6,0xc6,0xc6,0xc6,0x00,0x00,0x00,0x00,
 484                  0x00,0x00,0xfc,0x66,0x66,0x66,0x7c,0x66,0x66,0x66,0x66,0xfc,0x00,0x00,0x00,0x00,
 485                  0x00,0x00,0x3c,0x66,0xc2,0xc0,0xc0,0xc0,0xc0,0xc2,0x66,0x3c,0x00,0x00,0x00,0x00,
 486                  0x00,0x00,0xf8,0x6c,0x66,0x66,0x66,0x66,0x66,0x66,0x6c,0xf8,0x00,0x00,0x00,0x00,
 487                  0x00,0x00,0xfe,0x66,0x62,0x68,0x78,0x68,0x60,0x62,0x66,0xfe,0x00,0x00,0x00,0x00,
 488                  0x00,0x00,0xfe,0x66,0x62,0x68,0x78,0x68,0x60,0x60,0x60,0xf0,0x00,0x00,0x00,0x00,
 489                  0x00,0x00,0x3c,0x66,0xc2,0xc0,0xc0,0xde,0xc6,0xc6,0x66,0x3a,0x00,0x00,0x00,0x00,
C51 COMPILER V7.01  FONT                                                                   08/22/2009 16:21:18 PAGE 9   

 490                  0x00,0x00,0xc6,0xc6,0xc6,0xc6,0xfe,0xc6,0xc6,0xc6,0xc6,0xc6,0x00,0x00,0x00,0x00,
 491                  0x00,0x00,0x3c,0x18,0x18,0x18,0x18,0x18,0x18,0x18,0x18,0x3c,0x00,0x00,0x00,0x00,
 492                  0x00,0x00,0x1e,0x0c,0x0c,0x0c,0x0c,0x0c,0xcc,0xcc,0xcc,0x78,0x00,0x00,0x00,0x00,
 493                  0x00,0x00,0xe6,0x66,0x66,0x6c,0x78,0x78,0x6c,0x66,0x66,0xe6,0x00,0x00,0x00,0x00,
 494                  0x00,0x00,0xf0,0x60,0x60,0x60,0x60,0x60,0x60,0x62,0x66,0xfe,0x00,0x00,0x00,0x00,
 495                  0x00,0x00,0xc6,0xee,0xfe,0xfe,0xd6,0xc6,0xc6,0xc6,0xc6,0xc6,0x00,0x00,0x00,0x00,
 496                  0x00,0x00,0xc6,0xe6,0xf6,0xfe,0xde,0xce,0xc6,0xc6,0xc6,0xc6,0x00,0x00,0x00,0x00,
 497                  0x00,0x00,0x7c,0xc6,0xc6,0xc6,0xc6,0xc6,0xc6,0xc6,0xc6,0x7c,0x00,0x00,0x00,0x00,
 498                  0x00,0x00,0xfc,0x66,0x66,0x66,0x7c,0x60,0x60,0x60,0x60,0xf0,0x00,0x00,0x00,0x00,
 499                  0x00,0x00,0x7c,0xc6,0xc6,0xc6,0xc6,0xc6,0xc6,0xd6,0xde,0x7c,0x0c,0x0e,0x00,0x00,
 500                  0x00,0x00,0xfc,0x66,0x66,0x66,0x7c,0x6c,0x66,0x66,0x66,0xe6,0x00,0x00,0x00,0x00,
 501                  0x00,0x00,0x7c,0xc6,0xc6,0x60,0x38,0x0c,0x06,0xc6,0xc6,0x7c,0x00,0x00,0x00,0x00,
 502                  0x00,0x00,0x7e,0x7e,0x5a,0x18,0x18,0x18,0x18,0x18,0x18,0x3c,0x00,0x00,0x00,0x00,
 503                  0x00,0x00,0xc6,0xc6,0xc6,0xc6,0xc6,0xc6,0xc6,0xc6,0xc6,0x7c,0x00,0x00,0x00,0x00,
 504                  0x00,0x00,0xc6,0xc6,0xc6,0xc6,0xc6,0xc6,0xc6,0x6c,0x38,0x10,0x00,0x00,0x00,0x00,
 505                  0x00,0x00,0xc6,0xc6,0xc6,0xc6,0xd6,0xd6,0xd6,0xfe,0xee,0x6c,0x00,0x00,0x00,0x00,
 506                  0x00,0x00,0xc6,0xc6,0x6c,0x7c,0x38,0x38,0x7c,0x6c,0xc6,0xc6,0x00,0x00,0x00,0x00,
 507                  0x00,0x00,0x66,0x66,0x66,0x66,0x3c,0x18,0x18,0x18,0x18,0x3c,0x00,0x00,0x00,0x00,
 508                  0x00,0x00,0xfe,0xc6,0x86,0x0c,0x18,0x30,0x60,0xc2,0xc6,0xfe,0x00,0x00,0x00,0x00,
 509                  0x00,0x00,0x3c,0x30,0x30,0x30,0x30,0x30,0x30,0x30,0x30,0x3c,0x00,0x00,0x00,0x00,
 510                  0x00,0x00,0x00,0x80,0xc0,0xe0,0x70,0x38,0x1c,0x0e,0x06,0x02,0x00,0x00,0x00,0x00,
 511                  0x00,0x00,0x3c,0x0c,0x0c,0x0c,0x0c,0x0c,0x0c,0x0c,0x0c,0x3c,0x00,0x00,0x00,0x00,
 512                  0x10,0x38,0x6c,0xc6,0x00,0x00,0x00,0x00,0x00,0x00,0x00,0x00,0x00,0x00,0x00,0x00,
 513                  0x00,0x00,0x00,0x00,0x00,0x00,0x00,0x00,0x00,0x00,0x00,0x00,0x00,0xff,0x00,0x00,
 514                  0x30,0x30,0x18,0x00,0x00,0x00,0x00,0x00,0x00,0x00,0x00,0x00,0x00,0x00,0x00,0x00,
 515                  0x00,0x00,0x00,0x00,0x00,0x78,0x0c,0x7c,0xcc,0xcc,0xcc,0x76,0x00,0x00,0x00,0x00,
 516                  0x00,0x00,0xe0,0x60,0x60,0x78,0x6c,0x66,0x66,0x66,0x66,0x7c,0x00,0x00,0x00,0x00,
 517                  0x00,0x00,0x00,0x00,0x00,0x7c,0xc6,0xc0,0xc0,0xc0,0xc6,0x7c,0x00,0x00,0x00,0x00,
 518                  0x00,0x00,0x1c,0x0c,0x0c,0x3c,0x6c,0xcc,0xcc,0xcc,0xcc,0x76,0x00,0x00,0x00,0x00,
 519                  0x00,0x00,0x00,0x00,0x00,0x7c,0xc6,0xfe,0xc0,0xc0,0xc6,0x7c,0x00,0x00,0x00,0x00,
 520                  0x00,0x00,0x38,0x6c,0x64,0x60,0xf0,0x60,0x60,0x60,0x60,0xf0,0x00,0x00,0x00,0x00,
 521                  0x00,0x00,0x00,0x00,0x00,0x76,0xcc,0xcc,0xcc,0xcc,0xcc,0x7c,0x0c,0xcc,0x78,0x00,
 522                  0x00,0x00,0xe0,0x60,0x60,0x6c,0x76,0x66,0x66,0x66,0x66,0xe6,0x00,0x00,0x00,0x00,
 523                  0x00,0x00,0x18,0x18,0x00,0x38,0x18,0x18,0x18,0x18,0x18,0x3c,0x00,0x00,0x00,0x00,
 524                  0x00,0x00,0x06,0x06,0x00,0x0e,0x06,0x06,0x06,0x06,0x06,0x06,0x66,0x66,0x3c,0x00,
 525                  0x00,0x00,0xe0,0x60,0x60,0x66,0x6c,0x78,0x78,0x6c,0x66,0xe6,0x00,0x00,0x00,0x00,
 526                  0x00,0x00,0x38,0x18,0x18,0x18,0x18,0x18,0x18,0x18,0x18,0x3c,0x00,0x00,0x00,0x00,
 527                  0x00,0x00,0x00,0x00,0x00,0xec,0xfe,0xd6,0xd6,0xd6,0xd6,0xc6,0x00,0x00,0x00,0x00,
 528                  0x00,0x00,0x00,0x00,0x00,0xdc,0x66,0x66,0x66,0x66,0x66,0x66,0x00,0x00,0x00,0x00,
 529                  0x00,0x00,0x00,0x00,0x00,0x7c,0xc6,0xc6,0xc6,0xc6,0xc6,0x7c,0x00,0x00,0x00,0x00,
 530                  0x00,0x00,0x00,0x00,0x00,0xdc,0x66,0x66,0x66,0x66,0x66,0x7c,0x60,0x60,0xf0,0x00,
 531                  0x00,0x00,0x00,0x00,0x00,0x76,0xcc,0xcc,0xcc,0xcc,0xcc,0x7c,0x0c,0x0c,0x1e,0x00,
 532                  0x00,0x00,0x00,0x00,0x00,0xdc,0x76,0x66,0x60,0x60,0x60,0xf0,0x00,0x00,0x00,0x00,
 533                  0x00,0x00,0x00,0x00,0x00,0x7c,0xc6,0x60,0x38,0x0c,0xc6,0x7c,0x00,0x00,0x00,0x00,
 534                  0x00,0x00,0x10,0x30,0x30,0xfc,0x30,0x30,0x30,0x30,0x36,0x1c,0x00,0x00,0x00,0x00,
 535                  0x00,0x00,0x00,0x00,0x00,0xcc,0xcc,0xcc,0xcc,0xcc,0xcc,0x76,0x00,0x00,0x00,0x00,
 536                  0x00,0x00,0x00,0x00,0x00,0x66,0x66,0x66,0x66,0x66,0x3c,0x18,0x00,0x00,0x00,0x00,
 537                  0x00,0x00,0x00,0x00,0x00,0xc6,0xc6,0xd6,0xd6,0xd6,0xfe,0x6c,0x00,0x00,0x00,0x00,
 538                  0x00,0x00,0x00,0x00,0x00,0xc6,0x6c,0x38,0x38,0x38,0x6c,0xc6,0x00,0x00,0x00,0x00,
 539                  0x00,0x00,0x00,0x00,0x00,0xc6,0xc6,0xc6,0xc6,0xc6,0xc6,0x7e,0x06,0x0c,0xf8,0x00,
 540                  0x00,0x00,0x00,0x00,0x00,0xfe,0xcc,0x18,0x30,0x60,0xc6,0xfe,0x00,0x00,0x00,0x00,
 541                  0x00,0x00,0x0e,0x18,0x18,0x18,0x70,0x18,0x18,0x18,0x18,0x0e,0x00,0x00,0x00,0x00,
 542                  0x00,0x00,0x18,0x18,0x18,0x18,0x00,0x18,0x18,0x18,0x18,0x18,0x00,0x00,0x00,0x00,
 543                  0x00,0x00,0x70,0x18,0x18,0x18,0x0e,0x18,0x18,0x18,0x18,0x70,0x00,0x00,0x00,0x00,
 544                  0x00,0x00,0x76,0xdc,0x00,0x00,0x00,0x00,0x00,0x00,0x00,0x00,0x00,0x00,0x00,0x00,
 545                  0x00,0x00,0x00,0x00,0x10,0x38,0x6c,0xc6,0xc6,0xc6,0xfe,0x00,0x00,0x00,0x00,0x00,
 546                  0x00,0x00,0x3c,0x66,0xc2,0xc0,0xc0,0xc0,0xc2,0x66,0x3c,0x0c,0x06,0x7c,0x00,0x00,
 547                  0x00,0x00,0xcc,0x00,0x00,0xcc,0xcc,0xcc,0xcc,0xcc,0xcc,0x76,0x00,0x00,0x00,0x00,
 548                  0x00,0x0c,0x18,0x30,0x00,0x7c,0xc6,0xfe,0xc0,0xc0,0xc6,0x7c,0x00,0x00,0x00,0x00,
 549                  0x00,0x10,0x38,0x6c,0x00,0x78,0x0c,0x7c,0xcc,0xcc,0xcc,0x76,0x00,0x00,0x00,0x00,
 550                  0x00,0x00,0xcc,0x00,0x00,0x78,0x0c,0x7c,0xcc,0xcc,0xcc,0x76,0x00,0x00,0x00,0x00,
 551                  0x00,0x60,0x30,0x18,0x00,0x78,0x0c,0x7c,0xcc,0xcc,0xcc,0x76,0x00,0x00,0x00,0x00,
C51 COMPILER V7.01  FONT                                                                   08/22/2009 16:21:18 PAGE 10  

 552                  0x00,0x38,0x6c,0x38,0x00,0x78,0x0c,0x7c,0xcc,0xcc,0xcc,0x76,0x00,0x00,0x00,0x00,
 553                  0x00,0x00,0x00,0x00,0x3c,0x66,0x60,0x60,0x66,0x3c,0x0c,0x06,0x3c,0x00,0x00,0x00,
 554                  0x00,0x10,0x38,0x6c,0x00,0x7c,0xc6,0xfe,0xc0,0xc0,0xc6,0x7c,0x00,0x00,0x00,0x00,
 555                  0x00,0x00,0xc6,0x00,0x00,0x7c,0xc6,0xfe,0xc0,0xc0,0xc6,0x7c,0x00,0x00,0x00,0x00,
 556                  0x00,0x60,0x30,0x18,0x00,0x7c,0xc6,0xfe,0xc0,0xc0,0xc6,0x7c,0x00,0x00,0x00,0x00,
 557                  0x00,0x00,0x66,0x00,0x00,0x38,0x18,0x18,0x18,0x18,0x18,0x3c,0x00,0x00,0x00,0x00,
 558                  0x00,0x18,0x3c,0x66,0x00,0x38,0x18,0x18,0x18,0x18,0x18,0x3c,0x00,0x00,0x00,0x00,
 559                  0x00,0x60,0x30,0x18,0x00,0x38,0x18,0x18,0x18,0x18,0x18,0x3c,0x00,0x00,0x00,0x00,
 560                  0x00,0xc6,0x00,0x10,0x38,0x6c,0xc6,0xc6,0xfe,0xc6,0xc6,0xc6,0x00,0x00,0x00,0x00,
 561                  0x38,0x6c,0x38,0x00,0x38,0x6c,0xc6,0xc6,0xfe,0xc6,0xc6,0xc6,0x00,0x00,0x00,0x00,
 562                  0x18,0x30,0x60,0x00,0xfe,0x66,0x60,0x7c,0x60,0x60,0x66,0xfe,0x00,0x00,0x00,0x00,
 563                  0x00,0x00,0x00,0x00,0x00,0xcc,0x76,0x36,0x7e,0xd8,0xd8,0x6e,0x00,0x00,0x00,0x00,
 564                  0x00,0x00,0x3e,0x6c,0xcc,0xcc,0xfe,0xcc,0xcc,0xcc,0xcc,0xce,0x00,0x00,0x00,0x00,
 565                  0x00,0x10,0x38,0x6c,0x00,0x7c,0xc6,0xc6,0xc6,0xc6,0xc6,0x7c,0x00,0x00,0x00,0x00,
 566                  0x00,0x00,0xc6,0x00,0x00,0x7c,0xc6,0xc6,0xc6,0xc6,0xc6,0x7c,0x00,0x00,0x00,0x00,
 567                  0x00,0x60,0x30,0x18,0x00,0x7c,0xc6,0xc6,0xc6,0xc6,0xc6,0x7c,0x00,0x00,0x00,0x00,
 568                  0x00,0x30,0x78,0xcc,0x00,0xcc,0xcc,0xcc,0xcc,0xcc,0xcc,0x76,0x00,0x00,0x00,0x00,
 569                  0x00,0x60,0x30,0x18,0x00,0xcc,0xcc,0xcc,0xcc,0xcc,0xcc,0x76,0x00,0x00,0x00,0x00,
 570                  0x00,0x00,0xc6,0x00,0x00,0xc6,0xc6,0xc6,0xc6,0xc6,0xc6,0x7e,0x06,0x0c,0x78,0x00,
 571                  0x00,0xc6,0x00,0x7c,0xc6,0xc6,0xc6,0xc6,0xc6,0xc6,0xc6,0x7c,0x00,0x00,0x00,0x00,
 572                  0x00,0xc6,0x00,0xc6,0xc6,0xc6,0xc6,0xc6,0xc6,0xc6,0xc6,0x7c,0x00,0x00,0x00,0x00,
 573                  0x00,0x18,0x18,0x3c,0x66,0x60,0x60,0x60,0x66,0x3c,0x18,0x18,0x00,0x00,0x00,0x00,
 574                  0x00,0x38,0x6c,0x64,0x60,0xf0,0x60,0x60,0x60,0x60,0xe6,0xfc,0x00,0x00,0x00,0x00,
 575                  0x00,0x00,0x66,0x66,0x3c,0x18,0x7e,0x18,0x7e,0x18,0x18,0x18,0x00,0x00,0x00,0x00,
 576                  0x00,0xf8,0xcc,0xcc,0xf8,0xc4,0xcc,0xde,0xcc,0xcc,0xcc,0xc6,0x00,0x00,0x00,0x00,
 577                  0x00,0x0e,0x1b,0x18,0x18,0x18,0x7e,0x18,0x18,0x18,0x18,0x18,0xd8,0x70,0x00,0x00,
 578                  0x00,0x18,0x30,0x60,0x00,0x78,0x0c,0x7c,0xcc,0xcc,0xcc,0x76,0x00,0x00,0x00,0x00,
 579                  0x00,0x0c,0x18,0x30,0x00,0x38,0x18,0x18,0x18,0x18,0x18,0x3c,0x00,0x00,0x00,0x00,
 580                  0x00,0x18,0x30,0x60,0x00,0x7c,0xc6,0xc6,0xc6,0xc6,0xc6,0x7c,0x00,0x00,0x00,0x00,
 581                  0x00,0x18,0x30,0x60,0x00,0xcc,0xcc,0xcc,0xcc,0xcc,0xcc,0x76,0x00,0x00,0x00,0x00,
 582                  0x00,0x00,0x76,0xdc,0x00,0xdc,0x66,0x66,0x66,0x66,0x66,0x66,0x00,0x00,0x00,0x00,
 583                  0x76,0xdc,0x00,0xc6,0xe6,0xf6,0xfe,0xde,0xce,0xc6,0xc6,0xc6,0x00,0x00,0x00,0x00,
 584                  0x00,0x3c,0x6c,0x6c,0x3e,0x00,0x7e,0x00,0x00,0x00,0x00,0x00,0x00,0x00,0x00,0x00,
 585                  0x00,0x38,0x6c,0x6c,0x38,0x00,0x7c,0x00,0x00,0x00,0x00,0x00,0x00,0x00,0x00,0x00,
 586                  0x00,0x00,0x30,0x30,0x00,0x30,0x30,0x60,0xc0,0xc6,0xc6,0x7c,0x00,0x00,0x00,0x00,
 587                  0x00,0x00,0x00,0x00,0x00,0x00,0xfe,0xc0,0xc0,0xc0,0xc0,0x00,0x00,0x00,0x00,0x00,
 588                  0x00,0x00,0x00,0x00,0x00,0x00,0xfe,0x06,0x06,0x06,0x06,0x00,0x00,0x00,0x00,0x00,
 589                  0x00,0xc0,0xc0,0xc2,0xc6,0xcc,0x18,0x30,0x60,0xdc,0x86,0x0c,0x18,0x3e,0x00,0x00,
 590                  0x00,0xc0,0xc0,0xc2,0xc6,0xcc,0x18,0x30,0x66,0xce,0x9e,0x3e,0x06,0x06,0x00,0x00,
 591                  0x00,0x00,0x18,0x18,0x00,0x18,0x18,0x18,0x3c,0x3c,0x3c,0x18,0x00,0x00,0x00,0x00,
 592                  0x00,0x00,0x00,0x00,0x00,0x36,0x6c,0xd8,0x6c,0x36,0x00,0x00,0x00,0x00,0x00,0x00,
 593                  0x00,0x00,0x00,0x00,0x00,0xd8,0x6c,0x36,0x6c,0xd8,0x00,0x00,0x00,0x00,0x00,0x00,
 594                  0x11,0x44,0x11,0x44,0x11,0x44,0x11,0x44,0x11,0x44,0x11,0x44,0x11,0x44,0x11,0x44,
 595                  0x55,0xaa,0x55,0xaa,0x55,0xaa,0x55,0xaa,0x55,0xaa,0x55,0xaa,0x55,0xaa,0x55,0xaa,
 596                  0xdd,0x77,0xdd,0x77,0xdd,0x77,0xdd,0x77,0xdd,0x77,0xdd,0x77,0xdd,0x77,0xdd,0x77,
 597                  0x18,0x18,0x18,0x18,0x18,0x18,0x18,0x18,0x18,0x18,0x18,0x18,0x18,0x18,0x18,0x18,
 598                  0x18,0x18,0x18,0x18,0x18,0x18,0x18,0xf8,0x18,0x18,0x18,0x18,0x18,0x18,0x18,0x18,
 599                  0x18,0x18,0x18,0x18,0x18,0xf8,0x18,0xf8,0x18,0x18,0x18,0x18,0x18,0x18,0x18,0x18,
 600                  0x36,0x36,0x36,0x36,0x36,0x36,0x36,0xf6,0x36,0x36,0x36,0x36,0x36,0x36,0x36,0x36,
 601                  0x00,0x00,0x00,0x00,0x00,0x00,0x00,0xfe,0x36,0x36,0x36,0x36,0x36,0x36,0x36,0x36,
 602                  0x00,0x00,0x00,0x00,0x00,0xf8,0x18,0xf8,0x18,0x18,0x18,0x18,0x18,0x18,0x18,0x18,
 603                  0x36,0x36,0x36,0x36,0x36,0xf6,0x06,0xf6,0x36,0x36,0x36,0x36,0x36,0x36,0x36,0x36,
 604                  0x36,0x36,0x36,0x36,0x36,0x36,0x36,0x36,0x36,0x36,0x36,0x36,0x36,0x36,0x36,0x36,
 605                  0x00,0x00,0x00,0x00,0x00,0xfe,0x06,0xf6,0x36,0x36,0x36,0x36,0x36,0x36,0x36,0x36,
 606                  0x36,0x36,0x36,0x36,0x36,0xf6,0x06,0xfe,0x00,0x00,0x00,0x00,0x00,0x00,0x00,0x00,
 607                  0x36,0x36,0x36,0x36,0x36,0x36,0x36,0xfe,0x00,0x00,0x00,0x00,0x00,0x00,0x00,0x00,
 608                  0x18,0x18,0x18,0x18,0x18,0xf8,0x18,0xf8,0x00,0x00,0x00,0x00,0x00,0x00,0x00,0x00,
 609                  0x00,0x00,0x00,0x00,0x00,0x00,0x00,0xf8,0x18,0x18,0x18,0x18,0x18,0x18,0x18,0x18,
 610                  0x18,0x18,0x18,0x18,0x18,0x18,0x18,0x1f,0x00,0x00,0x00,0x00,0x00,0x00,0x00,0x00,
 611                  0x18,0x18,0x18,0x18,0x18,0x18,0x18,0xff,0x00,0x00,0x00,0x00,0x00,0x00,0x00,0x00,
 612                  0x00,0x00,0x00,0x00,0x00,0x00,0x00,0xff,0x18,0x18,0x18,0x18,0x18,0x18,0x18,0x18,
 613                  0x18,0x18,0x18,0x18,0x18,0x18,0x18,0x1f,0x18,0x18,0x18,0x18,0x18,0x18,0x18,0x18,
C51 COMPILER V7.01  FONT                                                                   08/22/2009 16:21:18 PAGE 11  

 614                  0x00,0x00,0x00,0x00,0x00,0x00,0x00,0xff,0x00,0x00,0x00,0x00,0x00,0x00,0x00,0x00,
 615                  0x18,0x18,0x18,0x18,0x18,0x18,0x18,0xff,0x18,0x18,0x18,0x18,0x18,0x18,0x18,0x18,
 616                  0x18,0x18,0x18,0x18,0x18,0x1f,0x18,0x1f,0x18,0x18,0x18,0x18,0x18,0x18,0x18,0x18,
 617                  0x36,0x36,0x36,0x36,0x36,0x36,0x36,0x37,0x36,0x36,0x36,0x36,0x36,0x36,0x36,0x36,
 618                  0x36,0x36,0x36,0x36,0x36,0x37,0x30,0x3f,0x00,0x00,0x00,0x00,0x00,0x00,0x00,0x00,
 619                  0x00,0x00,0x00,0x00,0x00,0x3f,0x30,0x37,0x36,0x36,0x36,0x36,0x36,0x36,0x36,0x36,
 620                  0x36,0x36,0x36,0x36,0x36,0xf7,0x00,0xff,0x00,0x00,0x00,0x00,0x00,0x00,0x00,0x00,
 621                  0x00,0x00,0x00,0x00,0x00,0xff,0x00,0xf7,0x36,0x36,0x36,0x36,0x36,0x36,0x36,0x36,
 622                  0x36,0x36,0x36,0x36,0x36,0x37,0x30,0x37,0x36,0x36,0x36,0x36,0x36,0x36,0x36,0x36,
 623                  0x00,0x00,0x00,0x00,0x00,0xff,0x00,0xff,0x00,0x00,0x00,0x00,0x00,0x00,0x00,0x00,
 624                  0x36,0x36,0x36,0x36,0x36,0xf7,0x00,0xf7,0x36,0x36,0x36,0x36,0x36,0x36,0x36,0x36,
 625                  0x18,0x18,0x18,0x18,0x18,0xff,0x00,0xff,0x00,0x00,0x00,0x00,0x00,0x00,0x00,0x00,
 626                  0x36,0x36,0x36,0x36,0x36,0x36,0x36,0xff,0x00,0x00,0x00,0x00,0x00,0x00,0x00,0x00,
 627                  0x00,0x00,0x00,0x00,0x00,0xff,0x00,0xff,0x18,0x18,0x18,0x18,0x18,0x18,0x18,0x18,
 628                  0x00,0x00,0x00,0x00,0x00,0x00,0x00,0xff,0x36,0x36,0x36,0x36,0x36,0x36,0x36,0x36,
 629                  0x36,0x36,0x36,0x36,0x36,0x36,0x36,0x3f,0x00,0x00,0x00,0x00,0x00,0x00,0x00,0x00,
 630                  0x18,0x18,0x18,0x18,0x18,0x1f,0x18,0x1f,0x00,0x00,0x00,0x00,0x00,0x00,0x00,0x00,
 631                  0x00,0x00,0x00,0x00,0x00,0x1f,0x18,0x1f,0x18,0x18,0x18,0x18,0x18,0x18,0x18,0x18,
 632                  0x00,0x00,0x00,0x00,0x00,0x00,0x00,0x3f,0x36,0x36,0x36,0x36,0x36,0x36,0x36,0x36,
 633                  0x36,0x36,0x36,0x36,0x36,0x36,0x36,0xff,0x36,0x36,0x36,0x36,0x36,0x36,0x36,0x36,
 634                  0x18,0x18,0x18,0x18,0x18,0xff,0x18,0xff,0x18,0x18,0x18,0x18,0x18,0x18,0x18,0x18,
 635                  0x18,0x18,0x18,0x18,0x18,0x18,0x18,0xf8,0x00,0x00,0x00,0x00,0x00,0x00,0x00,0x00,
 636                  0x00,0x00,0x00,0x00,0x00,0x00,0x00,0x1f,0x18,0x18,0x18,0x18,0x18,0x18,0x18,0x18,
 637                  0xff,0xff,0xff,0xff,0xff,0xff,0xff,0xff,0xff,0xff,0xff,0xff,0xff,0xff,0xff,0xff,
 638                  0x00,0x00,0x00,0x00,0x00,0x00,0x00,0xff,0xff,0xff,0xff,0xff,0xff,0xff,0xff,0xff,
 639                  0xf0,0xf0,0xf0,0xf0,0xf0,0xf0,0xf0,0xf0,0xf0,0xf0,0xf0,0xf0,0xf0,0xf0,0xf0,0xf0,
 640                  0x0f,0x0f,0x0f,0x0f,0x0f,0x0f,0x0f,0x0f,0x0f,0x0f,0x0f,0x0f,0x0f,0x0f,0x0f,0x0f,
 641                  0xff,0xff,0xff,0xff,0xff,0xff,0xff,0x00,0x00,0x00,0x00,0x00,0x00,0x00,0x00,0x00,
 642                  0x00,0x00,0x00,0x00,0x00,0x76,0xdc,0xd8,0xd8,0xd8,0xdc,0x76,0x00,0x00,0x00,0x00,
 643                  0x00,0x00,0x78,0xcc,0xcc,0xcc,0xd8,0xcc,0xc6,0xc6,0xc6,0xcc,0x00,0x00,0x00,0x00,
 644                  0x00,0x00,0xfe,0xc6,0xc6,0xc0,0xc0,0xc0,0xc0,0xc0,0xc0,0xc0,0x00,0x00,0x00,0x00,
 645                  0x00,0x00,0x00,0x00,0xfe,0x6c,0x6c,0x6c,0x6c,0x6c,0x6c,0x6c,0x00,0x00,0x00,0x00,
 646                  0x00,0x00,0x00,0xfe,0xc6,0x60,0x30,0x18,0x30,0x60,0xc6,0xfe,0x00,0x00,0x00,0x00,
 647                  0x00,0x00,0x00,0x00,0x00,0x7e,0xd8,0xd8,0xd8,0xd8,0xd8,0x70,0x00,0x00,0x00,0x00,
 648                  0x00,0x00,0x00,0x00,0x66,0x66,0x66,0x66,0x66,0x7c,0x60,0x60,0xc0,0x00,0x00,0x00,
 649                  0x00,0x00,0x00,0x00,0x76,0xdc,0x18,0x18,0x18,0x18,0x18,0x18,0x00,0x00,0x00,0x00,
 650                  0x00,0x00,0x00,0x7e,0x18,0x3c,0x66,0x66,0x66,0x3c,0x18,0x7e,0x00,0x00,0x00,0x00,
 651                  0x00,0x00,0x00,0x38,0x6c,0xc6,0xc6,0xfe,0xc6,0xc6,0x6c,0x38,0x00,0x00,0x00,0x00,
 652                  0x00,0x00,0x38,0x6c,0xc6,0xc6,0xc6,0x6c,0x6c,0x6c,0x6c,0xee,0x00,0x00,0x00,0x00,
 653                  0x00,0x00,0x1e,0x30,0x18,0x0c,0x3e,0x66,0x66,0x66,0x66,0x3c,0x00,0x00,0x00,0x00,
 654                  0x00,0x00,0x00,0x00,0x00,0x7e,0xdb,0xdb,0xdb,0x7e,0x00,0x00,0x00,0x00,0x00,0x00,
 655                  0x00,0x00,0x00,0x03,0x06,0x7e,0xdb,0xdb,0xf3,0x7e,0x60,0xc0,0x00,0x00,0x00,0x00,
 656                  0x00,0x00,0x1c,0x30,0x60,0x60,0x7c,0x60,0x60,0x60,0x30,0x1c,0x00,0x00,0x00,0x00,
 657                  0x00,0x00,0x00,0x7c,0xc6,0xc6,0xc6,0xc6,0xc6,0xc6,0xc6,0xc6,0x00,0x00,0x00,0x00,
 658                  0x00,0x00,0x00,0x00,0xfe,0x00,0x00,0xfe,0x00,0x00,0xfe,0x00,0x00,0x00,0x00,0x00,
 659                  0x00,0x00,0x00,0x00,0x18,0x18,0x7e,0x18,0x18,0x00,0x00,0xff,0x00,0x00,0x00,0x00,
 660                  0x00,0x00,0x00,0x30,0x18,0x0c,0x06,0x0c,0x18,0x30,0x00,0x7e,0x00,0x00,0x00,0x00,
 661                  0x00,0x00,0x00,0x0c,0x18,0x30,0x60,0x30,0x18,0x0c,0x00,0x7e,0x00,0x00,0x00,0x00,
 662                  0x00,0x00,0x0e,0x1b,0x1b,0x18,0x18,0x18,0x18,0x18,0x18,0x18,0x18,0x18,0x18,0x18,
 663                  0x18,0x18,0x18,0x18,0x18,0x18,0x18,0x18,0xd8,0xd8,0xd8,0x70,0x00,0x00,0x00,0x00,
 664                  0x00,0x00,0x00,0x00,0x18,0x18,0x00,0x7e,0x00,0x18,0x18,0x00,0x00,0x00,0x00,0x00,
 665                  0x00,0x00,0x00,0x00,0x00,0x76,0xdc,0x00,0x76,0xdc,0x00,0x00,0x00,0x00,0x00,0x00,
 666                  0x00,0x38,0x6c,0x6c,0x38,0x00,0x00,0x00,0x00,0x00,0x00,0x00,0x00,0x00,0x00,0x00,
 667                  0x00,0x00,0x00,0x00,0x00,0x00,0x00,0x18,0x18,0x00,0x00,0x00,0x00,0x00,0x00,0x00,
 668                  0x00,0x00,0x00,0x00,0x00,0x00,0x00,0x00,0x18,0x00,0x00,0x00,0x00,0x00,0x00,0x00,
 669                  0x00,0x0f,0x0c,0x0c,0x0c,0x0c,0x0c,0xec,0x6c,0x6c,0x3c,0x1c,0x00,0x00,0x00,0x00,
 670                  0x00,0xd8,0x6c,0x6c,0x6c,0x6c,0x6c,0x00,0x00,0x00,0x00,0x00,0x00,0x00,0x00,0x00,
 671                  0x00,0x70,0xd8,0x30,0x60,0xc8,0xf8,0x00,0x00,0x00,0x00,0x00,0x00,0x00,0x00,0x00,
 672                  0x00,0x00,0x00,0x00,0x7c,0x7c,0x7c,0x7c,0x7c,0x7c,0x7c,0x00,0x00,0x00,0x00,0x00,
 673                  0x00,0x00,0x00,0x00,0x00,0x00,0x00,0x00,0x00,0x00,0x00,0x00,0x00,0x00,0x00,0x00,
 674          };
 675          
C51 COMPILER V7.01  FONT                                                                   08/22/2009 16:21:18 PAGE 12  

 676          
 677          uchar code Font24X32[12][96]={
 678                  0x00,0x00,0x00,0x00,0x00,0x00,0x00,0x7E,0x00,0x01,0xFF,0x80,0x03,0xFF,0xC0,0x07, //0
 679                  0xFF,0xE0,0x07,0xC3,0xE0,0x0F,0x81,0xF0,0x0F,0x81,0xF0,0x0F,0x00,0xF0,0x1F,0x00,
 680                  0xF8,0x1F,0x00,0xF8,0x1F,0x00,0xF8,0x1F,0x00,0xF8,0x1F,0x00,0xF8,0x1F,0x00,0xF8,
 681                  0x1F,0x00,0xF8,0x1F,0x00,0xF8,0x1F,0x00,0xF8,0x1F,0x00,0xF8,0x1F,0x00,0xF8,0x0F,
 682                  0x00,0xF0,0x0F,0x81,0xF0,0x0F,0x81,0xF0,0x07,0xC3,0xE0,0x07,0xFF,0xE0,0x03,0xFF,
 683                  0xC0,0x01,0xFF,0x80,0x00,0x7E,0x00,0x00,0x00,0x00,0x00,0x00,0x00,0x00,0x00,0x00,
 684          
 685                  0x00,0x00,0x00,0x00,0x00,0x00,0x00,0x03,0xC0,0x00,0x07,0xC0,0x00,0x0F,0xC0,0x00, //1
 686                  0x1F,0xC0,0x00,0x3F,0xC0,0x00,0x7F,0xC0,0x01,0xFF,0xC0,0x03,0xFF,0xC0,0x03,0xF7,
 687                  0xC0,0x03,0xC7,0xC0,0x03,0x07,0xC0,0x00,0x07,0xC0,0x00,0x07,0xC0,0x00,0x07,0xC0,
 688                  0x00,0x07,0xC0,0x00,0x07,0xC0,0x00,0x07,0xC0,0x00,0x07,0xC0,0x00,0x07,0xC0,0x00,
 689                  0x07,0xC0,0x00,0x07,0xC0,0x00,0x07,0xC0,0x00,0x07,0xC0,0x00,0x07,0xC0,0x00,0x07,
 690                  0xC0,0x00,0x07,0xC0,0x00,0x07,0xC0,0x00,0x00,0x00,0x00,0x00,0x00,0x00,0x00,0x00,
 691          
 692                  0x00,0x00,0x00,0x00,0x00,0x00,0x00,0x7F,0x00,0x01,0xFF,0xC0,0x03,0xFF,0xE0,0x07, //2
 693                  0xFF,0xF0,0x07,0xE1,0xF0,0x0F,0xE0,0xF8,0x0F,0x80,0xF8,0x0F,0x80,0xF8,0x00,0x00,
 694                  0xF8,0x00,0x00,0xF8,0x00,0x01,0xF8,0x00,0x03,0xF0,0x00,0x07,0xF0,0x00,0x0F,0xE0,
 695                  0x00,0x1F,0xC0,0x00,0x3F,0x80,0x00,0x7F,0x00,0x00,0xFE,0x00,0x01,0xFC,0x00,0x01,
 696                  0xF0,0x00,0x03,0xE0,0x00,0x07,0xE0,0x00,0x0F,0xFF,0xF8,0x0F,0xFF,0xF8,0x0F,0xFF,
 697                  0xF8,0x1F,0xFF,0xF8,0x1F,0xFF,0xF8,0x00,0x00,0x00,0x00,0x00,0x00,0x00,0x00,0x00,
 698          
 699                  0x00,0x00,0x00,0x00,0x00,0x00,0x00,0x7E,0x00,0x01,0xFF,0x80,0x03,0xFF,0xC0,0x07, //3
 700                  0xFF,0xE0,0x07,0xE3,0xF0,0x0F,0x80,0xF0,0x07,0x01,0xF0,0x00,0x01,0xF0,0x00,0x03,
 701                  0xF0,0x00,0x07,0xE0,0x00,0x1F,0xC0,0x00,0x3F,0x80,0x00,0x3F,0xC0,0x00,0x3F,0xE0,
 702                  0x00,0x03,0xF0,0x00,0x01,0xF0,0x00,0x00,0xF8,0x00,0x00,0xF8,0x00,0x00,0xF8,0x0F,
 703                  0x00,0xF8,0x1F,0x00,0xF8,0x1F,0x81,0xF0,0x0F,0xC3,0xF0,0x07,0xFF,0xE0,0x07,0xFF,
 704                  0xC0,0x01,0xFF,0x80,0x00,0x7E,0x00,0x00,0x00,0x00,0x00,0x00,0x00,0x00,0x00,0x00,
 705          
 706                  0x00,0x00,0x00,0x00,0x00,0x00,0x00,0x03,0xE0,0x00,0x03,0xE0,0x00,0x07,0xE0,0x00, //4
 707                  0x0F,0xE0,0x00,0x0F,0xE0,0x00,0x1F,0xE0,0x00,0x3F,0xE0,0x00,0x3F,0xE0,0x00,0x7F,
 708                  0xE0,0x00,0x7B,0xE0,0x00,0xF3,0xE0,0x01,0xF3,0xE0,0x01,0xE3,0xE0,0x03,0xE3,0xE0,
 709                  0x07,0xC3,0xE0,0x07,0x83,0xE0,0x0F,0x83,0xE0,0x1F,0x03,0xE0,0x1F,0xFF,0xFC,0x1F,
 710                  0xFF,0xFC,0x1F,0xFF,0xFC,0x1F,0xFF,0xFC,0x00,0x03,0xE0,0x00,0x03,0xE0,0x00,0x03,
 711                  0xE0,0x00,0x03,0xE0,0x00,0x03,0xE0,0x00,0x00,0x00,0x00,0x00,0x00,0x00,0x00,0x00,
 712          
 713                  0x00,0x00,0x00,0x00,0x00,0x00,0x01,0xFF,0xF0,0x01,0xFF,0xF0,0x03,0xFF,0xF0,0x03, //5
 714                  0xFF,0xF0,0x03,0xFF,0xF0,0x03,0xE0,0x00,0x03,0xE0,0x00,0x07,0xE0,0x00,0x07,0xC0,
 715                  0x00,0x07,0xDF,0x00,0x07,0xFF,0xC0,0x07,0xFF,0xE0,0x0F,0xFF,0xF0,0x0F,0xC3,0xF0,
 716                  0x07,0x81,0xF8,0x00,0x00,0xF8,0x00,0x00,0xF8,0x00,0x00,0xF8,0x00,0x00,0xF8,0x0F,
 717                  0x00,0xF8,0x1F,0x00,0xF8,0x1F,0x81,0xF0,0x0F,0xC3,0xF0,0x0F,0xFF,0xE0,0x07,0xFF,
 718                  0xC0,0x01,0xFF,0x80,0x00,0xFE,0x00,0x00,0x00,0x00,0x00,0x00,0x00,0x00,0x00,0x00,
 719          
 720                  0x00,0x00,0x00,0x00,0x00,0x00,0x00,0x3F,0x00,0x00,0xFF,0x80,0x03,0xFF,0xC0,0x07, //6
 721                  0xFF,0xE0,0x07,0xC3,0xE0,0x0F,0x81,0xF0,0x0F,0x01,0xF0,0x0F,0x00,0x00,0x1F,0x00,
 722                  0x00,0x1F,0x3F,0x00,0x1F,0xFF,0x80,0x1F,0xFF,0xE0,0x1F,0xFF,0xE0,0x1F,0xC3,0xF0,
 723                  0x1F,0x01,0xF0,0x1F,0x00,0xF8,0x1F,0x00,0xF8,0x1F,0x00,0xF8,0x1F,0x00,0xF8,0x0F,
 724                  0x00,0xF8,0x0F,0x80,0xF8,0x0F,0x81,0xF0,0x07,0xC3,0xF0,0x07,0xFF,0xE0,0x03,0xFF,
 725                  0xE0,0x01,0xFF,0x80,0x00,0x7E,0x00,0x00,0x00,0x00,0x00,0x00,0x00,0x00,0x00,0x00,
 726          
 727                  0x00,0x00,0x00,0x00,0x00,0x00,0x1F,0xFF,0xF8,0x1F,0xFF,0xF8,0x1F,0xFF,0xF8,0x1F, //7
 728                  0xFF,0xF8,0x1F,0xFF,0xF8,0x00,0x01,0xF0,0x00,0x03,0xE0,0x00,0x07,0xC0,0x00,0x07,
 729                  0xC0,0x00,0x0F,0x80,0x00,0x0F,0x00,0x00,0x1F,0x00,0x00,0x1E,0x00,0x00,0x3E,0x00,
 730                  0x00,0x3E,0x00,0x00,0x7C,0x00,0x00,0x7C,0x00,0x00,0x7C,0x00,0x00,0xF8,0x00,0x00,
 731                  0xF8,0x00,0x00,0xF8,0x00,0x00,0xF8,0x00,0x01,0xF0,0x00,0x01,0xF0,0x00,0x01,0xF0,
 732                  0x00,0x01,0xF0,0x00,0x01,0xF0,0x00,0x00,0x00,0x00,0x00,0x00,0x00,0x00,0x00,0x00,
 733          
 734                  0x00,0x00,0x00,0x00,0x00,0x00,0x00,0x7E,0x00,0x01,0xFF,0x80,0x07,0xFF,0xC0,0x07, //8
 735                  0xFF,0xE0,0x0F,0xC3,0xF0,0x0F,0x81,0xF0,0x0F,0x81,0xF0,0x0F,0x81,0xF0,0x0F,0x81,
 736                  0xF0,0x07,0xC3,0xE0,0x07,0xFF,0xC0,0x01,0xFF,0x80,0x03,0xFF,0xC0,0x07,0xFF,0xE0,
 737                  0x0F,0xC3,0xF0,0x0F,0x81,0xF0,0x1F,0x00,0xF8,0x1F,0x00,0xF8,0x1F,0x00,0xF8,0x1F,
C51 COMPILER V7.01  FONT                                                                   08/22/2009 16:21:18 PAGE 13  

 738                  0x00,0xF8,0x1F,0x00,0xF8,0x1F,0x81,0xF8,0x0F,0xC3,0xF0,0x0F,0xFF,0xF0,0x07,0xFF,
 739                  0xE0,0x01,0xFF,0x80,0x00,0x7E,0x00,0x00,0x00,0x00,0x00,0x00,0x00,0x00,0x00,0x00,
 740          
 741                  0x00,0x00,0x00,0x00,0x00,0x00,0x00,0x7E,0x00,0x01,0xFF,0x80,0x07,0xFF,0xC0,0x07, //9
 742                  0xFF,0xE0,0x0F,0xC3,0xE0,0x0F,0x81,0xF0,0x1F,0x01,0xF0,0x1F,0x00,0xF0,0x1F,0x00,
 743                  0xF8,0x1F,0x00,0xF8,0x1F,0x00,0xF8,0x1F,0x00,0xF8,0x0F,0x81,0xF8,0x0F,0xC3,0xF8,
 744                  0x07,0xFF,0xF8,0x07,0xFF,0xF8,0x01,0xFF,0xF8,0x00,0x7C,0xF8,0x00,0x00,0xF8,0x00,
 745                  0x00,0xF0,0x0F,0x80,0xF0,0x0F,0x81,0xF0,0x07,0xC3,0xE0,0x07,0xFF,0xE0,0x03,0xFF,
 746                  0xC0,0x01,0xFF,0x00,0x00,0xFC,0x00,0x00,0x00,0x00,0x00,0x00,0x00,0x00,0x00,0x00,
 747          
 748                  0x00,0x00,0x00,0x00,0x00,0x00,0x00,0x00,0x00,0x00,0x00,0x00,0x00,0x00,0x00,0x00, //black
 749                  0x00,0x00,0x00,0x00,0x00,0x00,0x00,0x00,0x00,0x00,0x00,0x00,0x00,0x00,0x00,0x00,
 750                  0x00,0x00,0x00,0x00,0x00,0x00,0x00,0x00,0x00,0x00,0x00,0x00,0x00,0x00,0x00,0x00,
 751                  0x00,0x00,0x00,0x00,0x00,0x00,0x00,0x00,0x00,0x00,0x00,0x00,0x00,0x00,0x00,0x00,
 752                  0x00,0x00,0x00,0x00,0x00,0x00,0x00,0x00,0x00,0x00,0x00,0x00,0x00,0x00,0x00,0x00,
 753                  0x00,0x00,0x00,0x00,0x00,0x00,0x00,0x00,0x00,0x00,0x00,0x00,0x00,0x00,0x00,0x00,
 754          
 755                  0x00,0x00,0x00,0x00,0x00,0x00,0x00,0x00,0x00,0x00,0x00,0x00,0x00,0x00,0x00,0x00, //flash
 756                  0x00,0x00,0x00,0x00,0x00,0x00,0x00,0x00,0x00,0x00,0x00,0x00,0x00,0x00,0x00,0x00,
 757                  0x00,0x00,0x00,0x00,0x00,0x00,0x00,0x3F,0xFF,0xFC,0x3F,0xFF,0xFC,0x3F,0xFF,0xFC,
 758                  0x00,0x00,0x00,0x00,0x00,0x00,0x00,0x00,0x00,0x00,0x00,0x00,0x00,0x00,0x00,0x00,
 759                  0x00,0x00,0x00,0x00,0x00,0x00,0x00,0x00,0x00,0x00,0x00,0x00,0x00,0x00,0x00,0x00,
 760                  0x00,0x00,0x00,0x00,0x00,0x00,0x00,0x00,0x00,0x00,0x00,0x00,0x00,0x00,0x00,0x00,
 761          
 762          
 763          };
 764          
 765          uchar code font6x8[][8] = 
 766          { 
 767                  {0x00,0x00,0x00,0x00,0x00,0x00,0x00,0x00},  // 
 768                  {0x08,0x08,0x08,0x08,0x00,0x08,0x00,0x00},  //!
 769                  {0x14,0x14,0x14,0x00,0x00,0x00,0x00,0x00},  //"
 770                  {0x14,0x14,0x3E,0x14,0x3E,0x14,0x14,0x00},  //#
 771                  {0x08,0x1E,0x28,0x1C,0x0A,0x3C,0x08,0x00},  //$
 772                  {0x06,0x26,0x10,0x08,0x04,0x32,0x30,0x00},  //%
 773                  {0x18,0x24,0x28,0x10,0x2A,0x24,0x1A,0x00},  //&
 774                  {0x18,0x08,0x10,0x00,0x00,0x00,0x00,0x00},  //'
 775                  {0x04,0x08,0x10,0x10,0x10,0x08,0x04,0x00},  //(
 776                  {0x10,0x08,0x04,0x04,0x04,0x08,0x10,0x00},  //)
 777                  {0x00,0x08,0x2A,0x1C,0x2A,0x08,0x00,0x00},  //*
 778                  {0x00,0x08,0x08,0x3E,0x08,0x08,0x00,0x00},  //+
 779                  {0x00,0x00,0x00,0x00,0x00,0x0C,0x04,0x08},  //,
 780                  {0x00,0x00,0x00,0x3E,0x00,0x00,0x00,0x00},  //-
 781                  {0x00,0x00,0x00,0x00,0x00,0x18,0x18,0x00},  //.
 782                  {0x00,0x02,0x04,0x08,0x10,0x20,0x00,0x00},  ///
 783                  {0x1C,0x22,0x26,0x2A,0x32,0x22,0x1C,0x00},  //0
 784                  {0x08,0x18,0x08,0x08,0x08,0x08,0x1C,0x00},  //1
 785                  {0x1C,0x22,0x02,0x04,0x08,0x10,0x3E,0x00},  //2
 786                  {0x3E,0x04,0x08,0x04,0x02,0x22,0x1C,0x00},  //3
 787                  {0x04,0x0C,0x14,0x24,0x3E,0x04,0x04,0x00},  //4
 788                  {0x3E,0x20,0x3C,0x02,0x02,0x22,0x1C,0x00},  //5
 789                  {0x0C,0x10,0x20,0x3C,0x22,0x22,0x1C,0x00},  //6
 790                  {0x3E,0x02,0x04,0x08,0x10,0x10,0x10,0x00},  //7
 791                  {0x1C,0x22,0x22,0x1C,0x22,0x22,0x1C,0x00},  //8
 792                  {0x1C,0x22,0x22,0x1E,0x02,0x04,0x18,0x00},  //9
 793                  {0x00,0x18,0x18,0x00,0x18,0x18,0x00,0x00},  //:
 794                  {0x00,0x18,0x18,0x00,0x18,0x08,0x10,0x00},  //;
 795                  {0x04,0x08,0x10,0x20,0x10,0x08,0x04,0x00},  //<
 796                  {0x00,0x00,0x3E,0x00,0x3E,0x00,0x00,0x00},  //=
 797                  {0x10,0x08,0x04,0x02,0x04,0x08,0x10,0x00},  //>
 798                  {0x1C,0x22,0x02,0x04,0x08,0x00,0x08,0x00},  //?
 799                  {0x1C,0x22,0x02,0x1A,0x2E,0x22,0x1C,0x00},  //@
C51 COMPILER V7.01  FONT                                                                   08/22/2009 16:21:18 PAGE 14  

 800                  {0x08,0x14,0x22,0x22,0x3E,0x22,0x22,0x00},  //A
 801                  {0x3C,0x22,0x22,0x3C,0x22,0x22,0x3C,0x00},  //B
 802                  {0x1C,0x22,0x20,0x20,0x20,0x22,0x1C,0x00},  //C
 803                  {0x38,0x24,0x22,0x22,0x22,0x24,0x38,0x00},  //D
 804                  {0x3E,0x20,0x20,0x3C,0x20,0x20,0x3E,0x00},  //E
 805                  {0x3E,0x20,0x20,0x3C,0x20,0x20,0x20,0x00},  //F
 806                  {0x1C,0x22,0x20,0x2E,0x22,0x22,0x1E,0x00},  //G
 807                  {0x22,0x22,0x22,0x3E,0x22,0x22,0x22,0x00},  //H
 808                  {0x1C,0x08,0x08,0x08,0x08,0x08,0x1C,0x00},  //I
 809                  {0x0E,0x04,0x04,0x04,0x04,0x24,0x18,0x00},  //J
 810                  {0x22,0x24,0x28,0x30,0x28,0x24,0x22,0x00},  //K
 811                  {0x20,0x20,0x20,0x20,0x20,0x20,0x3E,0x00},  //L
 812                  {0x22,0x36,0x2A,0x2A,0x22,0x22,0x22,0x00},  //M
 813                  {0x22,0x22,0x32,0x2A,0x26,0x22,0x22,0x00},  //N
 814                  {0x1C,0x22,0x22,0x22,0x22,0x22,0x1C,0x00},  //O
 815                  {0x3C,0x22,0x22,0x3C,0x20,0x20,0x20,0x00},  //P
 816                  {0x1C,0x22,0x22,0x22,0x2A,0x24,0x1A,0x00},  //Q
 817                  {0x3C,0x22,0x22,0x3C,0x28,0x24,0x22,0x00},  //R
 818                  {0x1E,0x20,0x20,0x1C,0x02,0x02,0x3C,0x00},  //S
 819                  {0x3E,0x08,0x08,0x08,0x08,0x08,0x08,0x00},  //T
 820                  {0x22,0x22,0x22,0x22,0x22,0x22,0x1C,0x00},  //U
 821                  {0x22,0x22,0x22,0x22,0x22,0x14,0x08,0x00},  //V
 822                  {0x22,0x22,0x22,0x2A,0x2A,0x2A,0x14,0x00},  //W
 823                  {0x22,0x22,0x14,0x08,0x14,0x22,0x22,0x00},  //X
 824                  {0x22,0x22,0x22,0x14,0x08,0x08,0x08,0x00},  //Y
 825                  {0x3E,0x02,0x04,0x08,0x10,0x20,0x3E,0x00},  //Z
 826                  {0x1C,0x10,0x10,0x10,0x10,0x10,0x1C,0x00},  //[
 827                  {0x2A,0x14,0x2A,0x14,0x2A,0x14,0x2A,0x00},  //\*/
 828                  {0x1C,0x04,0x04,0x04,0x04,0x04,0x1C,0x00},  //]
 829                  {0x08,0x14,0x22,0x00,0x00,0x00,0x00,0x00},  //^
 830                  {0x00,0x00,0x00,0x00,0x00,0x00,0x3E,0x00},  //_
 831                  {0x10,0x08,0x04,0x00,0x00,0x00,0x00,0x00},  //`
 832                  {0x00,0x00,0x1C,0x02,0x1E,0x22,0x1E,0x00},  //a
 833                  {0x20,0x20,0x2C,0x32,0x22,0x22,0x3C,0x00},  //b
 834                  {0x00,0x00,0x1C,0x20,0x20,0x22,0x1C,0x00},  //c
 835                  {0x02,0x02,0x1A,0x26,0x22,0x22,0x1E,0x00},  //d
 836                  {0x00,0x00,0x1C,0x22,0x3E,0x20,0x1C,0x00},  //e
 837                  {0x0C,0x12,0x10,0x38,0x10,0x10,0x10,0x00},  //f
 838                  {0x00,0x00,0x1E,0x22,0x22,0x1E,0x02,0x1C},  //g
 839                  {0x20,0x20,0x2C,0x32,0x22,0x22,0x22,0x00},  //h
 840                  {0x08,0x00,0x18,0x08,0x08,0x08,0x1C,0x00},  //i
 841                  {0x04,0x00,0x0C,0x04,0x04,0x04,0x24,0x18},  //j
 842                  {0x20,0x20,0x24,0x28,0x30,0x28,0x24,0x00},  //k
 843                  {0x18,0x08,0x08,0x08,0x08,0x08,0x1C,0x00},  //l
 844                  {0x00,0x00,0x34,0x2A,0x2A,0x22,0x22,0x00},  //m
 845                  {0x00,0x00,0x2C,0x32,0x22,0x22,0x22,0x00},  //n
 846                  {0x00,0x00,0x1C,0x22,0x22,0x22,0x1C,0x00},  //o
 847                  {0x00,0x00,0x3C,0x22,0x22,0x3C,0x20,0x20},  //p
 848                  {0x00,0x00,0x1A,0x26,0x26,0x1A,0x02,0x02},  //q
 849                  {0x00,0x00,0x2C,0x32,0x20,0x20,0x20,0x00},  //r
 850                  {0x00,0x00,0x1C,0x20,0x1C,0x02,0x3C,0x00},  //s
 851                  {0x10,0x10,0x38,0x10,0x10,0x12,0x0C,0x00},  //t
 852                  {0x00,0x00,0x22,0x22,0x22,0x26,0x1A,0x00},  //u
 853                  {0x00,0x00,0x22,0x22,0x22,0x14,0x08,0x00},  //v
 854                  {0x00,0x00,0x22,0x22,0x2A,0x2A,0x14,0x00},  //w
 855                  {0x00,0x00,0x22,0x14,0x08,0x14,0x22,0x00},  //x
 856                  {0x00,0x00,0x22,0x22,0x22,0x1E,0x02,0x1C},  //y
 857                  {0x00,0x00,0x3E,0x04,0x08,0x10,0x3E,0x00},  //z
 858                  {0x00,0x00,0x7E,0x00,0x7E,0x00,0x00,0x00},  //-
 859          };      


C51 COMPILER V7.01  FONT                                                                   08/22/2009 16:21:18 PAGE 15  

MODULE INFORMATION:   STATIC OVERLAYABLE
   CODE SIZE        =   ----    ----
   CONSTANT SIZE    =  10430    ----
   XDATA SIZE       =   ----    ----
   PDATA SIZE       =   ----    ----
   DATA SIZE        =   ----    ----
   IDATA SIZE       =   ----    ----
   BIT SIZE         =   ----    ----
END OF MODULE INFORMATION.


C51 COMPILATION COMPLETE.  0 WARNING(S),  0 ERROR(S)
