Change Net Name : Old Net Name=NetR1_2 New Net Name=NetQ1_2
Change Net Name : Old Net Name=NetR2_2 New Net Name=NetQ2_2
Change Net Name : Old Net Name=NetR3_2 New Net Name=NetQ3_2
Change Net Name : Old Net Name=NetR4_2 New Net Name=NetQ4_2
Change Net Name : Old Net Name=NetR5_2 New Net Name=NetQ5_2
Change Net Name : Old Net Name=NetR6_2 New Net Name=NetQ6_2
Change Net Name : Old Net Name=NetR7_2 New Net Name=NetQ7_2
Change Net Name : Old Net Name=NetR8_2 New Net Name=NetQ8_2
Change Net Name : Old Net Name=NetT1_1 New Net Name=NetR21_2
Change Net Name : Old Net Name=NetT2_1 New Net Name=NetR22_2
Change Net Name : Old Net Name=NetT2_4 New Net Name=NetR25_1
Change Net Name : Old Net Name=SPI_CLR New Net Name=DAT4
Change Net Name : Old Net Name=SPI_LDAC New Net Name=RST3
Change Net Name : Old Net Name=SPI_RST New Net Name=CLK4
Change Net Name : Old Net Name=SPI_SCLK New Net Name=DAT3
Change Net Name : Old Net Name=SPI_SDI New Net Name=CLK3
Change Net Name : Old Net Name=SPI_SDO New Net Name=PRX
Added Member To Class: ClassName=RelayControl Member=Component C3 104
Added Member To Class: ClassName=RelayControl Member=Component C7 0.1uF
Added Member To Class: ClassName=RelayControl Member=Component C9 47u
Added Member To Class: ClassName=RelayControl Member=Component C23 104
Added Member To Class: ClassName=RelayControl Member=Component C24 104
Added Member To Class: ClassName=RelayControl Member=Component C25 104
Added Member To Class: ClassName=RelayControl Member=Component C26 104
Added Member To Class: ClassName=RelayControl Member=Component JMISO CON6
Added Member To Class: ClassName=RelayControl Member=Component JPLED 
Added Member To Class: ClassName=RelayControl Member=Component JPSCAN HEADER 5
Added Member To Class: ClassName=RelayControl Member=Component P4 USB
Added Member To Class: ClassName=RelayControl Member=Component R12 0
Added Member To Class: ClassName=RelayControl Member=Component R13 0
Added Member To Class: ClassName=RelayControl Member=Component R14 10k
Added Member To Class: ClassName=RelayControl Member=Component R15 10k
Added Member To Class: ClassName=RelayControl Member=Component R16 10k
Added Member To Class: ClassName=RelayControl Member=Component R17 3
Added Member To Class: ClassName=RelayControl Member=Component ROWRES2 HEADER 9
Added Member To Class: ClassName=RelayControl Member=Component U5 MAX232
Added Member To Class: ClassName=RelayControl Member=Component X1 24MHz/12MHz
Added Room: Name=RelayControl
