C51 COMPILER V7.01  FONT                                                                   12/04/2011 13:12:40 PAGE 1   


C51 COMPILER V7.01, COMPILATION OF MODULE FONT
OBJECT MODULE PLACED IN font.OBJ
COMPILER INVOKED BY: C:\GreenTools\Keil\C51\BIN\C51.EXE font.c LARGE OPTIMIZE(SIZE) BROWSE DEBUG OBJECTEXTEND

stmt level    source

   1          #include "font.h"
   2          
   3          FNT_GB12 code HZK12[] = 
   4          {
   5          "探",
   6              0x10,0x00,0x11,0xFE,0x12,0xA8,0x3D,0x1C,0x12,0x24,0x1C,0x44,0x73,0xF8,0x10,0xD0,
   7              0x11,0x48,0x12,0x46,0x3C,0x40,0x00,0x00,
   8          "头",
   9              0x00,0x80,0x08,0x80,0x06,0x80,0x20,0x80,0x18,0x80,0x08,0x80,0x7F,0xFE,0x01,0x00,
  10              0x01,0xE0,0x06,0x1C,0x38,0x04,0x00,0x00,
  11          "设",
  12              0x00,0x10,0x19,0xF0,0x01,0x10,0x01,0x1E,0x7A,0x00,0x15,0xFC,0x10,0x90,0x12,0x90,
  13              0x14,0x60,0x18,0x90,0x07,0x0C,0x00,0x00,
  14          "置",
  15              0x00,0x00,0x3F,0xFC,0x22,0x44,0x1D,0xBC,0x23,0x40,0x0F,0xF0,0x0F,0xF0,0x08,0x10,
  16              0x0F,0xF0,0x08,0x10,0x7F,0xFE,0x00,0x00,
  17          "铂",
  18              0x10,0x20,0x10,0x20,0x1E,0xC6,0x20,0xBC,0x5C,0x84,0x50,0x84,0x7E,0xFC,0x10,0x84,
  19              0x12,0x84,0x1C,0xFC,0x00,0x84,0x00,0x00,
  20          "电",
  21              0x01,0x00,0x01,0x00,0x21,0x08,0x3F,0xF8,0x21,0x08,0x3F,0xF8,0x21,0x08,0x1F,0xF8,
  22              0x21,0x00,0x01,0x04,0x01,0xFE,0x00,0x00,
  23          "阻",
  24              0x00,0x00,0x3D,0xF8,0x29,0x08,0x29,0x08,0x31,0xF8,0x2D,0x08,0x25,0x08,0x3D,0xF8,
  25              0x21,0x08,0x21,0x08,0x22,0xF4,0x00,0x00,
  26          "热",
  27                  0x08,0x00,0x08,0x40,0x0A,0x48,0x3D,0xF8,0x08,0x48,0x3F,0x88,0x48,0xEA,0x3B,0x06,
  28                  0x00,0x00,0x04,0x44,0x22,0x46,0x00,0x00,
  29          "偶",
  30                  0x08,0x00,0x0F,0xF8,0x12,0x48,0x13,0xF8,0x33,0xF8,0x50,0x40,0x17,0xFC,0x14,0x54,
  31                  0x15,0xEC,0x14,0x04,0x14,0x0C,0x00,0x00,
  32          
  33          
  34          "序",
  35                  0x01,0x00,0x20,0x84,0x3F,0x78,0x20,0x9C,0x20,0xE0,0x20,0x40,0x27,0xFC,0x20,0x48,
  36                  0x20,0x40,0x40,0x40,0x00,0xC0,0x00,0x00,
  37          "列",
  38                  0x00,0x04,0x00,0x84,0x3F,0x64,0x08,0x24,0x17,0x24,0x31,0x24,0x4A,0x24,0x02,0x24,
  39                  0x04,0x24,0x18,0x04,0x60,0x1C,0x00,0x00,
  40          "号",
  41                  0x00,0x10,0x0F,0xF0,0x08,0x10,0x08,0x10,0x07,0xE0,0x3A,0x1C,0x04,0x00,0x03,0xF0,
  42                  0x00,0x10,0x00,0x10,0x00,0xE0,0x00,0x00,
  43          "类",
  44                  0x00,0x80,0x0C,0x90,0x04,0xA0,0x3B,0xDC,0x04,0xB8,0x19,0x04,0xE1,0x04,0x1F,0xF8,
  45                  0x02,0x40,0x04,0x30,0x38,0x0C,0x00,0x00,
  46          "型",
  47                  0x00,0x04,0x3F,0xA4,0x0A,0x24,0x0A,0xE4,0x3F,0x24,0x12,0x04,0x22,0x0C,0x40,0x80,
  48                  0x3F,0xF8,0x00,0x80,0x3F,0xFE,0x00,0x00,
  49          "参",
  50                  0x01,0x00,0x02,0x00,0x1C,0x38,0x03,0xC8,0x7E,0x74,0x08,0xA0,0x13,0x5C,0x6C,0xC0,
  51                  0x03,0x18,0x1C,0xE0,0x1F,0x00,0x00,0x00,
  52          "数",
  53                  0x04,0x20,0x25,0x20,0x16,0x40,0x2D,0xFC,0x17,0xC8,0x64,0x48,
  54                  0x08,0x28,0x37,0x30,0x1A,0x10,0x0D,0x28,0x31,0xC6,0x00,0x00,
  55          
C51 COMPILER V7.01  FONT                                                                   12/04/2011 13:12:40 PAGE 2   

  56          //结束标志,以下数据不要动!
  57              0x00,0x00,
  58                  0x00,0x00,0x00,0x00,0x00,0x00,0x00,0x00,0x00,0x00,0x00,0x00,
  59                  0x00,0x00,0x00,0x00,0x00,0x00,0x00,0x00,0x00,0x00,0x00,0x00,
  60          };
  61                  
  62          
  63          //将头移至左侧或右启位置工作已经正在中是否确内容会被新请选择要的形式出继续
  64          FNT_GB16 code HZK16[] = 
  65          {
  66          "外",
  67                  0x08,0x20,0x08,0x20,0x0F,0x20,0x11,0x20,0x11,0x20,0x21,0x30,0x52,0x28,0x8A,0x24,
  68                  0x0C,0x22,0x04,0x22,0x08,0x20,0x10,0x20,0x20,0x20,0x40,0x20,0x80,0x20,0x00,0x20,/*,0*/
  69          "值",
  70                  0x10,0x40,0x18,0x60,0x17,0xFC,0x10,0x40,0x20,0x80,0x33,0xF8,0x62,0x08,0xA3,0xF8,
  71                  0x22,0x08,0x23,0xF8,0x22,0x08,0x23,0xF8,0x22,0x08,0x22,0x08,0x2F,0xFE,0x20,0x00,/*,1*/
  72          "内",
  73                  0x01,0x00,0x01,0x00,0x01,0x00,0x3F,0xFC,0x21,0x04,0x21,0x04,0x21,0x84,0x22,0x44,
  74                  0x22,0x24,0x24,0x14,0x28,0x14,0x30,0x04,0x20,0x04,0x20,0x04,0x20,0x14,0x20,0x08,/*,0*/
  75          "校",
  76          0x10,0x40,0x10,0x20,0x10,0x20,0xFD,0xFE,0x10,0x00,0x38,0x88,0x34,0x84,0x51,0x0A,
  77          0x51,0x08,0x92,0x90,0x10,0x90,0x10,0x60,0x10,0x60,0x11,0x98,0x16,0x0E,0x10,0x04,/*,1*/
  78          "准",
  79          0x02,0x40,0x43,0x20,0x22,0x24,0x33,0xFE,0x26,0x20,0x0A,0x28,0x13,0xFC,0x12,0x20,
  80                  0x12,0x28,0xE3,0xFC,0x22,0x20,0x22,0x20,0x22,0x24,0x23,0xFE,0x22,0x00,0x00,0x00,/*,2*/
  81          
  82          "工",
  83                   0x00,0x00,0x3F,0xFC,0x01,0x00,0x01,0x00,0x01,0x00,0x01,0x00,0x01,0x00,0x01,0x00,
  84               0x01,0x00,0x01,0x00,0x01,0x00,0x01,0x00,0x01,0x00,0xFF,0xFE,0x00,0x00,0x00,0x00,
  85          "作",
  86                   0x08,0x80,0x0C,0x80,0x09,0x00,0x13,0xFE,0x12,0x80,0x34,0x88,0x50,0xFC,0x90,0x80,
  87               0x10,0x80,0x10,0x84,0x10,0xFE,0x10,0x80,0x10,0x80,0x10,0x80,0x10,0x80,0x10,0x80,
  88          "模",
  89                   0x20,0x90,0x20,0x90,0x27,0xFC,0x20,0x90,0xFB,0xF8,0x22,0x08,0x73,0xF8,0x6A,0x08,
  90               0xA3,0xF8,0xA0,0x40,0x27,0xFE,0x20,0x40,0x20,0xA0,0x20,0x98,0x21,0x0E,0x26,0x04,
  91          "式",
  92                   0x00,0xA0,0x00,0x98,0x00,0x90,0x7F,0xFC,0x00,0x80,0x00,0x80,0x00,0x80,0x3E,0x80,
  93               0x08,0x40,0x08,0x40,0x08,0x40,0x0B,0x20,0x1C,0x22,0x70,0x12,0x20,0x0A,0x00,0x04,
  94          "测",
  95                   0x40,0x02,0x27,0xC2,0x24,0x42,0x84,0x52,0x45,0x52,0x55,0x52,0x15,0x52,0x25,0x52,
  96               0x25,0x52,0x25,0x52,0xC5,0x52,0x41,0x02,0x42,0x82,0x42,0x42,0x44,0x4A,0x48,0x04,
  97          "量",
  98              0x1F,0xF0,0x10,0x10,0x1F,0xF0,0x10,0x10,0x1F,0xF0,0x00,0x00,0xFF,0xFE,0x11,0x10,
  99              0x1F,0xF0,0x11,0x10,0x1F,0xF0,0x01,0x00,0x1F,0xF8,0x01,0x00,0xFF,0xFE,0x00,0x00,
 100          
 101          "出",
 102                   0x01,0x00,0x01,0x00,0x21,0x04,0x21,0x04,0x21,0x04,0x21,0x04,0x3F,0xFC,0x21,0x04,
 103               0x01,0x00,0x21,0x04,0x21,0x04,0x21,0x04,0x21,0x04,0x3F,0xFC,0x20,0x04,0x00,0x00,
 104          "错",
 105                   0x10,0x90,0x10,0x90,0x3C,0x90,0x21,0xFC,0x40,0x90,0x7C,0x90,0x93,0xFE,0x10,0x00,
 106               0xFD,0xFC,0x11,0x04,0x11,0x04,0x11,0xFC,0x11,0x04,0x15,0x04,0x19,0xFC,0x11,0x04,
 107          "重",
 108              0x01,0xF0,0x3F,0x00,0x01,0x00,0xFF,0xFE,0x01,0x00,0x1F,0xF0,0x11,0x10,0x1F,0xF0,
 109              0x11,0x10,0x1F,0xF0,0x01,0x00,0x3F,0xF8,0x01,0x00,0x01,0x00,0xFF,0xFE,0x00,0x00,
 110          
 111          "更",
 112                   0x00,0x00,0x7F,0xFE,0x01,0x00,0x1F,0xF8,0x11,0x08,0x1F,0xF8,0x11,0x08,0x11,0x08,
 113               0x1F,0xF8,0x09,0x00,0x05,0x00,0x02,0x00,0x05,0x80,0x18,0x60,0xE0,0x1E,0x00,0x08,
 114          "新",
 115                   0x10,0x00,0x08,0x0E,0x7F,0x70,0x22,0x40,0x14,0x40,0xFF,0x7E,0x08,0x48,0x08,0x48,
 116               0xFF,0x48,0x08,0x48,0x2C,0x48,0x2A,0x88,0x4A,0x88,0x89,0x08,0x2A,0x08,0x10,0x08,
 117          "数",
C51 COMPILER V7.01  FONT                                                                   12/04/2011 13:12:40 PAGE 3   

 118                   0x08,0x20,0x49,0x30,0x2A,0x20,0x1C,0x20,0xFF,0x7E,0x1C,0x44,0x2B,0x44,0x48,0xC4,
 119               0x08,0x28,0xFF,0x28,0x12,0x10,0x34,0x10,0x0C,0x28,0x32,0x4E,0xC0,0x84,0x00,0x00,
 120          "据",
 121                   0x10,0x00,0x13,0xFC,0x12,0x04,0xFA,0x04,0x13,0xFC,0x12,0x20,0x16,0x20,0x1B,0xFE,
 122               0x32,0x20,0xD2,0x20,0x13,0xFC,0x13,0x04,0x15,0x04,0x15,0x04,0x59,0xFC,0x21,0x04,
 123          "系",
 124              0x00,0x7C,0x3F,0x80,0x02,0x20,0x04,0x20,0x08,0x40,0x1F,0x80,0x03,0x20,0x0C,0x10,
 125              0x3F,0xF8,0x10,0x8C,0x04,0xA0,0x08,0x90,0x10,0x88,0x20,0x84,0x42,0x84,0x01,0x00,
 126          "输",
 127               0x20,0x40,0x20,0x40,0xFC,0xA0,0x21,0x18,0x43,0xF6,0x54,0x00,0xFC,0x04,0x53,0xD4,
 128               0x12,0x54,0x1F,0xD4,0xF2,0x54,0x13,0xD4,0x12,0x54,0x12,0x54,0x13,0x44,0x12,0x8C,
 129          "入",
 130               0x0C,0x00,0x06,0x00,0x02,0x00,0x01,0x00,0x03,0x00,0x02,0x80,0x02,0x80,0x04,0x40,
 131               0x04,0x20,0x08,0x20,0x08,0x10,0x10,0x08,0x20,0x0E,0x40,0x04,0x80,0x00,0x00,0x00,
 132          "序",
 133               0x01,0x00,0x00,0x80,0x3F,0xFE,0x20,0x00,0x27,0xF8,0x21,0x10,0x20,0xA0,0x20,0x40,
 134               0x2F,0xFE,0x20,0x44,0x20,0x40,0x20,0x40,0x20,0x40,0x40,0x40,0x41,0x40,0x80,0x80,
 135          "列",
 136                   0x00,0x04,0xFF,0x84,0x08,0x04,0x11,0x24,0x1F,0xA4,0x11,0x24,0x21,0x24,0x52,0x24,
 137               0x8A,0x24,0x04,0x24,0x04,0x24,0x08,0x04,0x10,0x04,0x20,0x14,0xC0,0x08,0x00,0x00,
 138          "号",
 139              0x1F,0xF0,0x10,0x10,0x10,0x10,0x10,0x10,0x1F,0xF0,0x00,0x00,0xFF,0xFE,0x08,0x00,
 140              0x08,0x00,0x1F,0xF0,0x08,0x10,0x00,0x10,0x00,0x10,0x01,0x10,0x00,0xA0,0x00,0x40,
 141          
 142                  
 143          "类",
 144          0x21,0x08,0x11,0x10,0x09,0x20,0x7F,0xFE,0x03,0x80,0x0D,0x60,0x31,0x18,0xC1,0x04,
 145          0x01,0x00,0xFF,0xFE,0x01,0x00,0x02,0x80,0x04,0x40,0x08,0x30,0x30,0x0E,0xC0,0x04,
 146          "型",
 147          0x00,0x04,0x7F,0x84,0x12,0x24,0x12,0x24,0xFF,0xE4,0x12,0x24,0x12,0x24,0x22,0x24,
 148          0x22,0x04,0x41,0x14,0x01,0x08,0x3F,0xFC,0x01,0x00,0x01,0x00,0xFF,0xFE,0x00,0x00,
 149          "为",
 150          0x00,0x80,0x10,0x80,0x0C,0x80,0x04,0x84,0x7F,0xFE,0x01,0x04,0x01,0x04,0x01,0x84,
 151          0x01,0x44,0x02,0x24,0x02,0x24,0x04,0x04,0x08,0x44,0x10,0x28,0x20,0x10,0x00,0x00,
 152          "要",
 153                  0x00,0x00,0xFF,0xFE,0x04,0x40,0x3F,0xF8,0x24,0x48,0x24,0x48,0x3F,0xF8,0x24,0x08,
 154                  0x04,0x00,0xFF,0xFE,0x08,0x10,0x0E,0x20,0x01,0xC0,0x06,0x30,0x18,0x0C,0x60,0x08,
 155          "请",    
 156                   0x00,0x40,0x47,0xFC,0x30,0x40,0x23,0xF8,0x00,0x40,0x07,0xFE,0xF0,0x00,0x13,0xF8,
 157               0x12,0x08,0x13,0xF8,0x12,0x08,0x13,0xF8,0x16,0x08,0x1A,0x08,0x12,0x28,0x02,0x10,
 158          "使",    
 159                   0x08,0x40,0x0C,0x40,0x1B,0xFE,0x10,0x40,0x37,0xFC,0x64,0x44,0xA4,0x44,0x27,0xFC,
 160               0x24,0x44,0x22,0x40,0x21,0x80,0x20,0x80,0x21,0x70,0x22,0x1E,0x2C,0x04,0x00,0x00,
 161          "用",    
 162                   0x00,0x00,0x1F,0xFC,0x10,0x84,0x10,0x84,0x10,0x84,0x1F,0xFC,0x10,0x84,0x10,0x84,
 163               0x10,0x84,0x1F,0xFC,0x10,0x84,0x10,0x84,0x20,0x84,0x20,0x84,0x40,0x94,0x80,0x88,
 164          "的",    
 165              0x10,0x80,0x10,0x80,0x20,0x80,0x7C,0xFC,0x45,0x04,0x45,0x04,0x46,0x04,0x7C,0x84,
 166              0x44,0x44,0x44,0x64,0x44,0x24,0x44,0x04,0x7C,0x04,0x44,0x28,0x40,0x10,0x00,0x00,
 167              
 168          "正",
 169                   0x00,0x00,0x7F,0xFE,0x00,0x80,0x00,0x80,0x00,0x80,0x00,0x80,0x10,0x80,0x10,0xFC,
 170               0x10,0x80,0x10,0x80,0x10,0x80,0x10,0x80,0x10,0x80,0xFF,0xFE,0x00,0x00,0x00,0x00,
 171          "在",
 172                   0x02,0x00,0x02,0x00,0x7F,0xFE,0x04,0x00,0x04,0x00,0x08,0x40,0x18,0x40,0x17,0xFC,
 173               0x30,0x40,0x50,0x40,0x90,0x40,0x10,0x40,0x10,0x40,0x17,0xFE,0x10,0x00,0x00,0x00,
 174          "启",
 175                   0x01,0x00,0x00,0xC0,0x00,0x80,0x1F,0xFC,0x10,0x04,0x10,0x04,0x1F,0xFC,0x10,0x00,
 176               0x10,0x00,0x17,0xFC,0x14,0x04,0x24,0x04,0x24,0x04,0x47,0xFC,0x84,0x04,0x00,0x00,
 177          "动",
 178              0x00,0x20,0x00,0x20,0x7E,0x20,0x00,0x20,0x00,0xFC,0xFF,0x24,0x10,0x24,0x10,0x24,
 179              0x24,0x24,0x22,0x24,0x4F,0x44,0xFA,0x44,0x40,0x84,0x01,0x14,0x02,0x08,0x00,0x00,
C51 COMPILER V7.01  FONT                                                                   12/04/2011 13:12:40 PAGE 4   

 180          "热",
 181                  0x10,0x80,0x10,0x80,0xFF,0xF8,0x10,0x90,0x12,0x90,0x19,0x90,0xF0,0xD0,0x51,0x68,
 182                  0x12,0x2A,0x54,0x0A,0x28,0x06,0x01,0x10,0x28,0x88,0x64,0xCC,0xC4,0x44,0x80,0x00,
 183          "电",
 184                  0x01,0x00,0x01,0x00,0x01,0x00,0x3F,0xF8,0x21,0x08,0x21,0x08,0x3F,0xF8,0x21,0x08,
 185                  0x21,0x08,0x21,0x08,0x3F,0xF8,0x21,0x08,0x01,0x02,0x01,0x02,0x00,0xFE,0x00,0x00,
 186          "偶",
 187                  0x00,0x00,0x13,0xF8,0x1A,0x48,0x12,0x48,0x33,0xF8,0x22,0x48,0x62,0x48,0xA3,0xF8,
 188                  0x20,0x40,0x27,0xFC,0x24,0x44,0x24,0x54,0x24,0xFC,0x27,0x84,0x24,0x14,0x24,0x08,
 189          "参",
 190              0x02,0x00,0x02,0x40,0x04,0x20,0x1F,0xF0,0x02,0x04,0xFF,0xFE,0x04,0x40,0x08,0xA0,
 191              0x13,0x10,0x2C,0x4E,0xC1,0x84,0x0E,0x10,0x00,0x60,0x01,0x80,0x0E,0x00,0x70,0x00,
 192          "数",
 193              0x08,0x40,0x49,0x40,0x2A,0x40,0x08,0x84,0xFF,0xFE,0x19,0x08,0x2C,0x88,0x4A,0x88,
 194              0x10,0x88,0xFE,0x90,0x22,0x50,0x22,0x20,0x14,0x50,0x18,0x88,0x25,0x0E,0x42,0x04,
 195          "配",
 196                  0x00,0x00,0xFE,0xFC,0x28,0x04,0x28,0x04,0xFE,0x04,0xAA,0x04,0xAA,0xFC,0xAA,0x80,
 197                  0xC6,0x80,0x82,0x80,0xFE,0x80,0x82,0x82,0x82,0x82,0xFE,0x82,0x82,0x7E,0x00,0x00,
 198          "置",
 199                  0x3F,0xF8,0x24,0x48,0x24,0x48,0x3F,0xF8,0x01,0x00,0x7F,0xFC,0x02,0x00,0x1F,0xF0,
 200                  0x10,0x10,0x1F,0xF0,0x10,0x10,0x1F,0xF0,0x10,0x10,0x1F,0xF0,0x10,0x10,0xFF,0xFE,
 201          "选",
 202              0x00,0x40,0x22,0x40,0x12,0x40,0x13,0xF8,0x04,0x40,0x00,0x40,0xF7,0xFC,0x11,0x20,
 203              0x11,0x20,0x12,0x24,0x12,0x24,0x14,0x1C,0x10,0x00,0x28,0x00,0x47,0xFE,0x00,0x00,
 204          "择",   
 205              0x20,0x00,0x23,0xF8,0x21,0x10,0xFC,0xA0,0x20,0x40,0x20,0xA0,0x2B,0x58,0x30,0x46,
 206              0x63,0xF8,0xA0,0x40,0x20,0x40,0x27,0xFE,0x20,0x40,0x20,0x40,0xA0,0x40,0x40,0x40,
 207          "各",   
 208              0x04,0x00,0x04,0x00,0x07,0xF0,0x0C,0x20,0x12,0x20,0x62,0x40,0x01,0x80,0x06,0x60,
 209              0x18,0x1E,0xEF,0xF4,0x08,0x10,0x08,0x10,0x08,0x10,0x08,0x10,0x0F,0xF0,0x00,0x00,
 210          "通",   
 211              0x40,0x00,0x27,0xF8,0x20,0x90,0x00,0x60,0x07,0xF8,0x04,0x48,0xE7,0xF8,0x24,0x48,
 212              0x24,0x48,0x27,0xF8,0x24,0x48,0x24,0x68,0x24,0x50,0x50,0x00,0x8F,0xFE,0x00,0x00,
 213          "道",   
 214              0x02,0x10,0x41,0x20,0x2F,0xFC,0x20,0x80,0x01,0x00,0x03,0xF0,0xE2,0x10,0x23,0xF0,
 215              0x22,0x10,0x23,0xF0,0x22,0x10,0x23,0xF0,0x22,0x10,0x50,0x00,0x8F,0xFE,0x00,0x00,
 216          "探",   
 217              0x10,0x00,0x13,0xFE,0x12,0x04,0xFD,0x10,0x11,0x0C,0x12,0x44,0x18,0x40,0x17,0xFE,
 218              0x30,0xC0,0xD1,0x60,0x11,0x50,0x12,0x48,0x14,0x4E,0x10,0x44,0x50,0x40,0x20,0x40,
 219          "头",   
 220                  0x00,0x80,0x10,0x80,0x0C,0x80,0x04,0x80,0x10,0x80,0x0C,0x80,0x08,0x80,0x00,0x80,
 221                  0xFF,0xFE,0x00,0x80,0x01,0x40,0x02,0x20,0x04,0x30,0x08,0x18,0x10,0x0C,0x20,0x08,
 222          "设",
 223              0x01,0xF0,0x21,0x10,0x11,0x10,0x11,0x10,0x01,0x10,0x02,0x0E,0xF4,0x00,0x13,0xF8,
 224              0x11,0x08,0x11,0x10,0x10,0x90,0x10,0xA0,0x14,0x40,0x18,0xB0,0x13,0x0E,0x0C,0x04,
 225          "定",
 226              0x02,0x00,0x01,0x00,0x7F,0xFE,0x40,0x02,0x80,0x24,0x1F,0xF0,0x01,0x00,0x01,0x00,
 227              0x11,0x20,0x11,0xF0,0x11,0x00,0x11,0x00,0x11,0x00,0x29,0x06,0x47,0xFC,0x80,0x00,
 228          "铂",
 229              0x10,0x10,0x10,0x10,0x20,0x20,0x3E,0xFE,0x40,0x82,0x7C,0x82,0x90,0x82,0x10,0xFE,
 230              0xFE,0x82,0x10,0x82,0x10,0x82,0x12,0x82,0x14,0x82,0x18,0xFE,0x10,0x82,0x00,0x00,
 231          "阻",
 232              0x7C,0x00,0x4B,0xF8,0x4A,0x08,0x52,0x08,0x62,0x08,0x53,0xF8,0x4A,0x08,0x4A,0x08,
 233              0x4A,0x08,0x6B,0xF8,0x52,0x08,0x42,0x08,0x42,0x08,0x42,0x08,0x4F,0xFE,0x40,0x00,
 234          "内",
 235               0x01,0x00,0x01,0x00,0x01,0x00,0x3F,0xFC,0x21,0x04,0x21,0x04,0x21,0x84,0x22,0x44,
 236               0x22,0x24,0x24,0x14,0x28,0x14,0x30,0x04,0x20,0x04,0x20,0x04,0x20,0x14,0x20,0x08,
 237          "标",
 238                   0x10,0x00,0x11,0xFC,0x10,0x00,0x10,0x00,0xFC,0x00,0x13,0xFE,0x38,0x20,0x34,0x20,
 239               0x55,0x28,0x51,0x24,0x92,0x26,0x14,0x22,0x10,0x22,0x10,0x20,0x10,0xA0,0x10,0x40,
 240          "准",
 241                   0x02,0x40,0x43,0x20,0x22,0x24,0x33,0xFE,0x26,0x20,0x0A,0x28,0x13,0xFC,0x12,0x20,
C51 COMPILER V7.01  FONT                                                                   12/04/2011 13:12:40 PAGE 5   

 242               0x12,0x28,0xE3,0xFC,0x22,0x20,0x22,0x20,0x22,0x24,0x23,0xFE,0x22,0x00,0x00,0x00,
 243          "校",
 244                   0x10,0x40,0x10,0x20,0x10,0x20,0xFD,0xFE,0x10,0x00,0x38,0x88,0x34,0x84,0x51,0x0A,
 245               0x51,0x08,0x92,0x90,0x10,0x90,0x10,0x60,0x10,0x60,0x11,0x98,0x16,0x0E,0x10,0x04,
 246          "中",
 247                   0x01,0x00,0x01,0x00,0x21,0x08,0x3F,0xFC,0x21,0x08,0x21,0x08,0x21,0x08,0x21,0x08,
 248               0x21,0x08,0x3F,0xF8,0x21,0x08,0x01,0x00,0x01,0x00,0x01,0x00,0x01,0x00,0x01,0x00,
 249          "流",
 250                   0x20,0x80,0x10,0x40,0x17,0xFE,0x00,0x40,0x80,0x80,0x49,0x10,0x4B,0xF8,0x10,0x08,
 251               0x12,0x50,0x12,0x50,0xE2,0x50,0x22,0x50,0x24,0x52,0x24,0x52,0x28,0x4E,0x20,0x00,
 252          "换",
 253                   0x10,0x80,0x10,0x80,0x11,0xF8,0xFD,0x10,0x12,0x20,0x17,0xF8,0x12,0x48,0x1A,0x48,
 254               0x32,0x48,0xDF,0xFE,0x10,0x40,0x10,0xA0,0x10,0x90,0x11,0x0E,0x56,0x04,0x20,0x00,
 255          "向",
 256                   0x02,0x00,0x04,0x00,0x3F,0xFC,0x20,0x04,0x20,0x04,0x27,0xE4,0x24,0x24,0x24,0x24,
 257               0x24,0x24,0x24,0x24,0x27,0xE4,0x24,0x24,0x20,0x04,0x20,0x14,0x20,0x08,0x00,0x00,
 258          "时",
 259                   0x00,0x10,0x00,0x10,0x7C,0x10,0x44,0x10,0x47,0xFE,0x44,0x10,0x7C,0x10,0x45,0x10,
 260               0x44,0x90,0x44,0x90,0x7C,0x10,0x00,0x10,0x00,0x10,0x00,0x10,0x00,0x50,0x00,0x20,
 261          "间",
 262                   0x20,0x00,0x13,0xFC,0x10,0x04,0x40,0x04,0x47,0xE4,0x44,0x24,0x44,0x24,0x47,0xE4,
 263               0x44,0x24,0x44,0x24,0x47,0xE4,0x40,0x04,0x40,0x04,0x40,0x04,0x40,0x14,0x40,0x08,
 264          "秒",
 265              0x0C,0x20,0xF0,0x20,0x10,0x20,0x11,0x28,0xFD,0xA4,0x11,0x22,0x32,0x22,0x3A,0x20,
 266              0x54,0x22,0x54,0x22,0x90,0x04,0x10,0x08,0x10,0x10,0x10,0x60,0x11,0x80,0x16,0x00,
 267          
 268          
 269          //结束标志,以下数据不要动!
 270              0x00,0x00,
 271                  0x00,0x00,0x00,0x00,0x00,0x00,0x00,0x00,0x00,0x00,0x00,0x00,0x00,0x00,0x00,0x00,
 272                  0x00,0x00,0x00,0x00,0x00,0x00,0x00,0x00,0x00,0x00,0x00,0x00,0x00,0x00,0x00,0x00
 273          };
 274          
 275          uchar code ASC8x16[256][16]={
 276                  0x00,0x00,0x00,0x00,0x00,0x00,0x00,0x00,0x00,0x00,0x00,0x00,0x00,0x00,0x00,0x00,
 277                  0x00,0x00,0x7e,0x81,0xa5,0x81,0x81,0xbd,0x99,0x81,0x81,0x7e,0x00,0x00,0x00,0x00,
 278                  0x00,0x00,0x7e,0xff,0xdb,0xff,0xff,0xc3,0xe7,0xff,0xff,0x7e,0x00,0x00,0x00,0x00,
 279                  0x00,0x00,0x00,0x00,0x6c,0xfe,0xfe,0xfe,0xfe,0x7c,0x38,0x10,0x00,0x00,0x00,0x00,
 280                  0x00,0x00,0x00,0x00,0x10,0x38,0x7c,0xfe,0x7c,0x38,0x10,0x00,0x00,0x00,0x00,0x00,
 281                  0x00,0x00,0x00,0x18,0x3c,0x3c,0xe7,0xe7,0xe7,0x18,0x18,0x3c,0x00,0x00,0x00,0x00,
 282                  0x00,0x00,0x00,0x18,0x3c,0x7e,0xff,0xff,0x7e,0x18,0x18,0x3c,0x00,0x00,0x00,0x00,
 283                  0x00,0x00,0x00,0x00,0x00,0x00,0x18,0x3c,0x3c,0x18,0x00,0x00,0x00,0x00,0x00,0x00,
 284                  0xff,0xff,0xff,0xff,0xff,0xff,0xe7,0xc3,0xc3,0xe7,0xff,0xff,0xff,0xff,0xff,0xff,
 285                  0x00,0x00,0x00,0x00,0x00,0x3c,0x66,0x42,0x42,0x66,0x3c,0x00,0x00,0x00,0x00,0x00,
 286                  0xff,0xff,0xff,0xff,0xff,0xc3,0x99,0xbd,0xbd,0x99,0xc3,0xff,0xff,0xff,0xff,0xff,
 287                  0x00,0x00,0x1e,0x0e,0x1a,0x32,0x78,0xcc,0xcc,0xcc,0xcc,0x78,0x00,0x00,0x00,0x00,
 288                  0x00,0x00,0x3c,0x66,0x66,0x66,0x66,0x3c,0x18,0x7e,0x18,0x18,0x00,0x00,0x00,0x00,
 289                  0x00,0x00,0x3f,0x33,0x3f,0x30,0x30,0x30,0x30,0x70,0xf0,0xe0,0x00,0x00,0x00,0x00,
 290                  0x00,0x00,0x7f,0x63,0x7f,0x63,0x63,0x63,0x63,0x67,0xe7,0xe6,0xc0,0x00,0x00,0x00,
 291                  0x00,0x00,0x00,0x18,0x18,0xdb,0x3c,0xe7,0x3c,0xdb,0x18,0x18,0x00,0x00,0x00,0x00,
 292                  0x00,0x80,0xc0,0xe0,0xf0,0xf8,0xfe,0xf8,0xf0,0xe0,0xc0,0x80,0x00,0x00,0x00,0x00,
 293                  0x00,0x02,0x06,0x0e,0x1e,0x3e,0xfe,0x3e,0x1e,0x0e,0x06,0x02,0x00,0x00,0x00,0x00,
 294                  0x00,0x00,0x18,0x3c,0x7e,0x18,0x18,0x18,0x7e,0x3c,0x18,0x00,0x00,0x00,0x00,0x00,
 295                  0x00,0x00,0x66,0x66,0x66,0x66,0x66,0x66,0x66,0x00,0x66,0x66,0x00,0x00,0x00,0x00,
 296                  0x00,0x00,0x7f,0xdb,0xdb,0xdb,0x7b,0x1b,0x1b,0x1b,0x1b,0x1b,0x00,0x00,0x00,0x00,
 297                  0x00,0x7c,0xc6,0x60,0x38,0x6c,0xc6,0xc6,0x6c,0x38,0x0c,0xc6,0x7c,0x00,0x00,0x00,
 298                  0x00,0x00,0x00,0x00,0x00,0x00,0x00,0x00,0xfe,0xfe,0xfe,0xfe,0x00,0x00,0x00,0x00,
 299                  0x00,0x00,0x18,0x3c,0x7e,0x18,0x18,0x18,0x7e,0x3c,0x18,0x7e,0x00,0x00,0x00,0x00,
 300                  0x00,0x00,0x18,0x3c,0x7e,0x18,0x18,0x18,0x18,0x18,0x18,0x18,0x00,0x00,0x00,0x00,
 301                  0x00,0x00,0x18,0x18,0x18,0x18,0x18,0x18,0x18,0x7e,0x3c,0x18,0x00,0x00,0x00,0x00,
 302                  0x00,0x00,0x00,0x00,0x00,0x18,0x0c,0xfe,0x0c,0x18,0x00,0x00,0x00,0x00,0x00,0x00,
 303                  0x00,0x00,0x00,0x00,0x00,0x30,0x60,0xfe,0x60,0x30,0x00,0x00,0x00,0x00,0x00,0x00,
C51 COMPILER V7.01  FONT                                                                   12/04/2011 13:12:40 PAGE 6   

 304                  0x00,0x00,0x00,0x00,0x00,0x00,0xc0,0xc0,0xc0,0xfe,0x00,0x00,0x00,0x00,0x00,0x00,
 305                  0x00,0x00,0x00,0x00,0x00,0x28,0x6c,0xfe,0x6c,0x28,0x00,0x00,0x00,0x00,0x00,0x00,
 306                  0x00,0x00,0x00,0x00,0x10,0x38,0x38,0x7c,0x7c,0xfe,0xfe,0x00,0x00,0x00,0x00,0x00,
 307                  0x00,0x00,0x00,0x00,0xfe,0xfe,0x7c,0x7c,0x38,0x38,0x10,0x00,0x00,0x00,0x00,0x00,
 308                  0x00,0x00,0x00,0x00,0x00,0x00,0x00,0x00,0x00,0x00,0x00,0x00,0x00,0x00,0x00,0x00,
 309                  0x40,0xA0,0x4E,0x11,0x20,0x20,0x20,0x20,0x20,0x20,0x20,0x20,0x11,0x0E,0x00,0x00,//      0x00,0x00,0x18,0x3c,0x
             -3c,0x3c,0x18,0x18,0x18,0x00,0x18,0x18,0x00,0x00,0x00,0x00,
 310                  0x00,0x66,0x66,0x66,0x24,0x00,0x00,0x00,0x00,0x00,0x00,0x00,0x00,0x00,0x00,0x00,
 311                  0x00,0x00,0x00,0x6c,0x6c,0xfe,0x6c,0x6c,0x6c,0xfe,0x6c,0x6c,0x00,0x00,0x00,0x00,
 312                  0x18,0x18,0x7c,0xc6,0xc2,0xc0,0x7c,0x06,0x06,0x86,0xc6,0x7c,0x18,0x18,0x00,0x00,
 313                  0x00,0x00,0x00,0x00,0xc2,0xc6,0x0c,0x18,0x30,0x60,0xc6,0x86,0x00,0x00,0x00,0x00,
 314                  0x00,0x00,0x38,0x6c,0x6c,0x38,0x76,0xdc,0xcc,0xcc,0xcc,0x76,0x00,0x00,0x00,0x00,
 315                  0x00,0x30,0x30,0x30,0x60,0x00,0x00,0x00,0x00,0x00,0x00,0x00,0x00,0x00,0x00,0x00,
 316                  0x00,0x00,0x0c,0x18,0x30,0x30,0x30,0x30,0x30,0x30,0x18,0x0c,0x00,0x00,0x00,0x00,
 317                  0x00,0x00,0x30,0x18,0x0c,0x0c,0x0c,0x0c,0x0c,0x0c,0x18,0x30,0x00,0x00,0x00,0x00,
 318                  0x00,0x00,0x00,0x00,0x00,0x66,0x3c,0xff,0x3c,0x66,0x00,0x00,0x00,0x00,0x00,0x00,
 319                  0x00,0x00,0x00,0x00,0x00,0x18,0x18,0x7e,0x18,0x18,0x00,0x00,0x00,0x00,0x00,0x00,
 320                  0x00,0x00,0x00,0x00,0x00,0x00,0x00,0x00,0x00,0x18,0x18,0x18,0x30,0x00,0x00,0x00,
 321                  0x00,0x00,0x00,0x00,0x00,0x00,0x00,0xfe,0x00,0x00,0x00,0x00,0x00,0x00,0x00,0x00,
 322                  0x00,0x00,0x00,0x00,0x00,0x00,0x00,0x00,0x00,0x00,0x18,0x18,0x00,0x00,0x00,0x00,
 323                  0x00,0x00,0x00,0x00,0x02,0x06,0x0c,0x18,0x30,0x60,0xc0,0x80,0x00,0x00,0x00,0x00,
 324                  0x00,0x00,0x38,0x6c,0xc6,0xc6,0xd6,0xd6,0xc6,0xc6,0x6c,0x38,0x00,0x00,0x00,0x00,
 325                  0x00,0x00,0x18,0x38,0x78,0x18,0x18,0x18,0x18,0x18,0x18,0x7e,0x00,0x00,0x00,0x00,
 326                  0x00,0x00,0x7c,0xc6,0x06,0x0c,0x18,0x30,0x60,0xc0,0xc6,0xfe,0x00,0x00,0x00,0x00,
 327                  0x00,0x00,0x7c,0xc6,0x06,0x06,0x3c,0x06,0x06,0x06,0xc6,0x7c,0x00,0x00,0x00,0x00,
 328                  0x00,0x00,0x0c,0x1c,0x3c,0x6c,0xcc,0xfe,0x0c,0x0c,0x0c,0x1e,0x00,0x00,0x00,0x00,
 329                  0x00,0x00,0xfe,0xc0,0xc0,0xc0,0xfc,0x06,0x06,0x06,0xc6,0x7c,0x00,0x00,0x00,0x00,
 330                  0x00,0x00,0x38,0x60,0xc0,0xc0,0xfc,0xc6,0xc6,0xc6,0xc6,0x7c,0x00,0x00,0x00,0x00,
 331                  0x00,0x00,0xfe,0xc6,0x06,0x06,0x0c,0x18,0x30,0x30,0x30,0x30,0x00,0x00,0x00,0x00,
 332                  0x00,0x00,0x7c,0xc6,0xc6,0xc6,0x7c,0xc6,0xc6,0xc6,0xc6,0x7c,0x00,0x00,0x00,0x00,
 333                  0x00,0x00,0x7c,0xc6,0xc6,0xc6,0x7e,0x06,0x06,0x06,0x0c,0x78,0x00,0x00,0x00,0x00,
 334                  0x00,0x00,0x00,0x00,0x18,0x18,0x00,0x00,0x00,0x18,0x18,0x00,0x00,0x00,0x00,0x00,
 335                  0x00,0x00,0x00,0x00,0x18,0x18,0x00,0x00,0x00,0x18,0x18,0x30,0x00,0x00,0x00,0x00,
 336                  0x00,0x00,0x00,0x06,0x0c,0x18,0x30,0x60,0x30,0x18,0x0c,0x06,0x00,0x00,0x00,0x00,
 337                  0x00,0x00,0x00,0x00,0x00,0x7e,0x00,0x00,0x7e,0x00,0x00,0x00,0x00,0x00,0x00,0x00,
 338                  0x00,0x00,0x00,0x60,0x30,0x18,0x0c,0x06,0x0c,0x18,0x30,0x60,0x00,0x00,0x00,0x00,
 339                  0x00,0x00,0x7c,0xc6,0xc6,0x0c,0x18,0x18,0x18,0x00,0x18,0x18,0x00,0x00,0x00,0x00,
 340                  0x00,0x00,0x00,0x7c,0xc6,0xc6,0xde,0xde,0xde,0xdc,0xc0,0x7c,0x00,0x00,0x00,0x00,
 341                  0x00,0x00,0x10,0x38,0x6c,0xc6,0xc6,0xfe,0xc6,0xc6,0xc6,0xc6,0x00,0x00,0x00,0x00,
 342                  0x00,0x00,0xfc,0x66,0x66,0x66,0x7c,0x66,0x66,0x66,0x66,0xfc,0x00,0x00,0x00,0x00,
 343                  0x00,0x00,0x3c,0x66,0xc2,0xc0,0xc0,0xc0,0xc0,0xc2,0x66,0x3c,0x00,0x00,0x00,0x00,
 344                  0x00,0x00,0xf8,0x6c,0x66,0x66,0x66,0x66,0x66,0x66,0x6c,0xf8,0x00,0x00,0x00,0x00,
 345                  0x00,0x00,0xfe,0x66,0x62,0x68,0x78,0x68,0x60,0x62,0x66,0xfe,0x00,0x00,0x00,0x00,
 346                  0x00,0x00,0xfe,0x66,0x62,0x68,0x78,0x68,0x60,0x60,0x60,0xf0,0x00,0x00,0x00,0x00,
 347                  0x00,0x00,0x3c,0x66,0xc2,0xc0,0xc0,0xde,0xc6,0xc6,0x66,0x3a,0x00,0x00,0x00,0x00,
 348                  0x00,0x00,0xc6,0xc6,0xc6,0xc6,0xfe,0xc6,0xc6,0xc6,0xc6,0xc6,0x00,0x00,0x00,0x00,
 349                  0x00,0x00,0x3c,0x18,0x18,0x18,0x18,0x18,0x18,0x18,0x18,0x3c,0x00,0x00,0x00,0x00,
 350                  0x00,0x00,0x1e,0x0c,0x0c,0x0c,0x0c,0x0c,0xcc,0xcc,0xcc,0x78,0x00,0x00,0x00,0x00,
 351                  0x00,0x00,0xe6,0x66,0x66,0x6c,0x78,0x78,0x6c,0x66,0x66,0xe6,0x00,0x00,0x00,0x00,
 352                  0x00,0x00,0xf0,0x60,0x60,0x60,0x60,0x60,0x60,0x62,0x66,0xfe,0x00,0x00,0x00,0x00,
 353                  0x00,0x00,0xc6,0xee,0xfe,0xfe,0xd6,0xc6,0xc6,0xc6,0xc6,0xc6,0x00,0x00,0x00,0x00,
 354                  0x00,0x00,0xc6,0xe6,0xf6,0xfe,0xde,0xce,0xc6,0xc6,0xc6,0xc6,0x00,0x00,0x00,0x00,
 355                  0x00,0x00,0x7c,0xc6,0xc6,0xc6,0xc6,0xc6,0xc6,0xc6,0xc6,0x7c,0x00,0x00,0x00,0x00,
 356                  0x00,0x00,0xfc,0x66,0x66,0x66,0x7c,0x60,0x60,0x60,0x60,0xf0,0x00,0x00,0x00,0x00,
 357                  0x00,0x00,0x7c,0xc6,0xc6,0xc6,0xc6,0xc6,0xc6,0xd6,0xde,0x7c,0x0c,0x0e,0x00,0x00,
 358                  0x00,0x00,0xfc,0x66,0x66,0x66,0x7c,0x6c,0x66,0x66,0x66,0xe6,0x00,0x00,0x00,0x00,
 359                  0x00,0x00,0x7c,0xc6,0xc6,0x60,0x38,0x0c,0x06,0xc6,0xc6,0x7c,0x00,0x00,0x00,0x00,
 360                  0x00,0x00,0x7e,0x7e,0x5a,0x18,0x18,0x18,0x18,0x18,0x18,0x3c,0x00,0x00,0x00,0x00,
 361                  0x00,0x00,0xc6,0xc6,0xc6,0xc6,0xc6,0xc6,0xc6,0xc6,0xc6,0x7c,0x00,0x00,0x00,0x00,
 362                  0x00,0x00,0xc6,0xc6,0xc6,0xc6,0xc6,0xc6,0xc6,0x6c,0x38,0x10,0x00,0x00,0x00,0x00,
 363                  0x00,0x00,0xc6,0xc6,0xc6,0xc6,0xd6,0xd6,0xd6,0xfe,0xee,0x6c,0x00,0x00,0x00,0x00,
 364                  0x00,0x00,0xc6,0xc6,0x6c,0x7c,0x38,0x38,0x7c,0x6c,0xc6,0xc6,0x00,0x00,0x00,0x00,
C51 COMPILER V7.01  FONT                                                                   12/04/2011 13:12:40 PAGE 7   

 365                  0x00,0x00,0x66,0x66,0x66,0x66,0x3c,0x18,0x18,0x18,0x18,0x3c,0x00,0x00,0x00,0x00,
 366                  0x00,0x00,0xfe,0xc6,0x86,0x0c,0x18,0x30,0x60,0xc2,0xc6,0xfe,0x00,0x00,0x00,0x00,
 367                  0x00,0x00,0x3c,0x30,0x30,0x30,0x30,0x30,0x30,0x30,0x30,0x3c,0x00,0x00,0x00,0x00,
 368                  0x00,0x00,0x00,0x80,0xc0,0xe0,0x70,0x38,0x1c,0x0e,0x06,0x02,0x00,0x00,0x00,0x00,
 369                  0x00,0x00,0x3c,0x0c,0x0c,0x0c,0x0c,0x0c,0x0c,0x0c,0x0c,0x3c,0x00,0x00,0x00,0x00,
 370                  0x10,0x38,0x6c,0xc6,0x00,0x00,0x00,0x00,0x00,0x00,0x00,0x00,0x00,0x00,0x00,0x00,
 371                  0x00,0x00,0x00,0x00,0x00,0x00,0x00,0x00,0x00,0x00,0x00,0x00,0x00,0xff,0x00,0x00,
 372                  0x30,0x30,0x18,0x00,0x00,0x00,0x00,0x00,0x00,0x00,0x00,0x00,0x00,0x00,0x00,0x00,
 373                  0x00,0x00,0x00,0x00,0x00,0x78,0x0c,0x7c,0xcc,0xcc,0xcc,0x76,0x00,0x00,0x00,0x00,
 374                  0x00,0x00,0xe0,0x60,0x60,0x78,0x6c,0x66,0x66,0x66,0x66,0x7c,0x00,0x00,0x00,0x00,
 375                  0x00,0x00,0x00,0x00,0x00,0x7c,0xc6,0xc0,0xc0,0xc0,0xc6,0x7c,0x00,0x00,0x00,0x00,
 376                  0x00,0x00,0x1c,0x0c,0x0c,0x3c,0x6c,0xcc,0xcc,0xcc,0xcc,0x76,0x00,0x00,0x00,0x00,
 377                  0x00,0x00,0x00,0x00,0x00,0x7c,0xc6,0xfe,0xc0,0xc0,0xc6,0x7c,0x00,0x00,0x00,0x00,
 378                  0x00,0x00,0x38,0x6c,0x64,0x60,0xf0,0x60,0x60,0x60,0x60,0xf0,0x00,0x00,0x00,0x00,
 379                  0x00,0x00,0x00,0x00,0x00,0x76,0xcc,0xcc,0xcc,0xcc,0xcc,0x7c,0x0c,0xcc,0x78,0x00,
 380                  0x00,0x00,0xe0,0x60,0x60,0x6c,0x76,0x66,0x66,0x66,0x66,0xe6,0x00,0x00,0x00,0x00,
 381                  0x00,0x00,0x18,0x18,0x00,0x38,0x18,0x18,0x18,0x18,0x18,0x3c,0x00,0x00,0x00,0x00,
 382                  0x00,0x00,0x06,0x06,0x00,0x0e,0x06,0x06,0x06,0x06,0x06,0x06,0x66,0x66,0x3c,0x00,
 383                  0x00,0x00,0xe0,0x60,0x60,0x66,0x6c,0x78,0x78,0x6c,0x66,0xe6,0x00,0x00,0x00,0x00,
 384                  0x00,0x00,0x38,0x18,0x18,0x18,0x18,0x18,0x18,0x18,0x18,0x3c,0x00,0x00,0x00,0x00,
 385                  0x00,0x00,0x00,0x00,0x00,0xec,0xfe,0xd6,0xd6,0xd6,0xd6,0xc6,0x00,0x00,0x00,0x00,
 386                  0x00,0x00,0x00,0x00,0x00,0xdc,0x66,0x66,0x66,0x66,0x66,0x66,0x00,0x00,0x00,0x00,
 387                  0x00,0x00,0x00,0x00,0x00,0x7c,0xc6,0xc6,0xc6,0xc6,0xc6,0x7c,0x00,0x00,0x00,0x00,
 388                  0x00,0x00,0x00,0x00,0x00,0xdc,0x66,0x66,0x66,0x66,0x66,0x7c,0x60,0x60,0xf0,0x00,
 389                  0x00,0x00,0x00,0x00,0x00,0x76,0xcc,0xcc,0xcc,0xcc,0xcc,0x7c,0x0c,0x0c,0x1e,0x00,
 390                  0x00,0x00,0x00,0x00,0x00,0xdc,0x76,0x66,0x60,0x60,0x60,0xf0,0x00,0x00,0x00,0x00,
 391                  0x00,0x00,0x00,0x00,0x00,0x7c,0xc6,0x60,0x38,0x0c,0xc6,0x7c,0x00,0x00,0x00,0x00,
 392                  0x00,0x00,0x10,0x30,0x30,0xfc,0x30,0x30,0x30,0x30,0x36,0x1c,0x00,0x00,0x00,0x00,
 393                  0x00,0x00,0x00,0x00,0x00,0xcc,0xcc,0xcc,0xcc,0xcc,0xcc,0x76,0x00,0x00,0x00,0x00,
 394                  0x00,0x00,0x00,0x00,0x00,0x66,0x66,0x66,0x66,0x66,0x3c,0x18,0x00,0x00,0x00,0x00,
 395                  0x00,0x00,0x00,0x00,0x00,0xc6,0xc6,0xd6,0xd6,0xd6,0xfe,0x6c,0x00,0x00,0x00,0x00,
 396                  0x00,0x00,0x00,0x00,0x00,0xc6,0x6c,0x38,0x38,0x38,0x6c,0xc6,0x00,0x00,0x00,0x00,
 397                  0x00,0x00,0x00,0x00,0x00,0xc6,0xc6,0xc6,0xc6,0xc6,0xc6,0x7e,0x06,0x0c,0xf8,0x00,
 398                  0x00,0x00,0x00,0x00,0x00,0xfe,0xcc,0x18,0x30,0x60,0xc6,0xfe,0x00,0x00,0x00,0x00,
 399                  0x00,0x00,0x0e,0x18,0x18,0x18,0x70,0x18,0x18,0x18,0x18,0x0e,0x00,0x00,0x00,0x00,
 400                  0x00,0x00,0x18,0x18,0x18,0x18,0x00,0x18,0x18,0x18,0x18,0x18,0x00,0x00,0x00,0x00,
 401                  0x00,0x00,0x70,0x18,0x18,0x18,0x0e,0x18,0x18,0x18,0x18,0x70,0x00,0x00,0x00,0x00,
 402                  0x00,0x00,0x76,0xdc,0x00,0x00,0x00,0x00,0x00,0x00,0x00,0x00,0x00,0x00,0x00,0x00,
 403                  0x00,0x00,0x00,0x00,0x10,0x38,0x6c,0xc6,0xc6,0xc6,0xfe,0x00,0x00,0x00,0x00,0x00,
 404                  0x00,0x00,0x3c,0x66,0xc2,0xc0,0xc0,0xc0,0xc2,0x66,0x3c,0x0c,0x06,0x7c,0x00,0x00,
 405                  0x00,0x00,0xcc,0x00,0x00,0xcc,0xcc,0xcc,0xcc,0xcc,0xcc,0x76,0x00,0x00,0x00,0x00,
 406                  0x00,0x0c,0x18,0x30,0x00,0x7c,0xc6,0xfe,0xc0,0xc0,0xc6,0x7c,0x00,0x00,0x00,0x00,
 407                  0x00,0x10,0x38,0x6c,0x00,0x78,0x0c,0x7c,0xcc,0xcc,0xcc,0x76,0x00,0x00,0x00,0x00,
 408                  0x00,0x00,0xcc,0x00,0x00,0x78,0x0c,0x7c,0xcc,0xcc,0xcc,0x76,0x00,0x00,0x00,0x00,
 409                  0x00,0x60,0x30,0x18,0x00,0x78,0x0c,0x7c,0xcc,0xcc,0xcc,0x76,0x00,0x00,0x00,0x00,
 410                  0x00,0x38,0x6c,0x38,0x00,0x78,0x0c,0x7c,0xcc,0xcc,0xcc,0x76,0x00,0x00,0x00,0x00,
 411                  0x00,0x00,0x00,0x00,0x3c,0x66,0x60,0x60,0x66,0x3c,0x0c,0x06,0x3c,0x00,0x00,0x00,
 412                  0x00,0x10,0x38,0x6c,0x00,0x7c,0xc6,0xfe,0xc0,0xc0,0xc6,0x7c,0x00,0x00,0x00,0x00,
 413                  0x00,0x00,0xc6,0x00,0x00,0x7c,0xc6,0xfe,0xc0,0xc0,0xc6,0x7c,0x00,0x00,0x00,0x00,
 414                  0x00,0x60,0x30,0x18,0x00,0x7c,0xc6,0xfe,0xc0,0xc0,0xc6,0x7c,0x00,0x00,0x00,0x00,
 415                  0x00,0x00,0x66,0x00,0x00,0x38,0x18,0x18,0x18,0x18,0x18,0x3c,0x00,0x00,0x00,0x00,
 416                  0x00,0x18,0x3c,0x66,0x00,0x38,0x18,0x18,0x18,0x18,0x18,0x3c,0x00,0x00,0x00,0x00,
 417                  0x00,0x60,0x30,0x18,0x00,0x38,0x18,0x18,0x18,0x18,0x18,0x3c,0x00,0x00,0x00,0x00,
 418                  0x00,0xc6,0x00,0x10,0x38,0x6c,0xc6,0xc6,0xfe,0xc6,0xc6,0xc6,0x00,0x00,0x00,0x00,
 419                  0x38,0x6c,0x38,0x00,0x38,0x6c,0xc6,0xc6,0xfe,0xc6,0xc6,0xc6,0x00,0x00,0x00,0x00,
 420                  0x18,0x30,0x60,0x00,0xfe,0x66,0x60,0x7c,0x60,0x60,0x66,0xfe,0x00,0x00,0x00,0x00,
 421                  0x00,0x00,0x00,0x00,0x00,0xcc,0x76,0x36,0x7e,0xd8,0xd8,0x6e,0x00,0x00,0x00,0x00,
 422                  0x00,0x00,0x3e,0x6c,0xcc,0xcc,0xfe,0xcc,0xcc,0xcc,0xcc,0xce,0x00,0x00,0x00,0x00,
 423                  0x00,0x10,0x38,0x6c,0x00,0x7c,0xc6,0xc6,0xc6,0xc6,0xc6,0x7c,0x00,0x00,0x00,0x00,
 424                  0x00,0x00,0xc6,0x00,0x00,0x7c,0xc6,0xc6,0xc6,0xc6,0xc6,0x7c,0x00,0x00,0x00,0x00,
 425                  0x00,0x60,0x30,0x18,0x00,0x7c,0xc6,0xc6,0xc6,0xc6,0xc6,0x7c,0x00,0x00,0x00,0x00,
 426                  0x00,0x30,0x78,0xcc,0x00,0xcc,0xcc,0xcc,0xcc,0xcc,0xcc,0x76,0x00,0x00,0x00,0x00,
C51 COMPILER V7.01  FONT                                                                   12/04/2011 13:12:40 PAGE 8   

 427                  0x00,0x60,0x30,0x18,0x00,0xcc,0xcc,0xcc,0xcc,0xcc,0xcc,0x76,0x00,0x00,0x00,0x00,
 428                  0x00,0x00,0xc6,0x00,0x00,0xc6,0xc6,0xc6,0xc6,0xc6,0xc6,0x7e,0x06,0x0c,0x78,0x00,
 429                  0x00,0xc6,0x00,0x7c,0xc6,0xc6,0xc6,0xc6,0xc6,0xc6,0xc6,0x7c,0x00,0x00,0x00,0x00,
 430                  0x00,0xc6,0x00,0xc6,0xc6,0xc6,0xc6,0xc6,0xc6,0xc6,0xc6,0x7c,0x00,0x00,0x00,0x00,
 431                  0x00,0x18,0x18,0x3c,0x66,0x60,0x60,0x60,0x66,0x3c,0x18,0x18,0x00,0x00,0x00,0x00,
 432                  0x00,0x38,0x6c,0x64,0x60,0xf0,0x60,0x60,0x60,0x60,0xe6,0xfc,0x00,0x00,0x00,0x00,
 433                  0x00,0x00,0x66,0x66,0x3c,0x18,0x7e,0x18,0x7e,0x18,0x18,0x18,0x00,0x00,0x00,0x00,
 434                  0x00,0xf8,0xcc,0xcc,0xf8,0xc4,0xcc,0xde,0xcc,0xcc,0xcc,0xc6,0x00,0x00,0x00,0x00,
 435                  0x00,0x0e,0x1b,0x18,0x18,0x18,0x7e,0x18,0x18,0x18,0x18,0x18,0xd8,0x70,0x00,0x00,
 436                  0x00,0x18,0x30,0x60,0x00,0x78,0x0c,0x7c,0xcc,0xcc,0xcc,0x76,0x00,0x00,0x00,0x00,
 437                  0x00,0x0c,0x18,0x30,0x00,0x38,0x18,0x18,0x18,0x18,0x18,0x3c,0x00,0x00,0x00,0x00,
 438                  0x00,0x18,0x30,0x60,0x00,0x7c,0xc6,0xc6,0xc6,0xc6,0xc6,0x7c,0x00,0x00,0x00,0x00,
 439                  0x00,0x18,0x30,0x60,0x00,0xcc,0xcc,0xcc,0xcc,0xcc,0xcc,0x76,0x00,0x00,0x00,0x00,
 440                  0x00,0x00,0x76,0xdc,0x00,0xdc,0x66,0x66,0x66,0x66,0x66,0x66,0x00,0x00,0x00,0x00,
 441                  0x76,0xdc,0x00,0xc6,0xe6,0xf6,0xfe,0xde,0xce,0xc6,0xc6,0xc6,0x00,0x00,0x00,0x00,
 442                  0x00,0x3c,0x6c,0x6c,0x3e,0x00,0x7e,0x00,0x00,0x00,0x00,0x00,0x00,0x00,0x00,0x00,
 443                  0x00,0x38,0x6c,0x6c,0x38,0x00,0x7c,0x00,0x00,0x00,0x00,0x00,0x00,0x00,0x00,0x00,
 444                  0x00,0x00,0x30,0x30,0x00,0x30,0x30,0x60,0xc0,0xc6,0xc6,0x7c,0x00,0x00,0x00,0x00,
 445                  0x00,0x00,0x00,0x00,0x00,0x00,0xfe,0xc0,0xc0,0xc0,0xc0,0x00,0x00,0x00,0x00,0x00,
 446                  0x00,0x00,0x00,0x00,0x00,0x00,0xfe,0x06,0x06,0x06,0x06,0x00,0x00,0x00,0x00,0x00,
 447                  0x00,0xc0,0xc0,0xc2,0xc6,0xcc,0x18,0x30,0x60,0xdc,0x86,0x0c,0x18,0x3e,0x00,0x00,
 448                  0x00,0xc0,0xc0,0xc2,0xc6,0xcc,0x18,0x30,0x66,0xce,0x9e,0x3e,0x06,0x06,0x00,0x00,
 449                  0x00,0x00,0x18,0x18,0x00,0x18,0x18,0x18,0x3c,0x3c,0x3c,0x18,0x00,0x00,0x00,0x00,
 450                  0x00,0x00,0x00,0x00,0x00,0x36,0x6c,0xd8,0x6c,0x36,0x00,0x00,0x00,0x00,0x00,0x00,
 451                  0x00,0x00,0x00,0x00,0x00,0xd8,0x6c,0x36,0x6c,0xd8,0x00,0x00,0x00,0x00,0x00,0x00,
 452                  0x11,0x44,0x11,0x44,0x11,0x44,0x11,0x44,0x11,0x44,0x11,0x44,0x11,0x44,0x11,0x44,
 453                  0x55,0xaa,0x55,0xaa,0x55,0xaa,0x55,0xaa,0x55,0xaa,0x55,0xaa,0x55,0xaa,0x55,0xaa,
 454                  0xdd,0x77,0xdd,0x77,0xdd,0x77,0xdd,0x77,0xdd,0x77,0xdd,0x77,0xdd,0x77,0xdd,0x77,
 455                  0x18,0x18,0x18,0x18,0x18,0x18,0x18,0x18,0x18,0x18,0x18,0x18,0x18,0x18,0x18,0x18,
 456                  0x18,0x18,0x18,0x18,0x18,0x18,0x18,0xf8,0x18,0x18,0x18,0x18,0x18,0x18,0x18,0x18,
 457                  0x18,0x18,0x18,0x18,0x18,0xf8,0x18,0xf8,0x18,0x18,0x18,0x18,0x18,0x18,0x18,0x18,
 458                  0x36,0x36,0x36,0x36,0x36,0x36,0x36,0xf6,0x36,0x36,0x36,0x36,0x36,0x36,0x36,0x36,
 459                  0x00,0x00,0x00,0x00,0x00,0x00,0x00,0xfe,0x36,0x36,0x36,0x36,0x36,0x36,0x36,0x36,
 460                  0x00,0x00,0x00,0x00,0x00,0xf8,0x18,0xf8,0x18,0x18,0x18,0x18,0x18,0x18,0x18,0x18,
 461                  0x36,0x36,0x36,0x36,0x36,0xf6,0x06,0xf6,0x36,0x36,0x36,0x36,0x36,0x36,0x36,0x36,
 462                  0x36,0x36,0x36,0x36,0x36,0x36,0x36,0x36,0x36,0x36,0x36,0x36,0x36,0x36,0x36,0x36,
 463                  0x00,0x00,0x00,0x00,0x00,0xfe,0x06,0xf6,0x36,0x36,0x36,0x36,0x36,0x36,0x36,0x36,
 464                  0x36,0x36,0x36,0x36,0x36,0xf6,0x06,0xfe,0x00,0x00,0x00,0x00,0x00,0x00,0x00,0x00,
 465                  0x36,0x36,0x36,0x36,0x36,0x36,0x36,0xfe,0x00,0x00,0x00,0x00,0x00,0x00,0x00,0x00,
 466                  0x18,0x18,0x18,0x18,0x18,0xf8,0x18,0xf8,0x00,0x00,0x00,0x00,0x00,0x00,0x00,0x00,
 467                  0x00,0x00,0x00,0x00,0x00,0x00,0x00,0xf8,0x18,0x18,0x18,0x18,0x18,0x18,0x18,0x18,
 468                  0x18,0x18,0x18,0x18,0x18,0x18,0x18,0x1f,0x00,0x00,0x00,0x00,0x00,0x00,0x00,0x00,
 469                  0x18,0x18,0x18,0x18,0x18,0x18,0x18,0xff,0x00,0x00,0x00,0x00,0x00,0x00,0x00,0x00,
 470                  0x00,0x00,0x00,0x00,0x00,0x00,0x00,0xff,0x18,0x18,0x18,0x18,0x18,0x18,0x18,0x18,
 471                  0x18,0x18,0x18,0x18,0x18,0x18,0x18,0x1f,0x18,0x18,0x18,0x18,0x18,0x18,0x18,0x18,
 472                  0x00,0x00,0x00,0x00,0x00,0x00,0x00,0xff,0x00,0x00,0x00,0x00,0x00,0x00,0x00,0x00,
 473                  0x18,0x18,0x18,0x18,0x18,0x18,0x18,0xff,0x18,0x18,0x18,0x18,0x18,0x18,0x18,0x18,
 474                  0x18,0x18,0x18,0x18,0x18,0x1f,0x18,0x1f,0x18,0x18,0x18,0x18,0x18,0x18,0x18,0x18,
 475                  0x36,0x36,0x36,0x36,0x36,0x36,0x36,0x37,0x36,0x36,0x36,0x36,0x36,0x36,0x36,0x36,
 476                  0x36,0x36,0x36,0x36,0x36,0x37,0x30,0x3f,0x00,0x00,0x00,0x00,0x00,0x00,0x00,0x00,
 477                  0x00,0x00,0x00,0x00,0x00,0x3f,0x30,0x37,0x36,0x36,0x36,0x36,0x36,0x36,0x36,0x36,
 478                  0x36,0x36,0x36,0x36,0x36,0xf7,0x00,0xff,0x00,0x00,0x00,0x00,0x00,0x00,0x00,0x00,
 479                  0x00,0x00,0x00,0x00,0x00,0xff,0x00,0xf7,0x36,0x36,0x36,0x36,0x36,0x36,0x36,0x36,
 480                  0x36,0x36,0x36,0x36,0x36,0x37,0x30,0x37,0x36,0x36,0x36,0x36,0x36,0x36,0x36,0x36,
 481                  0x00,0x00,0x00,0x00,0x00,0xff,0x00,0xff,0x00,0x00,0x00,0x00,0x00,0x00,0x00,0x00,
 482                  0x36,0x36,0x36,0x36,0x36,0xf7,0x00,0xf7,0x36,0x36,0x36,0x36,0x36,0x36,0x36,0x36,
 483                  0x18,0x18,0x18,0x18,0x18,0xff,0x00,0xff,0x00,0x00,0x00,0x00,0x00,0x00,0x00,0x00,
 484                  0x36,0x36,0x36,0x36,0x36,0x36,0x36,0xff,0x00,0x00,0x00,0x00,0x00,0x00,0x00,0x00,
 485                  0x00,0x00,0x00,0x00,0x00,0xff,0x00,0xff,0x18,0x18,0x18,0x18,0x18,0x18,0x18,0x18,
 486                  0x00,0x00,0x00,0x00,0x00,0x00,0x00,0xff,0x36,0x36,0x36,0x36,0x36,0x36,0x36,0x36,
 487                  0x36,0x36,0x36,0x36,0x36,0x36,0x36,0x3f,0x00,0x00,0x00,0x00,0x00,0x00,0x00,0x00,
 488                  0x18,0x18,0x18,0x18,0x18,0x1f,0x18,0x1f,0x00,0x00,0x00,0x00,0x00,0x00,0x00,0x00,
C51 COMPILER V7.01  FONT                                                                   12/04/2011 13:12:40 PAGE 9   

 489                  0x00,0x00,0x00,0x00,0x00,0x1f,0x18,0x1f,0x18,0x18,0x18,0x18,0x18,0x18,0x18,0x18,
 490                  0x00,0x00,0x00,0x00,0x00,0x00,0x00,0x3f,0x36,0x36,0x36,0x36,0x36,0x36,0x36,0x36,
 491                  0x36,0x36,0x36,0x36,0x36,0x36,0x36,0xff,0x36,0x36,0x36,0x36,0x36,0x36,0x36,0x36,
 492                  0x18,0x18,0x18,0x18,0x18,0xff,0x18,0xff,0x18,0x18,0x18,0x18,0x18,0x18,0x18,0x18,
 493                  0x18,0x18,0x18,0x18,0x18,0x18,0x18,0xf8,0x00,0x00,0x00,0x00,0x00,0x00,0x00,0x00,
 494                  0x00,0x00,0x00,0x00,0x00,0x00,0x00,0x1f,0x18,0x18,0x18,0x18,0x18,0x18,0x18,0x18,
 495                  0xff,0xff,0xff,0xff,0xff,0xff,0xff,0xff,0xff,0xff,0xff,0xff,0xff,0xff,0xff,0xff,
 496                  0x00,0x00,0x00,0x00,0x00,0x00,0x00,0xff,0xff,0xff,0xff,0xff,0xff,0xff,0xff,0xff,
 497                  0xf0,0xf0,0xf0,0xf0,0xf0,0xf0,0xf0,0xf0,0xf0,0xf0,0xf0,0xf0,0xf0,0xf0,0xf0,0xf0,
 498                  0x0f,0x0f,0x0f,0x0f,0x0f,0x0f,0x0f,0x0f,0x0f,0x0f,0x0f,0x0f,0x0f,0x0f,0x0f,0x0f,
 499                  0xff,0xff,0xff,0xff,0xff,0xff,0xff,0x00,0x00,0x00,0x00,0x00,0x00,0x00,0x00,0x00,
 500                  0x00,0x00,0x00,0x00,0x00,0x76,0xdc,0xd8,0xd8,0xd8,0xdc,0x76,0x00,0x00,0x00,0x00,
 501                  0x00,0x00,0x78,0xcc,0xcc,0xcc,0xd8,0xcc,0xc6,0xc6,0xc6,0xcc,0x00,0x00,0x00,0x00,
 502                  0x00,0x00,0xfe,0xc6,0xc6,0xc0,0xc0,0xc0,0xc0,0xc0,0xc0,0xc0,0x00,0x00,0x00,0x00,
 503                  0x00,0x00,0x00,0x00,0xfe,0x6c,0x6c,0x6c,0x6c,0x6c,0x6c,0x6c,0x00,0x00,0x00,0x00,
 504                  0x00,0x00,0x00,0xfe,0xc6,0x60,0x30,0x18,0x30,0x60,0xc6,0xfe,0x00,0x00,0x00,0x00,
 505                  0x00,0x00,0x00,0x00,0x00,0x7e,0xd8,0xd8,0xd8,0xd8,0xd8,0x70,0x00,0x00,0x00,0x00,
 506                  0x00,0x00,0x00,0x00,0x66,0x66,0x66,0x66,0x66,0x7c,0x60,0x60,0xc0,0x00,0x00,0x00,
 507                  0x00,0x00,0x00,0x00,0x76,0xdc,0x18,0x18,0x18,0x18,0x18,0x18,0x00,0x00,0x00,0x00,
 508                  0x00,0x00,0x00,0x7e,0x18,0x3c,0x66,0x66,0x66,0x3c,0x18,0x7e,0x00,0x00,0x00,0x00,
 509                  0x00,0x00,0x00,0x38,0x6c,0xc6,0xc6,0xfe,0xc6,0xc6,0x6c,0x38,0x00,0x00,0x00,0x00,
 510                  0x00,0x00,0x38,0x6c,0xc6,0xc6,0xc6,0x6c,0x6c,0x6c,0x6c,0xee,0x00,0x00,0x00,0x00,
 511                  0x00,0x00,0x1e,0x30,0x18,0x0c,0x3e,0x66,0x66,0x66,0x66,0x3c,0x00,0x00,0x00,0x00,
 512                  0x00,0x00,0x00,0x00,0x00,0x7e,0xdb,0xdb,0xdb,0x7e,0x00,0x00,0x00,0x00,0x00,0x00,
 513                  0x00,0x00,0x00,0x03,0x06,0x7e,0xdb,0xdb,0xf3,0x7e,0x60,0xc0,0x00,0x00,0x00,0x00,
 514                  0x00,0x00,0x1c,0x30,0x60,0x60,0x7c,0x60,0x60,0x60,0x30,0x1c,0x00,0x00,0x00,0x00,
 515                  0x00,0x00,0x00,0x7c,0xc6,0xc6,0xc6,0xc6,0xc6,0xc6,0xc6,0xc6,0x00,0x00,0x00,0x00,
 516                  0x00,0x00,0x00,0x00,0xfe,0x00,0x00,0xfe,0x00,0x00,0xfe,0x00,0x00,0x00,0x00,0x00,
 517                  0x00,0x00,0x00,0x00,0x18,0x18,0x7e,0x18,0x18,0x00,0x00,0xff,0x00,0x00,0x00,0x00,
 518                  0x00,0x00,0x00,0x30,0x18,0x0c,0x06,0x0c,0x18,0x30,0x00,0x7e,0x00,0x00,0x00,0x00,
 519                  0x00,0x00,0x00,0x0c,0x18,0x30,0x60,0x30,0x18,0x0c,0x00,0x7e,0x00,0x00,0x00,0x00,
 520                  0x00,0x00,0x0e,0x1b,0x1b,0x18,0x18,0x18,0x18,0x18,0x18,0x18,0x18,0x18,0x18,0x18,
 521                  0x18,0x18,0x18,0x18,0x18,0x18,0x18,0x18,0xd8,0xd8,0xd8,0x70,0x00,0x00,0x00,0x00,
 522                  0x00,0x00,0x00,0x00,0x18,0x18,0x00,0x7e,0x00,0x18,0x18,0x00,0x00,0x00,0x00,0x00,
 523                  0x00,0x00,0x00,0x00,0x00,0x76,0xdc,0x00,0x76,0xdc,0x00,0x00,0x00,0x00,0x00,0x00,
 524                  0x00,0x38,0x6c,0x6c,0x38,0x00,0x00,0x00,0x00,0x00,0x00,0x00,0x00,0x00,0x00,0x00,
 525                  0x00,0x00,0x00,0x00,0x00,0x00,0x00,0x18,0x18,0x00,0x00,0x00,0x00,0x00,0x00,0x00,
 526                  0x00,0x00,0x00,0x00,0x00,0x00,0x00,0x00,0x18,0x00,0x00,0x00,0x00,0x00,0x00,0x00,
 527                  0x00,0x0f,0x0c,0x0c,0x0c,0x0c,0x0c,0xec,0x6c,0x6c,0x3c,0x1c,0x00,0x00,0x00,0x00,
 528                  0x00,0xd8,0x6c,0x6c,0x6c,0x6c,0x6c,0x00,0x00,0x00,0x00,0x00,0x00,0x00,0x00,0x00,
 529                  0x00,0x70,0xd8,0x30,0x60,0xc8,0xf8,0x00,0x00,0x00,0x00,0x00,0x00,0x00,0x00,0x00,
 530                  0x00,0x00,0x00,0x00,0x7c,0x7c,0x7c,0x7c,0x7c,0x7c,0x7c,0x00,0x00,0x00,0x00,0x00,
 531                  0x00,0x00,0x00,0x00,0x00,0x00,0x00,0x00,0x00,0x00,0x00,0x00,0x00,0x00,0x00,0x00,
 532          };
 533          
 534          /*
 535          uchar code Font24X32[13][96]={
 536                  0x00,0x00,0x00,0x00,0x00,0x00,0x00,0x7E,0x00,0x01,0xFF,0x80,0x03,0xFF,0xC0,0x07, //0
 537                  0xFF,0xE0,0x07,0xC3,0xE0,0x0F,0x81,0xF0,0x0F,0x81,0xF0,0x0F,0x00,0xF0,0x1F,0x00,
 538                  0xF8,0x1F,0x00,0xF8,0x1F,0x00,0xF8,0x1F,0x00,0xF8,0x1F,0x00,0xF8,0x1F,0x00,0xF8,
 539                  0x1F,0x00,0xF8,0x1F,0x00,0xF8,0x1F,0x00,0xF8,0x1F,0x00,0xF8,0x1F,0x00,0xF8,0x0F,
 540                  0x00,0xF0,0x0F,0x81,0xF0,0x0F,0x81,0xF0,0x07,0xC3,0xE0,0x07,0xFF,0xE0,0x03,0xFF,
 541                  0xC0,0x01,0xFF,0x80,0x00,0x7E,0x00,0x00,0x00,0x00,0x00,0x00,0x00,0x00,0x00,0x00,
 542          
 543                  0x00,0x00,0x00,0x00,0x00,0x00,0x00,0x03,0xC0,0x00,0x07,0xC0,0x00,0x0F,0xC0,0x00, //1
 544                  0x1F,0xC0,0x00,0x3F,0xC0,0x00,0x7F,0xC0,0x01,0xFF,0xC0,0x03,0xFF,0xC0,0x03,0xF7,
 545                  0xC0,0x03,0xC7,0xC0,0x03,0x07,0xC0,0x00,0x07,0xC0,0x00,0x07,0xC0,0x00,0x07,0xC0,
 546                  0x00,0x07,0xC0,0x00,0x07,0xC0,0x00,0x07,0xC0,0x00,0x07,0xC0,0x00,0x07,0xC0,0x00,
 547                  0x07,0xC0,0x00,0x07,0xC0,0x00,0x07,0xC0,0x00,0x07,0xC0,0x00,0x07,0xC0,0x00,0x07,
 548                  0xC0,0x00,0x07,0xC0,0x00,0x07,0xC0,0x00,0x00,0x00,0x00,0x00,0x00,0x00,0x00,0x00,
 549          
 550                  0x00,0x00,0x00,0x00,0x00,0x00,0x00,0x7F,0x00,0x01,0xFF,0xC0,0x03,0xFF,0xE0,0x07, //2
C51 COMPILER V7.01  FONT                                                                   12/04/2011 13:12:40 PAGE 10  

 551                  0xFF,0xF0,0x07,0xE1,0xF0,0x0F,0xE0,0xF8,0x0F,0x80,0xF8,0x0F,0x80,0xF8,0x00,0x00,
 552                  0xF8,0x00,0x00,0xF8,0x00,0x01,0xF8,0x00,0x03,0xF0,0x00,0x07,0xF0,0x00,0x0F,0xE0,
 553                  0x00,0x1F,0xC0,0x00,0x3F,0x80,0x00,0x7F,0x00,0x00,0xFE,0x00,0x01,0xFC,0x00,0x01,
 554                  0xF0,0x00,0x03,0xE0,0x00,0x07,0xE0,0x00,0x0F,0xFF,0xF8,0x0F,0xFF,0xF8,0x0F,0xFF,
 555                  0xF8,0x1F,0xFF,0xF8,0x1F,0xFF,0xF8,0x00,0x00,0x00,0x00,0x00,0x00,0x00,0x00,0x00,
 556          
 557                  0x00,0x00,0x00,0x00,0x00,0x00,0x00,0x7E,0x00,0x01,0xFF,0x80,0x03,0xFF,0xC0,0x07, //3
 558                  0xFF,0xE0,0x07,0xE3,0xF0,0x0F,0x80,0xF0,0x07,0x01,0xF0,0x00,0x01,0xF0,0x00,0x03,
 559                  0xF0,0x00,0x07,0xE0,0x00,0x1F,0xC0,0x00,0x3F,0x80,0x00,0x3F,0xC0,0x00,0x3F,0xE0,
 560                  0x00,0x03,0xF0,0x00,0x01,0xF0,0x00,0x00,0xF8,0x00,0x00,0xF8,0x00,0x00,0xF8,0x0F,
 561                  0x00,0xF8,0x1F,0x00,0xF8,0x1F,0x81,0xF0,0x0F,0xC3,0xF0,0x07,0xFF,0xE0,0x07,0xFF,
 562                  0xC0,0x01,0xFF,0x80,0x00,0x7E,0x00,0x00,0x00,0x00,0x00,0x00,0x00,0x00,0x00,0x00,
 563          
 564                  0x00,0x00,0x00,0x00,0x00,0x00,0x00,0x03,0xE0,0x00,0x03,0xE0,0x00,0x07,0xE0,0x00, //4
 565                  0x0F,0xE0,0x00,0x0F,0xE0,0x00,0x1F,0xE0,0x00,0x3F,0xE0,0x00,0x3F,0xE0,0x00,0x7F,
 566                  0xE0,0x00,0x7B,0xE0,0x00,0xF3,0xE0,0x01,0xF3,0xE0,0x01,0xE3,0xE0,0x03,0xE3,0xE0,
 567                  0x07,0xC3,0xE0,0x07,0x83,0xE0,0x0F,0x83,0xE0,0x1F,0x03,0xE0,0x1F,0xFF,0xFC,0x1F,
 568                  0xFF,0xFC,0x1F,0xFF,0xFC,0x1F,0xFF,0xFC,0x00,0x03,0xE0,0x00,0x03,0xE0,0x00,0x03,
 569                  0xE0,0x00,0x03,0xE0,0x00,0x03,0xE0,0x00,0x00,0x00,0x00,0x00,0x00,0x00,0x00,0x00,
 570          
 571                  0x00,0x00,0x00,0x00,0x00,0x00,0x01,0xFF,0xF0,0x01,0xFF,0xF0,0x03,0xFF,0xF0,0x03, //5
 572                  0xFF,0xF0,0x03,0xFF,0xF0,0x03,0xE0,0x00,0x03,0xE0,0x00,0x07,0xE0,0x00,0x07,0xC0,
 573                  0x00,0x07,0xDF,0x00,0x07,0xFF,0xC0,0x07,0xFF,0xE0,0x0F,0xFF,0xF0,0x0F,0xC3,0xF0,
 574                  0x07,0x81,0xF8,0x00,0x00,0xF8,0x00,0x00,0xF8,0x00,0x00,0xF8,0x00,0x00,0xF8,0x0F,
 575                  0x00,0xF8,0x1F,0x00,0xF8,0x1F,0x81,0xF0,0x0F,0xC3,0xF0,0x0F,0xFF,0xE0,0x07,0xFF,
 576                  0xC0,0x01,0xFF,0x80,0x00,0xFE,0x00,0x00,0x00,0x00,0x00,0x00,0x00,0x00,0x00,0x00,
 577          
 578                  0x00,0x00,0x00,0x00,0x00,0x00,0x00,0x3F,0x00,0x00,0xFF,0x80,0x03,0xFF,0xC0,0x07, //6
 579                  0xFF,0xE0,0x07,0xC3,0xE0,0x0F,0x81,0xF0,0x0F,0x01,0xF0,0x0F,0x00,0x00,0x1F,0x00,
 580                  0x00,0x1F,0x3F,0x00,0x1F,0xFF,0x80,0x1F,0xFF,0xE0,0x1F,0xFF,0xE0,0x1F,0xC3,0xF0,
 581                  0x1F,0x01,0xF0,0x1F,0x00,0xF8,0x1F,0x00,0xF8,0x1F,0x00,0xF8,0x1F,0x00,0xF8,0x0F,
 582                  0x00,0xF8,0x0F,0x80,0xF8,0x0F,0x81,0xF0,0x07,0xC3,0xF0,0x07,0xFF,0xE0,0x03,0xFF,
 583                  0xE0,0x01,0xFF,0x80,0x00,0x7E,0x00,0x00,0x00,0x00,0x00,0x00,0x00,0x00,0x00,0x00,
 584          
 585                  0x00,0x00,0x00,0x00,0x00,0x00,0x1F,0xFF,0xF8,0x1F,0xFF,0xF8,0x1F,0xFF,0xF8,0x1F, //7
 586                  0xFF,0xF8,0x1F,0xFF,0xF8,0x00,0x01,0xF0,0x00,0x03,0xE0,0x00,0x07,0xC0,0x00,0x07,
 587                  0xC0,0x00,0x0F,0x80,0x00,0x0F,0x00,0x00,0x1F,0x00,0x00,0x1E,0x00,0x00,0x3E,0x00,
 588                  0x00,0x3E,0x00,0x00,0x7C,0x00,0x00,0x7C,0x00,0x00,0x7C,0x00,0x00,0xF8,0x00,0x00,
 589                  0xF8,0x00,0x00,0xF8,0x00,0x00,0xF8,0x00,0x01,0xF0,0x00,0x01,0xF0,0x00,0x01,0xF0,
 590                  0x00,0x01,0xF0,0x00,0x01,0xF0,0x00,0x00,0x00,0x00,0x00,0x00,0x00,0x00,0x00,0x00,
 591          
 592                  0x00,0x00,0x00,0x00,0x00,0x00,0x00,0x7E,0x00,0x01,0xFF,0x80,0x07,0xFF,0xC0,0x07, //8
 593                  0xFF,0xE0,0x0F,0xC3,0xF0,0x0F,0x81,0xF0,0x0F,0x81,0xF0,0x0F,0x81,0xF0,0x0F,0x81,
 594                  0xF0,0x07,0xC3,0xE0,0x07,0xFF,0xC0,0x01,0xFF,0x80,0x03,0xFF,0xC0,0x07,0xFF,0xE0,
 595                  0x0F,0xC3,0xF0,0x0F,0x81,0xF0,0x1F,0x00,0xF8,0x1F,0x00,0xF8,0x1F,0x00,0xF8,0x1F,
 596                  0x00,0xF8,0x1F,0x00,0xF8,0x1F,0x81,0xF8,0x0F,0xC3,0xF0,0x0F,0xFF,0xF0,0x07,0xFF,
 597                  0xE0,0x01,0xFF,0x80,0x00,0x7E,0x00,0x00,0x00,0x00,0x00,0x00,0x00,0x00,0x00,0x00,
 598          
 599                  0x00,0x00,0x00,0x00,0x00,0x00,0x00,0x7E,0x00,0x01,0xFF,0x80,0x07,0xFF,0xC0,0x07, //9
 600                  0xFF,0xE0,0x0F,0xC3,0xE0,0x0F,0x81,0xF0,0x1F,0x01,0xF0,0x1F,0x00,0xF0,0x1F,0x00,
 601                  0xF8,0x1F,0x00,0xF8,0x1F,0x00,0xF8,0x1F,0x00,0xF8,0x0F,0x81,0xF8,0x0F,0xC3,0xF8,
 602                  0x07,0xFF,0xF8,0x07,0xFF,0xF8,0x01,0xFF,0xF8,0x00,0x7C,0xF8,0x00,0x00,0xF8,0x00,
 603                  0x00,0xF0,0x0F,0x80,0xF0,0x0F,0x81,0xF0,0x07,0xC3,0xE0,0x07,0xFF,0xE0,0x03,0xFF,
 604                  0xC0,0x01,0xFF,0x00,0x00,0xFC,0x00,0x00,0x00,0x00,0x00,0x00,0x00,0x00,0x00,0x00,
 605          
 606                  0x00,0x00,0x00,0x00,0x00,0x00,0x00,0x00,0x00,0x00,0x00,0x00,0x00,0x00,0x00,0x00, //black-10
 607                  0x00,0x00,0x00,0x00,0x00,0x00,0x00,0x00,0x00,0x00,0x00,0x00,0x00,0x00,0x00,0x00,
 608                  0x00,0x00,0x00,0x00,0x00,0x00,0x00,0x00,0x00,0x00,0x00,0x00,0x00,0x00,0x00,0x00,
 609                  0x00,0x00,0x00,0x00,0x00,0x00,0x00,0x00,0x00,0x00,0x00,0x00,0x00,0x00,0x00,0x00,
 610                  0x00,0x00,0x00,0x00,0x00,0x00,0x00,0x00,0x00,0x00,0x00,0x00,0x00,0x00,0x00,0x00,
 611                  0x00,0x00,0x00,0x00,0x00,0x00,0x00,0x00,0x00,0x00,0x00,0x00,0x00,0x00,0x00,0x00,
 612          
C51 COMPILER V7.01  FONT                                                                   12/04/2011 13:12:40 PAGE 11  

 613                  0x00,0x00,0x00,0x00,0x00,0x00,0x00,0x00,0x00,0x00,0x00,0x00,0x00,0x00,0x00,0x00, //flash-11
 614                  0x00,0x00,0x00,0x00,0x00,0x00,0x00,0x00,0x00,0x00,0x00,0x00,0x00,0x00,0x00,0x00,
 615                  0x00,0x00,0x00,0x00,0x00,0x00,0x00,0x3F,0xFF,0xFC,0x3F,0xFF,0xFC,0x3F,0xFF,0xFC,
 616                  0x00,0x00,0x00,0x00,0x00,0x00,0x00,0x00,0x00,0x00,0x00,0x00,0x00,0x00,0x00,0x00,
 617                  0x00,0x00,0x00,0x00,0x00,0x00,0x00,0x00,0x00,0x00,0x00,0x00,0x00,0x00,0x00,0x00,
 618                  0x00,0x00,0x00,0x00,0x00,0x00,0x00,0x00,0x00,0x00,0x00,0x00,0x00,0x00,0x00,0x00,
 619          
 620          
 621              0x00,0x00,0x00,0x00,0x00,0x00,0x00,0x00,0x00,0x00,0x00,0x00,0x00,0x00,0x00,0x00,
 622                  0x00,0x00,0x00,0x00,0x00,0x00,0x00,0x00,0x00,0x00,0x00,0x00,0x00,0x00,0x00,0x00,
 623                  0x00,0x00,0x00,0x00,0x00,0x00,0x00,0x00,0x00,0x00,0x00,0x00,0x00,0x07,0xFF,0xE0,
 624                  0x07,0xFF,0xE0,0x07,0xFF,0xE0,0x00,0x00,0x00,0x00,0x00,0x00,0x00,0x00,0x00,0x00,
 625                  0x00,0x00,0x00,0x00,0x00,0x00,0x00,0x00,0x00,0x00,0x00,0x00,0x00,0x00,0x00,0x00,
 626                  0x00,0x00,0x00,0x00,0x00,0x00,0x00,0x00,0x00,0x00,0x00,0x00,0x00,0x00,0x00,0x00,//"-",12 
 627          };
 628          */
 629          uchar code font6x8[][8] = 
 630          { 
 631                  {0x00,0x00,0x00,0x00,0x00,0x00,0x00,0x00},  // 
 632                  {0xC0,0xD8,0x24,0x20,0x20,0x24,0x18,0x00},  //!
 633                  {0x14,0x14,0x14,0x00,0x00,0x00,0x00,0x00},  //"
 634                  {0x14,0x14,0x3E,0x14,0x3E,0x14,0x14,0x00},  //#
 635                  {0x18,0x24,0x24,0x38,0x20,0x20,0x20,0x10},  //$ small p
 636                  {0x40,0xC0,0x41,0x42,0x44,0x48,0xE0,0x00},  //% -1/
 637                  {0x18,0x24,0x28,0x10,0x2A,0x24,0x1A,0x00},  //&
 638                  {0x18,0x08,0x10,0x00,0x00,0x00,0x00,0x00},  //'
 639                  {0x00,0x01,0x02,0x02,0x02,0x02,0x02,0x01},  //( -move to right
 640                  {0x00,0x80,0x40,0x40,0x40,0x40,0x40,0x80},  //) -move to left
 641                  {0x00,0x00,0x18,0x3C,0x3C,0x18,0x00,0x00},  //*
 642          
 643                  {0x00,0x08,0x08,0x3E,0x08,0x08,0x00,0x00},  //+
 644                  {0x00,0x00,0x00,0x00,0x00,0x0C,0x04,0x08},  //,
 645                  {0x00,0x00,0x00,0x3E,0x00,0x00,0x00,0x00},  //-
 646                  {0x00,0x00,0x00,0x00,0x00,0x18,0x18,0x00},  //.
 647                  {0x00,0x02,0x04,0x08,0x10,0x20,0x00,0x00},  ///
 648                  {0x1C,0x22,0x26,0x2A,0x32,0x22,0x1C,0x00},  //0
 649                  {0x08,0x18,0x08,0x08,0x08,0x08,0x1C,0x00},  //1
 650                  {0x1C,0x22,0x02,0x04,0x08,0x10,0x3E,0x00},  //2
 651                  {0x3E,0x04,0x08,0x04,0x02,0x22,0x1C,0x00},  //3
 652                  {0x04,0x0C,0x14,0x24,0x3E,0x04,0x04,0x00},  //4
 653                  {0x3E,0x20,0x3C,0x02,0x02,0x22,0x1C,0x00},  //5
 654                  {0x0C,0x10,0x20,0x3C,0x22,0x22,0x1C,0x00},  //6
 655                  {0x3E,0x02,0x04,0x08,0x10,0x10,0x10,0x00},  //7
 656                  {0x1C,0x22,0x22,0x1C,0x22,0x22,0x1C,0x00},  //8
 657                  {0x1C,0x22,0x22,0x1E,0x02,0x04,0x18,0x00},  //9
 658                  {0x00,0x18,0x18,0x00,0x18,0x18,0x00,0x00},  //:
 659                  {0x00,0x18,0x18,0x00,0x18,0x08,0x10,0x00},  //;
 660                  {0x04,0x08,0x10,0x20,0x10,0x08,0x04,0x00},  //<
 661                  {0x00,0x00,0x3E,0x00,0x3E,0x00,0x00,0x00},  //=
 662                  {0x10,0x08,0x04,0x02,0x04,0x08,0x10,0x00},  //>
 663                  {0x1C,0x22,0x02,0x04,0x08,0x00,0x08,0x00},  //?
 664                  {0x3F,0x20,0x2E,0x22,0x2E,0xA8,0x6E,0x00},  //@ -sqrt 2
 665                  {0x08,0x14,0x22,0x22,0x3E,0x22,0x22,0x00},  //A
 666                  {0x3C,0x22,0x22,0x3C,0x22,0x22,0x3C,0x00},  //B
 667                  {0x1C,0x22,0x20,0x20,0x20,0x22,0x1C,0x00},  //C
 668                  {0x38,0x24,0x22,0x22,0x22,0x24,0x38,0x00},  //D
 669                  {0x3E,0x20,0x20,0x3C,0x20,0x20,0x3E,0x00},  //E
 670                  {0x3E,0x20,0x20,0x3C,0x20,0x20,0x20,0x00},  //F
 671                  {0x1C,0x22,0x20,0x2E,0x22,0x22,0x1E,0x00},  //G
 672                  {0x22,0x22,0x22,0x3E,0x22,0x22,0x22,0x00},  //H
 673                  {0x1C,0x08,0x08,0x08,0x08,0x08,0x1C,0x00},  //I
 674                  {0x0E,0x04,0x04,0x04,0x04,0x24,0x18,0x00},  //J
C51 COMPILER V7.01  FONT                                                                   12/04/2011 13:12:40 PAGE 12  

 675                  {0x22,0x24,0x28,0x30,0x28,0x24,0x22,0x00},  //K
 676                  {0x20,0x20,0x20,0x20,0x20,0x20,0x3E,0x00},  //L
 677                  {0x22,0x36,0x2A,0x2A,0x22,0x22,0x22,0x00},  //M
 678                  {0x22,0x22,0x32,0x2A,0x26,0x22,0x22,0x00},  //N
 679                  {0x1C,0x22,0x22,0x22,0x22,0x22,0x1C,0x00},  //O
 680                  {0x3C,0x22,0x22,0x3C,0x20,0x20,0x20,0x00},  //P
 681                  {0x1C,0x22,0x22,0x22,0x2A,0x24,0x1A,0x00},  //Q
 682                  {0x3C,0x22,0x22,0x3C,0x28,0x24,0x22,0x00},  //R
 683                  {0x1E,0x20,0x20,0x1C,0x02,0x02,0x3C,0x00},  //S
 684                  {0x3E,0x08,0x08,0x08,0x08,0x08,0x08,0x00},  //T
 685                  {0x22,0x22,0x22,0x22,0x22,0x22,0x1C,0x00},  //U
 686                  {0x22,0x22,0x22,0x22,0x22,0x14,0x08,0x00},  //V
 687                  {0x22,0x22,0x22,0x2A,0x2A,0x2A,0x14,0x00},  //W
 688                  {0x22,0x22,0x14,0x08,0x14,0x22,0x22,0x00},  //X
 689                  {0x22,0x22,0x22,0x14,0x08,0x08,0x08,0x00},  //Y
 690                  {0x3E,0x02,0x04,0x08,0x10,0x20,0x3E,0x00},  //Z
 691                  {0xC0,0xD8,0x24,0x20,0x20,0x24,0x18,0x00},  //[ -degree
 692                  {0x2A,0x14,0x2A,0x14,0x2A,0x14,0x2A,0x00},  //\*/
 693                  {0x1C,0x04,0x04,0x04,0x04,0x04,0x1C,0x00},  //]
 694                  {0x00,0x40,0xE4,0x48,0x10,0x20,0x0E,0x00},  //^
 695          
 696                  {0x00,0x00,0x00,0x00,0x00,0x00,0x3E,0x00},  //_
 697                  {0x10,0x08,0x04,0x00,0x00,0x00,0x00,0x00},  //`
 698                  {0x00,0x00,0x1C,0x02,0x1E,0x22,0x1E,0x00},  //a
 699                  {0x20,0x20,0x2C,0x32,0x22,0x22,0x3C,0x00},  //b
 700                  {0x00,0x00,0x1C,0x20,0x20,0x22,0x1C,0x00},  //c
 701                  {0x02,0x02,0x1A,0x26,0x22,0x22,0x1E,0x00},  //d
 702                  {0x00,0x00,0x1C,0x22,0x3E,0x20,0x1C,0x00},  //e
 703                  {0x0C,0x12,0x10,0x38,0x10,0x10,0x10,0x00},  //f
 704                  {0x00,0x00,0x1E,0x22,0x22,0x1E,0x02,0x1C},  //g
 705                  {0x20,0x20,0x2C,0x32,0x22,0x22,0x22,0x00},  //h
 706                  {0x08,0x00,0x18,0x08,0x08,0x08,0x1C,0x00},  //i
 707                  {0x04,0x00,0x0C,0x04,0x04,0x04,0x24,0x18},  //j
 708                  {0x20,0x20,0x24,0x28,0x30,0x28,0x24,0x00},  //k
 709                  {0x18,0x08,0x08,0x08,0x08,0x08,0x1C,0x00},  //l
 710                  {0x00,0x00,0x34,0x2A,0x2A,0x22,0x22,0x00},  //m
 711                  {0x00,0x00,0x2C,0x32,0x22,0x22,0x22,0x00},  //n
 712                  {0x00,0x00,0x1C,0x22,0x22,0x22,0x1C,0x00},  //o
 713                  {0x00,0x00,0x3C,0x22,0x22,0x3C,0x20,0x20},  //p
 714                  {0x00,0x00,0x1A,0x26,0x26,0x1A,0x02,0x02},  //q
 715                  {0x00,0x00,0x2C,0x32,0x20,0x20,0x20,0x00},  //r
 716                  {0x00,0x00,0x1C,0x20,0x1C,0x02,0x3C,0x00},  //s
 717                  {0x10,0x10,0x38,0x10,0x10,0x12,0x0C,0x00},  //t
 718                  {0x00,0x00,0x22,0x22,0x22,0x26,0x1A,0x00},  //u
 719                  {0x00,0x00,0x22,0x22,0x22,0x14,0x08,0x00},  //v
 720                  {0x00,0x00,0x22,0x22,0x2A,0x2A,0x14,0x00},  //w
 721                  {0x00,0x00,0x22,0x14,0x08,0x14,0x22,0x00},  //x
 722                  {0x00,0x00,0x22,0x22,0x22,0x1E,0x02,0x1C},  //y
 723                  {0x00,0x00,0x3E,0x04,0x08,0x10,0x3E,0x00},  //z
 724                  {0x00,0x00,0x7E,0x00,0x7E,0x00,0x00,0x00},  //-
 725          };      


MODULE INFORMATION:   STATIC OVERLAYABLE
   CODE SIZE        =   ----    ----
   CONSTANT SIZE    =   7518    ----
   XDATA SIZE       =   ----    ----
   PDATA SIZE       =   ----    ----
   DATA SIZE        =   ----    ----
   IDATA SIZE       =   ----    ----
   BIT SIZE         =   ----    ----
END OF MODULE INFORMATION.

C51 COMPILER V7.01  FONT                                                                   12/04/2011 13:12:40 PAGE 13  


C51 COMPILATION COMPLETE.  0 WARNING(S),  0 ERROR(S)
