C51 COMPILER V7.01  FONT                                                                   08/21/2009 20:36:18 PAGE 1   


C51 COMPILER V7.01, COMPILATION OF MODULE FONT
OBJECT MODULE PLACED IN font.OBJ
COMPILER INVOKED BY: F:\GreenTools\Keil\C51\BIN\C51.EXE font.c BROWSE DEBUG OBJECTEXTEND

stmt level    source

   1          #include "font.h"
   2          
   3          FNT_GB12 code HZK12[] = 
   4          {
   5          //结束标志,以下数据不要动!
   6          0x00,0x00,
   7                  0x00,0x00,0x00,0x00,0x00,0x00,0x00,0x00,0x00,0x00,0x00,0x00,
   8                  0x00,0x00,0x00,0x00,0x00,0x00,0x00,0x00,0x00,0x00,0x00,0x00,
   9          };
  10                  
  11          
  12          //将头移至左侧或右启位置工作已经正在中是否确内容会被新请选择要的形式出继续
  13          FNT_GB16 code HZK16[] = 
  14          {
  15          "手",
  16                  0x00,0x10,0x00,0xF8,0x7F,0x00,0x01,0x00,0x01,0x10,0x3F,0xF8,0x01,0x00,0x01,0x00,
  17                  0x01,0x04,0xFF,0xFE,0x01,0x00,0x01,0x00,0x01,0x00,0x01,0x00,0x05,0x00,0x02,0x00,
  18          "试",
  19                  0x00,0x20,0x40,0x28,0x20,0x24,0x20,0x20,0x0F,0xFE,0x00,0x20,0xE0,0x20,0x27,0xE0,
  20                  0x21,0x20,0x21,0x10,0x21,0x10,0x21,0x10,0x29,0xD2,0x37,0x12,0x22,0x0A,0x00,0x04,
  21          "值",
  22                  0x08,0x40,0x08,0x48,0x0F,0xFC,0x10,0x40,0x10,0x48,0x33,0xFC,0x52,0x08,0x93,0xF8,
  23                  0x12,0x08,0x13,0xF8,0x12,0x08,0x13,0xF8,0x12,0x08,0x12,0x08,0x1F,0xFE,0x10,0x00,
  24                          
  25          "欢",
  26              0x00,0x80,0x00,0x80,0xFC,0x80,0x05,0xFE,0x85,0x04,0x4A,0x48,0x28,0x40,0x10,0x40,
  27              0x18,0x40,0x18,0x60,0x24,0xA0,0x24,0x90,0x41,0x18,0x86,0x0E,0x38,0x04,0x00,0x00,
  28          "迎",
  29                  0x40,0x00,0x21,0x80,0x36,0x7C,0x24,0x44,0x04,0x44,0x04,0x44,0xE4,0x44,0x24,0x44,
  30              0x25,0x44,0x26,0x54,0x24,0x48,0x20,0x40,0x20,0x40,0x50,0x00,0x8F,0xFE,0x00,0x00,
  31          "使",
  32                  0x10,0x40,0x10,0x44,0x1F,0xFE,0x20,0x40,0x27,0xFC,0x64,0x44,0xA4,0x44,0x24,0x44,
  33                  0x27,0xFC,0x24,0x44,0x22,0x40,0x21,0x80,0x20,0xC0,0x21,0x30,0x26,0x0E,0x28,0x04,
  34          "用",
  35                  0x00,0x08,0x3F,0xFC,0x21,0x08,0x21,0x08,0x21,0x08,0x3F,0xF8,0x21,0x08,0x21,0x08,
  36                  0x21,0x08,0x3F,0xF8,0x21,0x08,0x21,0x08,0x21,0x08,0x41,0x08,0x41,0x28,0x80,0x10,
  37          
  38          "电",
  39                  0x02,0x00,0x02,0x00,0x02,0x10,0x7F,0xF8,0x42,0x10,0x42,0x10,0x7F,0xF0,0x42,0x10,
  40                  0x42,0x10,0x7F,0xF0,0x42,0x10,0x02,0x00,0x02,0x04,0x02,0x04,0x01,0xFC,0x00,0x00,
  41          "量",
  42                  0x00,0x10,0x1F,0xF8,0x10,0x10,0x1F,0xF0,0x10,0x14,0xFF,0xFE,0x00,0x00,0x1F,0xF0,
  43                  0x11,0x10,0x1F,0xF0,0x11,0x10,0x1F,0xF0,0x01,0x00,0x1F,0xF0,0x01,0x00,0x7F,0xFC,
  44          "监",
  45                  0x04,0x40,0x04,0x40,0x24,0x48,0x24,0x7C,0x24,0xA0,0x25,0x18,0x24,0x08,0x24,0x00,
  46                  0x04,0x08,0x3F,0xFC,0x24,0x48,0x24,0x48,0x24,0x48,0x24,0x48,0xFF,0xFE,0x00,0x00,
  47          "视",
  48                  0x20,0x08,0x13,0xFC,0x12,0x08,0x02,0x48,0xFE,0x48,0x0A,0x48,0x12,0x48,0x32,0x48,
  49                  0x5A,0x48,0x96,0x68,0x12,0xA8,0x10,0xA0,0x11,0x22,0x11,0x22,0x12,0x1E,0x14,0x00,
  50          "对",
  51                  0x00,0x10,0x00,0x10,0x00,0x10,0xFC,0x14,0x07,0xFE,0x04,0x10,0x48,0x10,0x29,0x10,
  52                  0x10,0x90,0x10,0x90,0x28,0x10,0x24,0x10,0x44,0x10,0x80,0x10,0x00,0x50,0x00,0x20,
  53          "象",
  54                  0x08,0x00,0x0F,0xE0,0x10,0x48,0x3F,0xFC,0x61,0x08,0xA1,0x08,0x3F,0xF8,0x06,0x10,
  55                  0x19,0x20,0x62,0xC0,0x0C,0xC0,0x31,0xA0,0x06,0x90,0x18,0x8E,0x62,0x84,0x01,0x00,
C51 COMPILER V7.01  FONT                                                                   08/21/2009 20:36:18 PAGE 2   

  56          "检",
  57                  0x10,0x40,0x10,0x40,0x10,0xA0,0x10,0xA0,0xFD,0x10,0x12,0x0E,0x35,0xF4,0x30,0x00,
  58                  0x58,0x40,0x56,0x48,0x91,0x4C,0x11,0x48,0x11,0x50,0x10,0x04,0x1F,0xFE,0x10,0x00,
  59          "测",
  60                  0x00,0x00,0x40,0x44,0x27,0xE4,0x24,0x54,0x85,0x54,0x65,0x54,0x25,0x54,0x0D,0x54,
  61                  0x15,0x54,0x25,0x54,0xE5,0x54,0x21,0x04,0x22,0x84,0x24,0x44,0x28,0x54,0x20,0x08,
  62          "参",
  63                  0x02,0x00,0x02,0x40,0x04,0x20,0x1F,0xF0,0x02,0x04,0xFF,0xFE,0x04,0x40,0x08,0xA0,
  64                  0x13,0x10,0x2C,0x4E,0xC1,0x84,0x0E,0x10,0x00,0x60,0x01,0x80,0x0E,0x00,0x70,0x00,
  65          "数",
  66                  0x08,0x40,0x49,0x40,0x2A,0x40,0x08,0x84,0xFF,0xFE,0x19,0x08,0x2C,0x88,0x4A,0x88,
  67                  0x10,0x88,0xFE,0x90,0x22,0x50,0x22,0x20,0x14,0x50,0x18,0x88,0x25,0x0E,0x42,0x04,
  68          "设",
  69                  0x01,0xF0,0x21,0x10,0x11,0x10,0x11,0x10,0x01,0x10,0x02,0x0E,0xF4,0x00,0x13,0xF8,
  70                  0x11,0x08,0x11,0x10,0x10,0x90,0x10,0xA0,0x14,0x40,0x18,0xB0,0x13,0x0E,0x0C,0x04,
  71          "定",
  72                  0x02,0x00,0x01,0x00,0x7F,0xFE,0x40,0x02,0x80,0x24,0x1F,0xF0,0x01,0x00,0x01,0x00,
  73                  0x11,0x20,0x11,0xF0,0x11,0x00,0x11,0x00,0x11,0x00,0x29,0x06,0x47,0xFC,0x80,0x00,
  74          "查",
  75                  0x01,0x00,0x01,0x04,0xFF,0xFE,0x05,0x40,0x09,0x20,0x11,0x10,0x3F,0xFE,0xD0,0x14,
  76                  0x10,0x10,0x1F,0xF0,0x10,0x10,0x10,0x10,0x1F,0xF0,0x00,0x04,0xFF,0xFE,0x00,0x00,
  77          "询",
  78                  0x02,0x00,0x42,0x04,0x33,0xFE,0x14,0x04,0x04,0x04,0x09,0xF4,0xF1,0x14,0x11,0x14,
  79                  0x11,0xF4,0x11,0x14,0x11,0x14,0x13,0xF4,0x15,0x14,0x18,0x04,0x10,0x14,0x00,0x08,
  80          "调",
  81                  0x40,0x04,0x27,0xFE,0x24,0x44,0x04,0x44,0x05,0xF4,0xE4,0x44,0x24,0x54,0x27,0xFC,
  82                  0x24,0x04,0x25,0xF4,0x25,0x14,0x2D,0x14,0x35,0xF4,0x25,0x04,0x08,0x14,0x10,0x08,
  83          "整",
  84                  0x08,0x40,0x7F,0x44,0x08,0x7E,0x7F,0x88,0x49,0x48,0x7F,0x50,0x1C,0x20,0x2A,0x50,
  85                  0xC8,0x8E,0x3F,0xF8,0x01,0x00,0x09,0xF0,0x09,0x00,0x09,0x04,0xFF,0xFE,0x00,0x00,
  86          "时",
  87                  0x00,0x08,0x04,0x08,0x7E,0x08,0x44,0x08,0x47,0xFE,0x44,0x08,0x44,0x08,0x7C,0x88,
  88                  0x44,0x48,0x44,0x48,0x44,0x08,0x44,0x08,0x7C,0x08,0x44,0x48,0x00,0x28,0x00,0x10,
  89          "间",
  90                  0x20,0x04,0x1B,0xFE,0x08,0x04,0x40,0x24,0x4F,0xF4,0x48,0x24,0x48,0x24,0x48,0x24,
  91                  0x4F,0xE4,0x48,0x24,0x48,0x24,0x48,0x24,0x4F,0xE4,0x48,0x24,0x40,0x14,0x40,0x08,
  92          "仪",
  93                  0x08,0x00,0x08,0x80,0x08,0x64,0x12,0x24,0x12,0x04,0x32,0x08,0x51,0x08,0x91,0x10,
  94                  0x10,0x90,0x10,0xA0,0x10,0x40,0x10,0xA0,0x11,0x10,0x12,0x08,0x14,0x0E,0x18,0x04,
  95          "器",
  96                  0x3E,0xF8,0x22,0x88,0x22,0x88,0x22,0x88,0x3E,0xF8,0x01,0x20,0x01,0x14,0xFF,0xFE,
  97                  0x02,0x80,0x0C,0x60,0x30,0x18,0xFE,0xFE,0x22,0x88,0x22,0x88,0x22,0x88,0x3E,0xF8,
  98          "标",
  99                  0x10,0x00,0x10,0x10,0x13,0xF8,0x10,0x00,0xFC,0x00,0x10,0x04,0x37,0xFE,0x38,0x40,
 100                  0x54,0x40,0x51,0x50,0x91,0x48,0x12,0x4C,0x14,0x44,0x10,0x40,0x11,0x40,0x10,0x80,
 101          "交",
 102                  0x02,0x00,0x01,0x00,0x01,0x04,0xFF,0xFE,0x08,0x20,0x08,0x10,0x10,0x0C,0x28,0x24,
 103                  0x44,0x40,0x02,0x80,0x01,0x00,0x02,0x80,0x04,0x40,0x08,0x30,0x30,0x0E,0xC0,0x04,
 104          "流",
 105                  0x00,0x80,0x40,0x48,0x37,0xFC,0x10,0x40,0x80,0x90,0x61,0x08,0x27,0xFC,0x08,0x04,
 106                  0x11,0x50,0x21,0x50,0xE1,0x50,0x21,0x50,0x21,0x52,0x21,0x52,0x22,0x4E,0x24,0x40,
 107          "直",
 108                  0x01,0x00,0x01,0x08,0x7F,0xFC,0x01,0x00,0x01,0x10,0x1F,0xF8,0x10,0x10,0x1F,0xF0,
 109                  0x10,0x10,0x1F,0xF0,0x10,0x10,0x1F,0xF0,0x10,0x10,0x10,0x14,0xFF,0xFE,0x00,0x00,
 110          "流",
 111                  0x00,0x80,0x40,0x48,0x37,0xFC,0x10,0x40,0x80,0x90,0x61,0x08,0x27,0xFC,0x08,0x04,
 112                  0x11,0x50,0x21,0x50,0xE1,0x50,0x21,0x50,0x21,0x52,0x21,0x52,0x22,0x4E,0x24,0x40,
 113          "返",
 114                  0x00,0x08,0x40,0x1C,0x33,0xE0,0x12,0x00,0x02,0x00,0x02,0xF8,0xF2,0x08,0x12,0x90,
 115                  0x12,0x50,0x12,0x20,0x12,0x50,0x14,0x8C,0x15,0x04,0x28,0x00,0x44,0x06,0x03,0xFC,
 116          "回",
 117                  0x00,0x00,0x00,0x04,0x7F,0xFE,0x40,0x04,0x40,0x44,0x47,0xE4,0x44,0x44,0x44,0x44,
C51 COMPILER V7.01  FONT                                                                   08/21/2009 20:36:18 PAGE 3   

 118                  0x44,0x44,0x44,0x44,0x47,0xC4,0x44,0x44,0x40,0x04,0x7F,0xFC,0x40,0x04,0x00,0x00,
 119          "压",
 120                  0x00,0x08,0x3F,0xFC,0x20,0x80,0x20,0x80,0x20,0x80,0x20,0x80,0x20,0x88,0x2F,0xFC,
 121                  0x20,0x80,0x20,0xA0,0x20,0x98,0x20,0x88,0x40,0x80,0x40,0x84,0x9F,0xFE,0x00,0x00,
 122          "功",
 123                  0x00,0x80,0x00,0x80,0x08,0x80,0xFC,0x80,0x10,0x84,0x17,0xFE,0x10,0x84,0x10,0x84,
 124                  0x10,0x84,0x10,0x84,0x1D,0x04,0xF1,0x04,0x41,0x04,0x02,0x44,0x04,0x28,0x08,0x10,
 125          "率",
 126                  0x02,0x00,0x01,0x08,0x7F,0xFC,0x01,0x00,0x42,0x44,0x27,0x88,0x11,0x10,0x22,0x48,
 127                  0x4F,0xE4,0x01,0x20,0x01,0x04,0xFF,0xFE,0x01,0x00,0x01,0x00,0x01,0x00,0x01,0x00,
 128          "恒",
 129                  0x10,0x08,0x17,0xFC,0x10,0x00,0x10,0x08,0x5B,0xFC,0x56,0x08,0x52,0x08,0x93,0xF8,
 130                  0x12,0x08,0x12,0x08,0x13,0xF8,0x10,0x00,0x10,0x04,0x1F,0xFE,0x10,0x00,0x10,0x00,
 131          "定",
 132                  0x02,0x00,0x01,0x00,0x7F,0xFE,0x40,0x02,0x80,0x24,0x1F,0xF0,0x01,0x00,0x01,0x00,
 133                  0x11,0x20,0x11,0xF0,0x11,0x00,0x11,0x00,0x11,0x00,0x29,0x06,0x47,0xFC,0x80,0x00,
 134          "线",
 135                  0x08,0x40,0x08,0x50,0x10,0x48,0x10,0x40,0x22,0x7C,0x7F,0xC0,0x08,0x44,0x10,0x7E,
 136                  0x23,0xC0,0x7C,0x48,0x00,0x50,0x00,0x20,0x1C,0x60,0xE0,0x92,0x43,0x0A,0x00,0x06,
 137          "性",
 138                  0x10,0x40,0x10,0x40,0x12,0x40,0x12,0x48,0x5B,0xFC,0x54,0x40,0x54,0x40,0x98,0x40,
 139                  0x10,0x50,0x13,0xF8,0x10,0x40,0x10,0x40,0x10,0x40,0x10,0x44,0x1F,0xFE,0x10,0x00,
 140          "电",
 141                  0x02,0x00,0x02,0x00,0x02,0x10,0x7F,0xF8,0x42,0x10,0x42,0x10,0x7F,0xF0,0x42,0x10,
 142                  0x42,0x10,0x7F,0xF0,0x42,0x10,0x02,0x00,0x02,0x04,0x02,0x04,0x01,0xFC,0x00,0x00,
 143          "阻",
 144                  0x00,0x00,0x7C,0x08,0x45,0xFC,0x49,0x08,0x49,0x08,0x51,0x08,0x49,0xF8,0x49,0x08,
 145                  0x45,0x08,0x45,0x08,0x45,0xF8,0x69,0x08,0x51,0x08,0x41,0x08,0x47,0xFE,0x40,0x00,
 146          "自",
 147                  0x01,0x00,0x02,0x00,0x04,0x10,0x1F,0xF8,0x10,0x10,0x10,0x10,0x1F,0xF0,0x10,0x10,
 148                  0x10,0x10,0x10,0x10,0x1F,0xF0,0x10,0x10,0x10,0x10,0x10,0x10,0x1F,0xF0,0x10,0x10,
 149          "动",
 150                  0x00,0x40,0x08,0x40,0x7C,0x40,0x00,0x44,0x05,0xFE,0xFE,0x44,0x10,0x44,0x10,0x44,
 151                  0x20,0x44,0x24,0x44,0x42,0x84,0xFE,0x84,0x41,0x04,0x01,0x04,0x02,0x28,0x04,0x10,
 152          "循",
 153                  0x10,0x1C,0x17,0xE0,0x24,0x20,0x24,0x24,0x47,0xFE,0x94,0x20,0x25,0xFC,0x65,0x04,
 154                  0xA5,0x04,0x25,0xFC,0x25,0x04,0x25,0xFC,0x29,0x04,0x29,0x04,0x31,0xFC,0x21,0x04,
 155          "环",
 156                  0x10,0x00,0xF8,0x04,0x27,0xFE,0x20,0x20,0x20,0x20,0x20,0x40,0xF8,0x40,0x20,0xD0,
 157                  0x21,0x4C,0x22,0x46,0x24,0x42,0x20,0x40,0x38,0x40,0xE0,0x40,0x40,0x40,0x00,0x40,
 158          "加",
 159                  0x10,0x00,0x10,0x00,0x10,0x04,0x12,0x7E,0xFF,0x44,0x12,0x44,0x12,0x44,0x12,0x44,
 160                  0x12,0x44,0x22,0x44,0x22,0x44,0x22,0x44,0x22,0x44,0x4A,0x7C,0x84,0x44,0x00,0x00,
 161          "强",
 162                  0x08,0x04,0xFD,0xFE,0x09,0x04,0x09,0x04,0x09,0xFC,0x79,0x24,0x48,0x20,0x43,0xFE,
 163                  0x42,0x22,0x7A,0x22,0x0B,0xFE,0x0A,0x22,0x08,0x20,0x88,0x24,0x53,0xFE,0x20,0x02,
 164          
 165          "密",
 166                  0x02,0x00,0x01,0x00,0x7F,0xFE,0x42,0x02,0x89,0x24,0x28,0xC8,0x4B,0x04,0x0C,0x10,
 167                  0x77,0xF0,0x01,0x00,0x21,0x08,0x21,0x08,0x21,0x08,0x21,0x08,0x3F,0xF8,0x20,0x08,
 168          "码",
 169                  0x08,0x10,0xFF,0xF8,0x10,0x10,0x11,0x10,0x21,0x10,0x25,0x10,0x3F,0x10,0x65,0x14,
 170                  0xA5,0xFE,0x24,0x04,0x24,0x24,0x27,0xF4,0x24,0x04,0x3C,0x04,0x24,0x14,0x00,0x08,
 171          "准",   
 172                  0x02,0x40,0x43,0x20,0x22,0x24,0x33,0xFE,0x26,0x20,0x0A,0x28,0x13,0xFC,0x12,0x20,
 173              0x12,0x28,0xE3,0xFC,0x22,0x20,0x22,0x20,0x22,0x24,0x23,0xFE,0x22,0x00,0x00,0x00,
 174          "兰",
 175                  0x00,0x20,0x10,0x30,0x08,0x20,0x04,0x40,0x00,0x80,0x7F,0xFC,0x00,0x00,0x00,0x00,
 176                  0x00,0x00,0x3F,0xF8,0x00,0x00,0x00,0x00,0x00,0x00,0xFF,0xFE,0x00,0x00,0x00,0x00,
 177          "斯",
 178                  0x22,0x0C,0x22,0x70,0xFF,0x40,0x22,0x40,0x3E,0x40,0x22,0x7E,0x22,0x48,0x3E,0x48,
 179                  0x22,0x48,0x22,0x48,0xFF,0x48,0x00,0x48,0x24,0x88,0x62,0x88,0x83,0x08,0x00,0x08,
C51 COMPILER V7.01  FONT                                                                   08/21/2009 20:36:18 PAGE 4   

 180          "汀",
 181                  0x20,0x00,0x10,0x00,0x17,0xFE,0x00,0x20,0x80,0x20,0x48,0x20,0x10,0x20,0x10,0x20,
 182                  0x20,0x20,0x20,0x20,0xE0,0x20,0x20,0x20,0x20,0x20,0x20,0x20,0x20,0xA0,0x00,0x40,
 183          "仪",
 184                  0x08,0x80,0x08,0x40,0x10,0x68,0x12,0x48,0x22,0x08,0x62,0x10,0xA1,0x10,0x21,0x10,
 185                  0x20,0xA0,0x20,0xA0,0x20,0x40,0x20,0xA0,0x21,0x10,0x22,0x0E,0x2C,0x04,0x20,0x00,
 186          "表",  
 187                  0x01,0x00,0x01,0x00,0x3F,0xFC,0x01,0x00,0x1F,0xF8,0x01,0x00,0x7F,0xFE,0x03,0x00,
 188                  0x06,0x88,0x0C,0x8C,0x38,0x50,0xC8,0x20,0x09,0x10,0x0A,0x0E,0x0C,0x04,0x08,0x00,
 189          "研",
 190                  0x00,0x00,0xFD,0xFE,0x10,0x88,0x10,0x88,0x20,0x88,0x20,0x88,0x7B,0xFE,0x68,0x88,
 191                  0xA8,0x88,0x28,0x88,0x28,0x88,0x29,0x08,0x39,0x08,0x22,0x08,0x04,0x08,0x08,0x08,
 192          "究",
 193                  0x02,0x00,0x01,0x00,0x7F,0xFE,0x40,0x04,0x12,0x20,0x22,0x10,0x42,0x08,0x1F,0xC0,
 194                  0x02,0x40,0x02,0x40,0x04,0x40,0x04,0x42,0x08,0x42,0x10,0x42,0x20,0x3E,0x00,0x00,
 195          "所",       
 196                  0x0E,0x1E,0x70,0xE0,0x40,0x80,0x40,0x80,0x7C,0x80,0x44,0xFE,0x44,0x88,0x44,0x88,
 197                  0x7C,0x88,0x40,0x88,0x41,0x08,0x41,0x08,0x42,0x08,0x42,0x08,0x84,0x08,0x08,0x08,
 198          "采",
 199                  0x00,0x00,0x01,0xF8,0x7E,0x00,0x00,0x10,0x11,0x10,0x08,0xA0,0x01,0x00,0x7F,0xFE,
 200                  0x01,0x80,0x03,0x40,0x05,0x20,0x09,0x18,0x31,0x0E,0xC1,0x04,0x01,0x00,0x01,0x00,
 201          "样",
 202                  0x11,0x08,0x10,0x88,0x10,0x90,0xFD,0xFE,0x10,0x20,0x30,0x20,0x39,0xFC,0x54,0x20,
 203                  0x50,0x20,0x90,0x20,0x13,0xFE,0x10,0x20,0x10,0x20,0x10,0x20,0x10,0x20,0x10,0x20,
 204          "速",
 205                  0x00,0x80,0x40,0x80,0x2F,0xFC,0x20,0x80,0x00,0x80,0x07,0xF8,0xE4,0x88,0x24,0x88,
 206                  0x27,0xF8,0x21,0xA0,0x22,0x98,0x2C,0x88,0x20,0x80,0x50,0x80,0x8F,0xFE,0x00,0x00,
 207          "度",
 208                  0x01,0x00,0x00,0x80,0x3F,0xFE,0x22,0x20,0x22,0x20,0x2F,0xFC,0x22,0x20,0x23,0xE0,
 209                  0x20,0x00,0x27,0xF8,0x22,0x10,0x21,0x20,0x20,0xC0,0x41,0x30,0x46,0x0E,0x98,0x04,
 210          "关",
 211                  0x08,0x20,0x04,0x30,0x06,0x20,0x04,0x48,0x7F,0xFC,0x01,0x00,0x01,0x00,0x01,0x00,
 212                  0xFF,0xFE,0x01,0x00,0x02,0x80,0x04,0x40,0x08,0x20,0x10,0x30,0x20,0x1C,0x40,0x08,
 213          "于",
 214                  0x00,0x00,0x3F,0xFC,0x01,0x00,0x01,0x00,0x01,0x00,0x01,0x00,0xFF,0xFE,0x01,0x00,
 215                  0x01,0x00,0x01,0x00,0x01,0x00,0x01,0x00,0x01,0x00,0x09,0x00,0x05,0x00,0x02,0x00,
 216          "退",
 217                  0x40,0x00,0x27,0xF0,0x24,0x10,0x07,0xF0,0x04,0x10,0x04,0x10,0xE7,0xF0,0x24,0x88,
 218                  0x24,0x50,0x24,0x20,0x25,0x10,0x26,0x18,0x24,0x08,0x50,0x00,0x8F,0xFE,0x00,0x00,
 219          "出",
 220                  0x01,0x00,0x01,0x00,0x21,0x04,0x21,0x04,0x21,0x04,0x21,0x04,0x3F,0xFC,0x21,0x04,
 221                  0x01,0x00,0x21,0x04,0x21,0x04,0x21,0x04,0x21,0x04,0x3F,0xFC,0x20,0x04,0x00,0x00,
 222          "电",
 223                  0x01,0x00,0x01,0x00,0x01,0x00,0x3F,0xF8,0x21,0x08,0x21,0x08,0x3F,0xF8,0x21,0x08,
 224                  0x21,0x08,0x21,0x08,0x3F,0xF8,0x21,0x08,0x01,0x02,0x01,0x02,0x00,0xFE,0x00,0x00,
 225          "流",
 226                  0x20,0x80,0x10,0x40,0x17,0xFE,0x00,0x40,0x80,0x80,0x49,0x10,0x4B,0xF8,0x10,0x08,
 227                  0x12,0x50,0x12,0x50,0xE2,0x50,0x22,0x50,0x24,0x52,0x24,0x52,0x28,0x4E,0x20,0x00,
 228          "换",
 229                  0x10,0x80,0x10,0x80,0x11,0xF8,0xFD,0x10,0x12,0x20,0x17,0xF8,0x12,0x48,0x1A,0x48,
 230                  0x32,0x48,0xDF,0xFE,0x10,0x40,0x10,0xA0,0x10,0x90,0x11,0x0E,0x56,0x04,0x20,0x00,
 231          "向",
 232                  0x02,0x00,0x04,0x00,0x3F,0xFC,0x20,0x04,0x20,0x04,0x27,0xE4,0x24,0x24,0x24,0x24,
 233                  0x24,0x24,0x24,0x24,0x27,0xE4,0x24,0x24,0x20,0x04,0x20,0x14,0x20,0x08,0x00,0x00,
 234          "关",
 235                  0x08,0x20,0x04,0x30,0x06,0x20,0x04,0x48,0x7F,0xFC,0x01,0x00,0x01,0x00,0x01,0x00,
 236                  0xFF,0xFE,0x01,0x00,0x02,0x80,0x04,0x40,0x08,0x20,0x10,0x30,0x20,0x1C,0x40,0x08,
 237          "闭",
 238                  0x20,0x00,0x1B,0xFC,0x08,0x04,0x20,0x84,0x20,0x84,0x20,0x84,0x2F,0xF4,0x20,0x84,
 239                  0x21,0x84,0x22,0x84,0x2C,0x84,0x20,0x84,0x22,0x84,0x21,0x04,0x20,0x14,0x20,0x08,
 240          "输",
 241                  0x20,0x40,0x20,0x40,0xFC,0xA0,0x21,0x18,0x43,0xF6,0x54,0x00,0xFC,0x04,0x53,0xD4,
C51 COMPILER V7.01  FONT                                                                   08/21/2009 20:36:18 PAGE 5   

 242                  0x12,0x54,0x1F,0xD4,0xF2,0x54,0x13,0xD4,0x12,0x54,0x12,0x54,0x13,0x44,0x12,0x8C,
 243          "入",
 244                  0x0C,0x00,0x06,0x00,0x02,0x00,0x01,0x00,0x03,0x00,0x02,0x80,0x02,0x80,0x04,0x40,
 245                  0x04,0x20,0x08,0x20,0x08,0x10,0x10,0x08,0x20,0x0E,0x40,0x04,0x80,0x00,0x00,0x00,
 246          "新",
 247                  0x10,0x00,0x08,0x0E,0x7F,0x70,0x22,0x40,0x14,0x40,0xFF,0x7E,0x08,0x48,0x08,0x48,
 248                  0xFF,0x48,0x08,0x48,0x2C,0x48,0x2A,0x88,0x4A,0x88,0x89,0x08,0x2A,0x08,0x10,0x08,
 249          "的",
 250                  0x10,0x80,0x10,0x80,0x20,0x80,0x7C,0xFC,0x45,0x04,0x45,0x04,0x46,0x04,0x7C,0x84,
 251                  0x44,0x44,0x44,0x64,0x44,0x24,0x44,0x04,0x7C,0x04,0x44,0x28,0x40,0x10,0x00,0x00,
 252          "秒",
 253                  0x0C,0x20,0xF0,0x20,0x10,0x20,0x11,0x28,0xFD,0xA4,0x11,0x22,0x32,0x22,0x3A,0x20,
 254                  0x54,0x22,0x54,0x22,0x90,0x04,0x10,0x08,0x10,0x10,0x10,0x60,0x11,0x80,0x16,0x00,
 255          "当",
 256                  0x00,0x80,0x10,0x90,0x08,0x98,0x0C,0x90,0x08,0xA0,0x00,0x80,0x3F,0xFC,0x00,0x04,
 257                  0x00,0x04,0x1F,0xFC,0x00,0x04,0x00,0x04,0x00,0x04,0x3F,0xFC,0x00,0x04,0x00,0x00,
 258          "前",
 259                  0x08,0x10,0x06,0x18,0x04,0x20,0xFF,0xFE,0x00,0x00,0x3E,0x08,0x22,0x48,0x3E,0x48,
 260                  0x22,0x48,0x22,0x48,0x3E,0x48,0x22,0x48,0x22,0x48,0x2A,0x08,0x24,0x28,0x00,0x10,
 261          "率",   
 262                  0x00,0x0C,0x14,0xA4,0x04,0x64,0x35,0xAE,0x64,0x24,0x14,0xA4,0x14,0x04,0x04,0x00,
 263                  0x08,0x0A,0x09,0x08,0x08,0x0A,0x0B,0xFE,0x0A,0x0B,0x0C,0x08,0x09,0x0A,0x08,0x00,
 264          "m",
 265              0x00,0x00,0x00,0x00,0x00,0x00,0x00,0x00,0x00,0x00,0x00,0x00,0x59,0x80,0x66,0x40,
 266              0x44,0x40,0x44,0x40,0x44,0x40,0x44,0x40,0x44,0x40,0x44,0x40,0x00,0x00,0x00,0x00,
 267          "k",
 268              0x00,0x00,0x1C,0x00,0x1C,0x00,0x1C,0x00,0x1C,0x03,0x1C,0x0F,0x1C,0x78,0x1D,0xC0,
 269              0x1F,0xC0,0x1C,0x78,0x1C,0x1E,0x1C,0x03,0x00,0x00,0x00,0x00,0x00,0x00,0x00,0x00,
 270          
 271          "S",
 272             0x00,0x00,0x00,0x00,0x00,0x00,0x1F,0xC0,0x60,0xC0,0x40,0x40,0x40,0x00,0x38,0x00,
 273             0x07,0x00,0x00,0x80,0x00,0x40,0x40,0x40,0x60,0x80,0x7F,0x00,0x00,0x00,0x00,0x00,
 274          "Ω",
 275             0x00,0x00,0x00,0x00,0x0F,0x80,0x18,0xE0,0x30,0x60,0x60,0x30,0x60,0x30,0x60,0x30,
 276             0x60,0x30,0x30,0x20,0x30,0x40,0x0D,0x80,0x7D,0xF0,0x00,0x00,0x00,0x00,0x00,0x00,
 277          
 278          "！",
 279                  0x00,0x00,0x01,0x80,0x03,0xC0,0x03,0xC0,0x03,0xC0,0x01,0x80,0x01,0x80,0x01,0x80,
 280                  0x01,0x80,0x01,0x80,0x00,0x00,0x00,0x00,0x01,0x80,0x01,0x80,0x00,0x00,0x00,0x00,
 281          ":",
 282              0x00,0x00,0x00,0x00,0x00,0x00,0x00,0x00,0x00,0x00,0x00,0x00,0x0C,0x00,0x0C,0x00,
 283              0x00,0x00,0x00,0x00,0x00,0x00,0x00,0x00,0x0C,0x00,0x0C,0x00,0x00,0x00,0x00,0x00,
 284          //结束标志,以下数据不要动!
 285          0x00,0x00,
 286                  0x00,0x00,0x00,0x00,0x00,0x00,0x00,0x00,0x00,0x00,0x00,0x00,0x00,0x00,0x00,0x00,
 287                  0x00,0x00,0x00,0x00,0x00,0x00,0x00,0x00,0x00,0x00,0x00,0x00,0x00,0x00,0x00,0x00
 288          };
 289          
 290          uchar code ASC8x16[256][16]={
 291                  0x00,0x00,0x00,0x00,0x00,0x00,0x00,0x00,0x00,0x00,0x00,0x00,0x00,0x00,0x00,0x00,
 292                  0x00,0x00,0x7e,0x81,0xa5,0x81,0x81,0xbd,0x99,0x81,0x81,0x7e,0x00,0x00,0x00,0x00,
 293                  0x00,0x00,0x7e,0xff,0xdb,0xff,0xff,0xc3,0xe7,0xff,0xff,0x7e,0x00,0x00,0x00,0x00,
 294                  0x00,0x00,0x00,0x00,0x6c,0xfe,0xfe,0xfe,0xfe,0x7c,0x38,0x10,0x00,0x00,0x00,0x00,
 295                  0x00,0x00,0x00,0x00,0x10,0x38,0x7c,0xfe,0x7c,0x38,0x10,0x00,0x00,0x00,0x00,0x00,
 296                  0x00,0x00,0x00,0x18,0x3c,0x3c,0xe7,0xe7,0xe7,0x18,0x18,0x3c,0x00,0x00,0x00,0x00,
 297                  0x00,0x00,0x00,0x18,0x3c,0x7e,0xff,0xff,0x7e,0x18,0x18,0x3c,0x00,0x00,0x00,0x00,
 298                  0x00,0x00,0x00,0x00,0x00,0x00,0x18,0x3c,0x3c,0x18,0x00,0x00,0x00,0x00,0x00,0x00,
 299                  0xff,0xff,0xff,0xff,0xff,0xff,0xe7,0xc3,0xc3,0xe7,0xff,0xff,0xff,0xff,0xff,0xff,
 300                  0x00,0x00,0x00,0x00,0x00,0x3c,0x66,0x42,0x42,0x66,0x3c,0x00,0x00,0x00,0x00,0x00,
 301                  0xff,0xff,0xff,0xff,0xff,0xc3,0x99,0xbd,0xbd,0x99,0xc3,0xff,0xff,0xff,0xff,0xff,
 302                  0x00,0x00,0x1e,0x0e,0x1a,0x32,0x78,0xcc,0xcc,0xcc,0xcc,0x78,0x00,0x00,0x00,0x00,
 303                  0x00,0x00,0x3c,0x66,0x66,0x66,0x66,0x3c,0x18,0x7e,0x18,0x18,0x00,0x00,0x00,0x00,
C51 COMPILER V7.01  FONT                                                                   08/21/2009 20:36:18 PAGE 6   

 304                  0x00,0x00,0x3f,0x33,0x3f,0x30,0x30,0x30,0x30,0x70,0xf0,0xe0,0x00,0x00,0x00,0x00,
 305                  0x00,0x00,0x7f,0x63,0x7f,0x63,0x63,0x63,0x63,0x67,0xe7,0xe6,0xc0,0x00,0x00,0x00,
 306                  0x00,0x00,0x00,0x18,0x18,0xdb,0x3c,0xe7,0x3c,0xdb,0x18,0x18,0x00,0x00,0x00,0x00,
 307                  0x00,0x80,0xc0,0xe0,0xf0,0xf8,0xfe,0xf8,0xf0,0xe0,0xc0,0x80,0x00,0x00,0x00,0x00,
 308                  0x00,0x02,0x06,0x0e,0x1e,0x3e,0xfe,0x3e,0x1e,0x0e,0x06,0x02,0x00,0x00,0x00,0x00,
 309                  0x00,0x00,0x18,0x3c,0x7e,0x18,0x18,0x18,0x7e,0x3c,0x18,0x00,0x00,0x00,0x00,0x00,
 310                  0x00,0x00,0x66,0x66,0x66,0x66,0x66,0x66,0x66,0x00,0x66,0x66,0x00,0x00,0x00,0x00,
 311                  0x00,0x00,0x7f,0xdb,0xdb,0xdb,0x7b,0x1b,0x1b,0x1b,0x1b,0x1b,0x00,0x00,0x00,0x00,
 312                  0x00,0x7c,0xc6,0x60,0x38,0x6c,0xc6,0xc6,0x6c,0x38,0x0c,0xc6,0x7c,0x00,0x00,0x00,
 313                  0x00,0x00,0x00,0x00,0x00,0x00,0x00,0x00,0xfe,0xfe,0xfe,0xfe,0x00,0x00,0x00,0x00,
 314                  0x00,0x00,0x18,0x3c,0x7e,0x18,0x18,0x18,0x7e,0x3c,0x18,0x7e,0x00,0x00,0x00,0x00,
 315                  0x00,0x00,0x18,0x3c,0x7e,0x18,0x18,0x18,0x18,0x18,0x18,0x18,0x00,0x00,0x00,0x00,
 316                  0x00,0x00,0x18,0x18,0x18,0x18,0x18,0x18,0x18,0x7e,0x3c,0x18,0x00,0x00,0x00,0x00,
 317                  0x00,0x00,0x00,0x00,0x00,0x18,0x0c,0xfe,0x0c,0x18,0x00,0x00,0x00,0x00,0x00,0x00,
 318                  0x00,0x00,0x00,0x00,0x00,0x30,0x60,0xfe,0x60,0x30,0x00,0x00,0x00,0x00,0x00,0x00,
 319                  0x00,0x00,0x00,0x00,0x00,0x00,0xc0,0xc0,0xc0,0xfe,0x00,0x00,0x00,0x00,0x00,0x00,
 320                  0x00,0x00,0x00,0x00,0x00,0x28,0x6c,0xfe,0x6c,0x28,0x00,0x00,0x00,0x00,0x00,0x00,
 321                  0x00,0x00,0x00,0x00,0x10,0x38,0x38,0x7c,0x7c,0xfe,0xfe,0x00,0x00,0x00,0x00,0x00,
 322                  0x00,0x00,0x00,0x00,0xfe,0xfe,0x7c,0x7c,0x38,0x38,0x10,0x00,0x00,0x00,0x00,0x00,
 323                  0x00,0x00,0x00,0x00,0x00,0x00,0x00,0x00,0x00,0x00,0x00,0x00,0x00,0x00,0x00,0x00,
 324                  0x00,0x00,0x18,0x3c,0x3c,0x3c,0x18,0x18,0x18,0x00,0x18,0x18,0x00,0x00,0x00,0x00,
 325                  0x00,0x66,0x66,0x66,0x24,0x00,0x00,0x00,0x00,0x00,0x00,0x00,0x00,0x00,0x00,0x00,
 326                  0x00,0x00,0x00,0x6c,0x6c,0xfe,0x6c,0x6c,0x6c,0xfe,0x6c,0x6c,0x00,0x00,0x00,0x00,
 327                  0x18,0x18,0x7c,0xc6,0xc2,0xc0,0x7c,0x06,0x06,0x86,0xc6,0x7c,0x18,0x18,0x00,0x00,
 328                  0x00,0x00,0x00,0x00,0xc2,0xc6,0x0c,0x18,0x30,0x60,0xc6,0x86,0x00,0x00,0x00,0x00,
 329                  0x00,0x00,0x38,0x6c,0x6c,0x38,0x76,0xdc,0xcc,0xcc,0xcc,0x76,0x00,0x00,0x00,0x00,
 330                  0x00,0x30,0x30,0x30,0x60,0x00,0x00,0x00,0x00,0x00,0x00,0x00,0x00,0x00,0x00,0x00,
 331                  0x00,0x00,0x0c,0x18,0x30,0x30,0x30,0x30,0x30,0x30,0x18,0x0c,0x00,0x00,0x00,0x00,
 332                  0x00,0x00,0x30,0x18,0x0c,0x0c,0x0c,0x0c,0x0c,0x0c,0x18,0x30,0x00,0x00,0x00,0x00,
 333                  0x00,0x00,0x00,0x00,0x00,0x66,0x3c,0xff,0x3c,0x66,0x00,0x00,0x00,0x00,0x00,0x00,
 334                  0x00,0x00,0x00,0x00,0x00,0x18,0x18,0x7e,0x18,0x18,0x00,0x00,0x00,0x00,0x00,0x00,
 335                  0x00,0x00,0x00,0x00,0x00,0x00,0x00,0x00,0x00,0x18,0x18,0x18,0x30,0x00,0x00,0x00,
 336                  0x00,0x00,0x00,0x00,0x00,0x00,0x00,0xfe,0x00,0x00,0x00,0x00,0x00,0x00,0x00,0x00,
 337                  0x00,0x00,0x00,0x00,0x00,0x00,0x00,0x00,0x00,0x00,0x18,0x18,0x00,0x00,0x00,0x00,
 338                  0x00,0x00,0x00,0x00,0x02,0x06,0x0c,0x18,0x30,0x60,0xc0,0x80,0x00,0x00,0x00,0x00,
 339                  0x00,0x00,0x38,0x6c,0xc6,0xc6,0xd6,0xd6,0xc6,0xc6,0x6c,0x38,0x00,0x00,0x00,0x00,
 340                  0x00,0x00,0x18,0x38,0x78,0x18,0x18,0x18,0x18,0x18,0x18,0x7e,0x00,0x00,0x00,0x00,
 341                  0x00,0x00,0x7c,0xc6,0x06,0x0c,0x18,0x30,0x60,0xc0,0xc6,0xfe,0x00,0x00,0x00,0x00,
 342                  0x00,0x00,0x7c,0xc6,0x06,0x06,0x3c,0x06,0x06,0x06,0xc6,0x7c,0x00,0x00,0x00,0x00,
 343                  0x00,0x00,0x0c,0x1c,0x3c,0x6c,0xcc,0xfe,0x0c,0x0c,0x0c,0x1e,0x00,0x00,0x00,0x00,
 344                  0x00,0x00,0xfe,0xc0,0xc0,0xc0,0xfc,0x06,0x06,0x06,0xc6,0x7c,0x00,0x00,0x00,0x00,
 345                  0x00,0x00,0x38,0x60,0xc0,0xc0,0xfc,0xc6,0xc6,0xc6,0xc6,0x7c,0x00,0x00,0x00,0x00,
 346                  0x00,0x00,0xfe,0xc6,0x06,0x06,0x0c,0x18,0x30,0x30,0x30,0x30,0x00,0x00,0x00,0x00,
 347                  0x00,0x00,0x7c,0xc6,0xc6,0xc6,0x7c,0xc6,0xc6,0xc6,0xc6,0x7c,0x00,0x00,0x00,0x00,
 348                  0x00,0x00,0x7c,0xc6,0xc6,0xc6,0x7e,0x06,0x06,0x06,0x0c,0x78,0x00,0x00,0x00,0x00,
 349                  0x00,0x00,0x00,0x00,0x18,0x18,0x00,0x00,0x00,0x18,0x18,0x00,0x00,0x00,0x00,0x00,
 350                  0x00,0x00,0x00,0x00,0x18,0x18,0x00,0x00,0x00,0x18,0x18,0x30,0x00,0x00,0x00,0x00,
 351                  0x00,0x00,0x00,0x06,0x0c,0x18,0x30,0x60,0x30,0x18,0x0c,0x06,0x00,0x00,0x00,0x00,
 352                  0x00,0x00,0x00,0x00,0x00,0x7e,0x00,0x00,0x7e,0x00,0x00,0x00,0x00,0x00,0x00,0x00,
 353                  0x00,0x00,0x00,0x60,0x30,0x18,0x0c,0x06,0x0c,0x18,0x30,0x60,0x00,0x00,0x00,0x00,
 354                  0x00,0x00,0x7c,0xc6,0xc6,0x0c,0x18,0x18,0x18,0x00,0x18,0x18,0x00,0x00,0x00,0x00,
 355                  0x00,0x00,0x00,0x7c,0xc6,0xc6,0xde,0xde,0xde,0xdc,0xc0,0x7c,0x00,0x00,0x00,0x00,
 356                  0x00,0x00,0x10,0x38,0x6c,0xc6,0xc6,0xfe,0xc6,0xc6,0xc6,0xc6,0x00,0x00,0x00,0x00,
 357                  0x00,0x00,0xfc,0x66,0x66,0x66,0x7c,0x66,0x66,0x66,0x66,0xfc,0x00,0x00,0x00,0x00,
 358                  0x00,0x00,0x3c,0x66,0xc2,0xc0,0xc0,0xc0,0xc0,0xc2,0x66,0x3c,0x00,0x00,0x00,0x00,
 359                  0x00,0x00,0xf8,0x6c,0x66,0x66,0x66,0x66,0x66,0x66,0x6c,0xf8,0x00,0x00,0x00,0x00,
 360                  0x00,0x00,0xfe,0x66,0x62,0x68,0x78,0x68,0x60,0x62,0x66,0xfe,0x00,0x00,0x00,0x00,
 361                  0x00,0x00,0xfe,0x66,0x62,0x68,0x78,0x68,0x60,0x60,0x60,0xf0,0x00,0x00,0x00,0x00,
 362                  0x00,0x00,0x3c,0x66,0xc2,0xc0,0xc0,0xde,0xc6,0xc6,0x66,0x3a,0x00,0x00,0x00,0x00,
 363                  0x00,0x00,0xc6,0xc6,0xc6,0xc6,0xfe,0xc6,0xc6,0xc6,0xc6,0xc6,0x00,0x00,0x00,0x00,
 364                  0x00,0x00,0x3c,0x18,0x18,0x18,0x18,0x18,0x18,0x18,0x18,0x3c,0x00,0x00,0x00,0x00,
 365                  0x00,0x00,0x1e,0x0c,0x0c,0x0c,0x0c,0x0c,0xcc,0xcc,0xcc,0x78,0x00,0x00,0x00,0x00,
C51 COMPILER V7.01  FONT                                                                   08/21/2009 20:36:18 PAGE 7   

 366                  0x00,0x00,0xe6,0x66,0x66,0x6c,0x78,0x78,0x6c,0x66,0x66,0xe6,0x00,0x00,0x00,0x00,
 367                  0x00,0x00,0xf0,0x60,0x60,0x60,0x60,0x60,0x60,0x62,0x66,0xfe,0x00,0x00,0x00,0x00,
 368                  0x00,0x00,0xc6,0xee,0xfe,0xfe,0xd6,0xc6,0xc6,0xc6,0xc6,0xc6,0x00,0x00,0x00,0x00,
 369                  0x00,0x00,0xc6,0xe6,0xf6,0xfe,0xde,0xce,0xc6,0xc6,0xc6,0xc6,0x00,0x00,0x00,0x00,
 370                  0x00,0x00,0x7c,0xc6,0xc6,0xc6,0xc6,0xc6,0xc6,0xc6,0xc6,0x7c,0x00,0x00,0x00,0x00,
 371                  0x00,0x00,0xfc,0x66,0x66,0x66,0x7c,0x60,0x60,0x60,0x60,0xf0,0x00,0x00,0x00,0x00,
 372                  0x00,0x00,0x7c,0xc6,0xc6,0xc6,0xc6,0xc6,0xc6,0xd6,0xde,0x7c,0x0c,0x0e,0x00,0x00,
 373                  0x00,0x00,0xfc,0x66,0x66,0x66,0x7c,0x6c,0x66,0x66,0x66,0xe6,0x00,0x00,0x00,0x00,
 374                  0x00,0x00,0x7c,0xc6,0xc6,0x60,0x38,0x0c,0x06,0xc6,0xc6,0x7c,0x00,0x00,0x00,0x00,
 375                  0x00,0x00,0x7e,0x7e,0x5a,0x18,0x18,0x18,0x18,0x18,0x18,0x3c,0x00,0x00,0x00,0x00,
 376                  0x00,0x00,0xc6,0xc6,0xc6,0xc6,0xc6,0xc6,0xc6,0xc6,0xc6,0x7c,0x00,0x00,0x00,0x00,
 377                  0x00,0x00,0xc6,0xc6,0xc6,0xc6,0xc6,0xc6,0xc6,0x6c,0x38,0x10,0x00,0x00,0x00,0x00,
 378                  0x00,0x00,0xc6,0xc6,0xc6,0xc6,0xd6,0xd6,0xd6,0xfe,0xee,0x6c,0x00,0x00,0x00,0x00,
 379                  0x00,0x00,0xc6,0xc6,0x6c,0x7c,0x38,0x38,0x7c,0x6c,0xc6,0xc6,0x00,0x00,0x00,0x00,
 380                  0x00,0x00,0x66,0x66,0x66,0x66,0x3c,0x18,0x18,0x18,0x18,0x3c,0x00,0x00,0x00,0x00,
 381                  0x00,0x00,0xfe,0xc6,0x86,0x0c,0x18,0x30,0x60,0xc2,0xc6,0xfe,0x00,0x00,0x00,0x00,
 382                  0x00,0x00,0x3c,0x30,0x30,0x30,0x30,0x30,0x30,0x30,0x30,0x3c,0x00,0x00,0x00,0x00,
 383                  0x00,0x00,0x00,0x80,0xc0,0xe0,0x70,0x38,0x1c,0x0e,0x06,0x02,0x00,0x00,0x00,0x00,
 384                  0x00,0x00,0x3c,0x0c,0x0c,0x0c,0x0c,0x0c,0x0c,0x0c,0x0c,0x3c,0x00,0x00,0x00,0x00,
 385                  0x10,0x38,0x6c,0xc6,0x00,0x00,0x00,0x00,0x00,0x00,0x00,0x00,0x00,0x00,0x00,0x00,
 386                  0x00,0x00,0x00,0x00,0x00,0x00,0x00,0x00,0x00,0x00,0x00,0x00,0x00,0xff,0x00,0x00,
 387                  0x30,0x30,0x18,0x00,0x00,0x00,0x00,0x00,0x00,0x00,0x00,0x00,0x00,0x00,0x00,0x00,
 388                  0x00,0x00,0x00,0x00,0x00,0x78,0x0c,0x7c,0xcc,0xcc,0xcc,0x76,0x00,0x00,0x00,0x00,
 389                  0x00,0x00,0xe0,0x60,0x60,0x78,0x6c,0x66,0x66,0x66,0x66,0x7c,0x00,0x00,0x00,0x00,
 390                  0x00,0x00,0x00,0x00,0x00,0x7c,0xc6,0xc0,0xc0,0xc0,0xc6,0x7c,0x00,0x00,0x00,0x00,
 391                  0x00,0x00,0x1c,0x0c,0x0c,0x3c,0x6c,0xcc,0xcc,0xcc,0xcc,0x76,0x00,0x00,0x00,0x00,
 392                  0x00,0x00,0x00,0x00,0x00,0x7c,0xc6,0xfe,0xc0,0xc0,0xc6,0x7c,0x00,0x00,0x00,0x00,
 393                  0x00,0x00,0x38,0x6c,0x64,0x60,0xf0,0x60,0x60,0x60,0x60,0xf0,0x00,0x00,0x00,0x00,
 394                  0x00,0x00,0x00,0x00,0x00,0x76,0xcc,0xcc,0xcc,0xcc,0xcc,0x7c,0x0c,0xcc,0x78,0x00,
 395                  0x00,0x00,0xe0,0x60,0x60,0x6c,0x76,0x66,0x66,0x66,0x66,0xe6,0x00,0x00,0x00,0x00,
 396                  0x00,0x00,0x18,0x18,0x00,0x38,0x18,0x18,0x18,0x18,0x18,0x3c,0x00,0x00,0x00,0x00,
 397                  0x00,0x00,0x06,0x06,0x00,0x0e,0x06,0x06,0x06,0x06,0x06,0x06,0x66,0x66,0x3c,0x00,
 398                  0x00,0x00,0xe0,0x60,0x60,0x66,0x6c,0x78,0x78,0x6c,0x66,0xe6,0x00,0x00,0x00,0x00,
 399                  0x00,0x00,0x38,0x18,0x18,0x18,0x18,0x18,0x18,0x18,0x18,0x3c,0x00,0x00,0x00,0x00,
 400                  0x00,0x00,0x00,0x00,0x00,0xec,0xfe,0xd6,0xd6,0xd6,0xd6,0xc6,0x00,0x00,0x00,0x00,
 401                  0x00,0x00,0x00,0x00,0x00,0xdc,0x66,0x66,0x66,0x66,0x66,0x66,0x00,0x00,0x00,0x00,
 402                  0x00,0x00,0x00,0x00,0x00,0x7c,0xc6,0xc6,0xc6,0xc6,0xc6,0x7c,0x00,0x00,0x00,0x00,
 403                  0x00,0x00,0x00,0x00,0x00,0xdc,0x66,0x66,0x66,0x66,0x66,0x7c,0x60,0x60,0xf0,0x00,
 404                  0x00,0x00,0x00,0x00,0x00,0x76,0xcc,0xcc,0xcc,0xcc,0xcc,0x7c,0x0c,0x0c,0x1e,0x00,
 405                  0x00,0x00,0x00,0x00,0x00,0xdc,0x76,0x66,0x60,0x60,0x60,0xf0,0x00,0x00,0x00,0x00,
 406                  0x00,0x00,0x00,0x00,0x00,0x7c,0xc6,0x60,0x38,0x0c,0xc6,0x7c,0x00,0x00,0x00,0x00,
 407                  0x00,0x00,0x10,0x30,0x30,0xfc,0x30,0x30,0x30,0x30,0x36,0x1c,0x00,0x00,0x00,0x00,
 408                  0x00,0x00,0x00,0x00,0x00,0xcc,0xcc,0xcc,0xcc,0xcc,0xcc,0x76,0x00,0x00,0x00,0x00,
 409                  0x00,0x00,0x00,0x00,0x00,0x66,0x66,0x66,0x66,0x66,0x3c,0x18,0x00,0x00,0x00,0x00,
 410                  0x00,0x00,0x00,0x00,0x00,0xc6,0xc6,0xd6,0xd6,0xd6,0xfe,0x6c,0x00,0x00,0x00,0x00,
 411                  0x00,0x00,0x00,0x00,0x00,0xc6,0x6c,0x38,0x38,0x38,0x6c,0xc6,0x00,0x00,0x00,0x00,
 412                  0x00,0x00,0x00,0x00,0x00,0xc6,0xc6,0xc6,0xc6,0xc6,0xc6,0x7e,0x06,0x0c,0xf8,0x00,
 413                  0x00,0x00,0x00,0x00,0x00,0xfe,0xcc,0x18,0x30,0x60,0xc6,0xfe,0x00,0x00,0x00,0x00,
 414                  0x00,0x00,0x0e,0x18,0x18,0x18,0x70,0x18,0x18,0x18,0x18,0x0e,0x00,0x00,0x00,0x00,
 415                  0x00,0x00,0x18,0x18,0x18,0x18,0x00,0x18,0x18,0x18,0x18,0x18,0x00,0x00,0x00,0x00,
 416                  0x00,0x00,0x70,0x18,0x18,0x18,0x0e,0x18,0x18,0x18,0x18,0x70,0x00,0x00,0x00,0x00,
 417                  0x00,0x00,0x76,0xdc,0x00,0x00,0x00,0x00,0x00,0x00,0x00,0x00,0x00,0x00,0x00,0x00,
 418                  0x00,0x00,0x00,0x00,0x10,0x38,0x6c,0xc6,0xc6,0xc6,0xfe,0x00,0x00,0x00,0x00,0x00,
 419                  0x00,0x00,0x3c,0x66,0xc2,0xc0,0xc0,0xc0,0xc2,0x66,0x3c,0x0c,0x06,0x7c,0x00,0x00,
 420                  0x00,0x00,0xcc,0x00,0x00,0xcc,0xcc,0xcc,0xcc,0xcc,0xcc,0x76,0x00,0x00,0x00,0x00,
 421                  0x00,0x0c,0x18,0x30,0x00,0x7c,0xc6,0xfe,0xc0,0xc0,0xc6,0x7c,0x00,0x00,0x00,0x00,
 422                  0x00,0x10,0x38,0x6c,0x00,0x78,0x0c,0x7c,0xcc,0xcc,0xcc,0x76,0x00,0x00,0x00,0x00,
 423                  0x00,0x00,0xcc,0x00,0x00,0x78,0x0c,0x7c,0xcc,0xcc,0xcc,0x76,0x00,0x00,0x00,0x00,
 424                  0x00,0x60,0x30,0x18,0x00,0x78,0x0c,0x7c,0xcc,0xcc,0xcc,0x76,0x00,0x00,0x00,0x00,
 425                  0x00,0x38,0x6c,0x38,0x00,0x78,0x0c,0x7c,0xcc,0xcc,0xcc,0x76,0x00,0x00,0x00,0x00,
 426                  0x00,0x00,0x00,0x00,0x3c,0x66,0x60,0x60,0x66,0x3c,0x0c,0x06,0x3c,0x00,0x00,0x00,
 427                  0x00,0x10,0x38,0x6c,0x00,0x7c,0xc6,0xfe,0xc0,0xc0,0xc6,0x7c,0x00,0x00,0x00,0x00,
C51 COMPILER V7.01  FONT                                                                   08/21/2009 20:36:18 PAGE 8   

 428                  0x00,0x00,0xc6,0x00,0x00,0x7c,0xc6,0xfe,0xc0,0xc0,0xc6,0x7c,0x00,0x00,0x00,0x00,
 429                  0x00,0x60,0x30,0x18,0x00,0x7c,0xc6,0xfe,0xc0,0xc0,0xc6,0x7c,0x00,0x00,0x00,0x00,
 430                  0x00,0x00,0x66,0x00,0x00,0x38,0x18,0x18,0x18,0x18,0x18,0x3c,0x00,0x00,0x00,0x00,
 431                  0x00,0x18,0x3c,0x66,0x00,0x38,0x18,0x18,0x18,0x18,0x18,0x3c,0x00,0x00,0x00,0x00,
 432                  0x00,0x60,0x30,0x18,0x00,0x38,0x18,0x18,0x18,0x18,0x18,0x3c,0x00,0x00,0x00,0x00,
 433                  0x00,0xc6,0x00,0x10,0x38,0x6c,0xc6,0xc6,0xfe,0xc6,0xc6,0xc6,0x00,0x00,0x00,0x00,
 434                  0x38,0x6c,0x38,0x00,0x38,0x6c,0xc6,0xc6,0xfe,0xc6,0xc6,0xc6,0x00,0x00,0x00,0x00,
 435                  0x18,0x30,0x60,0x00,0xfe,0x66,0x60,0x7c,0x60,0x60,0x66,0xfe,0x00,0x00,0x00,0x00,
 436                  0x00,0x00,0x00,0x00,0x00,0xcc,0x76,0x36,0x7e,0xd8,0xd8,0x6e,0x00,0x00,0x00,0x00,
 437                  0x00,0x00,0x3e,0x6c,0xcc,0xcc,0xfe,0xcc,0xcc,0xcc,0xcc,0xce,0x00,0x00,0x00,0x00,
 438                  0x00,0x10,0x38,0x6c,0x00,0x7c,0xc6,0xc6,0xc6,0xc6,0xc6,0x7c,0x00,0x00,0x00,0x00,
 439                  0x00,0x00,0xc6,0x00,0x00,0x7c,0xc6,0xc6,0xc6,0xc6,0xc6,0x7c,0x00,0x00,0x00,0x00,
 440                  0x00,0x60,0x30,0x18,0x00,0x7c,0xc6,0xc6,0xc6,0xc6,0xc6,0x7c,0x00,0x00,0x00,0x00,
 441                  0x00,0x30,0x78,0xcc,0x00,0xcc,0xcc,0xcc,0xcc,0xcc,0xcc,0x76,0x00,0x00,0x00,0x00,
 442                  0x00,0x60,0x30,0x18,0x00,0xcc,0xcc,0xcc,0xcc,0xcc,0xcc,0x76,0x00,0x00,0x00,0x00,
 443                  0x00,0x00,0xc6,0x00,0x00,0xc6,0xc6,0xc6,0xc6,0xc6,0xc6,0x7e,0x06,0x0c,0x78,0x00,
 444                  0x00,0xc6,0x00,0x7c,0xc6,0xc6,0xc6,0xc6,0xc6,0xc6,0xc6,0x7c,0x00,0x00,0x00,0x00,
 445                  0x00,0xc6,0x00,0xc6,0xc6,0xc6,0xc6,0xc6,0xc6,0xc6,0xc6,0x7c,0x00,0x00,0x00,0x00,
 446                  0x00,0x18,0x18,0x3c,0x66,0x60,0x60,0x60,0x66,0x3c,0x18,0x18,0x00,0x00,0x00,0x00,
 447                  0x00,0x38,0x6c,0x64,0x60,0xf0,0x60,0x60,0x60,0x60,0xe6,0xfc,0x00,0x00,0x00,0x00,
 448                  0x00,0x00,0x66,0x66,0x3c,0x18,0x7e,0x18,0x7e,0x18,0x18,0x18,0x00,0x00,0x00,0x00,
 449                  0x00,0xf8,0xcc,0xcc,0xf8,0xc4,0xcc,0xde,0xcc,0xcc,0xcc,0xc6,0x00,0x00,0x00,0x00,
 450                  0x00,0x0e,0x1b,0x18,0x18,0x18,0x7e,0x18,0x18,0x18,0x18,0x18,0xd8,0x70,0x00,0x00,
 451                  0x00,0x18,0x30,0x60,0x00,0x78,0x0c,0x7c,0xcc,0xcc,0xcc,0x76,0x00,0x00,0x00,0x00,
 452                  0x00,0x0c,0x18,0x30,0x00,0x38,0x18,0x18,0x18,0x18,0x18,0x3c,0x00,0x00,0x00,0x00,
 453                  0x00,0x18,0x30,0x60,0x00,0x7c,0xc6,0xc6,0xc6,0xc6,0xc6,0x7c,0x00,0x00,0x00,0x00,
 454                  0x00,0x18,0x30,0x60,0x00,0xcc,0xcc,0xcc,0xcc,0xcc,0xcc,0x76,0x00,0x00,0x00,0x00,
 455                  0x00,0x00,0x76,0xdc,0x00,0xdc,0x66,0x66,0x66,0x66,0x66,0x66,0x00,0x00,0x00,0x00,
 456                  0x76,0xdc,0x00,0xc6,0xe6,0xf6,0xfe,0xde,0xce,0xc6,0xc6,0xc6,0x00,0x00,0x00,0x00,
 457                  0x00,0x3c,0x6c,0x6c,0x3e,0x00,0x7e,0x00,0x00,0x00,0x00,0x00,0x00,0x00,0x00,0x00,
 458                  0x00,0x38,0x6c,0x6c,0x38,0x00,0x7c,0x00,0x00,0x00,0x00,0x00,0x00,0x00,0x00,0x00,
 459                  0x00,0x00,0x30,0x30,0x00,0x30,0x30,0x60,0xc0,0xc6,0xc6,0x7c,0x00,0x00,0x00,0x00,
 460                  0x00,0x00,0x00,0x00,0x00,0x00,0xfe,0xc0,0xc0,0xc0,0xc0,0x00,0x00,0x00,0x00,0x00,
 461                  0x00,0x00,0x00,0x00,0x00,0x00,0xfe,0x06,0x06,0x06,0x06,0x00,0x00,0x00,0x00,0x00,
 462                  0x00,0xc0,0xc0,0xc2,0xc6,0xcc,0x18,0x30,0x60,0xdc,0x86,0x0c,0x18,0x3e,0x00,0x00,
 463                  0x00,0xc0,0xc0,0xc2,0xc6,0xcc,0x18,0x30,0x66,0xce,0x9e,0x3e,0x06,0x06,0x00,0x00,
 464                  0x00,0x00,0x18,0x18,0x00,0x18,0x18,0x18,0x3c,0x3c,0x3c,0x18,0x00,0x00,0x00,0x00,
 465                  0x00,0x00,0x00,0x00,0x00,0x36,0x6c,0xd8,0x6c,0x36,0x00,0x00,0x00,0x00,0x00,0x00,
 466                  0x00,0x00,0x00,0x00,0x00,0xd8,0x6c,0x36,0x6c,0xd8,0x00,0x00,0x00,0x00,0x00,0x00,
 467                  0x11,0x44,0x11,0x44,0x11,0x44,0x11,0x44,0x11,0x44,0x11,0x44,0x11,0x44,0x11,0x44,
 468                  0x55,0xaa,0x55,0xaa,0x55,0xaa,0x55,0xaa,0x55,0xaa,0x55,0xaa,0x55,0xaa,0x55,0xaa,
 469                  0xdd,0x77,0xdd,0x77,0xdd,0x77,0xdd,0x77,0xdd,0x77,0xdd,0x77,0xdd,0x77,0xdd,0x77,
 470                  0x18,0x18,0x18,0x18,0x18,0x18,0x18,0x18,0x18,0x18,0x18,0x18,0x18,0x18,0x18,0x18,
 471                  0x18,0x18,0x18,0x18,0x18,0x18,0x18,0xf8,0x18,0x18,0x18,0x18,0x18,0x18,0x18,0x18,
 472                  0x18,0x18,0x18,0x18,0x18,0xf8,0x18,0xf8,0x18,0x18,0x18,0x18,0x18,0x18,0x18,0x18,
 473                  0x36,0x36,0x36,0x36,0x36,0x36,0x36,0xf6,0x36,0x36,0x36,0x36,0x36,0x36,0x36,0x36,
 474                  0x00,0x00,0x00,0x00,0x00,0x00,0x00,0xfe,0x36,0x36,0x36,0x36,0x36,0x36,0x36,0x36,
 475                  0x00,0x00,0x00,0x00,0x00,0xf8,0x18,0xf8,0x18,0x18,0x18,0x18,0x18,0x18,0x18,0x18,
 476                  0x36,0x36,0x36,0x36,0x36,0xf6,0x06,0xf6,0x36,0x36,0x36,0x36,0x36,0x36,0x36,0x36,
 477                  0x36,0x36,0x36,0x36,0x36,0x36,0x36,0x36,0x36,0x36,0x36,0x36,0x36,0x36,0x36,0x36,
 478                  0x00,0x00,0x00,0x00,0x00,0xfe,0x06,0xf6,0x36,0x36,0x36,0x36,0x36,0x36,0x36,0x36,
 479                  0x36,0x36,0x36,0x36,0x36,0xf6,0x06,0xfe,0x00,0x00,0x00,0x00,0x00,0x00,0x00,0x00,
 480                  0x36,0x36,0x36,0x36,0x36,0x36,0x36,0xfe,0x00,0x00,0x00,0x00,0x00,0x00,0x00,0x00,
 481                  0x18,0x18,0x18,0x18,0x18,0xf8,0x18,0xf8,0x00,0x00,0x00,0x00,0x00,0x00,0x00,0x00,
 482                  0x00,0x00,0x00,0x00,0x00,0x00,0x00,0xf8,0x18,0x18,0x18,0x18,0x18,0x18,0x18,0x18,
 483                  0x18,0x18,0x18,0x18,0x18,0x18,0x18,0x1f,0x00,0x00,0x00,0x00,0x00,0x00,0x00,0x00,
 484                  0x18,0x18,0x18,0x18,0x18,0x18,0x18,0xff,0x00,0x00,0x00,0x00,0x00,0x00,0x00,0x00,
 485                  0x00,0x00,0x00,0x00,0x00,0x00,0x00,0xff,0x18,0x18,0x18,0x18,0x18,0x18,0x18,0x18,
 486                  0x18,0x18,0x18,0x18,0x18,0x18,0x18,0x1f,0x18,0x18,0x18,0x18,0x18,0x18,0x18,0x18,
 487                  0x00,0x00,0x00,0x00,0x00,0x00,0x00,0xff,0x00,0x00,0x00,0x00,0x00,0x00,0x00,0x00,
 488                  0x18,0x18,0x18,0x18,0x18,0x18,0x18,0xff,0x18,0x18,0x18,0x18,0x18,0x18,0x18,0x18,
 489                  0x18,0x18,0x18,0x18,0x18,0x1f,0x18,0x1f,0x18,0x18,0x18,0x18,0x18,0x18,0x18,0x18,
C51 COMPILER V7.01  FONT                                                                   08/21/2009 20:36:18 PAGE 9   

 490                  0x36,0x36,0x36,0x36,0x36,0x36,0x36,0x37,0x36,0x36,0x36,0x36,0x36,0x36,0x36,0x36,
 491                  0x36,0x36,0x36,0x36,0x36,0x37,0x30,0x3f,0x00,0x00,0x00,0x00,0x00,0x00,0x00,0x00,
 492                  0x00,0x00,0x00,0x00,0x00,0x3f,0x30,0x37,0x36,0x36,0x36,0x36,0x36,0x36,0x36,0x36,
 493                  0x36,0x36,0x36,0x36,0x36,0xf7,0x00,0xff,0x00,0x00,0x00,0x00,0x00,0x00,0x00,0x00,
 494                  0x00,0x00,0x00,0x00,0x00,0xff,0x00,0xf7,0x36,0x36,0x36,0x36,0x36,0x36,0x36,0x36,
 495                  0x36,0x36,0x36,0x36,0x36,0x37,0x30,0x37,0x36,0x36,0x36,0x36,0x36,0x36,0x36,0x36,
 496                  0x00,0x00,0x00,0x00,0x00,0xff,0x00,0xff,0x00,0x00,0x00,0x00,0x00,0x00,0x00,0x00,
 497                  0x36,0x36,0x36,0x36,0x36,0xf7,0x00,0xf7,0x36,0x36,0x36,0x36,0x36,0x36,0x36,0x36,
 498                  0x18,0x18,0x18,0x18,0x18,0xff,0x00,0xff,0x00,0x00,0x00,0x00,0x00,0x00,0x00,0x00,
 499                  0x36,0x36,0x36,0x36,0x36,0x36,0x36,0xff,0x00,0x00,0x00,0x00,0x00,0x00,0x00,0x00,
 500                  0x00,0x00,0x00,0x00,0x00,0xff,0x00,0xff,0x18,0x18,0x18,0x18,0x18,0x18,0x18,0x18,
 501                  0x00,0x00,0x00,0x00,0x00,0x00,0x00,0xff,0x36,0x36,0x36,0x36,0x36,0x36,0x36,0x36,
 502                  0x36,0x36,0x36,0x36,0x36,0x36,0x36,0x3f,0x00,0x00,0x00,0x00,0x00,0x00,0x00,0x00,
 503                  0x18,0x18,0x18,0x18,0x18,0x1f,0x18,0x1f,0x00,0x00,0x00,0x00,0x00,0x00,0x00,0x00,
 504                  0x00,0x00,0x00,0x00,0x00,0x1f,0x18,0x1f,0x18,0x18,0x18,0x18,0x18,0x18,0x18,0x18,
 505                  0x00,0x00,0x00,0x00,0x00,0x00,0x00,0x3f,0x36,0x36,0x36,0x36,0x36,0x36,0x36,0x36,
 506                  0x36,0x36,0x36,0x36,0x36,0x36,0x36,0xff,0x36,0x36,0x36,0x36,0x36,0x36,0x36,0x36,
 507                  0x18,0x18,0x18,0x18,0x18,0xff,0x18,0xff,0x18,0x18,0x18,0x18,0x18,0x18,0x18,0x18,
 508                  0x18,0x18,0x18,0x18,0x18,0x18,0x18,0xf8,0x00,0x00,0x00,0x00,0x00,0x00,0x00,0x00,
 509                  0x00,0x00,0x00,0x00,0x00,0x00,0x00,0x1f,0x18,0x18,0x18,0x18,0x18,0x18,0x18,0x18,
 510                  0xff,0xff,0xff,0xff,0xff,0xff,0xff,0xff,0xff,0xff,0xff,0xff,0xff,0xff,0xff,0xff,
 511                  0x00,0x00,0x00,0x00,0x00,0x00,0x00,0xff,0xff,0xff,0xff,0xff,0xff,0xff,0xff,0xff,
 512                  0xf0,0xf0,0xf0,0xf0,0xf0,0xf0,0xf0,0xf0,0xf0,0xf0,0xf0,0xf0,0xf0,0xf0,0xf0,0xf0,
 513                  0x0f,0x0f,0x0f,0x0f,0x0f,0x0f,0x0f,0x0f,0x0f,0x0f,0x0f,0x0f,0x0f,0x0f,0x0f,0x0f,
 514                  0xff,0xff,0xff,0xff,0xff,0xff,0xff,0x00,0x00,0x00,0x00,0x00,0x00,0x00,0x00,0x00,
 515                  0x00,0x00,0x00,0x00,0x00,0x76,0xdc,0xd8,0xd8,0xd8,0xdc,0x76,0x00,0x00,0x00,0x00,
 516                  0x00,0x00,0x78,0xcc,0xcc,0xcc,0xd8,0xcc,0xc6,0xc6,0xc6,0xcc,0x00,0x00,0x00,0x00,
 517                  0x00,0x00,0xfe,0xc6,0xc6,0xc0,0xc0,0xc0,0xc0,0xc0,0xc0,0xc0,0x00,0x00,0x00,0x00,
 518                  0x00,0x00,0x00,0x00,0xfe,0x6c,0x6c,0x6c,0x6c,0x6c,0x6c,0x6c,0x00,0x00,0x00,0x00,
 519                  0x00,0x00,0x00,0xfe,0xc6,0x60,0x30,0x18,0x30,0x60,0xc6,0xfe,0x00,0x00,0x00,0x00,
 520                  0x00,0x00,0x00,0x00,0x00,0x7e,0xd8,0xd8,0xd8,0xd8,0xd8,0x70,0x00,0x00,0x00,0x00,
 521                  0x00,0x00,0x00,0x00,0x66,0x66,0x66,0x66,0x66,0x7c,0x60,0x60,0xc0,0x00,0x00,0x00,
 522                  0x00,0x00,0x00,0x00,0x76,0xdc,0x18,0x18,0x18,0x18,0x18,0x18,0x00,0x00,0x00,0x00,
 523                  0x00,0x00,0x00,0x7e,0x18,0x3c,0x66,0x66,0x66,0x3c,0x18,0x7e,0x00,0x00,0x00,0x00,
 524                  0x00,0x00,0x00,0x38,0x6c,0xc6,0xc6,0xfe,0xc6,0xc6,0x6c,0x38,0x00,0x00,0x00,0x00,
 525                  0x00,0x00,0x38,0x6c,0xc6,0xc6,0xc6,0x6c,0x6c,0x6c,0x6c,0xee,0x00,0x00,0x00,0x00,
 526                  0x00,0x00,0x1e,0x30,0x18,0x0c,0x3e,0x66,0x66,0x66,0x66,0x3c,0x00,0x00,0x00,0x00,
 527                  0x00,0x00,0x00,0x00,0x00,0x7e,0xdb,0xdb,0xdb,0x7e,0x00,0x00,0x00,0x00,0x00,0x00,
 528                  0x00,0x00,0x00,0x03,0x06,0x7e,0xdb,0xdb,0xf3,0x7e,0x60,0xc0,0x00,0x00,0x00,0x00,
 529                  0x00,0x00,0x1c,0x30,0x60,0x60,0x7c,0x60,0x60,0x60,0x30,0x1c,0x00,0x00,0x00,0x00,
 530                  0x00,0x00,0x00,0x7c,0xc6,0xc6,0xc6,0xc6,0xc6,0xc6,0xc6,0xc6,0x00,0x00,0x00,0x00,
 531                  0x00,0x00,0x00,0x00,0xfe,0x00,0x00,0xfe,0x00,0x00,0xfe,0x00,0x00,0x00,0x00,0x00,
 532                  0x00,0x00,0x00,0x00,0x18,0x18,0x7e,0x18,0x18,0x00,0x00,0xff,0x00,0x00,0x00,0x00,
 533                  0x00,0x00,0x00,0x30,0x18,0x0c,0x06,0x0c,0x18,0x30,0x00,0x7e,0x00,0x00,0x00,0x00,
 534                  0x00,0x00,0x00,0x0c,0x18,0x30,0x60,0x30,0x18,0x0c,0x00,0x7e,0x00,0x00,0x00,0x00,
 535                  0x00,0x00,0x0e,0x1b,0x1b,0x18,0x18,0x18,0x18,0x18,0x18,0x18,0x18,0x18,0x18,0x18,
 536                  0x18,0x18,0x18,0x18,0x18,0x18,0x18,0x18,0xd8,0xd8,0xd8,0x70,0x00,0x00,0x00,0x00,
 537                  0x00,0x00,0x00,0x00,0x18,0x18,0x00,0x7e,0x00,0x18,0x18,0x00,0x00,0x00,0x00,0x00,
 538                  0x00,0x00,0x00,0x00,0x00,0x76,0xdc,0x00,0x76,0xdc,0x00,0x00,0x00,0x00,0x00,0x00,
 539                  0x00,0x38,0x6c,0x6c,0x38,0x00,0x00,0x00,0x00,0x00,0x00,0x00,0x00,0x00,0x00,0x00,
 540                  0x00,0x00,0x00,0x00,0x00,0x00,0x00,0x18,0x18,0x00,0x00,0x00,0x00,0x00,0x00,0x00,
 541                  0x00,0x00,0x00,0x00,0x00,0x00,0x00,0x00,0x18,0x00,0x00,0x00,0x00,0x00,0x00,0x00,
 542                  0x00,0x0f,0x0c,0x0c,0x0c,0x0c,0x0c,0xec,0x6c,0x6c,0x3c,0x1c,0x00,0x00,0x00,0x00,
 543                  0x00,0xd8,0x6c,0x6c,0x6c,0x6c,0x6c,0x00,0x00,0x00,0x00,0x00,0x00,0x00,0x00,0x00,
 544                  0x00,0x70,0xd8,0x30,0x60,0xc8,0xf8,0x00,0x00,0x00,0x00,0x00,0x00,0x00,0x00,0x00,
 545                  0x00,0x00,0x00,0x00,0x7c,0x7c,0x7c,0x7c,0x7c,0x7c,0x7c,0x00,0x00,0x00,0x00,0x00,
 546                  0x00,0x00,0x00,0x00,0x00,0x00,0x00,0x00,0x00,0x00,0x00,0x00,0x00,0x00,0x00,0x00,
 547          };
 548          
 549          
 550          uchar code Font24X32[12][96]={
 551                  0x00,0x00,0x00,0x00,0x00,0x00,0x00,0x7E,0x00,0x01,0xFF,0x80,0x03,0xFF,0xC0,0x07, //0
C51 COMPILER V7.01  FONT                                                                   08/21/2009 20:36:18 PAGE 10  

 552                  0xFF,0xE0,0x07,0xC3,0xE0,0x0F,0x81,0xF0,0x0F,0x81,0xF0,0x0F,0x00,0xF0,0x1F,0x00,
 553                  0xF8,0x1F,0x00,0xF8,0x1F,0x00,0xF8,0x1F,0x00,0xF8,0x1F,0x00,0xF8,0x1F,0x00,0xF8,
 554                  0x1F,0x00,0xF8,0x1F,0x00,0xF8,0x1F,0x00,0xF8,0x1F,0x00,0xF8,0x1F,0x00,0xF8,0x0F,
 555                  0x00,0xF0,0x0F,0x81,0xF0,0x0F,0x81,0xF0,0x07,0xC3,0xE0,0x07,0xFF,0xE0,0x03,0xFF,
 556                  0xC0,0x01,0xFF,0x80,0x00,0x7E,0x00,0x00,0x00,0x00,0x00,0x00,0x00,0x00,0x00,0x00,
 557          
 558                  0x00,0x00,0x00,0x00,0x00,0x00,0x00,0x03,0xC0,0x00,0x07,0xC0,0x00,0x0F,0xC0,0x00, //1
 559                  0x1F,0xC0,0x00,0x3F,0xC0,0x00,0x7F,0xC0,0x01,0xFF,0xC0,0x03,0xFF,0xC0,0x03,0xF7,
 560                  0xC0,0x03,0xC7,0xC0,0x03,0x07,0xC0,0x00,0x07,0xC0,0x00,0x07,0xC0,0x00,0x07,0xC0,
 561                  0x00,0x07,0xC0,0x00,0x07,0xC0,0x00,0x07,0xC0,0x00,0x07,0xC0,0x00,0x07,0xC0,0x00,
 562                  0x07,0xC0,0x00,0x07,0xC0,0x00,0x07,0xC0,0x00,0x07,0xC0,0x00,0x07,0xC0,0x00,0x07,
 563                  0xC0,0x00,0x07,0xC0,0x00,0x07,0xC0,0x00,0x00,0x00,0x00,0x00,0x00,0x00,0x00,0x00,
 564          
 565                  0x00,0x00,0x00,0x00,0x00,0x00,0x00,0x7F,0x00,0x01,0xFF,0xC0,0x03,0xFF,0xE0,0x07, //2
 566                  0xFF,0xF0,0x07,0xE1,0xF0,0x0F,0xE0,0xF8,0x0F,0x80,0xF8,0x0F,0x80,0xF8,0x00,0x00,
 567                  0xF8,0x00,0x00,0xF8,0x00,0x01,0xF8,0x00,0x03,0xF0,0x00,0x07,0xF0,0x00,0x0F,0xE0,
 568                  0x00,0x1F,0xC0,0x00,0x3F,0x80,0x00,0x7F,0x00,0x00,0xFE,0x00,0x01,0xFC,0x00,0x01,
 569                  0xF0,0x00,0x03,0xE0,0x00,0x07,0xE0,0x00,0x0F,0xFF,0xF8,0x0F,0xFF,0xF8,0x0F,0xFF,
 570                  0xF8,0x1F,0xFF,0xF8,0x1F,0xFF,0xF8,0x00,0x00,0x00,0x00,0x00,0x00,0x00,0x00,0x00,
 571          
 572                  0x00,0x00,0x00,0x00,0x00,0x00,0x00,0x7E,0x00,0x01,0xFF,0x80,0x03,0xFF,0xC0,0x07, //3
 573                  0xFF,0xE0,0x07,0xE3,0xF0,0x0F,0x80,0xF0,0x07,0x01,0xF0,0x00,0x01,0xF0,0x00,0x03,
 574                  0xF0,0x00,0x07,0xE0,0x00,0x1F,0xC0,0x00,0x3F,0x80,0x00,0x3F,0xC0,0x00,0x3F,0xE0,
 575                  0x00,0x03,0xF0,0x00,0x01,0xF0,0x00,0x00,0xF8,0x00,0x00,0xF8,0x00,0x00,0xF8,0x0F,
 576                  0x00,0xF8,0x1F,0x00,0xF8,0x1F,0x81,0xF0,0x0F,0xC3,0xF0,0x07,0xFF,0xE0,0x07,0xFF,
 577                  0xC0,0x01,0xFF,0x80,0x00,0x7E,0x00,0x00,0x00,0x00,0x00,0x00,0x00,0x00,0x00,0x00,
 578          
 579                  0x00,0x00,0x00,0x00,0x00,0x00,0x00,0x03,0xE0,0x00,0x03,0xE0,0x00,0x07,0xE0,0x00, //4
 580                  0x0F,0xE0,0x00,0x0F,0xE0,0x00,0x1F,0xE0,0x00,0x3F,0xE0,0x00,0x3F,0xE0,0x00,0x7F,
 581                  0xE0,0x00,0x7B,0xE0,0x00,0xF3,0xE0,0x01,0xF3,0xE0,0x01,0xE3,0xE0,0x03,0xE3,0xE0,
 582                  0x07,0xC3,0xE0,0x07,0x83,0xE0,0x0F,0x83,0xE0,0x1F,0x03,0xE0,0x1F,0xFF,0xFC,0x1F,
 583                  0xFF,0xFC,0x1F,0xFF,0xFC,0x1F,0xFF,0xFC,0x00,0x03,0xE0,0x00,0x03,0xE0,0x00,0x03,
 584                  0xE0,0x00,0x03,0xE0,0x00,0x03,0xE0,0x00,0x00,0x00,0x00,0x00,0x00,0x00,0x00,0x00,
 585          
 586                  0x00,0x00,0x00,0x00,0x00,0x00,0x01,0xFF,0xF0,0x01,0xFF,0xF0,0x03,0xFF,0xF0,0x03, //5
 587                  0xFF,0xF0,0x03,0xFF,0xF0,0x03,0xE0,0x00,0x03,0xE0,0x00,0x07,0xE0,0x00,0x07,0xC0,
 588                  0x00,0x07,0xDF,0x00,0x07,0xFF,0xC0,0x07,0xFF,0xE0,0x0F,0xFF,0xF0,0x0F,0xC3,0xF0,
 589                  0x07,0x81,0xF8,0x00,0x00,0xF8,0x00,0x00,0xF8,0x00,0x00,0xF8,0x00,0x00,0xF8,0x0F,
 590                  0x00,0xF8,0x1F,0x00,0xF8,0x1F,0x81,0xF0,0x0F,0xC3,0xF0,0x0F,0xFF,0xE0,0x07,0xFF,
 591                  0xC0,0x01,0xFF,0x80,0x00,0xFE,0x00,0x00,0x00,0x00,0x00,0x00,0x00,0x00,0x00,0x00,
 592          
 593                  0x00,0x00,0x00,0x00,0x00,0x00,0x00,0x3F,0x00,0x00,0xFF,0x80,0x03,0xFF,0xC0,0x07, //6
 594                  0xFF,0xE0,0x07,0xC3,0xE0,0x0F,0x81,0xF0,0x0F,0x01,0xF0,0x0F,0x00,0x00,0x1F,0x00,
 595                  0x00,0x1F,0x3F,0x00,0x1F,0xFF,0x80,0x1F,0xFF,0xE0,0x1F,0xFF,0xE0,0x1F,0xC3,0xF0,
 596                  0x1F,0x01,0xF0,0x1F,0x00,0xF8,0x1F,0x00,0xF8,0x1F,0x00,0xF8,0x1F,0x00,0xF8,0x0F,
 597                  0x00,0xF8,0x0F,0x80,0xF8,0x0F,0x81,0xF0,0x07,0xC3,0xF0,0x07,0xFF,0xE0,0x03,0xFF,
 598                  0xE0,0x01,0xFF,0x80,0x00,0x7E,0x00,0x00,0x00,0x00,0x00,0x00,0x00,0x00,0x00,0x00,
 599          
 600                  0x00,0x00,0x00,0x00,0x00,0x00,0x1F,0xFF,0xF8,0x1F,0xFF,0xF8,0x1F,0xFF,0xF8,0x1F, //7
 601                  0xFF,0xF8,0x1F,0xFF,0xF8,0x00,0x01,0xF0,0x00,0x03,0xE0,0x00,0x07,0xC0,0x00,0x07,
 602                  0xC0,0x00,0x0F,0x80,0x00,0x0F,0x00,0x00,0x1F,0x00,0x00,0x1E,0x00,0x00,0x3E,0x00,
 603                  0x00,0x3E,0x00,0x00,0x7C,0x00,0x00,0x7C,0x00,0x00,0x7C,0x00,0x00,0xF8,0x00,0x00,
 604                  0xF8,0x00,0x00,0xF8,0x00,0x00,0xF8,0x00,0x01,0xF0,0x00,0x01,0xF0,0x00,0x01,0xF0,
 605                  0x00,0x01,0xF0,0x00,0x01,0xF0,0x00,0x00,0x00,0x00,0x00,0x00,0x00,0x00,0x00,0x00,
 606          
 607                  0x00,0x00,0x00,0x00,0x00,0x00,0x00,0x7E,0x00,0x01,0xFF,0x80,0x07,0xFF,0xC0,0x07, //8
 608                  0xFF,0xE0,0x0F,0xC3,0xF0,0x0F,0x81,0xF0,0x0F,0x81,0xF0,0x0F,0x81,0xF0,0x0F,0x81,
 609                  0xF0,0x07,0xC3,0xE0,0x07,0xFF,0xC0,0x01,0xFF,0x80,0x03,0xFF,0xC0,0x07,0xFF,0xE0,
 610                  0x0F,0xC3,0xF0,0x0F,0x81,0xF0,0x1F,0x00,0xF8,0x1F,0x00,0xF8,0x1F,0x00,0xF8,0x1F,
 611                  0x00,0xF8,0x1F,0x00,0xF8,0x1F,0x81,0xF8,0x0F,0xC3,0xF0,0x0F,0xFF,0xF0,0x07,0xFF,
 612                  0xE0,0x01,0xFF,0x80,0x00,0x7E,0x00,0x00,0x00,0x00,0x00,0x00,0x00,0x00,0x00,0x00,
 613          
C51 COMPILER V7.01  FONT                                                                   08/21/2009 20:36:18 PAGE 11  

 614                  0x00,0x00,0x00,0x00,0x00,0x00,0x00,0x7E,0x00,0x01,0xFF,0x80,0x07,0xFF,0xC0,0x07, //9
 615                  0xFF,0xE0,0x0F,0xC3,0xE0,0x0F,0x81,0xF0,0x1F,0x01,0xF0,0x1F,0x00,0xF0,0x1F,0x00,
 616                  0xF8,0x1F,0x00,0xF8,0x1F,0x00,0xF8,0x1F,0x00,0xF8,0x0F,0x81,0xF8,0x0F,0xC3,0xF8,
 617                  0x07,0xFF,0xF8,0x07,0xFF,0xF8,0x01,0xFF,0xF8,0x00,0x7C,0xF8,0x00,0x00,0xF8,0x00,
 618                  0x00,0xF0,0x0F,0x80,0xF0,0x0F,0x81,0xF0,0x07,0xC3,0xE0,0x07,0xFF,0xE0,0x03,0xFF,
 619                  0xC0,0x01,0xFF,0x00,0x00,0xFC,0x00,0x00,0x00,0x00,0x00,0x00,0x00,0x00,0x00,0x00,
 620          
 621                  0x00,0x00,0x00,0x00,0x00,0x00,0x00,0x00,0x00,0x00,0x00,0x00,0x00,0x00,0x00,0x00, //black
 622                  0x00,0x00,0x00,0x00,0x00,0x00,0x00,0x00,0x00,0x00,0x00,0x00,0x00,0x00,0x00,0x00,
 623                  0x00,0x00,0x00,0x00,0x00,0x00,0x00,0x00,0x00,0x00,0x00,0x00,0x00,0x00,0x00,0x00,
 624                  0x00,0x00,0x00,0x00,0x00,0x00,0x00,0x00,0x00,0x00,0x00,0x00,0x00,0x00,0x00,0x00,
 625                  0x00,0x00,0x00,0x00,0x00,0x00,0x00,0x00,0x00,0x00,0x00,0x00,0x00,0x00,0x00,0x00,
 626                  0x00,0x00,0x00,0x00,0x00,0x00,0x00,0x00,0x00,0x00,0x00,0x00,0x00,0x00,0x00,0x00,
 627          
 628                  0x00,0x00,0x00,0x00,0x00,0x00,0x00,0x00,0x00,0x00,0x00,0x00,0x00,0x00,0x00,0x00, //flash
 629                  0x00,0x00,0x00,0x00,0x00,0x00,0x00,0x00,0x00,0x00,0x00,0x00,0x00,0x00,0x00,0x00,
 630                  0x00,0x00,0x00,0x00,0x00,0x00,0x00,0x3F,0xFF,0xFC,0x3F,0xFF,0xFC,0x3F,0xFF,0xFC,
 631                  0x00,0x00,0x00,0x00,0x00,0x00,0x00,0x00,0x00,0x00,0x00,0x00,0x00,0x00,0x00,0x00,
 632                  0x00,0x00,0x00,0x00,0x00,0x00,0x00,0x00,0x00,0x00,0x00,0x00,0x00,0x00,0x00,0x00,
 633                  0x00,0x00,0x00,0x00,0x00,0x00,0x00,0x00,0x00,0x00,0x00,0x00,0x00,0x00,0x00,0x00,
 634          
 635          
 636          };
 637          
 638          uchar code font6x8[][8] = 
 639          { 
 640                  {0x00,0x00,0x00,0x00,0x00,0x00,0x00,0x00},  // 
 641                  {0x08,0x08,0x08,0x08,0x00,0x08,0x00,0x00},  //!
 642                  {0x14,0x14,0x14,0x00,0x00,0x00,0x00,0x00},  //"
 643                  {0x14,0x14,0x3E,0x14,0x3E,0x14,0x14,0x00},  //#
 644                  {0x08,0x1E,0x28,0x1C,0x0A,0x3C,0x08,0x00},  //$
 645                  {0x06,0x26,0x10,0x08,0x04,0x32,0x30,0x00},  //%
 646                  {0x18,0x24,0x28,0x10,0x2A,0x24,0x1A,0x00},  //&
 647                  {0x18,0x08,0x10,0x00,0x00,0x00,0x00,0x00},  //'
 648                  {0x04,0x08,0x10,0x10,0x10,0x08,0x04,0x00},  //(
 649                  {0x10,0x08,0x04,0x04,0x04,0x08,0x10,0x00},  //)
 650                  {0x00,0x08,0x2A,0x1C,0x2A,0x08,0x00,0x00},  //*
 651                  {0x00,0x08,0x08,0x3E,0x08,0x08,0x00,0x00},  //+
 652                  {0x00,0x00,0x00,0x00,0x00,0x0C,0x04,0x08},  //,
 653                  {0x00,0x00,0x00,0x3E,0x00,0x00,0x00,0x00},  //-
 654                  {0x00,0x00,0x00,0x00,0x00,0x18,0x18,0x00},  //.
 655                  {0x00,0x02,0x04,0x08,0x10,0x20,0x00,0x00},  ///
 656                  {0x1C,0x22,0x26,0x2A,0x32,0x22,0x1C,0x00},  //0
 657                  {0x08,0x18,0x08,0x08,0x08,0x08,0x1C,0x00},  //1
 658                  {0x1C,0x22,0x02,0x04,0x08,0x10,0x3E,0x00},  //2
 659                  {0x3E,0x04,0x08,0x04,0x02,0x22,0x1C,0x00},  //3
 660                  {0x04,0x0C,0x14,0x24,0x3E,0x04,0x04,0x00},  //4
 661                  {0x3E,0x20,0x3C,0x02,0x02,0x22,0x1C,0x00},  //5
 662                  {0x0C,0x10,0x20,0x3C,0x22,0x22,0x1C,0x00},  //6
 663                  {0x3E,0x02,0x04,0x08,0x10,0x10,0x10,0x00},  //7
 664                  {0x1C,0x22,0x22,0x1C,0x22,0x22,0x1C,0x00},  //8
 665                  {0x1C,0x22,0x22,0x1E,0x02,0x04,0x18,0x00},  //9
 666                  {0x00,0x18,0x18,0x00,0x18,0x18,0x00,0x00},  //:
 667                  {0x00,0x18,0x18,0x00,0x18,0x08,0x10,0x00},  //;
 668                  {0x04,0x08,0x10,0x20,0x10,0x08,0x04,0x00},  //<
 669                  {0x00,0x00,0x3E,0x00,0x3E,0x00,0x00,0x00},  //=
 670                  {0x10,0x08,0x04,0x02,0x04,0x08,0x10,0x00},  //>
 671                  {0x1C,0x22,0x02,0x04,0x08,0x00,0x08,0x00},  //?
 672                  {0x1C,0x22,0x02,0x1A,0x2E,0x22,0x1C,0x00},  //@
 673                  {0x08,0x14,0x22,0x22,0x3E,0x22,0x22,0x00},  //A
 674                  {0x3C,0x22,0x22,0x3C,0x22,0x22,0x3C,0x00},  //B
 675                  {0x1C,0x22,0x20,0x20,0x20,0x22,0x1C,0x00},  //C
C51 COMPILER V7.01  FONT                                                                   08/21/2009 20:36:18 PAGE 12  

 676                  {0x38,0x24,0x22,0x22,0x22,0x24,0x38,0x00},  //D
 677                  {0x3E,0x20,0x20,0x3C,0x20,0x20,0x3E,0x00},  //E
 678                  {0x3E,0x20,0x20,0x3C,0x20,0x20,0x20,0x00},  //F
 679                  {0x1C,0x22,0x20,0x2E,0x22,0x22,0x1E,0x00},  //G
 680                  {0x22,0x22,0x22,0x3E,0x22,0x22,0x22,0x00},  //H
 681                  {0x1C,0x08,0x08,0x08,0x08,0x08,0x1C,0x00},  //I
 682                  {0x0E,0x04,0x04,0x04,0x04,0x24,0x18,0x00},  //J
 683                  {0x22,0x24,0x28,0x30,0x28,0x24,0x22,0x00},  //K
 684                  {0x20,0x20,0x20,0x20,0x20,0x20,0x3E,0x00},  //L
 685                  {0x22,0x36,0x2A,0x2A,0x22,0x22,0x22,0x00},  //M
 686                  {0x22,0x22,0x32,0x2A,0x26,0x22,0x22,0x00},  //N
 687                  {0x1C,0x22,0x22,0x22,0x22,0x22,0x1C,0x00},  //O
 688                  {0x3C,0x22,0x22,0x3C,0x20,0x20,0x20,0x00},  //P
 689                  {0x1C,0x22,0x22,0x22,0x2A,0x24,0x1A,0x00},  //Q
 690                  {0x3C,0x22,0x22,0x3C,0x28,0x24,0x22,0x00},  //R
 691                  {0x1E,0x20,0x20,0x1C,0x02,0x02,0x3C,0x00},  //S
 692                  {0x3E,0x08,0x08,0x08,0x08,0x08,0x08,0x00},  //T
 693                  {0x22,0x22,0x22,0x22,0x22,0x22,0x1C,0x00},  //U
 694                  {0x22,0x22,0x22,0x22,0x22,0x14,0x08,0x00},  //V
 695                  {0x22,0x22,0x22,0x2A,0x2A,0x2A,0x14,0x00},  //W
 696                  {0x22,0x22,0x14,0x08,0x14,0x22,0x22,0x00},  //X
 697                  {0x22,0x22,0x22,0x14,0x08,0x08,0x08,0x00},  //Y
 698                  {0x3E,0x02,0x04,0x08,0x10,0x20,0x3E,0x00},  //Z
 699                  {0x1C,0x10,0x10,0x10,0x10,0x10,0x1C,0x00},  //[
 700                  {0x2A,0x14,0x2A,0x14,0x2A,0x14,0x2A,0x00},  //\*/
 701                  {0x1C,0x04,0x04,0x04,0x04,0x04,0x1C,0x00},  //]
 702                  {0x08,0x14,0x22,0x00,0x00,0x00,0x00,0x00},  //^
 703                  {0x00,0x00,0x00,0x00,0x00,0x00,0x3E,0x00},  //_
 704                  {0x10,0x08,0x04,0x00,0x00,0x00,0x00,0x00},  //`
 705                  {0x00,0x00,0x1C,0x02,0x1E,0x22,0x1E,0x00},  //a
 706                  {0x20,0x20,0x2C,0x32,0x22,0x22,0x3C,0x00},  //b
 707                  {0x00,0x00,0x1C,0x20,0x20,0x22,0x1C,0x00},  //c
 708                  {0x02,0x02,0x1A,0x26,0x22,0x22,0x1E,0x00},  //d
 709                  {0x00,0x00,0x1C,0x22,0x3E,0x20,0x1C,0x00},  //e
 710                  {0x0C,0x12,0x10,0x38,0x10,0x10,0x10,0x00},  //f
 711                  {0x00,0x00,0x1E,0x22,0x22,0x1E,0x02,0x1C},  //g
 712                  {0x20,0x20,0x2C,0x32,0x22,0x22,0x22,0x00},  //h
 713                  {0x08,0x00,0x18,0x08,0x08,0x08,0x1C,0x00},  //i
 714                  {0x04,0x00,0x0C,0x04,0x04,0x04,0x24,0x18},  //j
 715                  {0x20,0x20,0x24,0x28,0x30,0x28,0x24,0x00},  //k
 716                  {0x18,0x08,0x08,0x08,0x08,0x08,0x1C,0x00},  //l
 717                  {0x00,0x00,0x34,0x2A,0x2A,0x22,0x22,0x00},  //m
 718                  {0x00,0x00,0x2C,0x32,0x22,0x22,0x22,0x00},  //n
 719                  {0x00,0x00,0x1C,0x22,0x22,0x22,0x1C,0x00},  //o
 720                  {0x00,0x00,0x3C,0x22,0x22,0x3C,0x20,0x20},  //p
 721                  {0x00,0x00,0x1A,0x26,0x26,0x1A,0x02,0x02},  //q
 722                  {0x00,0x00,0x2C,0x32,0x20,0x20,0x20,0x00},  //r
 723                  {0x00,0x00,0x1C,0x20,0x1C,0x02,0x3C,0x00},  //s
 724                  {0x10,0x10,0x38,0x10,0x10,0x12,0x0C,0x00},  //t
 725                  {0x00,0x00,0x22,0x22,0x22,0x26,0x1A,0x00},  //u
 726                  {0x00,0x00,0x22,0x22,0x22,0x14,0x08,0x00},  //v
 727                  {0x00,0x00,0x22,0x22,0x2A,0x2A,0x14,0x00},  //w
 728                  {0x00,0x00,0x22,0x14,0x08,0x14,0x22,0x00},  //x
 729                  {0x00,0x00,0x22,0x22,0x22,0x1E,0x02,0x1C},  //y
 730                  {0x00,0x00,0x3E,0x04,0x08,0x10,0x3E,0x00},  //z
 731                  {0x00,0x00,0x7E,0x00,0x7E,0x00,0x00,0x00},  //-
 732          };      


MODULE INFORMATION:   STATIC OVERLAYABLE
   CODE SIZE        =   ----    ----
   CONSTANT SIZE    =   9036    ----
C51 COMPILER V7.01  FONT                                                                   08/21/2009 20:36:18 PAGE 13  

   XDATA SIZE       =   ----    ----
   PDATA SIZE       =   ----    ----
   DATA SIZE        =   ----    ----
   IDATA SIZE       =   ----    ----
   BIT SIZE         =   ----    ----
END OF MODULE INFORMATION.


C51 COMPILATION COMPLETE.  0 WARNING(S),  0 ERROR(S)
